2026-05-06 22:24:37,477 | INFO | Logger initialized for collect
2026-05-06 22:24:37,477 | INFO | Log file: logs\collect_20260506_222437.log
2026-05-06 22:24:37,478 | INFO | {"event": "record_start", "timestamp": "2026-05-06T22:24:37", "class_name": "tall", "target_samples": 10}
2026-05-06 22:24:37,483 | INFO | [Collect] Class: 'tall'
2026-05-06 22:24:37,494 | INFO | [Collect] Existing samples: 174
2026-05-06 22:24:37,494 | INFO | [Collect] Recording: 90 frames (~3s), sub-sampled to 20
2026-05-06 22:24:37,495 | INFO | [Collect] Target: 10 new samples
2026-05-06 22:24:41,934 | INFO | Controls:
2026-05-06 22:24:41,939 | INFO |   Auto mode enabled: recording until target is reached
2026-05-06 22:24:41,939 | INFO |   SPACE  - (optional) restart countdown manually
2026-05-06 22:24:41,939 | INFO |   Q/ESC  - Finish and quit
2026-05-06 22:24:41,940 | INFO |   [REC] Auto countdown 3s...
2026-05-06 22:24:49,747 | INFO |   [SAVED] #1 -> webcam_1778086489743.npy  (hand: 100%, total: 175)
2026-05-06 22:24:49,748 | INFO | {"event": "sample_recorded", "timestamp": "2026-05-06T22:24:49", "class_name": "tall", "sample_num": 1, "filename": "webcam_1778086489743.npy", "frames_with_hand": 90, "total_frames": 90, "hand_detection_pct": "100%", "total_samples_for_class": 175}
2026-05-06 22:24:49,748 | INFO |   [REC] Next sample in 3s...
2026-05-06 22:24:57,466 | INFO |   [SAVED] #2 -> webcam_1778086497463.npy  (hand: 100%, total: 176)
2026-05-06 22:24:57,467 | INFO | {"event": "sample_recorded", "timestamp": "2026-05-06T22:24:57", "class_name": "tall", "sample_num": 2, "filename": "webcam_1778086497463.npy", "frames_with_hand": 90, "total_frames": 90, "hand_detection_pct": "100%", "total_samples_for_class": 176}
2026-05-06 22:24:57,467 | INFO |   [REC] Next sample in 3s...
2026-05-06 22:25:05,265 | INFO |   [SAVED] #3 -> webcam_1778086505261.npy  (hand: 100%, total: 177)
2026-05-06 22:25:05,265 | INFO | {"event": "sample_recorded", "timestamp": "2026-05-06T22:25:05", "class_name": "tall", "sample_num": 3, "filename": "webcam_1778086505261.npy", "frames_with_hand": 90, "total_frames": 90, "hand_detection_pct": "100%", "total_samples_for_class": 177}
2026-05-06 22:25:05,267 | INFO |   [REC] Next sample in 3s...
2026-05-06 22:25:12,967 | INFO |   [SAVED] #4 -> webcam_1778086512964.npy  (hand: 100%, total: 178)
2026-05-06 22:25:12,968 | INFO | {"event": "sample_recorded", "timestamp": "2026-05-06T22:25:12", "class_name": "tall", "sample_num": 4, "filename": "webcam_1778086512964.npy", "frames_with_hand": 90, "total_frames": 90, "hand_detection_pct": "100%", "total_samples_for_class": 178}
2026-05-06 22:25:12,968 | INFO |   [REC] Next sample in 3s...
2026-05-06 22:25:20,548 | INFO |   [SAVED] #5 -> webcam_1778086520545.npy  (hand: 100%, total: 179)
2026-05-06 22:25:20,549 | INFO | {"event": "sample_recorded", "timestamp": "2026-05-06T22:25:20", "class_name": "tall", "sample_num": 5, "filename": "webcam_1778086520545.npy", "frames_with_hand": 90, "total_frames": 90, "hand_detection_pct": "100%", "total_samples_for_class": 179}
2026-05-06 22:25:20,549 | INFO |   [REC] Next sample in 3s...
2026-05-06 22:25:28,323 | INFO |   [SAVED] #6 -> webcam_1778086528319.npy  (hand: 100%, total: 180)
2026-05-06 22:25:28,323 | INFO | {"event": "sample_recorded", "timestamp": "2026-05-06T22:25:28", "class_name": "tall", "sample_num": 6, "filename": "webcam_1778086528319.npy", "frames_with_hand": 90, "total_frames": 90, "hand_detection_pct": "100%", "total_samples_for_class": 180}
2026-05-06 22:25:28,323 | INFO |   [REC] Next sample in 3s...
2026-05-06 22:25:36,057 | INFO |   [SAVED] #7 -> webcam_1778086536055.npy  (hand: 100%, total: 181)
2026-05-06 22:25:36,058 | INFO | {"event": "sample_recorded", "timestamp": "2026-05-06T22:25:36", "class_name": "tall", "sample_num": 7, "filename": "webcam_1778086536055.npy", "frames_with_hand": 90, "total_frames": 90, "hand_detection_pct": "100%", "total_samples_for_class": 181}
2026-05-06 22:25:36,058 | INFO |   [REC] Next sample in 3s...
2026-05-06 22:25:43,829 | INFO |   [SAVED] #8 -> webcam_1778086543825.npy  (hand: 100%, total: 182)
2026-05-06 22:25:43,830 | INFO | {"event": "sample_recorded", "timestamp": "2026-05-06T22:25:43", "class_name": "tall", "sample_num": 8, "filename": "webcam_1778086543825.npy", "frames_with_hand": 90, "total_frames": 90, "hand_detection_pct": "100%", "total_samples_for_class": 182}
2026-05-06 22:25:43,830 | INFO |   [REC] Next sample in 3s...
2026-05-06 22:25:51,293 | INFO |   [SAVED] #9 -> webcam_1778086551289.npy  (hand: 100%, total: 183)
2026-05-06 22:25:51,293 | INFO | {"event": "sample_recorded", "timestamp": "2026-05-06T22:25:51", "class_name": "tall", "sample_num": 9, "filename": "webcam_1778086551289.npy", "frames_with_hand": 90, "total_frames": 90, "hand_detection_pct": "100%", "total_samples_for_class": 183}
2026-05-06 22:25:51,294 | INFO |   [REC] Next sample in 3s...
2026-05-06 22:25:58,748 | INFO |   [SAVED] #10 -> webcam_1778086558744.npy  (hand: 100%, total: 184)
2026-05-06 22:25:58,749 | INFO | {"event": "sample_recorded", "timestamp": "2026-05-06T22:25:58", "class_name": "tall", "sample_num": 10, "filename": "webcam_1778086558744.npy", "frames_with_hand": 90, "total_frames": 90, "hand_detection_pct": "100%", "total_samples_for_class": 184}
2026-05-06 22:26:00,620 | INFO | [Collect] Done! Saved 10 new samples for 'tall'.
2026-05-06 22:26:00,620 | INFO | [Collect] Total samples for 'tall': 184
2026-05-06 22:26:00,621 | INFO | {"event": "record_end", "timestamp": "2026-05-06T22:26:00", "class_name": "tall", "new_samples_saved": 10, "total_samples_for_class": 184}
