2026-05-06 22:26:16,132 | INFO | Logger initialized for collect
2026-05-06 22:26:16,132 | INFO | Log file: logs\collect_20260506_222616.log
2026-05-06 22:26:16,133 | INFO | {"event": "record_start", "timestamp": "2026-05-06T22:26:16", "class_name": "tall", "target_samples": 10}
2026-05-06 22:26:16,138 | INFO | [Collect] Class: 'tall'
2026-05-06 22:26:16,139 | INFO | [Collect] Existing samples: 184
2026-05-06 22:26:16,140 | INFO | [Collect] Recording: 90 frames (~3s), sub-sampled to 20
2026-05-06 22:26:16,140 | INFO | [Collect] Target: 10 new samples
2026-05-06 22:26:20,706 | INFO | Controls:
2026-05-06 22:26:20,708 | INFO |   Auto mode enabled: recording until target is reached
2026-05-06 22:26:20,708 | INFO |   SPACE  - (optional) restart countdown manually
2026-05-06 22:26:20,709 | INFO |   Q/ESC  - Finish and quit
2026-05-06 22:26:20,709 | INFO |   [REC] Auto countdown 3s...
2026-05-06 22:26:28,302 | INFO |   [SAVED] #1 -> webcam_1778086588298.npy  (hand: 100%, total: 185)
2026-05-06 22:26:28,302 | INFO | {"event": "sample_recorded", "timestamp": "2026-05-06T22:26:28", "class_name": "tall", "sample_num": 1, "filename": "webcam_1778086588298.npy", "frames_with_hand": 90, "total_frames": 90, "hand_detection_pct": "100%", "total_samples_for_class": 185}
2026-05-06 22:26:28,303 | INFO |   [REC] Next sample in 3s...
2026-05-06 22:26:35,845 | INFO |   [SAVED] #2 -> webcam_1778086595843.npy  (hand: 100%, total: 186)
2026-05-06 22:26:35,845 | INFO | {"event": "sample_recorded", "timestamp": "2026-05-06T22:26:35", "class_name": "tall", "sample_num": 2, "filename": "webcam_1778086595843.npy", "frames_with_hand": 90, "total_frames": 90, "hand_detection_pct": "100%", "total_samples_for_class": 186}
2026-05-06 22:26:35,846 | INFO |   [REC] Next sample in 3s...
2026-05-06 22:26:43,489 | INFO |   [SAVED] #3 -> webcam_1778086603485.npy  (hand: 100%, total: 187)
2026-05-06 22:26:43,490 | INFO | {"event": "sample_recorded", "timestamp": "2026-05-06T22:26:43", "class_name": "tall", "sample_num": 3, "filename": "webcam_1778086603485.npy", "frames_with_hand": 90, "total_frames": 90, "hand_detection_pct": "100%", "total_samples_for_class": 187}
2026-05-06 22:26:43,490 | INFO |   [REC] Next sample in 3s...
2026-05-06 22:26:50,572 | INFO |   [SAVED] #4 -> webcam_1778086610568.npy  (hand: 100%, total: 188)
2026-05-06 22:26:50,573 | INFO | {"event": "sample_recorded", "timestamp": "2026-05-06T22:26:50", "class_name": "tall", "sample_num": 4, "filename": "webcam_1778086610568.npy", "frames_with_hand": 90, "total_frames": 90, "hand_detection_pct": "100%", "total_samples_for_class": 188}
2026-05-06 22:26:50,573 | INFO |   [REC] Next sample in 3s...
2026-05-06 22:26:57,823 | INFO |   [SAVED] #5 -> webcam_1778086617820.npy  (hand: 100%, total: 189)
2026-05-06 22:26:57,823 | INFO | {"event": "sample_recorded", "timestamp": "2026-05-06T22:26:57", "class_name": "tall", "sample_num": 5, "filename": "webcam_1778086617820.npy", "frames_with_hand": 90, "total_frames": 90, "hand_detection_pct": "100%", "total_samples_for_class": 189}
2026-05-06 22:26:57,823 | INFO |   [REC] Next sample in 3s...
2026-05-06 22:27:05,471 | INFO |   [SAVED] #6 -> webcam_1778086625469.npy  (hand: 100%, total: 190)
2026-05-06 22:27:05,471 | INFO | {"event": "sample_recorded", "timestamp": "2026-05-06T22:27:05", "class_name": "tall", "sample_num": 6, "filename": "webcam_1778086625469.npy", "frames_with_hand": 90, "total_frames": 90, "hand_detection_pct": "100%", "total_samples_for_class": 190}
2026-05-06 22:27:05,471 | INFO |   [REC] Next sample in 3s...
2026-05-06 22:27:13,286 | INFO |   [SAVED] #7 -> webcam_1778086633282.npy  (hand: 100%, total: 191)
2026-05-06 22:27:13,288 | INFO | {"event": "sample_recorded", "timestamp": "2026-05-06T22:27:13", "class_name": "tall", "sample_num": 7, "filename": "webcam_1778086633282.npy", "frames_with_hand": 90, "total_frames": 90, "hand_detection_pct": "100%", "total_samples_for_class": 191}
2026-05-06 22:27:13,288 | INFO |   [REC] Next sample in 3s...
2026-05-06 22:27:21,144 | INFO |   [SAVED] #8 -> webcam_1778086641139.npy  (hand: 100%, total: 192)
2026-05-06 22:27:21,144 | INFO | {"event": "sample_recorded", "timestamp": "2026-05-06T22:27:21", "class_name": "tall", "sample_num": 8, "filename": "webcam_1778086641139.npy", "frames_with_hand": 90, "total_frames": 90, "hand_detection_pct": "100%", "total_samples_for_class": 192}
2026-05-06 22:27:21,144 | INFO |   [REC] Next sample in 3s...
2026-05-06 22:27:28,814 | INFO |   [SAVED] #9 -> webcam_1778086648811.npy  (hand: 100%, total: 193)
2026-05-06 22:27:28,815 | INFO | {"event": "sample_recorded", "timestamp": "2026-05-06T22:27:28", "class_name": "tall", "sample_num": 9, "filename": "webcam_1778086648811.npy", "frames_with_hand": 90, "total_frames": 90, "hand_detection_pct": "100%", "total_samples_for_class": 193}
2026-05-06 22:27:28,815 | INFO |   [REC] Next sample in 3s...
2026-05-06 22:27:36,180 | INFO |   [SAVED] #10 -> webcam_1778086656176.npy  (hand: 100%, total: 194)
2026-05-06 22:27:36,181 | INFO | {"event": "sample_recorded", "timestamp": "2026-05-06T22:27:36", "class_name": "tall", "sample_num": 10, "filename": "webcam_1778086656176.npy", "frames_with_hand": 90, "total_frames": 90, "hand_detection_pct": "100%", "total_samples_for_class": 194}
2026-05-06 22:27:38,060 | INFO | [Collect] Done! Saved 10 new samples for 'tall'.
2026-05-06 22:27:38,061 | INFO | [Collect] Total samples for 'tall': 194
2026-05-06 22:27:38,061 | INFO | {"event": "record_end", "timestamp": "2026-05-06T22:27:38", "class_name": "tall", "new_samples_saved": 10, "total_samples_for_class": 194}
