2026-05-08 18:36:07,812 | INFO | Logger initialized for collect
2026-05-08 18:36:07,813 | INFO | Log file: logs\collect_20260508_183607.log
2026-05-08 18:36:07,814 | INFO | {"event": "record_start", "timestamp": "2026-05-08T18:36:07", "class_name": "fast", "target_samples": 20}
2026-05-08 18:36:07,825 | INFO | [Collect] Class: 'fast'
2026-05-08 18:36:07,826 | INFO | [Collect] Existing samples: 164
2026-05-08 18:36:07,826 | INFO | [Collect] Recording: 90 frames (~3s), sub-sampled to 20
2026-05-08 18:36:07,826 | INFO | [Collect] Target: 20 new samples
2026-05-08 18:36:15,568 | INFO | Controls:
2026-05-08 18:36:15,568 | INFO |   Auto mode enabled: recording until target is reached
2026-05-08 18:36:15,569 | INFO |   SPACE  - (optional) restart countdown manually
2026-05-08 18:36:15,569 | INFO |   Q/ESC  - Finish and quit
2026-05-08 18:36:15,569 | INFO |   [REC] Auto countdown 3s...
2026-05-08 18:36:23,103 | INFO |   [SAVED] #1 -> webcam_1778245583098.npy  (hand: 100%, total: 165)
2026-05-08 18:36:23,103 | INFO | {"event": "sample_recorded", "timestamp": "2026-05-08T18:36:23", "class_name": "fast", "sample_num": 1, "filename": "webcam_1778245583098.npy", "frames_with_hand": 90, "total_frames": 90, "hand_detection_pct": "100%", "total_samples_for_class": 165}
2026-05-08 18:36:23,104 | INFO |   [REC] Next sample in 3s...
2026-05-08 18:36:30,575 | INFO |   [SAVED] #2 -> webcam_1778245590572.npy  (hand: 100%, total: 166)
2026-05-08 18:36:30,576 | INFO | {"event": "sample_recorded", "timestamp": "2026-05-08T18:36:30", "class_name": "fast", "sample_num": 2, "filename": "webcam_1778245590572.npy", "frames_with_hand": 90, "total_frames": 90, "hand_detection_pct": "100%", "total_samples_for_class": 166}
2026-05-08 18:36:30,576 | INFO |   [REC] Next sample in 3s...
2026-05-08 18:36:38,278 | INFO |   [SAVED] #3 -> webcam_1778245598275.npy  (hand: 100%, total: 167)
2026-05-08 18:36:38,279 | INFO | {"event": "sample_recorded", "timestamp": "2026-05-08T18:36:38", "class_name": "fast", "sample_num": 3, "filename": "webcam_1778245598275.npy", "frames_with_hand": 90, "total_frames": 90, "hand_detection_pct": "100%", "total_samples_for_class": 167}
2026-05-08 18:36:38,280 | INFO |   [REC] Next sample in 3s...
2026-05-08 18:36:46,050 | INFO |   [SAVED] #4 -> webcam_1778245606047.npy  (hand: 100%, total: 168)
2026-05-08 18:36:46,050 | INFO | {"event": "sample_recorded", "timestamp": "2026-05-08T18:36:46", "class_name": "fast", "sample_num": 4, "filename": "webcam_1778245606047.npy", "frames_with_hand": 90, "total_frames": 90, "hand_detection_pct": "100%", "total_samples_for_class": 168}
2026-05-08 18:36:46,051 | INFO |   [REC] Next sample in 3s...
2026-05-08 18:36:53,779 | INFO |   [SAVED] #5 -> webcam_1778245613776.npy  (hand: 100%, total: 169)
2026-05-08 18:36:53,779 | INFO | {"event": "sample_recorded", "timestamp": "2026-05-08T18:36:53", "class_name": "fast", "sample_num": 5, "filename": "webcam_1778245613776.npy", "frames_with_hand": 90, "total_frames": 90, "hand_detection_pct": "100%", "total_samples_for_class": 169}
2026-05-08 18:36:53,780 | INFO |   [REC] Next sample in 3s...
2026-05-08 18:37:01,377 | INFO |   [SAVED] #6 -> webcam_1778245621374.npy  (hand: 100%, total: 170)
2026-05-08 18:37:01,377 | INFO | {"event": "sample_recorded", "timestamp": "2026-05-08T18:37:01", "class_name": "fast", "sample_num": 6, "filename": "webcam_1778245621374.npy", "frames_with_hand": 90, "total_frames": 90, "hand_detection_pct": "100%", "total_samples_for_class": 170}
2026-05-08 18:37:01,377 | INFO |   [REC] Next sample in 3s...
2026-05-08 18:37:08,819 | INFO |   [SAVED] #7 -> webcam_1778245628816.npy  (hand: 100%, total: 171)
2026-05-08 18:37:08,819 | INFO | {"event": "sample_recorded", "timestamp": "2026-05-08T18:37:08", "class_name": "fast", "sample_num": 7, "filename": "webcam_1778245628816.npy", "frames_with_hand": 90, "total_frames": 90, "hand_detection_pct": "100%", "total_samples_for_class": 171}
2026-05-08 18:37:08,820 | INFO |   [REC] Next sample in 3s...
2026-05-08 18:37:16,074 | INFO |   [SAVED] #8 -> webcam_1778245636071.npy  (hand: 100%, total: 172)
2026-05-08 18:37:16,074 | INFO | {"event": "sample_recorded", "timestamp": "2026-05-08T18:37:16", "class_name": "fast", "sample_num": 8, "filename": "webcam_1778245636071.npy", "frames_with_hand": 90, "total_frames": 90, "hand_detection_pct": "100%", "total_samples_for_class": 172}
2026-05-08 18:37:16,075 | INFO |   [REC] Next sample in 3s...
2026-05-08 18:37:23,290 | INFO |   [SAVED] #9 -> webcam_1778245643286.npy  (hand: 100%, total: 173)
2026-05-08 18:37:23,290 | INFO | {"event": "sample_recorded", "timestamp": "2026-05-08T18:37:23", "class_name": "fast", "sample_num": 9, "filename": "webcam_1778245643286.npy", "frames_with_hand": 90, "total_frames": 90, "hand_detection_pct": "100%", "total_samples_for_class": 173}
2026-05-08 18:37:23,290 | INFO |   [REC] Next sample in 3s...
2026-05-08 18:37:31,446 | INFO |   [SAVED] #10 -> webcam_1778245651443.npy  (hand: 100%, total: 174)
2026-05-08 18:37:31,446 | INFO | {"event": "sample_recorded", "timestamp": "2026-05-08T18:37:31", "class_name": "fast", "sample_num": 10, "filename": "webcam_1778245651443.npy", "frames_with_hand": 90, "total_frames": 90, "hand_detection_pct": "100%", "total_samples_for_class": 174}
2026-05-08 18:37:31,447 | INFO |   [REC] Next sample in 3s...
2026-05-08 18:37:39,166 | INFO |   [SAVED] #11 -> webcam_1778245659163.npy  (hand: 100%, total: 175)
2026-05-08 18:37:39,166 | INFO | {"event": "sample_recorded", "timestamp": "2026-05-08T18:37:39", "class_name": "fast", "sample_num": 11, "filename": "webcam_1778245659163.npy", "frames_with_hand": 90, "total_frames": 90, "hand_detection_pct": "100%", "total_samples_for_class": 175}
2026-05-08 18:37:39,167 | INFO |   [REC] Next sample in 3s...
2026-05-08 18:37:46,561 | INFO |   [SAVED] #12 -> webcam_1778245666559.npy  (hand: 100%, total: 176)
2026-05-08 18:37:46,561 | INFO | {"event": "sample_recorded", "timestamp": "2026-05-08T18:37:46", "class_name": "fast", "sample_num": 12, "filename": "webcam_1778245666559.npy", "frames_with_hand": 90, "total_frames": 90, "hand_detection_pct": "100%", "total_samples_for_class": 176}
2026-05-08 18:37:46,562 | INFO |   [REC] Next sample in 3s...
2026-05-08 18:37:54,158 | INFO |   [SAVED] #13 -> webcam_1778245674156.npy  (hand: 100%, total: 177)
2026-05-08 18:37:54,159 | INFO | {"event": "sample_recorded", "timestamp": "2026-05-08T18:37:54", "class_name": "fast", "sample_num": 13, "filename": "webcam_1778245674156.npy", "frames_with_hand": 90, "total_frames": 90, "hand_detection_pct": "100%", "total_samples_for_class": 177}
2026-05-08 18:37:54,159 | INFO |   [REC] Next sample in 3s...
2026-05-08 18:38:01,866 | INFO |   [SAVED] #14 -> webcam_1778245681863.npy  (hand: 100%, total: 178)
2026-05-08 18:38:01,866 | INFO | {"event": "sample_recorded", "timestamp": "2026-05-08T18:38:01", "class_name": "fast", "sample_num": 14, "filename": "webcam_1778245681863.npy", "frames_with_hand": 90, "total_frames": 90, "hand_detection_pct": "100%", "total_samples_for_class": 178}
2026-05-08 18:38:01,866 | INFO |   [REC] Next sample in 3s...
2026-05-08 18:38:09,713 | INFO |   [SAVED] #15 -> webcam_1778245689709.npy  (hand: 100%, total: 179)
2026-05-08 18:38:09,713 | INFO | {"event": "sample_recorded", "timestamp": "2026-05-08T18:38:09", "class_name": "fast", "sample_num": 15, "filename": "webcam_1778245689709.npy", "frames_with_hand": 90, "total_frames": 90, "hand_detection_pct": "100%", "total_samples_for_class": 179}
2026-05-08 18:38:09,714 | INFO |   [REC] Next sample in 3s...
2026-05-08 18:38:18,019 | INFO |   [SAVED] #16 -> webcam_1778245698014.npy  (hand: 100%, total: 180)
2026-05-08 18:38:18,019 | INFO | {"event": "sample_recorded", "timestamp": "2026-05-08T18:38:18", "class_name": "fast", "sample_num": 16, "filename": "webcam_1778245698014.npy", "frames_with_hand": 90, "total_frames": 90, "hand_detection_pct": "100%", "total_samples_for_class": 180}
2026-05-08 18:38:18,020 | INFO |   [REC] Next sample in 3s...
2026-05-08 18:38:25,603 | INFO |   [SAVED] #17 -> webcam_1778245705601.npy  (hand: 100%, total: 181)
2026-05-08 18:38:25,604 | INFO | {"event": "sample_recorded", "timestamp": "2026-05-08T18:38:25", "class_name": "fast", "sample_num": 17, "filename": "webcam_1778245705601.npy", "frames_with_hand": 90, "total_frames": 90, "hand_detection_pct": "100%", "total_samples_for_class": 181}
2026-05-08 18:38:25,605 | INFO |   [REC] Next sample in 3s...
2026-05-08 18:38:33,151 | INFO |   [SAVED] #18 -> webcam_1778245713147.npy  (hand: 100%, total: 182)
2026-05-08 18:38:33,151 | INFO | {"event": "sample_recorded", "timestamp": "2026-05-08T18:38:33", "class_name": "fast", "sample_num": 18, "filename": "webcam_1778245713147.npy", "frames_with_hand": 90, "total_frames": 90, "hand_detection_pct": "100%", "total_samples_for_class": 182}
2026-05-08 18:38:33,152 | INFO |   [REC] Next sample in 3s...
2026-05-08 18:38:40,861 | INFO |   [SAVED] #19 -> webcam_1778245720858.npy  (hand: 100%, total: 183)
2026-05-08 18:38:40,861 | INFO | {"event": "sample_recorded", "timestamp": "2026-05-08T18:38:40", "class_name": "fast", "sample_num": 19, "filename": "webcam_1778245720858.npy", "frames_with_hand": 90, "total_frames": 90, "hand_detection_pct": "100%", "total_samples_for_class": 183}
2026-05-08 18:38:40,862 | INFO |   [REC] Next sample in 3s...
2026-05-08 18:38:48,491 | INFO |   [SAVED] #20 -> webcam_1778245728488.npy  (hand: 100%, total: 184)
2026-05-08 18:38:48,492 | INFO | {"event": "sample_recorded", "timestamp": "2026-05-08T18:38:48", "class_name": "fast", "sample_num": 20, "filename": "webcam_1778245728488.npy", "frames_with_hand": 90, "total_frames": 90, "hand_detection_pct": "100%", "total_samples_for_class": 184}
2026-05-08 18:38:50,512 | INFO | [Collect] Done! Saved 20 new samples for 'fast'.
2026-05-08 18:38:50,513 | INFO | [Collect] Total samples for 'fast': 184
2026-05-08 18:38:50,513 | INFO | {"event": "record_end", "timestamp": "2026-05-08T18:38:50", "class_name": "fast", "new_samples_saved": 20, "total_samples_for_class": 184}
