2026-05-07 13:40:47,428 | INFO | Logger initialized for collect
2026-05-07 13:40:47,429 | INFO | Log file: logs\collect_20260507_134047.log
2026-05-07 13:40:47,430 | INFO | {"event": "record_start", "timestamp": "2026-05-07T13:40:47", "class_name": "hot", "target_samples": 10}
2026-05-07 13:40:47,438 | INFO | [Collect] Class: 'hot'
2026-05-07 13:40:47,439 | INFO | [Collect] Existing samples: 194
2026-05-07 13:40:47,440 | INFO | [Collect] Recording: 90 frames (~3s), sub-sampled to 20
2026-05-07 13:40:47,440 | INFO | [Collect] Target: 10 new samples
2026-05-07 13:40:52,210 | INFO | Controls:
2026-05-07 13:40:52,211 | INFO |   Auto mode enabled: recording until target is reached
2026-05-07 13:40:52,211 | INFO |   SPACE  - (optional) restart countdown manually
2026-05-07 13:40:52,211 | INFO |   Q/ESC  - Finish and quit
2026-05-07 13:40:52,211 | INFO |   [REC] Auto countdown 3s...
2026-05-07 13:40:59,341 | INFO |   [SAVED] #1 -> webcam_1778141459336.npy  (hand: 100%, total: 195)
2026-05-07 13:40:59,341 | INFO | {"event": "sample_recorded", "timestamp": "2026-05-07T13:40:59", "class_name": "hot", "sample_num": 1, "filename": "webcam_1778141459336.npy", "frames_with_hand": 90, "total_frames": 90, "hand_detection_pct": "100%", "total_samples_for_class": 195}
2026-05-07 13:40:59,341 | INFO |   [REC] Next sample in 3s...
2026-05-07 13:41:06,663 | INFO |   [SAVED] #2 -> webcam_1778141466658.npy  (hand: 100%, total: 196)
2026-05-07 13:41:06,663 | INFO | {"event": "sample_recorded", "timestamp": "2026-05-07T13:41:06", "class_name": "hot", "sample_num": 2, "filename": "webcam_1778141466658.npy", "frames_with_hand": 90, "total_frames": 90, "hand_detection_pct": "100%", "total_samples_for_class": 196}
2026-05-07 13:41:06,664 | INFO |   [REC] Next sample in 3s...
2026-05-07 13:41:14,910 | INFO |   [SAVED] #3 -> webcam_1778141474908.npy  (hand: 100%, total: 197)
2026-05-07 13:41:14,911 | INFO | {"event": "sample_recorded", "timestamp": "2026-05-07T13:41:14", "class_name": "hot", "sample_num": 3, "filename": "webcam_1778141474908.npy", "frames_with_hand": 90, "total_frames": 90, "hand_detection_pct": "100%", "total_samples_for_class": 197}
2026-05-07 13:41:14,911 | INFO |   [REC] Next sample in 3s...
2026-05-07 13:41:23,339 | INFO |   [SAVED] #4 -> webcam_1778141483336.npy  (hand: 100%, total: 198)
2026-05-07 13:41:23,339 | INFO | {"event": "sample_recorded", "timestamp": "2026-05-07T13:41:23", "class_name": "hot", "sample_num": 4, "filename": "webcam_1778141483336.npy", "frames_with_hand": 90, "total_frames": 90, "hand_detection_pct": "100%", "total_samples_for_class": 198}
2026-05-07 13:41:23,340 | INFO |   [REC] Next sample in 3s...
2026-05-07 13:41:31,243 | INFO |   [SAVED] #5 -> webcam_1778141491241.npy  (hand: 100%, total: 199)
2026-05-07 13:41:31,244 | INFO | {"event": "sample_recorded", "timestamp": "2026-05-07T13:41:31", "class_name": "hot", "sample_num": 5, "filename": "webcam_1778141491241.npy", "frames_with_hand": 90, "total_frames": 90, "hand_detection_pct": "100%", "total_samples_for_class": 199}
2026-05-07 13:41:31,244 | INFO |   [REC] Next sample in 3s...
2026-05-07 13:41:38,971 | INFO |   [SAVED] #6 -> webcam_1778141498966.npy  (hand: 100%, total: 200)
2026-05-07 13:41:38,971 | INFO | {"event": "sample_recorded", "timestamp": "2026-05-07T13:41:38", "class_name": "hot", "sample_num": 6, "filename": "webcam_1778141498966.npy", "frames_with_hand": 90, "total_frames": 90, "hand_detection_pct": "100%", "total_samples_for_class": 200}
2026-05-07 13:41:38,972 | INFO |   [REC] Next sample in 3s...
2026-05-07 13:41:45,938 | INFO |   [SAVED] #7 -> webcam_1778141505934.npy  (hand: 100%, total: 201)
2026-05-07 13:41:45,940 | INFO | {"event": "sample_recorded", "timestamp": "2026-05-07T13:41:45", "class_name": "hot", "sample_num": 7, "filename": "webcam_1778141505934.npy", "frames_with_hand": 90, "total_frames": 90, "hand_detection_pct": "100%", "total_samples_for_class": 201}
2026-05-07 13:41:45,940 | INFO |   [REC] Next sample in 3s...
2026-05-07 13:41:53,846 | INFO |   [SAVED] #8 -> webcam_1778141513843.npy  (hand: 100%, total: 202)
2026-05-07 13:41:53,846 | INFO | {"event": "sample_recorded", "timestamp": "2026-05-07T13:41:53", "class_name": "hot", "sample_num": 8, "filename": "webcam_1778141513843.npy", "frames_with_hand": 90, "total_frames": 90, "hand_detection_pct": "100%", "total_samples_for_class": 202}
2026-05-07 13:41:53,846 | INFO |   [REC] Next sample in 3s...
2026-05-07 13:42:01,966 | INFO |   [SAVED] #9 -> webcam_1778141521962.npy  (hand: 100%, total: 203)
2026-05-07 13:42:01,967 | INFO | {"event": "sample_recorded", "timestamp": "2026-05-07T13:42:01", "class_name": "hot", "sample_num": 9, "filename": "webcam_1778141521962.npy", "frames_with_hand": 90, "total_frames": 90, "hand_detection_pct": "100%", "total_samples_for_class": 203}
2026-05-07 13:42:01,967 | INFO |   [REC] Next sample in 3s...
2026-05-07 13:42:09,691 | INFO |   [SAVED] #10 -> webcam_1778141529688.npy  (hand: 100%, total: 204)
2026-05-07 13:42:09,692 | INFO | {"event": "sample_recorded", "timestamp": "2026-05-07T13:42:09", "class_name": "hot", "sample_num": 10, "filename": "webcam_1778141529688.npy", "frames_with_hand": 90, "total_frames": 90, "hand_detection_pct": "100%", "total_samples_for_class": 204}
2026-05-07 13:42:11,659 | INFO | [Collect] Done! Saved 10 new samples for 'hot'.
2026-05-07 13:42:11,660 | INFO | [Collect] Total samples for 'hot': 204
2026-05-07 13:42:11,661 | INFO | {"event": "record_end", "timestamp": "2026-05-07T13:42:11", "class_name": "hot", "new_samples_saved": 10, "total_samples_for_class": 204}
