2026-05-08 22:16:53,580 | INFO | Logger initialized for collect
2026-05-08 22:16:53,581 | INFO | Log file: logs\collect_20260508_221653.log
2026-05-08 22:16:53,582 | INFO | {"event": "record_start", "timestamp": "2026-05-08T22:16:53", "class_name": "healthy", "target_samples": 20}
2026-05-08 22:16:53,587 | INFO | [Collect] Class: 'healthy'
2026-05-08 22:16:53,587 | INFO | [Collect] Existing samples: 165
2026-05-08 22:16:53,588 | INFO | [Collect] Recording: 90 frames (~3s), sub-sampled to 20
2026-05-08 22:16:53,588 | INFO | [Collect] Target: 20 new samples
2026-05-08 22:17:00,378 | INFO | Controls:
2026-05-08 22:17:00,380 | INFO |   Auto mode enabled: recording until target is reached
2026-05-08 22:17:00,381 | INFO |   SPACE  - (optional) restart countdown manually
2026-05-08 22:17:00,381 | INFO |   Q/ESC  - Finish and quit
2026-05-08 22:17:00,381 | INFO |   [REC] Auto countdown 3s...
2026-05-08 22:17:09,369 | INFO |   [SAVED] #1 -> webcam_1778258829365.npy  (hand: 100%, total: 166)
2026-05-08 22:17:09,370 | INFO | {"event": "sample_recorded", "timestamp": "2026-05-08T22:17:09", "class_name": "healthy", "sample_num": 1, "filename": "webcam_1778258829365.npy", "frames_with_hand": 90, "total_frames": 90, "hand_detection_pct": "100%", "total_samples_for_class": 166}
2026-05-08 22:17:09,370 | INFO |   [REC] Next sample in 3s...
2026-05-08 22:17:18,117 | INFO |   [SAVED] #2 -> webcam_1778258838116.npy  (hand: 100%, total: 167)
2026-05-08 22:17:18,118 | INFO | {"event": "sample_recorded", "timestamp": "2026-05-08T22:17:18", "class_name": "healthy", "sample_num": 2, "filename": "webcam_1778258838116.npy", "frames_with_hand": 90, "total_frames": 90, "hand_detection_pct": "100%", "total_samples_for_class": 167}
2026-05-08 22:17:18,118 | INFO |   [REC] Next sample in 3s...
2026-05-08 22:17:26,628 | INFO |   [SAVED] #3 -> webcam_1778258846625.npy  (hand: 100%, total: 168)
2026-05-08 22:17:26,628 | INFO | {"event": "sample_recorded", "timestamp": "2026-05-08T22:17:26", "class_name": "healthy", "sample_num": 3, "filename": "webcam_1778258846625.npy", "frames_with_hand": 90, "total_frames": 90, "hand_detection_pct": "100%", "total_samples_for_class": 168}
2026-05-08 22:17:26,628 | INFO |   [REC] Next sample in 3s...
2026-05-08 22:17:34,831 | INFO |   [SAVED] #4 -> webcam_1778258854827.npy  (hand: 100%, total: 169)
2026-05-08 22:17:34,832 | INFO | {"event": "sample_recorded", "timestamp": "2026-05-08T22:17:34", "class_name": "healthy", "sample_num": 4, "filename": "webcam_1778258854827.npy", "frames_with_hand": 90, "total_frames": 90, "hand_detection_pct": "100%", "total_samples_for_class": 169}
2026-05-08 22:17:34,832 | INFO |   [REC] Next sample in 3s...
2026-05-08 22:17:43,090 | INFO |   [SAVED] #5 -> webcam_1778258863088.npy  (hand: 100%, total: 170)
2026-05-08 22:17:43,091 | INFO | {"event": "sample_recorded", "timestamp": "2026-05-08T22:17:43", "class_name": "healthy", "sample_num": 5, "filename": "webcam_1778258863088.npy", "frames_with_hand": 90, "total_frames": 90, "hand_detection_pct": "100%", "total_samples_for_class": 170}
2026-05-08 22:17:43,091 | INFO |   [REC] Next sample in 3s...
2026-05-08 22:17:51,555 | INFO |   [SAVED] #6 -> webcam_1778258871551.npy  (hand: 100%, total: 171)
2026-05-08 22:17:51,555 | INFO | {"event": "sample_recorded", "timestamp": "2026-05-08T22:17:51", "class_name": "healthy", "sample_num": 6, "filename": "webcam_1778258871551.npy", "frames_with_hand": 90, "total_frames": 90, "hand_detection_pct": "100%", "total_samples_for_class": 171}
2026-05-08 22:17:51,555 | INFO |   [REC] Next sample in 3s...
2026-05-08 22:17:59,891 | INFO |   [SAVED] #7 -> webcam_1778258879889.npy  (hand: 100%, total: 172)
2026-05-08 22:17:59,892 | INFO | {"event": "sample_recorded", "timestamp": "2026-05-08T22:17:59", "class_name": "healthy", "sample_num": 7, "filename": "webcam_1778258879889.npy", "frames_with_hand": 90, "total_frames": 90, "hand_detection_pct": "100%", "total_samples_for_class": 172}
2026-05-08 22:17:59,892 | INFO |   [REC] Next sample in 3s...
2026-05-08 22:18:08,213 | INFO |   [SAVED] #8 -> webcam_1778258888209.npy  (hand: 100%, total: 173)
2026-05-08 22:18:08,214 | INFO | {"event": "sample_recorded", "timestamp": "2026-05-08T22:18:08", "class_name": "healthy", "sample_num": 8, "filename": "webcam_1778258888209.npy", "frames_with_hand": 90, "total_frames": 90, "hand_detection_pct": "100%", "total_samples_for_class": 173}
2026-05-08 22:18:08,214 | INFO |   [REC] Next sample in 3s...
2026-05-08 22:18:16,728 | INFO |   [SAVED] #9 -> webcam_1778258896725.npy  (hand: 100%, total: 174)
2026-05-08 22:18:16,729 | INFO | {"event": "sample_recorded", "timestamp": "2026-05-08T22:18:16", "class_name": "healthy", "sample_num": 9, "filename": "webcam_1778258896725.npy", "frames_with_hand": 90, "total_frames": 90, "hand_detection_pct": "100%", "total_samples_for_class": 174}
2026-05-08 22:18:16,729 | INFO |   [REC] Next sample in 3s...
2026-05-08 22:18:25,411 | INFO |   [SAVED] #10 -> webcam_1778258905408.npy  (hand: 100%, total: 175)
2026-05-08 22:18:25,412 | INFO | {"event": "sample_recorded", "timestamp": "2026-05-08T22:18:25", "class_name": "healthy", "sample_num": 10, "filename": "webcam_1778258905408.npy", "frames_with_hand": 90, "total_frames": 90, "hand_detection_pct": "100%", "total_samples_for_class": 175}
2026-05-08 22:18:25,412 | INFO |   [REC] Next sample in 3s...
2026-05-08 22:18:34,332 | INFO |   [SAVED] #11 -> webcam_1778258914327.npy  (hand: 100%, total: 176)
2026-05-08 22:18:34,333 | INFO | {"event": "sample_recorded", "timestamp": "2026-05-08T22:18:34", "class_name": "healthy", "sample_num": 11, "filename": "webcam_1778258914327.npy", "frames_with_hand": 90, "total_frames": 90, "hand_detection_pct": "100%", "total_samples_for_class": 176}
2026-05-08 22:18:34,333 | INFO |   [REC] Next sample in 3s...
2026-05-08 22:18:42,830 | INFO |   [SAVED] #12 -> webcam_1778258922827.npy  (hand: 100%, total: 177)
2026-05-08 22:18:42,830 | INFO | {"event": "sample_recorded", "timestamp": "2026-05-08T22:18:42", "class_name": "healthy", "sample_num": 12, "filename": "webcam_1778258922827.npy", "frames_with_hand": 90, "total_frames": 90, "hand_detection_pct": "100%", "total_samples_for_class": 177}
2026-05-08 22:18:42,831 | INFO |   [REC] Next sample in 3s...
2026-05-08 22:18:51,901 | INFO |   [SAVED] #13 -> webcam_1778258931898.npy  (hand: 100%, total: 178)
2026-05-08 22:18:51,901 | INFO | {"event": "sample_recorded", "timestamp": "2026-05-08T22:18:51", "class_name": "healthy", "sample_num": 13, "filename": "webcam_1778258931898.npy", "frames_with_hand": 90, "total_frames": 90, "hand_detection_pct": "100%", "total_samples_for_class": 178}
2026-05-08 22:18:51,902 | INFO |   [REC] Next sample in 3s...
2026-05-08 22:19:00,606 | INFO |   [SAVED] #14 -> webcam_1778258940603.npy  (hand: 100%, total: 179)
2026-05-08 22:19:00,607 | INFO | {"event": "sample_recorded", "timestamp": "2026-05-08T22:19:00", "class_name": "healthy", "sample_num": 14, "filename": "webcam_1778258940603.npy", "frames_with_hand": 90, "total_frames": 90, "hand_detection_pct": "100%", "total_samples_for_class": 179}
2026-05-08 22:19:00,607 | INFO |   [REC] Next sample in 3s...
2026-05-08 22:19:09,529 | INFO |   [SAVED] #15 -> webcam_1778258949526.npy  (hand: 100%, total: 180)
2026-05-08 22:19:09,529 | INFO | {"event": "sample_recorded", "timestamp": "2026-05-08T22:19:09", "class_name": "healthy", "sample_num": 15, "filename": "webcam_1778258949526.npy", "frames_with_hand": 90, "total_frames": 90, "hand_detection_pct": "100%", "total_samples_for_class": 180}
2026-05-08 22:19:09,530 | INFO |   [REC] Next sample in 3s...
2026-05-08 22:19:17,934 | INFO |   [SAVED] #16 -> webcam_1778258957933.npy  (hand: 100%, total: 181)
2026-05-08 22:19:17,934 | INFO | {"event": "sample_recorded", "timestamp": "2026-05-08T22:19:17", "class_name": "healthy", "sample_num": 16, "filename": "webcam_1778258957933.npy", "frames_with_hand": 90, "total_frames": 90, "hand_detection_pct": "100%", "total_samples_for_class": 181}
2026-05-08 22:19:17,936 | INFO |   [REC] Next sample in 3s...
2026-05-08 22:19:26,059 | INFO |   [SAVED] #17 -> webcam_1778258966057.npy  (hand: 100%, total: 182)
2026-05-08 22:19:26,060 | INFO | {"event": "sample_recorded", "timestamp": "2026-05-08T22:19:26", "class_name": "healthy", "sample_num": 17, "filename": "webcam_1778258966057.npy", "frames_with_hand": 90, "total_frames": 90, "hand_detection_pct": "100%", "total_samples_for_class": 182}
2026-05-08 22:19:26,060 | INFO |   [REC] Next sample in 3s...
2026-05-08 22:19:34,306 | INFO |   [SAVED] #18 -> webcam_1778258974303.npy  (hand: 100%, total: 183)
2026-05-08 22:19:34,306 | INFO | {"event": "sample_recorded", "timestamp": "2026-05-08T22:19:34", "class_name": "healthy", "sample_num": 18, "filename": "webcam_1778258974303.npy", "frames_with_hand": 90, "total_frames": 90, "hand_detection_pct": "100%", "total_samples_for_class": 183}
2026-05-08 22:19:34,308 | INFO |   [REC] Next sample in 3s...
2026-05-08 22:19:42,426 | INFO |   [SAVED] #19 -> webcam_1778258982421.npy  (hand: 100%, total: 184)
2026-05-08 22:19:42,426 | INFO | {"event": "sample_recorded", "timestamp": "2026-05-08T22:19:42", "class_name": "healthy", "sample_num": 19, "filename": "webcam_1778258982421.npy", "frames_with_hand": 90, "total_frames": 90, "hand_detection_pct": "100%", "total_samples_for_class": 184}
2026-05-08 22:19:42,427 | INFO |   [REC] Next sample in 3s...
2026-05-08 22:19:51,358 | INFO |   [SAVED] #20 -> webcam_1778258991355.npy  (hand: 100%, total: 185)
2026-05-08 22:19:51,359 | INFO | {"event": "sample_recorded", "timestamp": "2026-05-08T22:19:51", "class_name": "healthy", "sample_num": 20, "filename": "webcam_1778258991355.npy", "frames_with_hand": 90, "total_frames": 90, "hand_detection_pct": "100%", "total_samples_for_class": 185}
2026-05-08 22:19:53,288 | INFO | [Collect] Done! Saved 20 new samples for 'healthy'.
2026-05-08 22:19:53,289 | INFO | [Collect] Total samples for 'healthy': 185
2026-05-08 22:19:53,290 | INFO | {"event": "record_end", "timestamp": "2026-05-08T22:19:53", "class_name": "healthy", "new_samples_saved": 20, "total_samples_for_class": 185}
