2026-05-07 18:40:09,922 | INFO | Logger initialized for collect
2026-05-07 18:40:09,923 | INFO | Log file: logs\collect_20260507_184009.log
2026-05-07 18:40:09,923 | INFO | {"event": "record_start", "timestamp": "2026-05-07T18:40:09", "class_name": "big_large", "target_samples": 20}
2026-05-07 18:40:09,932 | INFO | [Collect] Class: 'big_large'
2026-05-07 18:40:09,932 | INFO | [Collect] Existing samples: 164
2026-05-07 18:40:09,932 | INFO | [Collect] Recording: 90 frames (~3s), sub-sampled to 20
2026-05-07 18:40:09,933 | INFO | [Collect] Target: 20 new samples
2026-05-07 18:40:15,183 | INFO | Controls:
2026-05-07 18:40:15,184 | INFO |   Auto mode enabled: recording until target is reached
2026-05-07 18:40:15,184 | INFO |   SPACE  - (optional) restart countdown manually
2026-05-07 18:40:15,184 | INFO |   Q/ESC  - Finish and quit
2026-05-07 18:40:15,185 | INFO |   [REC] Auto countdown 3s...
2026-05-07 18:40:26,041 | INFO |   [SAVED] #1 -> webcam_1778159426037.npy  (hand: 100%, total: 165)
2026-05-07 18:40:26,042 | INFO | {"event": "sample_recorded", "timestamp": "2026-05-07T18:40:26", "class_name": "big_large", "sample_num": 1, "filename": "webcam_1778159426037.npy", "frames_with_hand": 90, "total_frames": 90, "hand_detection_pct": "100%", "total_samples_for_class": 165}
2026-05-07 18:40:26,042 | INFO |   [REC] Next sample in 3s...
2026-05-07 18:40:37,074 | INFO |   [SAVED] #2 -> webcam_1778159437071.npy  (hand: 100%, total: 166)
2026-05-07 18:40:37,075 | INFO | {"event": "sample_recorded", "timestamp": "2026-05-07T18:40:37", "class_name": "big_large", "sample_num": 2, "filename": "webcam_1778159437071.npy", "frames_with_hand": 90, "total_frames": 90, "hand_detection_pct": "100%", "total_samples_for_class": 166}
2026-05-07 18:40:37,075 | INFO |   [REC] Next sample in 3s...
2026-05-07 18:40:48,554 | INFO |   [SAVED] #3 -> webcam_1778159448549.npy  (hand: 100%, total: 167)
2026-05-07 18:40:48,554 | INFO | {"event": "sample_recorded", "timestamp": "2026-05-07T18:40:48", "class_name": "big_large", "sample_num": 3, "filename": "webcam_1778159448549.npy", "frames_with_hand": 90, "total_frames": 90, "hand_detection_pct": "100%", "total_samples_for_class": 167}
2026-05-07 18:40:48,555 | INFO |   [REC] Next sample in 3s...
2026-05-07 18:40:58,960 | INFO |   [SAVED] #4 -> webcam_1778159458954.npy  (hand: 100%, total: 168)
2026-05-07 18:40:58,961 | INFO | {"event": "sample_recorded", "timestamp": "2026-05-07T18:40:58", "class_name": "big_large", "sample_num": 4, "filename": "webcam_1778159458954.npy", "frames_with_hand": 90, "total_frames": 90, "hand_detection_pct": "100%", "total_samples_for_class": 168}
2026-05-07 18:40:58,962 | INFO |   [REC] Next sample in 3s...
2026-05-07 18:41:10,491 | INFO |   [SAVED] #5 -> webcam_1778159470489.npy  (hand: 100%, total: 169)
2026-05-07 18:41:10,492 | INFO | {"event": "sample_recorded", "timestamp": "2026-05-07T18:41:10", "class_name": "big_large", "sample_num": 5, "filename": "webcam_1778159470489.npy", "frames_with_hand": 90, "total_frames": 90, "hand_detection_pct": "100%", "total_samples_for_class": 169}
2026-05-07 18:41:10,492 | INFO |   [REC] Next sample in 3s...
2026-05-07 18:41:21,674 | INFO |   [SAVED] #6 -> webcam_1778159481670.npy  (hand: 100%, total: 170)
2026-05-07 18:41:21,675 | INFO | {"event": "sample_recorded", "timestamp": "2026-05-07T18:41:21", "class_name": "big_large", "sample_num": 6, "filename": "webcam_1778159481670.npy", "frames_with_hand": 90, "total_frames": 90, "hand_detection_pct": "100%", "total_samples_for_class": 170}
2026-05-07 18:41:21,675 | INFO |   [REC] Next sample in 3s...
2026-05-07 18:41:31,687 | INFO |   [SAVED] #7 -> webcam_1778159491684.npy  (hand: 100%, total: 171)
2026-05-07 18:41:31,688 | INFO | {"event": "sample_recorded", "timestamp": "2026-05-07T18:41:31", "class_name": "big_large", "sample_num": 7, "filename": "webcam_1778159491684.npy", "frames_with_hand": 90, "total_frames": 90, "hand_detection_pct": "100%", "total_samples_for_class": 171}
2026-05-07 18:41:31,688 | INFO |   [REC] Next sample in 3s...
2026-05-07 18:41:43,883 | INFO |   [SAVED] #8 -> webcam_1778159503880.npy  (hand: 100%, total: 172)
2026-05-07 18:41:43,883 | INFO | {"event": "sample_recorded", "timestamp": "2026-05-07T18:41:43", "class_name": "big_large", "sample_num": 8, "filename": "webcam_1778159503880.npy", "frames_with_hand": 90, "total_frames": 90, "hand_detection_pct": "100%", "total_samples_for_class": 172}
2026-05-07 18:41:43,884 | INFO |   [REC] Next sample in 3s...
2026-05-07 18:41:54,717 | INFO |   [SAVED] #9 -> webcam_1778159514713.npy  (hand: 100%, total: 173)
2026-05-07 18:41:54,718 | INFO | {"event": "sample_recorded", "timestamp": "2026-05-07T18:41:54", "class_name": "big_large", "sample_num": 9, "filename": "webcam_1778159514713.npy", "frames_with_hand": 90, "total_frames": 90, "hand_detection_pct": "100%", "total_samples_for_class": 173}
2026-05-07 18:41:54,718 | INFO |   [REC] Next sample in 3s...
2026-05-07 18:42:05,899 | INFO |   [SAVED] #10 -> webcam_1778159525896.npy  (hand: 100%, total: 174)
2026-05-07 18:42:05,900 | INFO | {"event": "sample_recorded", "timestamp": "2026-05-07T18:42:05", "class_name": "big_large", "sample_num": 10, "filename": "webcam_1778159525896.npy", "frames_with_hand": 90, "total_frames": 90, "hand_detection_pct": "100%", "total_samples_for_class": 174}
2026-05-07 18:42:05,900 | INFO |   [REC] Next sample in 3s...
2026-05-07 18:42:16,427 | INFO |   [SAVED] #11 -> webcam_1778159536423.npy  (hand: 100%, total: 175)
2026-05-07 18:42:16,428 | INFO | {"event": "sample_recorded", "timestamp": "2026-05-07T18:42:16", "class_name": "big_large", "sample_num": 11, "filename": "webcam_1778159536423.npy", "frames_with_hand": 90, "total_frames": 90, "hand_detection_pct": "100%", "total_samples_for_class": 175}
2026-05-07 18:42:16,428 | INFO |   [REC] Next sample in 3s...
2026-05-07 18:42:27,545 | INFO |   [SAVED] #12 -> webcam_1778159547540.npy  (hand: 100%, total: 176)
2026-05-07 18:42:27,545 | INFO | {"event": "sample_recorded", "timestamp": "2026-05-07T18:42:27", "class_name": "big_large", "sample_num": 12, "filename": "webcam_1778159547540.npy", "frames_with_hand": 90, "total_frames": 90, "hand_detection_pct": "100%", "total_samples_for_class": 176}
2026-05-07 18:42:27,546 | INFO |   [REC] Next sample in 3s...
2026-05-07 18:42:38,193 | INFO |   [SAVED] #13 -> webcam_1778159558190.npy  (hand: 100%, total: 177)
2026-05-07 18:42:38,194 | INFO | {"event": "sample_recorded", "timestamp": "2026-05-07T18:42:38", "class_name": "big_large", "sample_num": 13, "filename": "webcam_1778159558190.npy", "frames_with_hand": 90, "total_frames": 90, "hand_detection_pct": "100%", "total_samples_for_class": 177}
2026-05-07 18:42:38,194 | INFO |   [REC] Next sample in 3s...
2026-05-07 18:42:48,959 | INFO |   [SAVED] #14 -> webcam_1778159568955.npy  (hand: 100%, total: 178)
2026-05-07 18:42:48,960 | INFO | {"event": "sample_recorded", "timestamp": "2026-05-07T18:42:48", "class_name": "big_large", "sample_num": 14, "filename": "webcam_1778159568955.npy", "frames_with_hand": 90, "total_frames": 90, "hand_detection_pct": "100%", "total_samples_for_class": 178}
2026-05-07 18:42:48,961 | INFO |   [REC] Next sample in 3s...
2026-05-07 18:42:59,603 | INFO |   [SAVED] #15 -> webcam_1778159579598.npy  (hand: 100%, total: 179)
2026-05-07 18:42:59,604 | INFO | {"event": "sample_recorded", "timestamp": "2026-05-07T18:42:59", "class_name": "big_large", "sample_num": 15, "filename": "webcam_1778159579598.npy", "frames_with_hand": 90, "total_frames": 90, "hand_detection_pct": "100%", "total_samples_for_class": 179}
2026-05-07 18:42:59,604 | INFO |   [REC] Next sample in 3s...
2026-05-07 18:43:09,921 | INFO |   [SAVED] #16 -> webcam_1778159589916.npy  (hand: 100%, total: 180)
2026-05-07 18:43:09,921 | INFO | {"event": "sample_recorded", "timestamp": "2026-05-07T18:43:09", "class_name": "big_large", "sample_num": 16, "filename": "webcam_1778159589916.npy", "frames_with_hand": 90, "total_frames": 90, "hand_detection_pct": "100%", "total_samples_for_class": 180}
2026-05-07 18:43:09,922 | INFO |   [REC] Next sample in 3s...
2026-05-07 18:43:20,857 | INFO |   [SAVED] #17 -> webcam_1778159600853.npy  (hand: 100%, total: 181)
2026-05-07 18:43:20,858 | INFO | {"event": "sample_recorded", "timestamp": "2026-05-07T18:43:20", "class_name": "big_large", "sample_num": 17, "filename": "webcam_1778159600853.npy", "frames_with_hand": 90, "total_frames": 90, "hand_detection_pct": "100%", "total_samples_for_class": 181}
2026-05-07 18:43:20,859 | INFO |   [REC] Next sample in 3s...
2026-05-07 18:43:30,821 | INFO |   [SAVED] #18 -> webcam_1778159610818.npy  (hand: 100%, total: 182)
2026-05-07 18:43:30,821 | INFO | {"event": "sample_recorded", "timestamp": "2026-05-07T18:43:30", "class_name": "big_large", "sample_num": 18, "filename": "webcam_1778159610818.npy", "frames_with_hand": 90, "total_frames": 90, "hand_detection_pct": "100%", "total_samples_for_class": 182}
2026-05-07 18:43:30,822 | INFO |   [REC] Next sample in 3s...
2026-05-07 18:43:41,257 | INFO |   [SAVED] #19 -> webcam_1778159621254.npy  (hand: 100%, total: 183)
2026-05-07 18:43:41,258 | INFO | {"event": "sample_recorded", "timestamp": "2026-05-07T18:43:41", "class_name": "big_large", "sample_num": 19, "filename": "webcam_1778159621254.npy", "frames_with_hand": 90, "total_frames": 90, "hand_detection_pct": "100%", "total_samples_for_class": 183}
2026-05-07 18:43:41,258 | INFO |   [REC] Next sample in 3s...
2026-05-07 18:43:51,908 | INFO |   [SAVED] #20 -> webcam_1778159631904.npy  (hand: 100%, total: 184)
2026-05-07 18:43:51,909 | INFO | {"event": "sample_recorded", "timestamp": "2026-05-07T18:43:51", "class_name": "big_large", "sample_num": 20, "filename": "webcam_1778159631904.npy", "frames_with_hand": 90, "total_frames": 90, "hand_detection_pct": "100%", "total_samples_for_class": 184}
2026-05-07 18:43:53,890 | INFO | [Collect] Done! Saved 20 new samples for 'big_large'.
2026-05-07 18:43:53,891 | INFO | [Collect] Total samples for 'big_large': 184
2026-05-07 18:43:53,891 | INFO | {"event": "record_end", "timestamp": "2026-05-07T18:43:53", "class_name": "big_large", "new_samples_saved": 20, "total_samples_for_class": 184}
