2026-05-06 22:27:56,257 | INFO | Logger initialized for collect
2026-05-06 22:27:56,257 | INFO | Log file: logs\collect_20260506_222756.log
2026-05-06 22:27:56,259 | INFO | {"event": "record_start", "timestamp": "2026-05-06T22:27:56", "class_name": "tall", "target_samples": 10}
2026-05-06 22:27:56,263 | INFO | [Collect] Class: 'tall'
2026-05-06 22:27:56,264 | INFO | [Collect] Existing samples: 194
2026-05-06 22:27:56,264 | INFO | [Collect] Recording: 90 frames (~3s), sub-sampled to 20
2026-05-06 22:27:56,264 | INFO | [Collect] Target: 10 new samples
2026-05-06 22:28:00,879 | INFO | Controls:
2026-05-06 22:28:00,881 | INFO |   Auto mode enabled: recording until target is reached
2026-05-06 22:28:00,882 | INFO |   SPACE  - (optional) restart countdown manually
2026-05-06 22:28:00,882 | INFO |   Q/ESC  - Finish and quit
2026-05-06 22:28:00,882 | INFO |   [REC] Auto countdown 3s...
2026-05-06 22:28:08,407 | INFO |   [SAVED] #1 -> webcam_1778086688402.npy  (hand: 100%, total: 195)
2026-05-06 22:28:08,407 | INFO | {"event": "sample_recorded", "timestamp": "2026-05-06T22:28:08", "class_name": "tall", "sample_num": 1, "filename": "webcam_1778086688402.npy", "frames_with_hand": 90, "total_frames": 90, "hand_detection_pct": "100%", "total_samples_for_class": 195}
2026-05-06 22:28:08,407 | INFO |   [REC] Next sample in 3s...
2026-05-06 22:28:15,675 | INFO |   [SAVED] #2 -> webcam_1778086695672.npy  (hand: 100%, total: 196)
2026-05-06 22:28:15,675 | INFO | {"event": "sample_recorded", "timestamp": "2026-05-06T22:28:15", "class_name": "tall", "sample_num": 2, "filename": "webcam_1778086695672.npy", "frames_with_hand": 90, "total_frames": 90, "hand_detection_pct": "100%", "total_samples_for_class": 196}
2026-05-06 22:28:15,676 | INFO |   [REC] Next sample in 3s...
2026-05-06 22:28:23,146 | INFO |   [SAVED] #3 -> webcam_1778086703142.npy  (hand: 100%, total: 197)
2026-05-06 22:28:23,146 | INFO | {"event": "sample_recorded", "timestamp": "2026-05-06T22:28:23", "class_name": "tall", "sample_num": 3, "filename": "webcam_1778086703142.npy", "frames_with_hand": 90, "total_frames": 90, "hand_detection_pct": "100%", "total_samples_for_class": 197}
2026-05-06 22:28:23,147 | INFO |   [REC] Next sample in 3s...
2026-05-06 22:28:30,695 | INFO |   [SAVED] #4 -> webcam_1778086710691.npy  (hand: 100%, total: 198)
2026-05-06 22:28:30,695 | INFO | {"event": "sample_recorded", "timestamp": "2026-05-06T22:28:30", "class_name": "tall", "sample_num": 4, "filename": "webcam_1778086710691.npy", "frames_with_hand": 90, "total_frames": 90, "hand_detection_pct": "100%", "total_samples_for_class": 198}
2026-05-06 22:28:30,695 | INFO |   [REC] Next sample in 3s...
2026-05-06 22:28:38,468 | INFO |   [SAVED] #5 -> webcam_1778086718464.npy  (hand: 100%, total: 199)
2026-05-06 22:28:38,468 | INFO | {"event": "sample_recorded", "timestamp": "2026-05-06T22:28:38", "class_name": "tall", "sample_num": 5, "filename": "webcam_1778086718464.npy", "frames_with_hand": 90, "total_frames": 90, "hand_detection_pct": "100%", "total_samples_for_class": 199}
2026-05-06 22:28:38,469 | INFO |   [REC] Next sample in 3s...
2026-05-06 22:28:46,146 | INFO |   [SAVED] #6 -> webcam_1778086726142.npy  (hand: 100%, total: 200)
2026-05-06 22:28:46,146 | INFO | {"event": "sample_recorded", "timestamp": "2026-05-06T22:28:46", "class_name": "tall", "sample_num": 6, "filename": "webcam_1778086726142.npy", "frames_with_hand": 90, "total_frames": 90, "hand_detection_pct": "100%", "total_samples_for_class": 200}
2026-05-06 22:28:46,147 | INFO |   [REC] Next sample in 3s...
2026-05-06 22:28:53,811 | INFO |   [SAVED] #7 -> webcam_1778086733807.npy  (hand: 100%, total: 201)
2026-05-06 22:28:53,812 | INFO | {"event": "sample_recorded", "timestamp": "2026-05-06T22:28:53", "class_name": "tall", "sample_num": 7, "filename": "webcam_1778086733807.npy", "frames_with_hand": 90, "total_frames": 90, "hand_detection_pct": "100%", "total_samples_for_class": 201}
2026-05-06 22:28:53,812 | INFO |   [REC] Next sample in 3s...
2026-05-06 22:29:01,024 | INFO |   [SAVED] #8 -> webcam_1778086741021.npy  (hand: 100%, total: 202)
2026-05-06 22:29:01,025 | INFO | {"event": "sample_recorded", "timestamp": "2026-05-06T22:29:01", "class_name": "tall", "sample_num": 8, "filename": "webcam_1778086741021.npy", "frames_with_hand": 90, "total_frames": 90, "hand_detection_pct": "100%", "total_samples_for_class": 202}
2026-05-06 22:29:01,025 | INFO |   [REC] Next sample in 3s...
2026-05-06 22:29:08,282 | INFO |   [SAVED] #9 -> webcam_1778086748278.npy  (hand: 100%, total: 203)
2026-05-06 22:29:08,283 | INFO | {"event": "sample_recorded", "timestamp": "2026-05-06T22:29:08", "class_name": "tall", "sample_num": 9, "filename": "webcam_1778086748278.npy", "frames_with_hand": 90, "total_frames": 90, "hand_detection_pct": "100%", "total_samples_for_class": 203}
2026-05-06 22:29:08,283 | INFO |   [REC] Next sample in 3s...
2026-05-06 22:29:15,795 | INFO |   [SAVED] #10 -> webcam_1778086755791.npy  (hand: 100%, total: 204)
2026-05-06 22:29:15,795 | INFO | {"event": "sample_recorded", "timestamp": "2026-05-06T22:29:15", "class_name": "tall", "sample_num": 10, "filename": "webcam_1778086755791.npy", "frames_with_hand": 90, "total_frames": 90, "hand_detection_pct": "100%", "total_samples_for_class": 204}
2026-05-06 22:29:17,654 | INFO | [Collect] Done! Saved 10 new samples for 'tall'.
2026-05-06 22:29:17,654 | INFO | [Collect] Total samples for 'tall': 204
2026-05-06 22:29:17,654 | INFO | {"event": "record_end", "timestamp": "2026-05-06T22:29:17", "class_name": "tall", "new_samples_saved": 10, "total_samples_for_class": 204}
