2026-05-06 22:45:57,712 | INFO | Logger initialized for collect
2026-05-06 22:45:57,712 | INFO | Log file: logs\collect_20260506_224557.log
2026-05-06 22:45:57,713 | INFO | {"event": "record_start", "timestamp": "2026-05-06T22:45:57", "class_name": "wide", "target_samples": 10}
2026-05-06 22:45:57,719 | INFO | [Collect] Class: 'wide'
2026-05-06 22:45:57,720 | INFO | [Collect] Existing samples: 184
2026-05-06 22:45:57,721 | INFO | [Collect] Recording: 90 frames (~3s), sub-sampled to 20
2026-05-06 22:45:57,721 | INFO | [Collect] Target: 10 new samples
2026-05-06 22:46:02,376 | INFO | Controls:
2026-05-06 22:46:02,377 | INFO |   Auto mode enabled: recording until target is reached
2026-05-06 22:46:02,377 | INFO |   SPACE  - (optional) restart countdown manually
2026-05-06 22:46:02,377 | INFO |   Q/ESC  - Finish and quit
2026-05-06 22:46:02,377 | INFO |   [REC] Auto countdown 3s...
2026-05-06 22:46:10,631 | INFO |   [SAVED] #1 -> webcam_1778087770628.npy  (hand: 100%, total: 185)
2026-05-06 22:46:10,631 | INFO | {"event": "sample_recorded", "timestamp": "2026-05-06T22:46:10", "class_name": "wide", "sample_num": 1, "filename": "webcam_1778087770628.npy", "frames_with_hand": 90, "total_frames": 90, "hand_detection_pct": "100%", "total_samples_for_class": 185}
2026-05-06 22:46:10,631 | INFO |   [REC] Next sample in 3s...
2026-05-06 22:46:18,589 | INFO |   [SAVED] #2 -> webcam_1778087778586.npy  (hand: 100%, total: 186)
2026-05-06 22:46:18,590 | INFO | {"event": "sample_recorded", "timestamp": "2026-05-06T22:46:18", "class_name": "wide", "sample_num": 2, "filename": "webcam_1778087778586.npy", "frames_with_hand": 90, "total_frames": 90, "hand_detection_pct": "100%", "total_samples_for_class": 186}
2026-05-06 22:46:18,590 | INFO |   [REC] Next sample in 3s...
2026-05-06 22:46:26,437 | INFO |   [SAVED] #3 -> webcam_1778087786433.npy  (hand: 100%, total: 187)
2026-05-06 22:46:26,437 | INFO | {"event": "sample_recorded", "timestamp": "2026-05-06T22:46:26", "class_name": "wide", "sample_num": 3, "filename": "webcam_1778087786433.npy", "frames_with_hand": 90, "total_frames": 90, "hand_detection_pct": "100%", "total_samples_for_class": 187}
2026-05-06 22:46:26,438 | INFO |   [REC] Next sample in 3s...
2026-05-06 22:46:34,895 | INFO |   [SAVED] #4 -> webcam_1778087794891.npy  (hand: 100%, total: 188)
2026-05-06 22:46:34,895 | INFO | {"event": "sample_recorded", "timestamp": "2026-05-06T22:46:34", "class_name": "wide", "sample_num": 4, "filename": "webcam_1778087794891.npy", "frames_with_hand": 90, "total_frames": 90, "hand_detection_pct": "100%", "total_samples_for_class": 188}
2026-05-06 22:46:34,895 | INFO |   [REC] Next sample in 3s...
2026-05-06 22:46:43,318 | INFO |   [SAVED] #5 -> webcam_1778087803315.npy  (hand: 100%, total: 189)
2026-05-06 22:46:43,318 | INFO | {"event": "sample_recorded", "timestamp": "2026-05-06T22:46:43", "class_name": "wide", "sample_num": 5, "filename": "webcam_1778087803315.npy", "frames_with_hand": 90, "total_frames": 90, "hand_detection_pct": "100%", "total_samples_for_class": 189}
2026-05-06 22:46:43,318 | INFO |   [REC] Next sample in 3s...
2026-05-06 22:46:51,744 | INFO |   [SAVED] #6 -> webcam_1778087811740.npy  (hand: 100%, total: 190)
2026-05-06 22:46:51,744 | INFO | {"event": "sample_recorded", "timestamp": "2026-05-06T22:46:51", "class_name": "wide", "sample_num": 6, "filename": "webcam_1778087811740.npy", "frames_with_hand": 90, "total_frames": 90, "hand_detection_pct": "100%", "total_samples_for_class": 190}
2026-05-06 22:46:51,744 | INFO |   [REC] Next sample in 3s...
2026-05-06 22:46:59,545 | INFO |   [SAVED] #7 -> webcam_1778087819541.npy  (hand: 100%, total: 191)
2026-05-06 22:46:59,546 | INFO | {"event": "sample_recorded", "timestamp": "2026-05-06T22:46:59", "class_name": "wide", "sample_num": 7, "filename": "webcam_1778087819541.npy", "frames_with_hand": 90, "total_frames": 90, "hand_detection_pct": "100%", "total_samples_for_class": 191}
2026-05-06 22:46:59,546 | INFO |   [REC] Next sample in 3s...
2026-05-06 22:47:07,368 | INFO |   [SAVED] #8 -> webcam_1778087827364.npy  (hand: 100%, total: 192)
2026-05-06 22:47:07,369 | INFO | {"event": "sample_recorded", "timestamp": "2026-05-06T22:47:07", "class_name": "wide", "sample_num": 8, "filename": "webcam_1778087827364.npy", "frames_with_hand": 90, "total_frames": 90, "hand_detection_pct": "100%", "total_samples_for_class": 192}
2026-05-06 22:47:07,369 | INFO |   [REC] Next sample in 3s...
2026-05-06 22:47:15,283 | INFO |   [SAVED] #9 -> webcam_1778087835279.npy  (hand: 100%, total: 193)
2026-05-06 22:47:15,283 | INFO | {"event": "sample_recorded", "timestamp": "2026-05-06T22:47:15", "class_name": "wide", "sample_num": 9, "filename": "webcam_1778087835279.npy", "frames_with_hand": 90, "total_frames": 90, "hand_detection_pct": "100%", "total_samples_for_class": 193}
2026-05-06 22:47:15,283 | INFO |   [REC] Next sample in 3s...
2026-05-06 22:47:22,878 | INFO |   [SAVED] #10 -> webcam_1778087842876.npy  (hand: 100%, total: 194)
2026-05-06 22:47:22,879 | INFO | {"event": "sample_recorded", "timestamp": "2026-05-06T22:47:22", "class_name": "wide", "sample_num": 10, "filename": "webcam_1778087842876.npy", "frames_with_hand": 90, "total_frames": 90, "hand_detection_pct": "100%", "total_samples_for_class": 194}
2026-05-06 22:47:24,766 | INFO | [Collect] Done! Saved 10 new samples for 'wide'.
2026-05-06 22:47:24,766 | INFO | [Collect] Total samples for 'wide': 194
2026-05-06 22:47:24,767 | INFO | {"event": "record_end", "timestamp": "2026-05-06T22:47:24", "class_name": "wide", "new_samples_saved": 10, "total_samples_for_class": 194}
