2026-05-12 18:40:13,254 | INFO | Logger initialized for collect
2026-05-12 18:40:13,255 | INFO | Log file: logs\collect_20260512_184013.log
2026-05-12 18:40:13,256 | INFO | {"event": "record_start", "timestamp": "2026-05-12T18:40:13", "class_name": "hard", "target_samples": 20}
2026-05-12 18:40:13,259 | INFO | [Collect] Class: 'hard'
2026-05-12 18:40:13,260 | INFO | [Collect] Existing samples: 92
2026-05-12 18:40:13,260 | INFO | [Collect] Recording: 90 frames (~3s), sub-sampled to 20
2026-05-12 18:40:13,260 | INFO | [Collect] Target: 20 new samples
2026-05-12 18:40:18,322 | INFO | Controls:
2026-05-12 18:40:18,324 | INFO |   Auto mode enabled: recording until target is reached
2026-05-12 18:40:18,324 | INFO |   SPACE  - (optional) restart countdown manually
2026-05-12 18:40:18,324 | INFO |   Q/ESC  - Finish and quit
2026-05-12 18:40:18,325 | INFO |   [REC] Auto countdown 3s...
2026-05-12 18:40:26,448 | INFO |   [SAVED] #1 -> webcam_1778591426444.npy  (hand: 100%, total: 93)
2026-05-12 18:40:26,449 | INFO | {"event": "sample_recorded", "timestamp": "2026-05-12T18:40:26", "class_name": "hard", "sample_num": 1, "filename": "webcam_1778591426444.npy", "frames_with_hand": 90, "total_frames": 90, "hand_detection_pct": "100%", "total_samples_for_class": 93}
2026-05-12 18:40:26,449 | INFO |   [REC] Next sample in 3s...
2026-05-12 18:40:34,079 | INFO |   [SAVED] #2 -> webcam_1778591434074.npy  (hand: 100%, total: 94)
2026-05-12 18:40:34,079 | INFO | {"event": "sample_recorded", "timestamp": "2026-05-12T18:40:34", "class_name": "hard", "sample_num": 2, "filename": "webcam_1778591434074.npy", "frames_with_hand": 90, "total_frames": 90, "hand_detection_pct": "100%", "total_samples_for_class": 94}
2026-05-12 18:40:34,079 | INFO |   [REC] Next sample in 3s...
2026-05-12 18:40:42,769 | INFO |   [SAVED] #3 -> webcam_1778591442766.npy  (hand: 100%, total: 95)
2026-05-12 18:40:42,769 | INFO | {"event": "sample_recorded", "timestamp": "2026-05-12T18:40:42", "class_name": "hard", "sample_num": 3, "filename": "webcam_1778591442766.npy", "frames_with_hand": 90, "total_frames": 90, "hand_detection_pct": "100%", "total_samples_for_class": 95}
2026-05-12 18:40:42,771 | INFO |   [REC] Next sample in 3s...
2026-05-12 18:40:50,125 | INFO |   [SAVED] #4 -> webcam_1778591450122.npy  (hand: 100%, total: 96)
2026-05-12 18:40:50,126 | INFO | {"event": "sample_recorded", "timestamp": "2026-05-12T18:40:50", "class_name": "hard", "sample_num": 4, "filename": "webcam_1778591450122.npy", "frames_with_hand": 90, "total_frames": 90, "hand_detection_pct": "100%", "total_samples_for_class": 96}
2026-05-12 18:40:50,127 | INFO |   [REC] Next sample in 3s...
2026-05-12 18:40:58,597 | INFO |   [SAVED] #5 -> webcam_1778591458592.npy  (hand: 100%, total: 97)
2026-05-12 18:40:58,597 | INFO | {"event": "sample_recorded", "timestamp": "2026-05-12T18:40:58", "class_name": "hard", "sample_num": 5, "filename": "webcam_1778591458592.npy", "frames_with_hand": 90, "total_frames": 90, "hand_detection_pct": "100%", "total_samples_for_class": 97}
2026-05-12 18:40:58,597 | INFO |   [REC] Next sample in 3s...
2026-05-12 18:41:06,497 | INFO |   [SAVED] #6 -> webcam_1778591466494.npy  (hand: 100%, total: 98)
2026-05-12 18:41:06,497 | INFO | {"event": "sample_recorded", "timestamp": "2026-05-12T18:41:06", "class_name": "hard", "sample_num": 6, "filename": "webcam_1778591466494.npy", "frames_with_hand": 90, "total_frames": 90, "hand_detection_pct": "100%", "total_samples_for_class": 98}
2026-05-12 18:41:06,498 | INFO |   [REC] Next sample in 3s...
2026-05-12 18:41:15,010 | INFO |   [SAVED] #7 -> webcam_1778591475005.npy  (hand: 100%, total: 99)
2026-05-12 18:41:15,010 | INFO | {"event": "sample_recorded", "timestamp": "2026-05-12T18:41:15", "class_name": "hard", "sample_num": 7, "filename": "webcam_1778591475005.npy", "frames_with_hand": 90, "total_frames": 90, "hand_detection_pct": "100%", "total_samples_for_class": 99}
2026-05-12 18:41:15,010 | INFO |   [REC] Next sample in 3s...
2026-05-12 18:41:23,126 | INFO |   [SAVED] #8 -> webcam_1778591483122.npy  (hand: 100%, total: 100)
2026-05-12 18:41:23,127 | INFO | {"event": "sample_recorded", "timestamp": "2026-05-12T18:41:23", "class_name": "hard", "sample_num": 8, "filename": "webcam_1778591483122.npy", "frames_with_hand": 90, "total_frames": 90, "hand_detection_pct": "100%", "total_samples_for_class": 100}
2026-05-12 18:41:23,128 | INFO |   [REC] Next sample in 3s...
2026-05-12 18:41:30,666 | INFO |   [SAVED] #9 -> webcam_1778591490664.npy  (hand: 100%, total: 101)
2026-05-12 18:41:30,667 | INFO | {"event": "sample_recorded", "timestamp": "2026-05-12T18:41:30", "class_name": "hard", "sample_num": 9, "filename": "webcam_1778591490664.npy", "frames_with_hand": 90, "total_frames": 90, "hand_detection_pct": "100%", "total_samples_for_class": 101}
2026-05-12 18:41:30,667 | INFO |   [REC] Next sample in 3s...
2026-05-12 18:41:39,435 | INFO |   [SAVED] #10 -> webcam_1778591499431.npy  (hand: 100%, total: 102)
2026-05-12 18:41:39,435 | INFO | {"event": "sample_recorded", "timestamp": "2026-05-12T18:41:39", "class_name": "hard", "sample_num": 10, "filename": "webcam_1778591499431.npy", "frames_with_hand": 90, "total_frames": 90, "hand_detection_pct": "100%", "total_samples_for_class": 102}
2026-05-12 18:41:39,435 | INFO |   [REC] Next sample in 3s...
2026-05-12 18:41:48,062 | INFO |   [SAVED] #11 -> webcam_1778591508058.npy  (hand: 100%, total: 103)
2026-05-12 18:41:48,062 | INFO | {"event": "sample_recorded", "timestamp": "2026-05-12T18:41:48", "class_name": "hard", "sample_num": 11, "filename": "webcam_1778591508058.npy", "frames_with_hand": 90, "total_frames": 90, "hand_detection_pct": "100%", "total_samples_for_class": 103}
2026-05-12 18:41:48,062 | INFO |   [REC] Next sample in 3s...
2026-05-12 18:41:56,804 | INFO |   [SAVED] #12 -> webcam_1778591516799.npy  (hand: 100%, total: 104)
2026-05-12 18:41:56,804 | INFO | {"event": "sample_recorded", "timestamp": "2026-05-12T18:41:56", "class_name": "hard", "sample_num": 12, "filename": "webcam_1778591516799.npy", "frames_with_hand": 90, "total_frames": 90, "hand_detection_pct": "100%", "total_samples_for_class": 104}
2026-05-12 18:41:56,805 | INFO |   [REC] Next sample in 3s...
2026-05-12 18:42:05,120 | INFO |   [SAVED] #13 -> webcam_1778591525117.npy  (hand: 100%, total: 105)
2026-05-12 18:42:05,121 | INFO | {"event": "sample_recorded", "timestamp": "2026-05-12T18:42:05", "class_name": "hard", "sample_num": 13, "filename": "webcam_1778591525117.npy", "frames_with_hand": 90, "total_frames": 90, "hand_detection_pct": "100%", "total_samples_for_class": 105}
2026-05-12 18:42:05,121 | INFO |   [REC] Next sample in 3s...
2026-05-12 18:42:13,452 | INFO |   [SAVED] #14 -> webcam_1778591533450.npy  (hand: 100%, total: 106)
2026-05-12 18:42:13,453 | INFO | {"event": "sample_recorded", "timestamp": "2026-05-12T18:42:13", "class_name": "hard", "sample_num": 14, "filename": "webcam_1778591533450.npy", "frames_with_hand": 90, "total_frames": 90, "hand_detection_pct": "100%", "total_samples_for_class": 106}
2026-05-12 18:42:13,453 | INFO |   [REC] Next sample in 3s...
2026-05-12 18:42:21,421 | INFO |   [SAVED] #15 -> webcam_1778591541418.npy  (hand: 100%, total: 107)
2026-05-12 18:42:21,421 | INFO | {"event": "sample_recorded", "timestamp": "2026-05-12T18:42:21", "class_name": "hard", "sample_num": 15, "filename": "webcam_1778591541418.npy", "frames_with_hand": 90, "total_frames": 90, "hand_detection_pct": "100%", "total_samples_for_class": 107}
2026-05-12 18:42:21,422 | INFO |   [REC] Next sample in 3s...
2026-05-12 18:42:29,789 | INFO |   [SAVED] #16 -> webcam_1778591549786.npy  (hand: 100%, total: 108)
2026-05-12 18:42:29,789 | INFO | {"event": "sample_recorded", "timestamp": "2026-05-12T18:42:29", "class_name": "hard", "sample_num": 16, "filename": "webcam_1778591549786.npy", "frames_with_hand": 90, "total_frames": 90, "hand_detection_pct": "100%", "total_samples_for_class": 108}
2026-05-12 18:42:29,791 | INFO |   [REC] Next sample in 3s...
2026-05-12 18:42:37,879 | INFO |   [SAVED] #17 -> webcam_1778591557873.npy  (hand: 100%, total: 109)
2026-05-12 18:42:37,879 | INFO | {"event": "sample_recorded", "timestamp": "2026-05-12T18:42:37", "class_name": "hard", "sample_num": 17, "filename": "webcam_1778591557873.npy", "frames_with_hand": 90, "total_frames": 90, "hand_detection_pct": "100%", "total_samples_for_class": 109}
2026-05-12 18:42:37,880 | INFO |   [REC] Next sample in 3s...
2026-05-12 18:42:46,055 | INFO |   [SAVED] #18 -> webcam_1778591566053.npy  (hand: 100%, total: 110)
2026-05-12 18:42:46,056 | INFO | {"event": "sample_recorded", "timestamp": "2026-05-12T18:42:46", "class_name": "hard", "sample_num": 18, "filename": "webcam_1778591566053.npy", "frames_with_hand": 90, "total_frames": 90, "hand_detection_pct": "100%", "total_samples_for_class": 110}
2026-05-12 18:42:46,056 | INFO |   [REC] Next sample in 3s...
2026-05-12 18:42:53,857 | INFO |   [SAVED] #19 -> webcam_1778591573852.npy  (hand: 100%, total: 111)
2026-05-12 18:42:53,857 | INFO | {"event": "sample_recorded", "timestamp": "2026-05-12T18:42:53", "class_name": "hard", "sample_num": 19, "filename": "webcam_1778591573852.npy", "frames_with_hand": 90, "total_frames": 90, "hand_detection_pct": "100%", "total_samples_for_class": 111}
2026-05-12 18:42:53,857 | INFO |   [REC] Next sample in 3s...
2026-05-12 18:43:02,242 | INFO |   [SAVED] #20 -> webcam_1778591582238.npy  (hand: 100%, total: 112)
2026-05-12 18:43:02,242 | INFO | {"event": "sample_recorded", "timestamp": "2026-05-12T18:43:02", "class_name": "hard", "sample_num": 20, "filename": "webcam_1778591582238.npy", "frames_with_hand": 90, "total_frames": 90, "hand_detection_pct": "100%", "total_samples_for_class": 112}
2026-05-12 18:43:04,113 | INFO | [Collect] Done! Saved 20 new samples for 'hard'.
2026-05-12 18:43:04,114 | INFO | [Collect] Total samples for 'hard': 112
2026-05-12 18:43:04,114 | INFO | {"event": "record_end", "timestamp": "2026-05-12T18:43:04", "class_name": "hard", "new_samples_saved": 20, "total_samples_for_class": 112}
