2026-05-07 13:52:35,786 | INFO | Logger initialized for collect
2026-05-07 13:52:35,787 | INFO | Log file: logs\collect_20260507_135235.log
2026-05-07 13:52:35,787 | INFO | {"event": "record_start", "timestamp": "2026-05-07T13:52:35", "class_name": "cold", "target_samples": 10}
2026-05-07 13:52:35,795 | INFO | [Collect] Class: 'cold'
2026-05-07 13:52:35,797 | INFO | [Collect] Existing samples: 164
2026-05-07 13:52:35,800 | INFO | [Collect] Recording: 90 frames (~3s), sub-sampled to 20
2026-05-07 13:52:35,800 | INFO | [Collect] Target: 10 new samples
2026-05-07 13:52:40,812 | INFO | Controls:
2026-05-07 13:52:40,814 | INFO |   Auto mode enabled: recording until target is reached
2026-05-07 13:52:40,814 | INFO |   SPACE  - (optional) restart countdown manually
2026-05-07 13:52:40,814 | INFO |   Q/ESC  - Finish and quit
2026-05-07 13:52:40,814 | INFO |   [REC] Auto countdown 3s...
2026-05-07 13:52:48,720 | INFO |   [SAVED] #1 -> webcam_1778142168718.npy  (hand: 100%, total: 165)
2026-05-07 13:52:48,721 | INFO | {"event": "sample_recorded", "timestamp": "2026-05-07T13:52:48", "class_name": "cold", "sample_num": 1, "filename": "webcam_1778142168718.npy", "frames_with_hand": 90, "total_frames": 90, "hand_detection_pct": "100%", "total_samples_for_class": 165}
2026-05-07 13:52:48,721 | INFO |   [REC] Next sample in 3s...
2026-05-07 13:52:56,707 | INFO |   [SAVED] #2 -> webcam_1778142176704.npy  (hand: 100%, total: 166)
2026-05-07 13:52:56,708 | INFO | {"event": "sample_recorded", "timestamp": "2026-05-07T13:52:56", "class_name": "cold", "sample_num": 2, "filename": "webcam_1778142176704.npy", "frames_with_hand": 90, "total_frames": 90, "hand_detection_pct": "100%", "total_samples_for_class": 166}
2026-05-07 13:52:56,708 | INFO |   [REC] Next sample in 3s...
2026-05-07 13:53:04,299 | INFO |   [SAVED] #3 -> webcam_1778142184296.npy  (hand: 100%, total: 167)
2026-05-07 13:53:04,299 | INFO | {"event": "sample_recorded", "timestamp": "2026-05-07T13:53:04", "class_name": "cold", "sample_num": 3, "filename": "webcam_1778142184296.npy", "frames_with_hand": 90, "total_frames": 90, "hand_detection_pct": "100%", "total_samples_for_class": 167}
2026-05-07 13:53:04,300 | INFO |   [REC] Next sample in 3s...
2026-05-07 13:53:11,442 | INFO |   [SAVED] #4 -> webcam_1778142191440.npy  (hand: 100%, total: 168)
2026-05-07 13:53:11,442 | INFO | {"event": "sample_recorded", "timestamp": "2026-05-07T13:53:11", "class_name": "cold", "sample_num": 4, "filename": "webcam_1778142191440.npy", "frames_with_hand": 90, "total_frames": 90, "hand_detection_pct": "100%", "total_samples_for_class": 168}
2026-05-07 13:53:11,443 | INFO |   [REC] Next sample in 3s...
2026-05-07 13:53:18,605 | INFO |   [SAVED] #5 -> webcam_1778142198601.npy  (hand: 100%, total: 169)
2026-05-07 13:53:18,605 | INFO | {"event": "sample_recorded", "timestamp": "2026-05-07T13:53:18", "class_name": "cold", "sample_num": 5, "filename": "webcam_1778142198601.npy", "frames_with_hand": 90, "total_frames": 90, "hand_detection_pct": "100%", "total_samples_for_class": 169}
2026-05-07 13:53:18,606 | INFO |   [REC] Next sample in 3s...
2026-05-07 13:53:25,723 | INFO |   [SAVED] #6 -> webcam_1778142205721.npy  (hand: 100%, total: 170)
2026-05-07 13:53:25,723 | INFO | {"event": "sample_recorded", "timestamp": "2026-05-07T13:53:25", "class_name": "cold", "sample_num": 6, "filename": "webcam_1778142205721.npy", "frames_with_hand": 90, "total_frames": 90, "hand_detection_pct": "100%", "total_samples_for_class": 170}
2026-05-07 13:53:25,724 | INFO |   [REC] Next sample in 3s...
2026-05-07 13:53:33,012 | INFO |   [SAVED] #7 -> webcam_1778142213010.npy  (hand: 100%, total: 171)
2026-05-07 13:53:33,012 | INFO | {"event": "sample_recorded", "timestamp": "2026-05-07T13:53:33", "class_name": "cold", "sample_num": 7, "filename": "webcam_1778142213010.npy", "frames_with_hand": 90, "total_frames": 90, "hand_detection_pct": "100%", "total_samples_for_class": 171}
2026-05-07 13:53:33,013 | INFO |   [REC] Next sample in 3s...
2026-05-07 13:53:40,651 | INFO |   [SAVED] #8 -> webcam_1778142220648.npy  (hand: 100%, total: 172)
2026-05-07 13:53:40,651 | INFO | {"event": "sample_recorded", "timestamp": "2026-05-07T13:53:40", "class_name": "cold", "sample_num": 8, "filename": "webcam_1778142220648.npy", "frames_with_hand": 90, "total_frames": 90, "hand_detection_pct": "100%", "total_samples_for_class": 172}
2026-05-07 13:53:40,651 | INFO |   [REC] Next sample in 3s...
2026-05-07 13:53:47,768 | INFO |   [SAVED] #9 -> webcam_1778142227764.npy  (hand: 100%, total: 173)
2026-05-07 13:53:47,769 | INFO | {"event": "sample_recorded", "timestamp": "2026-05-07T13:53:47", "class_name": "cold", "sample_num": 9, "filename": "webcam_1778142227764.npy", "frames_with_hand": 90, "total_frames": 90, "hand_detection_pct": "100%", "total_samples_for_class": 173}
2026-05-07 13:53:47,769 | INFO |   [REC] Next sample in 3s...
2026-05-07 13:53:55,180 | INFO |   [SAVED] #10 -> webcam_1778142235176.npy  (hand: 100%, total: 174)
2026-05-07 13:53:55,181 | INFO | {"event": "sample_recorded", "timestamp": "2026-05-07T13:53:55", "class_name": "cold", "sample_num": 10, "filename": "webcam_1778142235176.npy", "frames_with_hand": 90, "total_frames": 90, "hand_detection_pct": "100%", "total_samples_for_class": 174}
2026-05-07 13:53:57,092 | INFO | [Collect] Done! Saved 10 new samples for 'cold'.
2026-05-07 13:53:57,094 | INFO | [Collect] Total samples for 'cold': 174
2026-05-07 13:53:57,094 | INFO | {"event": "record_end", "timestamp": "2026-05-07T13:53:57", "class_name": "cold", "new_samples_saved": 10, "total_samples_for_class": 174}
