2026-05-07 10:52:33,163 | INFO | Logger initialized for collect
2026-05-07 10:52:33,164 | INFO | Log file: logs\collect_20260507_105233.log
2026-05-07 10:52:33,164 | INFO | {"event": "record_start", "timestamp": "2026-05-07T10:52:33", "class_name": "old", "target_samples": 10}
2026-05-07 10:52:33,169 | INFO | [Collect] Class: 'old'
2026-05-07 10:52:33,170 | INFO | [Collect] Existing samples: 164
2026-05-07 10:52:33,170 | INFO | [Collect] Recording: 90 frames (~3s), sub-sampled to 20
2026-05-07 10:52:33,171 | INFO | [Collect] Target: 10 new samples
2026-05-07 10:52:38,315 | INFO | Controls:
2026-05-07 10:52:38,315 | INFO |   Auto mode enabled: recording until target is reached
2026-05-07 10:52:38,315 | INFO |   SPACE  - (optional) restart countdown manually
2026-05-07 10:52:38,315 | INFO |   Q/ESC  - Finish and quit
2026-05-07 10:52:38,317 | INFO |   [REC] Auto countdown 3s...
2026-05-07 10:52:45,936 | INFO |   [SAVED] #1 -> webcam_1778131365933.npy  (hand: 100%, total: 165)
2026-05-07 10:52:45,936 | INFO | {"event": "sample_recorded", "timestamp": "2026-05-07T10:52:45", "class_name": "old", "sample_num": 1, "filename": "webcam_1778131365933.npy", "frames_with_hand": 90, "total_frames": 90, "hand_detection_pct": "100%", "total_samples_for_class": 165}
2026-05-07 10:52:45,936 | INFO |   [REC] Next sample in 3s...
2026-05-07 10:52:53,455 | INFO |   [SAVED] #2 -> webcam_1778131373452.npy  (hand: 100%, total: 166)
2026-05-07 10:52:53,455 | INFO | {"event": "sample_recorded", "timestamp": "2026-05-07T10:52:53", "class_name": "old", "sample_num": 2, "filename": "webcam_1778131373452.npy", "frames_with_hand": 90, "total_frames": 90, "hand_detection_pct": "100%", "total_samples_for_class": 166}
2026-05-07 10:52:53,455 | INFO |   [REC] Next sample in 3s...
2026-05-07 10:53:01,085 | INFO |   [SAVED] #3 -> webcam_1778131381084.npy  (hand: 100%, total: 167)
2026-05-07 10:53:01,086 | INFO | {"event": "sample_recorded", "timestamp": "2026-05-07T10:53:01", "class_name": "old", "sample_num": 3, "filename": "webcam_1778131381084.npy", "frames_with_hand": 90, "total_frames": 90, "hand_detection_pct": "100%", "total_samples_for_class": 167}
2026-05-07 10:53:01,086 | INFO |   [REC] Next sample in 3s...
2026-05-07 10:53:08,570 | INFO |   [SAVED] #4 -> webcam_1778131388567.npy  (hand: 100%, total: 168)
2026-05-07 10:53:08,570 | INFO | {"event": "sample_recorded", "timestamp": "2026-05-07T10:53:08", "class_name": "old", "sample_num": 4, "filename": "webcam_1778131388567.npy", "frames_with_hand": 90, "total_frames": 90, "hand_detection_pct": "100%", "total_samples_for_class": 168}
2026-05-07 10:53:08,571 | INFO |   [REC] Next sample in 3s...
2026-05-07 10:53:16,277 | INFO |   [SAVED] #5 -> webcam_1778131396274.npy  (hand: 100%, total: 169)
2026-05-07 10:53:16,277 | INFO | {"event": "sample_recorded", "timestamp": "2026-05-07T10:53:16", "class_name": "old", "sample_num": 5, "filename": "webcam_1778131396274.npy", "frames_with_hand": 90, "total_frames": 90, "hand_detection_pct": "100%", "total_samples_for_class": 169}
2026-05-07 10:53:16,278 | INFO |   [REC] Next sample in 3s...
2026-05-07 10:53:23,931 | INFO |   [SAVED] #6 -> webcam_1778131403928.npy  (hand: 100%, total: 170)
2026-05-07 10:53:23,931 | INFO | {"event": "sample_recorded", "timestamp": "2026-05-07T10:53:23", "class_name": "old", "sample_num": 6, "filename": "webcam_1778131403928.npy", "frames_with_hand": 90, "total_frames": 90, "hand_detection_pct": "100%", "total_samples_for_class": 170}
2026-05-07 10:53:23,931 | INFO |   [REC] Next sample in 3s...
2026-05-07 10:53:31,724 | INFO |   [SAVED] #7 -> webcam_1778131411720.npy  (hand: 100%, total: 171)
2026-05-07 10:53:31,724 | INFO | {"event": "sample_recorded", "timestamp": "2026-05-07T10:53:31", "class_name": "old", "sample_num": 7, "filename": "webcam_1778131411720.npy", "frames_with_hand": 90, "total_frames": 90, "hand_detection_pct": "100%", "total_samples_for_class": 171}
2026-05-07 10:53:31,725 | INFO |   [REC] Next sample in 3s...
2026-05-07 10:53:39,351 | INFO |   [SAVED] #8 -> webcam_1778131419349.npy  (hand: 100%, total: 172)
2026-05-07 10:53:39,351 | INFO | {"event": "sample_recorded", "timestamp": "2026-05-07T10:53:39", "class_name": "old", "sample_num": 8, "filename": "webcam_1778131419349.npy", "frames_with_hand": 90, "total_frames": 90, "hand_detection_pct": "100%", "total_samples_for_class": 172}
2026-05-07 10:53:39,351 | INFO |   [REC] Next sample in 3s...
2026-05-07 10:53:41,522 | INFO | [Collect] Done! Saved 8 new samples for 'old'.
2026-05-07 10:53:41,522 | INFO | [Collect] Total samples for 'old': 172
2026-05-07 10:53:41,523 | INFO | {"event": "record_end", "timestamp": "2026-05-07T10:53:41", "class_name": "old", "new_samples_saved": 8, "total_samples_for_class": 172}
