2026-05-07 18:44:27,504 | INFO | Logger initialized for collect
2026-05-07 18:44:27,505 | INFO | Log file: logs\collect_20260507_184427.log
2026-05-07 18:44:27,505 | INFO | {"event": "record_start", "timestamp": "2026-05-07T18:44:27", "class_name": "big_large", "target_samples": 20}
2026-05-07 18:44:27,510 | INFO | [Collect] Class: 'big_large'
2026-05-07 18:44:27,511 | INFO | [Collect] Existing samples: 184
2026-05-07 18:44:27,511 | INFO | [Collect] Recording: 90 frames (~3s), sub-sampled to 20
2026-05-07 18:44:27,511 | INFO | [Collect] Target: 20 new samples
2026-05-07 18:44:32,732 | INFO | Controls:
2026-05-07 18:44:32,734 | INFO |   Auto mode enabled: recording until target is reached
2026-05-07 18:44:32,734 | INFO |   SPACE  - (optional) restart countdown manually
2026-05-07 18:44:32,734 | INFO |   Q/ESC  - Finish and quit
2026-05-07 18:44:32,735 | INFO |   [REC] Auto countdown 3s...
2026-05-07 18:44:40,900 | INFO |   [SAVED] #1 -> webcam_1778159680896.npy  (hand: 100%, total: 185)
2026-05-07 18:44:40,900 | INFO | {"event": "sample_recorded", "timestamp": "2026-05-07T18:44:40", "class_name": "big_large", "sample_num": 1, "filename": "webcam_1778159680896.npy", "frames_with_hand": 90, "total_frames": 90, "hand_detection_pct": "100%", "total_samples_for_class": 185}
2026-05-07 18:44:40,900 | INFO |   [REC] Next sample in 3s...
2026-05-07 18:44:48,874 | INFO |   [SAVED] #2 -> webcam_1778159688872.npy  (hand: 100%, total: 186)
2026-05-07 18:44:48,875 | INFO | {"event": "sample_recorded", "timestamp": "2026-05-07T18:44:48", "class_name": "big_large", "sample_num": 2, "filename": "webcam_1778159688872.npy", "frames_with_hand": 90, "total_frames": 90, "hand_detection_pct": "100%", "total_samples_for_class": 186}
2026-05-07 18:44:48,875 | INFO |   [REC] Next sample in 3s...
2026-05-07 18:44:56,552 | INFO |   [SAVED] #3 -> webcam_1778159696548.npy  (hand: 100%, total: 187)
2026-05-07 18:44:56,552 | INFO | {"event": "sample_recorded", "timestamp": "2026-05-07T18:44:56", "class_name": "big_large", "sample_num": 3, "filename": "webcam_1778159696548.npy", "frames_with_hand": 90, "total_frames": 90, "hand_detection_pct": "100%", "total_samples_for_class": 187}
2026-05-07 18:44:56,552 | INFO |   [REC] Next sample in 3s...
2026-05-07 18:45:04,502 | INFO |   [SAVED] #4 -> webcam_1778159704498.npy  (hand: 100%, total: 188)
2026-05-07 18:45:04,503 | INFO | {"event": "sample_recorded", "timestamp": "2026-05-07T18:45:04", "class_name": "big_large", "sample_num": 4, "filename": "webcam_1778159704498.npy", "frames_with_hand": 90, "total_frames": 90, "hand_detection_pct": "100%", "total_samples_for_class": 188}
2026-05-07 18:45:04,503 | INFO |   [REC] Next sample in 3s...
2026-05-07 18:45:12,286 | INFO |   [SAVED] #5 -> webcam_1778159712284.npy  (hand: 100%, total: 189)
2026-05-07 18:45:12,286 | INFO | {"event": "sample_recorded", "timestamp": "2026-05-07T18:45:12", "class_name": "big_large", "sample_num": 5, "filename": "webcam_1778159712284.npy", "frames_with_hand": 90, "total_frames": 90, "hand_detection_pct": "100%", "total_samples_for_class": 189}
2026-05-07 18:45:12,287 | INFO |   [REC] Next sample in 3s...
2026-05-07 18:45:19,870 | INFO |   [SAVED] #6 -> webcam_1778159719865.npy  (hand: 100%, total: 190)
2026-05-07 18:45:19,871 | INFO | {"event": "sample_recorded", "timestamp": "2026-05-07T18:45:19", "class_name": "big_large", "sample_num": 6, "filename": "webcam_1778159719865.npy", "frames_with_hand": 90, "total_frames": 90, "hand_detection_pct": "100%", "total_samples_for_class": 190}
2026-05-07 18:45:19,871 | INFO |   [REC] Next sample in 3s...
2026-05-07 18:45:28,224 | INFO |   [SAVED] #7 -> webcam_1778159728220.npy  (hand: 100%, total: 191)
2026-05-07 18:45:28,224 | INFO | {"event": "sample_recorded", "timestamp": "2026-05-07T18:45:28", "class_name": "big_large", "sample_num": 7, "filename": "webcam_1778159728220.npy", "frames_with_hand": 90, "total_frames": 90, "hand_detection_pct": "100%", "total_samples_for_class": 191}
2026-05-07 18:45:28,224 | INFO |   [REC] Next sample in 3s...
2026-05-07 18:45:36,187 | INFO |   [SAVED] #8 -> webcam_1778159736182.npy  (hand: 100%, total: 192)
2026-05-07 18:45:36,187 | INFO | {"event": "sample_recorded", "timestamp": "2026-05-07T18:45:36", "class_name": "big_large", "sample_num": 8, "filename": "webcam_1778159736182.npy", "frames_with_hand": 90, "total_frames": 90, "hand_detection_pct": "100%", "total_samples_for_class": 192}
2026-05-07 18:45:36,188 | INFO |   [REC] Next sample in 3s...
2026-05-07 18:45:43,887 | INFO |   [SAVED] #9 -> webcam_1778159743883.npy  (hand: 100%, total: 193)
2026-05-07 18:45:43,887 | INFO | {"event": "sample_recorded", "timestamp": "2026-05-07T18:45:43", "class_name": "big_large", "sample_num": 9, "filename": "webcam_1778159743883.npy", "frames_with_hand": 90, "total_frames": 90, "hand_detection_pct": "100%", "total_samples_for_class": 193}
2026-05-07 18:45:43,888 | INFO |   [REC] Next sample in 3s...
2026-05-07 18:45:51,494 | INFO |   [SAVED] #10 -> webcam_1778159751492.npy  (hand: 100%, total: 194)
2026-05-07 18:45:51,495 | INFO | {"event": "sample_recorded", "timestamp": "2026-05-07T18:45:51", "class_name": "big_large", "sample_num": 10, "filename": "webcam_1778159751492.npy", "frames_with_hand": 90, "total_frames": 90, "hand_detection_pct": "100%", "total_samples_for_class": 194}
2026-05-07 18:45:51,495 | INFO |   [REC] Next sample in 3s...
2026-05-07 18:45:59,093 | INFO |   [SAVED] #11 -> webcam_1778159759091.npy  (hand: 100%, total: 195)
2026-05-07 18:45:59,093 | INFO | {"event": "sample_recorded", "timestamp": "2026-05-07T18:45:59", "class_name": "big_large", "sample_num": 11, "filename": "webcam_1778159759091.npy", "frames_with_hand": 90, "total_frames": 90, "hand_detection_pct": "100%", "total_samples_for_class": 195}
2026-05-07 18:45:59,094 | INFO |   [REC] Next sample in 3s...
2026-05-07 18:46:07,079 | INFO |   [SAVED] #12 -> webcam_1778159767076.npy  (hand: 100%, total: 196)
2026-05-07 18:46:07,079 | INFO | {"event": "sample_recorded", "timestamp": "2026-05-07T18:46:07", "class_name": "big_large", "sample_num": 12, "filename": "webcam_1778159767076.npy", "frames_with_hand": 90, "total_frames": 90, "hand_detection_pct": "100%", "total_samples_for_class": 196}
2026-05-07 18:46:07,079 | INFO |   [REC] Next sample in 3s...
2026-05-07 18:46:14,883 | INFO |   [SAVED] #13 -> webcam_1778159774879.npy  (hand: 100%, total: 197)
2026-05-07 18:46:14,883 | INFO | {"event": "sample_recorded", "timestamp": "2026-05-07T18:46:14", "class_name": "big_large", "sample_num": 13, "filename": "webcam_1778159774879.npy", "frames_with_hand": 90, "total_frames": 90, "hand_detection_pct": "100%", "total_samples_for_class": 197}
2026-05-07 18:46:14,884 | INFO |   [REC] Next sample in 3s...
2026-05-07 18:46:23,264 | INFO |   [SAVED] #14 -> webcam_1778159783260.npy  (hand: 100%, total: 198)
2026-05-07 18:46:23,265 | INFO | {"event": "sample_recorded", "timestamp": "2026-05-07T18:46:23", "class_name": "big_large", "sample_num": 14, "filename": "webcam_1778159783260.npy", "frames_with_hand": 90, "total_frames": 90, "hand_detection_pct": "100%", "total_samples_for_class": 198}
2026-05-07 18:46:23,265 | INFO |   [REC] Next sample in 3s...
2026-05-07 18:46:31,008 | INFO |   [SAVED] #15 -> webcam_1778159791004.npy  (hand: 100%, total: 199)
2026-05-07 18:46:31,009 | INFO | {"event": "sample_recorded", "timestamp": "2026-05-07T18:46:31", "class_name": "big_large", "sample_num": 15, "filename": "webcam_1778159791004.npy", "frames_with_hand": 90, "total_frames": 90, "hand_detection_pct": "100%", "total_samples_for_class": 199}
2026-05-07 18:46:31,009 | INFO |   [REC] Next sample in 3s...
2026-05-07 18:46:39,028 | INFO |   [SAVED] #16 -> webcam_1778159799026.npy  (hand: 100%, total: 200)
2026-05-07 18:46:39,029 | INFO | {"event": "sample_recorded", "timestamp": "2026-05-07T18:46:39", "class_name": "big_large", "sample_num": 16, "filename": "webcam_1778159799026.npy", "frames_with_hand": 90, "total_frames": 90, "hand_detection_pct": "100%", "total_samples_for_class": 200}
2026-05-07 18:46:39,029 | INFO |   [REC] Next sample in 3s...
2026-05-07 18:46:46,441 | INFO |   [SAVED] #17 -> webcam_1778159806438.npy  (hand: 100%, total: 201)
2026-05-07 18:46:46,442 | INFO | {"event": "sample_recorded", "timestamp": "2026-05-07T18:46:46", "class_name": "big_large", "sample_num": 17, "filename": "webcam_1778159806438.npy", "frames_with_hand": 90, "total_frames": 90, "hand_detection_pct": "100%", "total_samples_for_class": 201}
2026-05-07 18:46:46,442 | INFO |   [REC] Next sample in 3s...
2026-05-07 18:46:54,226 | INFO |   [SAVED] #18 -> webcam_1778159814223.npy  (hand: 100%, total: 202)
2026-05-07 18:46:54,226 | INFO | {"event": "sample_recorded", "timestamp": "2026-05-07T18:46:54", "class_name": "big_large", "sample_num": 18, "filename": "webcam_1778159814223.npy", "frames_with_hand": 90, "total_frames": 90, "hand_detection_pct": "100%", "total_samples_for_class": 202}
2026-05-07 18:46:54,227 | INFO |   [REC] Next sample in 3s...
2026-05-07 18:47:02,261 | INFO |   [SAVED] #19 -> webcam_1778159822259.npy  (hand: 100%, total: 203)
2026-05-07 18:47:02,262 | INFO | {"event": "sample_recorded", "timestamp": "2026-05-07T18:47:02", "class_name": "big_large", "sample_num": 19, "filename": "webcam_1778159822259.npy", "frames_with_hand": 90, "total_frames": 90, "hand_detection_pct": "100%", "total_samples_for_class": 203}
2026-05-07 18:47:02,262 | INFO |   [REC] Next sample in 3s...
2026-05-07 18:47:10,125 | INFO |   [SAVED] #20 -> webcam_1778159830122.npy  (hand: 100%, total: 204)
2026-05-07 18:47:10,125 | INFO | {"event": "sample_recorded", "timestamp": "2026-05-07T18:47:10", "class_name": "big_large", "sample_num": 20, "filename": "webcam_1778159830122.npy", "frames_with_hand": 90, "total_frames": 90, "hand_detection_pct": "100%", "total_samples_for_class": 204}
2026-05-07 18:47:12,101 | INFO | [Collect] Done! Saved 20 new samples for 'big_large'.
2026-05-07 18:47:12,102 | INFO | [Collect] Total samples for 'big_large': 204
2026-05-07 18:47:12,102 | INFO | {"event": "record_end", "timestamp": "2026-05-07T18:47:12", "class_name": "big_large", "new_samples_saved": 20, "total_samples_for_class": 204}
