2026-05-06 19:19:21,384 | INFO | Logger initialized for collect
2026-05-06 19:19:21,385 | INFO | Log file: logs\collect_20260506_191921.log
2026-05-06 19:19:21,385 | INFO | {"event": "record_start", "timestamp": "2026-05-06T19:19:21", "class_name": "long", "target_samples": 10}
2026-05-06 19:19:21,389 | INFO | [Collect] Class: 'long'
2026-05-06 19:19:21,390 | INFO | [Collect] Existing samples: 164
2026-05-06 19:19:21,390 | INFO | [Collect] Recording: 90 frames (~3s), sub-sampled to 20
2026-05-06 19:19:21,390 | INFO | [Collect] Target: 10 new samples
2026-05-06 19:19:25,381 | INFO | Controls:
2026-05-06 19:19:25,382 | INFO |   Auto mode enabled: recording until target is reached
2026-05-06 19:19:25,382 | INFO |   SPACE  - (optional) restart countdown manually
2026-05-06 19:19:25,383 | INFO |   Q/ESC  - Finish and quit
2026-05-06 19:19:25,383 | INFO |   [REC] Auto countdown 3s...
2026-05-06 19:19:32,144 | INFO |   [SAVED] #1 -> webcam_1778075372141.npy  (hand: 100%, total: 165)
2026-05-06 19:19:32,144 | INFO | {"event": "sample_recorded", "timestamp": "2026-05-06T19:19:32", "class_name": "long", "sample_num": 1, "filename": "webcam_1778075372141.npy", "frames_with_hand": 90, "total_frames": 90, "hand_detection_pct": "100%", "total_samples_for_class": 165}
2026-05-06 19:19:32,145 | INFO |   [REC] Next sample in 3s...
2026-05-06 19:19:39,342 | INFO |   [SAVED] #2 -> webcam_1778075379340.npy  (hand: 100%, total: 166)
2026-05-06 19:19:39,343 | INFO | {"event": "sample_recorded", "timestamp": "2026-05-06T19:19:39", "class_name": "long", "sample_num": 2, "filename": "webcam_1778075379340.npy", "frames_with_hand": 90, "total_frames": 90, "hand_detection_pct": "100%", "total_samples_for_class": 166}
2026-05-06 19:19:39,343 | INFO |   [REC] Next sample in 3s...
2026-05-06 19:19:46,873 | INFO |   [SAVED] #3 -> webcam_1778075386869.npy  (hand: 100%, total: 167)
2026-05-06 19:19:46,873 | INFO | {"event": "sample_recorded", "timestamp": "2026-05-06T19:19:46", "class_name": "long", "sample_num": 3, "filename": "webcam_1778075386869.npy", "frames_with_hand": 90, "total_frames": 90, "hand_detection_pct": "100%", "total_samples_for_class": 167}
2026-05-06 19:19:46,873 | INFO |   [REC] Next sample in 3s...
2026-05-06 19:19:54,053 | INFO |   [SAVED] #4 -> webcam_1778075394047.npy  (hand: 100%, total: 168)
2026-05-06 19:19:54,053 | INFO | {"event": "sample_recorded", "timestamp": "2026-05-06T19:19:54", "class_name": "long", "sample_num": 4, "filename": "webcam_1778075394047.npy", "frames_with_hand": 90, "total_frames": 90, "hand_detection_pct": "100%", "total_samples_for_class": 168}
2026-05-06 19:19:54,053 | INFO |   [REC] Next sample in 3s...
2026-05-06 19:20:01,412 | INFO |   [SAVED] #5 -> webcam_1778075401410.npy  (hand: 100%, total: 169)
2026-05-06 19:20:01,412 | INFO | {"event": "sample_recorded", "timestamp": "2026-05-06T19:20:01", "class_name": "long", "sample_num": 5, "filename": "webcam_1778075401410.npy", "frames_with_hand": 90, "total_frames": 90, "hand_detection_pct": "100%", "total_samples_for_class": 169}
2026-05-06 19:20:01,412 | INFO |   [REC] Next sample in 3s...
2026-05-06 19:20:08,566 | INFO |   [SAVED] #6 -> webcam_1778075408563.npy  (hand: 100%, total: 170)
2026-05-06 19:20:08,566 | INFO | {"event": "sample_recorded", "timestamp": "2026-05-06T19:20:08", "class_name": "long", "sample_num": 6, "filename": "webcam_1778075408563.npy", "frames_with_hand": 90, "total_frames": 90, "hand_detection_pct": "100%", "total_samples_for_class": 170}
2026-05-06 19:20:08,566 | INFO |   [REC] Next sample in 3s...
2026-05-06 19:20:15,923 | INFO |   [SAVED] #7 -> webcam_1778075415921.npy  (hand: 100%, total: 171)
2026-05-06 19:20:15,924 | INFO | {"event": "sample_recorded", "timestamp": "2026-05-06T19:20:15", "class_name": "long", "sample_num": 7, "filename": "webcam_1778075415921.npy", "frames_with_hand": 90, "total_frames": 90, "hand_detection_pct": "100%", "total_samples_for_class": 171}
2026-05-06 19:20:15,924 | INFO |   [REC] Next sample in 3s...
2026-05-06 19:20:23,627 | INFO |   [SAVED] #8 -> webcam_1778075423625.npy  (hand: 100%, total: 172)
2026-05-06 19:20:23,627 | INFO | {"event": "sample_recorded", "timestamp": "2026-05-06T19:20:23", "class_name": "long", "sample_num": 8, "filename": "webcam_1778075423625.npy", "frames_with_hand": 90, "total_frames": 90, "hand_detection_pct": "100%", "total_samples_for_class": 172}
2026-05-06 19:20:23,628 | INFO |   [REC] Next sample in 3s...
2026-05-06 19:20:31,042 | INFO |   [SAVED] #9 -> webcam_1778075431040.npy  (hand: 100%, total: 173)
2026-05-06 19:20:31,042 | INFO | {"event": "sample_recorded", "timestamp": "2026-05-06T19:20:31", "class_name": "long", "sample_num": 9, "filename": "webcam_1778075431040.npy", "frames_with_hand": 90, "total_frames": 90, "hand_detection_pct": "100%", "total_samples_for_class": 173}
2026-05-06 19:20:31,042 | INFO |   [REC] Next sample in 3s...
2026-05-06 19:20:38,546 | INFO |   [SAVED] #10 -> webcam_1778075438544.npy  (hand: 100%, total: 174)
2026-05-06 19:20:38,546 | INFO | {"event": "sample_recorded", "timestamp": "2026-05-06T19:20:38", "class_name": "long", "sample_num": 10, "filename": "webcam_1778075438544.npy", "frames_with_hand": 90, "total_frames": 90, "hand_detection_pct": "100%", "total_samples_for_class": 174}
2026-05-06 19:20:40,509 | INFO | [Collect] Done! Saved 10 new samples for 'long'.
2026-05-06 19:20:40,510 | INFO | [Collect] Total samples for 'long': 174
2026-05-06 19:20:40,510 | INFO | {"event": "record_end", "timestamp": "2026-05-06T19:20:40", "class_name": "long", "new_samples_saved": 10, "total_samples_for_class": 174}
