2026-05-07 13:12:46,781 | INFO | Logger initialized for collect
2026-05-07 13:12:46,782 | INFO | Log file: logs\collect_20260507_131246.log
2026-05-07 13:12:46,782 | INFO | {"event": "record_start", "timestamp": "2026-05-07T13:12:46", "class_name": "bad", "target_samples": 10}
2026-05-07 13:12:46,787 | INFO | [Collect] Class: 'bad'
2026-05-07 13:12:46,788 | INFO | [Collect] Existing samples: 174
2026-05-07 13:12:46,788 | INFO | [Collect] Recording: 90 frames (~3s), sub-sampled to 20
2026-05-07 13:12:46,789 | INFO | [Collect] Target: 10 new samples
2026-05-07 13:12:52,289 | INFO | Controls:
2026-05-07 13:12:52,290 | INFO |   Auto mode enabled: recording until target is reached
2026-05-07 13:12:52,290 | INFO |   SPACE  - (optional) restart countdown manually
2026-05-07 13:12:52,290 | INFO |   Q/ESC  - Finish and quit
2026-05-07 13:12:52,291 | INFO |   [REC] Auto countdown 3s...
2026-05-07 13:13:00,036 | INFO |   [SAVED] #1 -> webcam_1778139780032.npy  (hand: 100%, total: 175)
2026-05-07 13:13:00,037 | INFO | {"event": "sample_recorded", "timestamp": "2026-05-07T13:13:00", "class_name": "bad", "sample_num": 1, "filename": "webcam_1778139780032.npy", "frames_with_hand": 90, "total_frames": 90, "hand_detection_pct": "100%", "total_samples_for_class": 175}
2026-05-07 13:13:00,038 | INFO |   [REC] Next sample in 3s...
2026-05-07 13:13:07,423 | INFO |   [SAVED] #2 -> webcam_1778139787421.npy  (hand: 100%, total: 176)
2026-05-07 13:13:07,423 | INFO | {"event": "sample_recorded", "timestamp": "2026-05-07T13:13:07", "class_name": "bad", "sample_num": 2, "filename": "webcam_1778139787421.npy", "frames_with_hand": 90, "total_frames": 90, "hand_detection_pct": "100%", "total_samples_for_class": 176}
2026-05-07 13:13:07,424 | INFO |   [REC] Next sample in 3s...
2026-05-07 13:13:15,062 | INFO |   [SAVED] #3 -> webcam_1778139795060.npy  (hand: 100%, total: 177)
2026-05-07 13:13:15,062 | INFO | {"event": "sample_recorded", "timestamp": "2026-05-07T13:13:15", "class_name": "bad", "sample_num": 3, "filename": "webcam_1778139795060.npy", "frames_with_hand": 90, "total_frames": 90, "hand_detection_pct": "100%", "total_samples_for_class": 177}
2026-05-07 13:13:15,062 | INFO |   [REC] Next sample in 3s...
2026-05-07 13:13:22,799 | INFO |   [SAVED] #4 -> webcam_1778139802797.npy  (hand: 100%, total: 178)
2026-05-07 13:13:22,799 | INFO | {"event": "sample_recorded", "timestamp": "2026-05-07T13:13:22", "class_name": "bad", "sample_num": 4, "filename": "webcam_1778139802797.npy", "frames_with_hand": 90, "total_frames": 90, "hand_detection_pct": "100%", "total_samples_for_class": 178}
2026-05-07 13:13:22,800 | INFO |   [REC] Next sample in 3s...
2026-05-07 13:13:30,528 | INFO |   [SAVED] #5 -> webcam_1778139810526.npy  (hand: 100%, total: 179)
2026-05-07 13:13:30,528 | INFO | {"event": "sample_recorded", "timestamp": "2026-05-07T13:13:30", "class_name": "bad", "sample_num": 5, "filename": "webcam_1778139810526.npy", "frames_with_hand": 90, "total_frames": 90, "hand_detection_pct": "100%", "total_samples_for_class": 179}
2026-05-07 13:13:30,529 | INFO |   [REC] Next sample in 3s...
2026-05-07 13:13:38,152 | INFO |   [SAVED] #6 -> webcam_1778139818150.npy  (hand: 100%, total: 180)
2026-05-07 13:13:38,152 | INFO | {"event": "sample_recorded", "timestamp": "2026-05-07T13:13:38", "class_name": "bad", "sample_num": 6, "filename": "webcam_1778139818150.npy", "frames_with_hand": 90, "total_frames": 90, "hand_detection_pct": "100%", "total_samples_for_class": 180}
2026-05-07 13:13:38,152 | INFO |   [REC] Next sample in 3s...
2026-05-07 13:13:45,880 | INFO |   [SAVED] #7 -> webcam_1778139825878.npy  (hand: 100%, total: 181)
2026-05-07 13:13:45,880 | INFO | {"event": "sample_recorded", "timestamp": "2026-05-07T13:13:45", "class_name": "bad", "sample_num": 7, "filename": "webcam_1778139825878.npy", "frames_with_hand": 90, "total_frames": 90, "hand_detection_pct": "100%", "total_samples_for_class": 181}
2026-05-07 13:13:45,880 | INFO |   [REC] Next sample in 3s...
2026-05-07 13:13:53,509 | INFO |   [SAVED] #8 -> webcam_1778139833506.npy  (hand: 100%, total: 182)
2026-05-07 13:13:53,509 | INFO | {"event": "sample_recorded", "timestamp": "2026-05-07T13:13:53", "class_name": "bad", "sample_num": 8, "filename": "webcam_1778139833506.npy", "frames_with_hand": 90, "total_frames": 90, "hand_detection_pct": "100%", "total_samples_for_class": 182}
2026-05-07 13:13:53,510 | INFO |   [REC] Next sample in 3s...
2026-05-07 13:14:01,227 | INFO |   [SAVED] #9 -> webcam_1778139841224.npy  (hand: 100%, total: 183)
2026-05-07 13:14:01,227 | INFO | {"event": "sample_recorded", "timestamp": "2026-05-07T13:14:01", "class_name": "bad", "sample_num": 9, "filename": "webcam_1778139841224.npy", "frames_with_hand": 90, "total_frames": 90, "hand_detection_pct": "100%", "total_samples_for_class": 183}
2026-05-07 13:14:01,228 | INFO |   [REC] Next sample in 3s...
2026-05-07 13:14:09,035 | INFO |   [SAVED] #10 -> webcam_1778139849033.npy  (hand: 100%, total: 184)
2026-05-07 13:14:09,036 | INFO | {"event": "sample_recorded", "timestamp": "2026-05-07T13:14:09", "class_name": "bad", "sample_num": 10, "filename": "webcam_1778139849033.npy", "frames_with_hand": 90, "total_frames": 90, "hand_detection_pct": "100%", "total_samples_for_class": 184}
2026-05-07 13:14:10,954 | INFO | [Collect] Done! Saved 10 new samples for 'bad'.
2026-05-07 13:14:10,955 | INFO | [Collect] Total samples for 'bad': 184
2026-05-07 13:14:10,956 | INFO | {"event": "record_end", "timestamp": "2026-05-07T13:14:10", "class_name": "bad", "new_samples_saved": 10, "total_samples_for_class": 184}
