2026-05-07 17:46:21,845 | INFO | Logger initialized for collect
2026-05-07 17:46:21,846 | INFO | Log file: logs\collect_20260507_174621.log
2026-05-07 17:46:21,847 | INFO | {"event": "record_start", "timestamp": "2026-05-07T17:46:21", "class_name": "cool", "target_samples": 20}
2026-05-07 17:46:21,852 | INFO | [Collect] Class: 'cool'
2026-05-07 17:46:21,852 | INFO | [Collect] Existing samples: 184
2026-05-07 17:46:21,853 | INFO | [Collect] Recording: 90 frames (~3s), sub-sampled to 20
2026-05-07 17:46:21,853 | INFO | [Collect] Target: 20 new samples
2026-05-07 17:46:27,255 | INFO | Controls:
2026-05-07 17:46:27,255 | INFO |   Auto mode enabled: recording until target is reached
2026-05-07 17:46:27,256 | INFO |   SPACE  - (optional) restart countdown manually
2026-05-07 17:46:27,256 | INFO |   Q/ESC  - Finish and quit
2026-05-07 17:46:27,256 | INFO |   [REC] Auto countdown 3s...
2026-05-07 17:46:34,739 | INFO |   [SAVED] #1 -> webcam_1778156194737.npy  (hand: 100%, total: 185)
2026-05-07 17:46:34,740 | INFO | {"event": "sample_recorded", "timestamp": "2026-05-07T17:46:34", "class_name": "cool", "sample_num": 1, "filename": "webcam_1778156194737.npy", "frames_with_hand": 90, "total_frames": 90, "hand_detection_pct": "100%", "total_samples_for_class": 185}
2026-05-07 17:46:34,740 | INFO |   [REC] Next sample in 3s...
2026-05-07 17:46:42,039 | INFO |   [SAVED] #2 -> webcam_1778156202037.npy  (hand: 100%, total: 186)
2026-05-07 17:46:42,040 | INFO | {"event": "sample_recorded", "timestamp": "2026-05-07T17:46:42", "class_name": "cool", "sample_num": 2, "filename": "webcam_1778156202037.npy", "frames_with_hand": 90, "total_frames": 90, "hand_detection_pct": "100%", "total_samples_for_class": 186}
2026-05-07 17:46:42,040 | INFO |   [REC] Next sample in 3s...
2026-05-07 17:46:49,284 | INFO |   [SAVED] #3 -> webcam_1778156209280.npy  (hand: 100%, total: 187)
2026-05-07 17:46:49,284 | INFO | {"event": "sample_recorded", "timestamp": "2026-05-07T17:46:49", "class_name": "cool", "sample_num": 3, "filename": "webcam_1778156209280.npy", "frames_with_hand": 90, "total_frames": 90, "hand_detection_pct": "100%", "total_samples_for_class": 187}
2026-05-07 17:46:49,285 | INFO |   [REC] Next sample in 3s...
2026-05-07 17:46:56,942 | INFO |   [SAVED] #4 -> webcam_1778156216939.npy  (hand: 100%, total: 188)
2026-05-07 17:46:56,942 | INFO | {"event": "sample_recorded", "timestamp": "2026-05-07T17:46:56", "class_name": "cool", "sample_num": 4, "filename": "webcam_1778156216939.npy", "frames_with_hand": 90, "total_frames": 90, "hand_detection_pct": "100%", "total_samples_for_class": 188}
2026-05-07 17:46:56,942 | INFO |   [REC] Next sample in 3s...
2026-05-07 17:47:03,966 | INFO |   [SAVED] #5 -> webcam_1778156223963.npy  (hand: 100%, total: 189)
2026-05-07 17:47:03,966 | INFO | {"event": "sample_recorded", "timestamp": "2026-05-07T17:47:03", "class_name": "cool", "sample_num": 5, "filename": "webcam_1778156223963.npy", "frames_with_hand": 90, "total_frames": 90, "hand_detection_pct": "100%", "total_samples_for_class": 189}
2026-05-07 17:47:03,966 | INFO |   [REC] Next sample in 3s...
2026-05-07 17:47:11,305 | INFO |   [SAVED] #6 -> webcam_1778156231303.npy  (hand: 100%, total: 190)
2026-05-07 17:47:11,305 | INFO | {"event": "sample_recorded", "timestamp": "2026-05-07T17:47:11", "class_name": "cool", "sample_num": 6, "filename": "webcam_1778156231303.npy", "frames_with_hand": 90, "total_frames": 90, "hand_detection_pct": "100%", "total_samples_for_class": 190}
2026-05-07 17:47:11,306 | INFO |   [REC] Next sample in 3s...
2026-05-07 17:47:18,785 | INFO |   [SAVED] #7 -> webcam_1778156238783.npy  (hand: 100%, total: 191)
2026-05-07 17:47:18,785 | INFO | {"event": "sample_recorded", "timestamp": "2026-05-07T17:47:18", "class_name": "cool", "sample_num": 7, "filename": "webcam_1778156238783.npy", "frames_with_hand": 90, "total_frames": 90, "hand_detection_pct": "100%", "total_samples_for_class": 191}
2026-05-07 17:47:18,786 | INFO |   [REC] Next sample in 3s...
2026-05-07 17:47:26,166 | INFO |   [SAVED] #8 -> webcam_1778156246164.npy  (hand: 100%, total: 192)
2026-05-07 17:47:26,166 | INFO | {"event": "sample_recorded", "timestamp": "2026-05-07T17:47:26", "class_name": "cool", "sample_num": 8, "filename": "webcam_1778156246164.npy", "frames_with_hand": 90, "total_frames": 90, "hand_detection_pct": "100%", "total_samples_for_class": 192}
2026-05-07 17:47:26,166 | INFO |   [REC] Next sample in 3s...
2026-05-07 17:47:33,505 | INFO |   [SAVED] #9 -> webcam_1778156253503.npy  (hand: 100%, total: 193)
2026-05-07 17:47:33,505 | INFO | {"event": "sample_recorded", "timestamp": "2026-05-07T17:47:33", "class_name": "cool", "sample_num": 9, "filename": "webcam_1778156253503.npy", "frames_with_hand": 90, "total_frames": 90, "hand_detection_pct": "100%", "total_samples_for_class": 193}
2026-05-07 17:47:33,506 | INFO |   [REC] Next sample in 3s...
2026-05-07 17:47:41,013 | INFO |   [SAVED] #10 -> webcam_1778156261009.npy  (hand: 100%, total: 194)
2026-05-07 17:47:41,013 | INFO | {"event": "sample_recorded", "timestamp": "2026-05-07T17:47:41", "class_name": "cool", "sample_num": 10, "filename": "webcam_1778156261009.npy", "frames_with_hand": 90, "total_frames": 90, "hand_detection_pct": "100%", "total_samples_for_class": 194}
2026-05-07 17:47:41,013 | INFO |   [REC] Next sample in 3s...
2026-05-07 17:47:48,159 | INFO |   [SAVED] #11 -> webcam_1778156268157.npy  (hand: 100%, total: 195)
2026-05-07 17:47:48,159 | INFO | {"event": "sample_recorded", "timestamp": "2026-05-07T17:47:48", "class_name": "cool", "sample_num": 11, "filename": "webcam_1778156268157.npy", "frames_with_hand": 90, "total_frames": 90, "hand_detection_pct": "100%", "total_samples_for_class": 195}
2026-05-07 17:47:48,160 | INFO |   [REC] Next sample in 3s...
2026-05-07 17:47:55,437 | INFO |   [SAVED] #12 -> webcam_1778156275434.npy  (hand: 100%, total: 196)
2026-05-07 17:47:55,438 | INFO | {"event": "sample_recorded", "timestamp": "2026-05-07T17:47:55", "class_name": "cool", "sample_num": 12, "filename": "webcam_1778156275434.npy", "frames_with_hand": 90, "total_frames": 90, "hand_detection_pct": "100%", "total_samples_for_class": 196}
2026-05-07 17:47:55,438 | INFO |   [REC] Next sample in 3s...
2026-05-07 17:48:02,865 | INFO |   [SAVED] #13 -> webcam_1778156282862.npy  (hand: 100%, total: 197)
2026-05-07 17:48:02,865 | INFO | {"event": "sample_recorded", "timestamp": "2026-05-07T17:48:02", "class_name": "cool", "sample_num": 13, "filename": "webcam_1778156282862.npy", "frames_with_hand": 90, "total_frames": 90, "hand_detection_pct": "100%", "total_samples_for_class": 197}
2026-05-07 17:48:02,865 | INFO |   [REC] Next sample in 3s...
2026-05-07 17:48:10,490 | INFO |   [SAVED] #14 -> webcam_1778156290488.npy  (hand: 100%, total: 198)
2026-05-07 17:48:10,491 | INFO | {"event": "sample_recorded", "timestamp": "2026-05-07T17:48:10", "class_name": "cool", "sample_num": 14, "filename": "webcam_1778156290488.npy", "frames_with_hand": 90, "total_frames": 90, "hand_detection_pct": "100%", "total_samples_for_class": 198}
2026-05-07 17:48:10,491 | INFO |   [REC] Next sample in 3s...
2026-05-07 17:48:17,876 | INFO |   [SAVED] #15 -> webcam_1778156297873.npy  (hand: 100%, total: 199)
2026-05-07 17:48:17,876 | INFO | {"event": "sample_recorded", "timestamp": "2026-05-07T17:48:17", "class_name": "cool", "sample_num": 15, "filename": "webcam_1778156297873.npy", "frames_with_hand": 90, "total_frames": 90, "hand_detection_pct": "100%", "total_samples_for_class": 199}
2026-05-07 17:48:17,877 | INFO |   [REC] Next sample in 3s...
2026-05-07 17:48:24,909 | INFO |   [SAVED] #16 -> webcam_1778156304907.npy  (hand: 100%, total: 200)
2026-05-07 17:48:24,909 | INFO | {"event": "sample_recorded", "timestamp": "2026-05-07T17:48:24", "class_name": "cool", "sample_num": 16, "filename": "webcam_1778156304907.npy", "frames_with_hand": 90, "total_frames": 90, "hand_detection_pct": "100%", "total_samples_for_class": 200}
2026-05-07 17:48:24,909 | INFO |   [REC] Next sample in 3s...
2026-05-07 17:48:32,404 | INFO |   [SAVED] #17 -> webcam_1778156312401.npy  (hand: 100%, total: 201)
2026-05-07 17:48:32,405 | INFO | {"event": "sample_recorded", "timestamp": "2026-05-07T17:48:32", "class_name": "cool", "sample_num": 17, "filename": "webcam_1778156312401.npy", "frames_with_hand": 90, "total_frames": 90, "hand_detection_pct": "100%", "total_samples_for_class": 201}
2026-05-07 17:48:32,405 | INFO |   [REC] Next sample in 3s...
2026-05-07 17:48:39,834 | INFO |   [SAVED] #18 -> webcam_1778156319832.npy  (hand: 100%, total: 202)
2026-05-07 17:48:39,835 | INFO | {"event": "sample_recorded", "timestamp": "2026-05-07T17:48:39", "class_name": "cool", "sample_num": 18, "filename": "webcam_1778156319832.npy", "frames_with_hand": 90, "total_frames": 90, "hand_detection_pct": "100%", "total_samples_for_class": 202}
2026-05-07 17:48:39,835 | INFO |   [REC] Next sample in 3s...
2026-05-07 17:48:47,146 | INFO |   [SAVED] #19 -> webcam_1778156327143.npy  (hand: 100%, total: 203)
2026-05-07 17:48:47,146 | INFO | {"event": "sample_recorded", "timestamp": "2026-05-07T17:48:47", "class_name": "cool", "sample_num": 19, "filename": "webcam_1778156327143.npy", "frames_with_hand": 90, "total_frames": 90, "hand_detection_pct": "100%", "total_samples_for_class": 203}
2026-05-07 17:48:47,147 | INFO |   [REC] Next sample in 3s...
2026-05-07 17:48:54,485 | INFO |   [SAVED] #20 -> webcam_1778156334483.npy  (hand: 100%, total: 204)
2026-05-07 17:48:54,485 | INFO | {"event": "sample_recorded", "timestamp": "2026-05-07T17:48:54", "class_name": "cool", "sample_num": 20, "filename": "webcam_1778156334483.npy", "frames_with_hand": 90, "total_frames": 90, "hand_detection_pct": "100%", "total_samples_for_class": 204}
2026-05-07 17:48:56,454 | INFO | [Collect] Done! Saved 20 new samples for 'cool'.
2026-05-07 17:48:56,455 | INFO | [Collect] Total samples for 'cool': 204
2026-05-07 17:48:56,455 | INFO | {"event": "record_end", "timestamp": "2026-05-07T17:48:56", "class_name": "cool", "new_samples_saved": 20, "total_samples_for_class": 204}
