2026-05-08 18:10:54,122 | INFO | Logger initialized for collect
2026-05-08 18:10:54,123 | INFO | Log file: logs\collect_20260508_181054.log
2026-05-08 18:10:54,124 | INFO | {"event": "record_start", "timestamp": "2026-05-08T18:10:54", "class_name": "small_little", "target_samples": 20}
2026-05-08 18:10:54,130 | INFO | [Collect] Class: 'small_little'
2026-05-08 18:10:54,130 | INFO | [Collect] Existing samples: 184
2026-05-08 18:10:54,130 | INFO | [Collect] Recording: 90 frames (~3s), sub-sampled to 20
2026-05-08 18:10:54,130 | INFO | [Collect] Target: 20 new samples
2026-05-08 18:11:03,012 | INFO | Controls:
2026-05-08 18:11:03,028 | INFO |   Auto mode enabled: recording until target is reached
2026-05-08 18:11:03,029 | INFO |   SPACE  - (optional) restart countdown manually
2026-05-08 18:11:03,029 | INFO |   Q/ESC  - Finish and quit
2026-05-08 18:11:03,029 | INFO |   [REC] Auto countdown 3s...
2026-05-08 18:11:11,149 | INFO |   [SAVED] #1 -> webcam_1778244071140.npy  (hand: 100%, total: 185)
2026-05-08 18:11:11,151 | INFO | {"event": "sample_recorded", "timestamp": "2026-05-08T18:11:11", "class_name": "small_little", "sample_num": 1, "filename": "webcam_1778244071140.npy", "frames_with_hand": 90, "total_frames": 90, "hand_detection_pct": "100%", "total_samples_for_class": 185}
2026-05-08 18:11:11,152 | INFO |   [REC] Next sample in 3s...
2026-05-08 18:11:19,386 | INFO |   [SAVED] #2 -> webcam_1778244079382.npy  (hand: 100%, total: 186)
2026-05-08 18:11:19,386 | INFO | {"event": "sample_recorded", "timestamp": "2026-05-08T18:11:19", "class_name": "small_little", "sample_num": 2, "filename": "webcam_1778244079382.npy", "frames_with_hand": 90, "total_frames": 90, "hand_detection_pct": "100%", "total_samples_for_class": 186}
2026-05-08 18:11:19,387 | INFO |   [REC] Next sample in 3s...
2026-05-08 18:11:27,937 | INFO |   [SAVED] #3 -> webcam_1778244087935.npy  (hand: 100%, total: 187)
2026-05-08 18:11:27,938 | INFO | {"event": "sample_recorded", "timestamp": "2026-05-08T18:11:27", "class_name": "small_little", "sample_num": 3, "filename": "webcam_1778244087935.npy", "frames_with_hand": 90, "total_frames": 90, "hand_detection_pct": "100%", "total_samples_for_class": 187}
2026-05-08 18:11:27,938 | INFO |   [REC] Next sample in 3s...
2026-05-08 18:11:36,369 | INFO |   [SAVED] #4 -> webcam_1778244096367.npy  (hand: 100%, total: 188)
2026-05-08 18:11:36,369 | INFO | {"event": "sample_recorded", "timestamp": "2026-05-08T18:11:36", "class_name": "small_little", "sample_num": 4, "filename": "webcam_1778244096367.npy", "frames_with_hand": 90, "total_frames": 90, "hand_detection_pct": "100%", "total_samples_for_class": 188}
2026-05-08 18:11:36,370 | INFO |   [REC] Next sample in 3s...
2026-05-08 18:11:44,609 | INFO |   [SAVED] #5 -> webcam_1778244104607.npy  (hand: 100%, total: 189)
2026-05-08 18:11:44,609 | INFO | {"event": "sample_recorded", "timestamp": "2026-05-08T18:11:44", "class_name": "small_little", "sample_num": 5, "filename": "webcam_1778244104607.npy", "frames_with_hand": 90, "total_frames": 90, "hand_detection_pct": "100%", "total_samples_for_class": 189}
2026-05-08 18:11:44,609 | INFO |   [REC] Next sample in 3s...
2026-05-08 18:11:53,203 | INFO |   [SAVED] #6 -> webcam_1778244113200.npy  (hand: 100%, total: 190)
2026-05-08 18:11:53,204 | INFO | {"event": "sample_recorded", "timestamp": "2026-05-08T18:11:53", "class_name": "small_little", "sample_num": 6, "filename": "webcam_1778244113200.npy", "frames_with_hand": 90, "total_frames": 90, "hand_detection_pct": "100%", "total_samples_for_class": 190}
2026-05-08 18:11:53,204 | INFO |   [REC] Next sample in 3s...
2026-05-08 18:12:01,448 | INFO |   [SAVED] #7 -> webcam_1778244121446.npy  (hand: 100%, total: 191)
2026-05-08 18:12:01,448 | INFO | {"event": "sample_recorded", "timestamp": "2026-05-08T18:12:01", "class_name": "small_little", "sample_num": 7, "filename": "webcam_1778244121446.npy", "frames_with_hand": 90, "total_frames": 90, "hand_detection_pct": "100%", "total_samples_for_class": 191}
2026-05-08 18:12:01,450 | INFO |   [REC] Next sample in 3s...
2026-05-08 18:12:09,622 | INFO |   [SAVED] #8 -> webcam_1778244129616.npy  (hand: 100%, total: 192)
2026-05-08 18:12:09,622 | INFO | {"event": "sample_recorded", "timestamp": "2026-05-08T18:12:09", "class_name": "small_little", "sample_num": 8, "filename": "webcam_1778244129616.npy", "frames_with_hand": 90, "total_frames": 90, "hand_detection_pct": "100%", "total_samples_for_class": 192}
2026-05-08 18:12:09,623 | INFO |   [REC] Next sample in 3s...
2026-05-08 18:12:17,392 | INFO |   [SAVED] #9 -> webcam_1778244137390.npy  (hand: 100%, total: 193)
2026-05-08 18:12:17,392 | INFO | {"event": "sample_recorded", "timestamp": "2026-05-08T18:12:17", "class_name": "small_little", "sample_num": 9, "filename": "webcam_1778244137390.npy", "frames_with_hand": 90, "total_frames": 90, "hand_detection_pct": "100%", "total_samples_for_class": 193}
2026-05-08 18:12:17,393 | INFO |   [REC] Next sample in 3s...
2026-05-08 18:12:25,298 | INFO |   [SAVED] #10 -> webcam_1778244145295.npy  (hand: 100%, total: 194)
2026-05-08 18:12:25,298 | INFO | {"event": "sample_recorded", "timestamp": "2026-05-08T18:12:25", "class_name": "small_little", "sample_num": 10, "filename": "webcam_1778244145295.npy", "frames_with_hand": 90, "total_frames": 90, "hand_detection_pct": "100%", "total_samples_for_class": 194}
2026-05-08 18:12:25,299 | INFO |   [REC] Next sample in 3s...
2026-05-08 18:12:33,351 | INFO |   [SAVED] #11 -> webcam_1778244153347.npy  (hand: 100%, total: 195)
2026-05-08 18:12:33,351 | INFO | {"event": "sample_recorded", "timestamp": "2026-05-08T18:12:33", "class_name": "small_little", "sample_num": 11, "filename": "webcam_1778244153347.npy", "frames_with_hand": 90, "total_frames": 90, "hand_detection_pct": "100%", "total_samples_for_class": 195}
2026-05-08 18:12:33,351 | INFO |   [REC] Next sample in 3s...
2026-05-08 18:12:41,314 | INFO |   [SAVED] #12 -> webcam_1778244161310.npy  (hand: 100%, total: 196)
2026-05-08 18:12:41,314 | INFO | {"event": "sample_recorded", "timestamp": "2026-05-08T18:12:41", "class_name": "small_little", "sample_num": 12, "filename": "webcam_1778244161310.npy", "frames_with_hand": 90, "total_frames": 90, "hand_detection_pct": "100%", "total_samples_for_class": 196}
2026-05-08 18:12:41,315 | INFO |   [REC] Next sample in 3s...
2026-05-08 18:12:49,181 | INFO |   [SAVED] #13 -> webcam_1778244169177.npy  (hand: 100%, total: 197)
2026-05-08 18:12:49,182 | INFO | {"event": "sample_recorded", "timestamp": "2026-05-08T18:12:49", "class_name": "small_little", "sample_num": 13, "filename": "webcam_1778244169177.npy", "frames_with_hand": 90, "total_frames": 90, "hand_detection_pct": "100%", "total_samples_for_class": 197}
2026-05-08 18:12:49,182 | INFO |   [REC] Next sample in 3s...
2026-05-08 18:12:56,912 | INFO |   [SAVED] #14 -> webcam_1778244176909.npy  (hand: 100%, total: 198)
2026-05-08 18:12:56,913 | INFO | {"event": "sample_recorded", "timestamp": "2026-05-08T18:12:56", "class_name": "small_little", "sample_num": 14, "filename": "webcam_1778244176909.npy", "frames_with_hand": 90, "total_frames": 90, "hand_detection_pct": "100%", "total_samples_for_class": 198}
2026-05-08 18:12:56,913 | INFO |   [REC] Next sample in 3s...
2026-05-08 18:13:05,187 | INFO |   [SAVED] #15 -> webcam_1778244185184.npy  (hand: 100%, total: 199)
2026-05-08 18:13:05,188 | INFO | {"event": "sample_recorded", "timestamp": "2026-05-08T18:13:05", "class_name": "small_little", "sample_num": 15, "filename": "webcam_1778244185184.npy", "frames_with_hand": 90, "total_frames": 90, "hand_detection_pct": "100%", "total_samples_for_class": 199}
2026-05-08 18:13:05,188 | INFO |   [REC] Next sample in 3s...
2026-05-08 18:13:12,278 | INFO |   [SAVED] #16 -> webcam_1778244192275.npy  (hand: 100%, total: 200)
2026-05-08 18:13:12,278 | INFO | {"event": "sample_recorded", "timestamp": "2026-05-08T18:13:12", "class_name": "small_little", "sample_num": 16, "filename": "webcam_1778244192275.npy", "frames_with_hand": 90, "total_frames": 90, "hand_detection_pct": "100%", "total_samples_for_class": 200}
2026-05-08 18:13:12,279 | INFO |   [REC] Next sample in 3s...
2026-05-08 18:13:20,409 | INFO |   [SAVED] #17 -> webcam_1778244200405.npy  (hand: 100%, total: 201)
2026-05-08 18:13:20,410 | INFO | {"event": "sample_recorded", "timestamp": "2026-05-08T18:13:20", "class_name": "small_little", "sample_num": 17, "filename": "webcam_1778244200405.npy", "frames_with_hand": 90, "total_frames": 90, "hand_detection_pct": "100%", "total_samples_for_class": 201}
2026-05-08 18:13:20,410 | INFO |   [REC] Next sample in 3s...
2026-05-08 18:13:27,928 | INFO |   [SAVED] #18 -> webcam_1778244207924.npy  (hand: 100%, total: 202)
2026-05-08 18:13:27,928 | INFO | {"event": "sample_recorded", "timestamp": "2026-05-08T18:13:27", "class_name": "small_little", "sample_num": 18, "filename": "webcam_1778244207924.npy", "frames_with_hand": 90, "total_frames": 90, "hand_detection_pct": "100%", "total_samples_for_class": 202}
2026-05-08 18:13:27,929 | INFO |   [REC] Next sample in 3s...
2026-05-08 18:13:35,906 | INFO |   [SAVED] #19 -> webcam_1778244215904.npy  (hand: 100%, total: 203)
2026-05-08 18:13:35,907 | INFO | {"event": "sample_recorded", "timestamp": "2026-05-08T18:13:35", "class_name": "small_little", "sample_num": 19, "filename": "webcam_1778244215904.npy", "frames_with_hand": 90, "total_frames": 90, "hand_detection_pct": "100%", "total_samples_for_class": 203}
2026-05-08 18:13:35,907 | INFO |   [REC] Next sample in 3s...
2026-05-08 18:13:44,048 | INFO |   [SAVED] #20 -> webcam_1778244224044.npy  (hand: 100%, total: 204)
2026-05-08 18:13:44,048 | INFO | {"event": "sample_recorded", "timestamp": "2026-05-08T18:13:44", "class_name": "small_little", "sample_num": 20, "filename": "webcam_1778244224044.npy", "frames_with_hand": 90, "total_frames": 90, "hand_detection_pct": "100%", "total_samples_for_class": 204}
2026-05-08 18:13:46,117 | INFO | [Collect] Done! Saved 20 new samples for 'small_little'.
2026-05-08 18:13:46,117 | INFO | [Collect] Total samples for 'small_little': 204
2026-05-08 18:13:46,118 | INFO | {"event": "record_end", "timestamp": "2026-05-08T18:13:46", "class_name": "small_little", "new_samples_saved": 20, "total_samples_for_class": 204}
