2026-05-06 22:42:27,869 | INFO | Logger initialized for collect
2026-05-06 22:42:27,870 | INFO | Log file: logs\collect_20260506_224227.log
2026-05-06 22:42:27,871 | INFO | {"event": "record_start", "timestamp": "2026-05-06T22:42:27", "class_name": "wide", "target_samples": 10}
2026-05-06 22:42:27,876 | INFO | [Collect] Class: 'wide'
2026-05-06 22:42:27,876 | INFO | [Collect] Existing samples: 164
2026-05-06 22:42:27,877 | INFO | [Collect] Recording: 90 frames (~3s), sub-sampled to 20
2026-05-06 22:42:27,877 | INFO | [Collect] Target: 10 new samples
2026-05-06 22:42:32,713 | INFO | Controls:
2026-05-06 22:42:32,715 | INFO |   Auto mode enabled: recording until target is reached
2026-05-06 22:42:32,715 | INFO |   SPACE  - (optional) restart countdown manually
2026-05-06 22:42:32,715 | INFO |   Q/ESC  - Finish and quit
2026-05-06 22:42:32,716 | INFO |   [REC] Auto countdown 3s...
2026-05-06 22:42:39,570 | INFO |   [SAVED] #1 -> webcam_1778087559566.npy  (hand: 100%, total: 165)
2026-05-06 22:42:39,570 | INFO | {"event": "sample_recorded", "timestamp": "2026-05-06T22:42:39", "class_name": "wide", "sample_num": 1, "filename": "webcam_1778087559566.npy", "frames_with_hand": 90, "total_frames": 90, "hand_detection_pct": "100%", "total_samples_for_class": 165}
2026-05-06 22:42:39,571 | INFO |   [REC] Next sample in 3s...
2026-05-06 22:42:47,774 | INFO |   [SAVED] #2 -> webcam_1778087567771.npy  (hand: 100%, total: 166)
2026-05-06 22:42:47,775 | INFO | {"event": "sample_recorded", "timestamp": "2026-05-06T22:42:47", "class_name": "wide", "sample_num": 2, "filename": "webcam_1778087567771.npy", "frames_with_hand": 90, "total_frames": 90, "hand_detection_pct": "100%", "total_samples_for_class": 166}
2026-05-06 22:42:47,775 | INFO |   [REC] Next sample in 3s...
2026-05-06 22:42:55,624 | INFO |   [SAVED] #3 -> webcam_1778087575622.npy  (hand: 100%, total: 167)
2026-05-06 22:42:55,624 | INFO | {"event": "sample_recorded", "timestamp": "2026-05-06T22:42:55", "class_name": "wide", "sample_num": 3, "filename": "webcam_1778087575622.npy", "frames_with_hand": 90, "total_frames": 90, "hand_detection_pct": "100%", "total_samples_for_class": 167}
2026-05-06 22:42:55,624 | INFO |   [REC] Next sample in 3s...
2026-05-06 22:43:03,540 | INFO |   [SAVED] #4 -> webcam_1778087583536.npy  (hand: 100%, total: 168)
2026-05-06 22:43:03,541 | INFO | {"event": "sample_recorded", "timestamp": "2026-05-06T22:43:03", "class_name": "wide", "sample_num": 4, "filename": "webcam_1778087583536.npy", "frames_with_hand": 90, "total_frames": 90, "hand_detection_pct": "100%", "total_samples_for_class": 168}
2026-05-06 22:43:03,541 | INFO |   [REC] Next sample in 3s...
2026-05-06 22:43:11,675 | INFO |   [SAVED] #5 -> webcam_1778087591671.npy  (hand: 100%, total: 169)
2026-05-06 22:43:11,676 | INFO | {"event": "sample_recorded", "timestamp": "2026-05-06T22:43:11", "class_name": "wide", "sample_num": 5, "filename": "webcam_1778087591671.npy", "frames_with_hand": 90, "total_frames": 90, "hand_detection_pct": "100%", "total_samples_for_class": 169}
2026-05-06 22:43:11,676 | INFO |   [REC] Next sample in 3s...
2026-05-06 22:43:19,561 | INFO |   [SAVED] #6 -> webcam_1778087599558.npy  (hand: 100%, total: 170)
2026-05-06 22:43:19,562 | INFO | {"event": "sample_recorded", "timestamp": "2026-05-06T22:43:19", "class_name": "wide", "sample_num": 6, "filename": "webcam_1778087599558.npy", "frames_with_hand": 90, "total_frames": 90, "hand_detection_pct": "100%", "total_samples_for_class": 170}
2026-05-06 22:43:19,562 | INFO |   [REC] Next sample in 3s...
2026-05-06 22:43:27,570 | INFO |   [SAVED] #7 -> webcam_1778087607567.npy  (hand: 100%, total: 171)
2026-05-06 22:43:27,570 | INFO | {"event": "sample_recorded", "timestamp": "2026-05-06T22:43:27", "class_name": "wide", "sample_num": 7, "filename": "webcam_1778087607567.npy", "frames_with_hand": 90, "total_frames": 90, "hand_detection_pct": "100%", "total_samples_for_class": 171}
2026-05-06 22:43:27,570 | INFO |   [REC] Next sample in 3s...
2026-05-06 22:43:35,244 | INFO |   [SAVED] #8 -> webcam_1778087615242.npy  (hand: 100%, total: 172)
2026-05-06 22:43:35,245 | INFO | {"event": "sample_recorded", "timestamp": "2026-05-06T22:43:35", "class_name": "wide", "sample_num": 8, "filename": "webcam_1778087615242.npy", "frames_with_hand": 90, "total_frames": 90, "hand_detection_pct": "100%", "total_samples_for_class": 172}
2026-05-06 22:43:35,245 | INFO |   [REC] Next sample in 3s...
2026-05-06 22:43:43,428 | INFO |   [SAVED] #9 -> webcam_1778087623425.npy  (hand: 100%, total: 173)
2026-05-06 22:43:43,428 | INFO | {"event": "sample_recorded", "timestamp": "2026-05-06T22:43:43", "class_name": "wide", "sample_num": 9, "filename": "webcam_1778087623425.npy", "frames_with_hand": 90, "total_frames": 90, "hand_detection_pct": "100%", "total_samples_for_class": 173}
2026-05-06 22:43:43,428 | INFO |   [REC] Next sample in 3s...
2026-05-06 22:43:51,461 | INFO |   [SAVED] #10 -> webcam_1778087631457.npy  (hand: 100%, total: 174)
2026-05-06 22:43:51,461 | INFO | {"event": "sample_recorded", "timestamp": "2026-05-06T22:43:51", "class_name": "wide", "sample_num": 10, "filename": "webcam_1778087631457.npy", "frames_with_hand": 90, "total_frames": 90, "hand_detection_pct": "100%", "total_samples_for_class": 174}
2026-05-06 22:43:53,334 | INFO | [Collect] Done! Saved 10 new samples for 'wide'.
2026-05-06 22:43:53,334 | INFO | [Collect] Total samples for 'wide': 174
2026-05-06 22:43:53,335 | INFO | {"event": "record_end", "timestamp": "2026-05-06T22:43:53", "class_name": "wide", "new_samples_saved": 10, "total_samples_for_class": 174}
