2026-05-12 22:53:08,701 | INFO | Logger initialized for collect
2026-05-12 22:53:08,702 | INFO | Log file: logs\collect_20260512_225308.log
2026-05-12 22:53:08,703 | INFO | {"event": "record_start", "timestamp": "2026-05-12T22:53:08", "class_name": "clean", "target_samples": 20}
2026-05-12 22:53:08,705 | INFO | [Collect] Class: 'clean'
2026-05-12 22:53:08,705 | INFO | [Collect] Existing samples: 92
2026-05-12 22:53:08,706 | INFO | [Collect] Recording: 90 frames (~3s), sub-sampled to 20
2026-05-12 22:53:08,706 | INFO | [Collect] Target: 20 new samples
2026-05-12 22:53:13,119 | INFO | Controls:
2026-05-12 22:53:13,121 | INFO |   Auto mode enabled: recording until target is reached
2026-05-12 22:53:13,121 | INFO |   SPACE  - (optional) restart countdown manually
2026-05-12 22:53:13,121 | INFO |   Q/ESC  - Finish and quit
2026-05-12 22:53:13,122 | INFO |   [REC] Auto countdown 3s...
2026-05-12 22:53:22,160 | INFO |   [SAVED] #1 -> webcam_1778606602156.npy  (hand: 100%, total: 93)
2026-05-12 22:53:22,160 | INFO | {"event": "sample_recorded", "timestamp": "2026-05-12T22:53:22", "class_name": "clean", "sample_num": 1, "filename": "webcam_1778606602156.npy", "frames_with_hand": 90, "total_frames": 90, "hand_detection_pct": "100%", "total_samples_for_class": 93}
2026-05-12 22:53:22,161 | INFO |   [REC] Next sample in 3s...
2026-05-12 22:53:31,172 | INFO |   [SAVED] #2 -> webcam_1778606611169.npy  (hand: 100%, total: 94)
2026-05-12 22:53:31,172 | INFO | {"event": "sample_recorded", "timestamp": "2026-05-12T22:53:31", "class_name": "clean", "sample_num": 2, "filename": "webcam_1778606611169.npy", "frames_with_hand": 90, "total_frames": 90, "hand_detection_pct": "100%", "total_samples_for_class": 94}
2026-05-12 22:53:31,172 | INFO |   [REC] Next sample in 3s...
2026-05-12 22:53:40,103 | INFO |   [SAVED] #3 -> webcam_1778606620100.npy  (hand: 100%, total: 95)
2026-05-12 22:53:40,104 | INFO | {"event": "sample_recorded", "timestamp": "2026-05-12T22:53:40", "class_name": "clean", "sample_num": 3, "filename": "webcam_1778606620100.npy", "frames_with_hand": 90, "total_frames": 90, "hand_detection_pct": "100%", "total_samples_for_class": 95}
2026-05-12 22:53:40,104 | INFO |   [REC] Next sample in 3s...
2026-05-12 22:53:49,153 | INFO |   [SAVED] #4 -> webcam_1778606629149.npy  (hand: 100%, total: 96)
2026-05-12 22:53:49,153 | INFO | {"event": "sample_recorded", "timestamp": "2026-05-12T22:53:49", "class_name": "clean", "sample_num": 4, "filename": "webcam_1778606629149.npy", "frames_with_hand": 90, "total_frames": 90, "hand_detection_pct": "100%", "total_samples_for_class": 96}
2026-05-12 22:53:49,153 | INFO |   [REC] Next sample in 3s...
2026-05-12 22:53:57,877 | INFO |   [SAVED] #5 -> webcam_1778606637875.npy  (hand: 100%, total: 97)
2026-05-12 22:53:57,877 | INFO | {"event": "sample_recorded", "timestamp": "2026-05-12T22:53:57", "class_name": "clean", "sample_num": 5, "filename": "webcam_1778606637875.npy", "frames_with_hand": 90, "total_frames": 90, "hand_detection_pct": "100%", "total_samples_for_class": 97}
2026-05-12 22:53:57,879 | INFO |   [REC] Next sample in 3s...
2026-05-12 22:54:06,637 | INFO |   [SAVED] #6 -> webcam_1778606646633.npy  (hand: 100%, total: 98)
2026-05-12 22:54:06,637 | INFO | {"event": "sample_recorded", "timestamp": "2026-05-12T22:54:06", "class_name": "clean", "sample_num": 6, "filename": "webcam_1778606646633.npy", "frames_with_hand": 90, "total_frames": 90, "hand_detection_pct": "100%", "total_samples_for_class": 98}
2026-05-12 22:54:06,638 | INFO |   [REC] Next sample in 3s...
2026-05-12 22:54:15,283 | INFO |   [SAVED] #7 -> webcam_1778606655278.npy  (hand: 100%, total: 99)
2026-05-12 22:54:15,284 | INFO | {"event": "sample_recorded", "timestamp": "2026-05-12T22:54:15", "class_name": "clean", "sample_num": 7, "filename": "webcam_1778606655278.npy", "frames_with_hand": 90, "total_frames": 90, "hand_detection_pct": "100%", "total_samples_for_class": 99}
2026-05-12 22:54:15,284 | INFO |   [REC] Next sample in 3s...
2026-05-12 22:54:24,193 | INFO |   [SAVED] #8 -> webcam_1778606664189.npy  (hand: 100%, total: 100)
2026-05-12 22:54:24,193 | INFO | {"event": "sample_recorded", "timestamp": "2026-05-12T22:54:24", "class_name": "clean", "sample_num": 8, "filename": "webcam_1778606664189.npy", "frames_with_hand": 90, "total_frames": 90, "hand_detection_pct": "100%", "total_samples_for_class": 100}
2026-05-12 22:54:24,194 | INFO |   [REC] Next sample in 3s...
2026-05-12 22:54:32,668 | INFO |   [SAVED] #9 -> webcam_1778606672664.npy  (hand: 100%, total: 101)
2026-05-12 22:54:32,669 | INFO | {"event": "sample_recorded", "timestamp": "2026-05-12T22:54:32", "class_name": "clean", "sample_num": 9, "filename": "webcam_1778606672664.npy", "frames_with_hand": 90, "total_frames": 90, "hand_detection_pct": "100%", "total_samples_for_class": 101}
2026-05-12 22:54:32,669 | INFO |   [REC] Next sample in 3s...
2026-05-12 22:54:41,421 | INFO |   [SAVED] #10 -> webcam_1778606681418.npy  (hand: 100%, total: 102)
2026-05-12 22:54:41,422 | INFO | {"event": "sample_recorded", "timestamp": "2026-05-12T22:54:41", "class_name": "clean", "sample_num": 10, "filename": "webcam_1778606681418.npy", "frames_with_hand": 90, "total_frames": 90, "hand_detection_pct": "100%", "total_samples_for_class": 102}
2026-05-12 22:54:41,422 | INFO |   [REC] Next sample in 3s...
2026-05-12 22:54:50,178 | INFO |   [SAVED] #11 -> webcam_1778606690173.npy  (hand: 100%, total: 103)
2026-05-12 22:54:50,178 | INFO | {"event": "sample_recorded", "timestamp": "2026-05-12T22:54:50", "class_name": "clean", "sample_num": 11, "filename": "webcam_1778606690173.npy", "frames_with_hand": 90, "total_frames": 90, "hand_detection_pct": "100%", "total_samples_for_class": 103}
2026-05-12 22:54:50,178 | INFO |   [REC] Next sample in 3s...
2026-05-12 22:54:58,925 | INFO |   [SAVED] #12 -> webcam_1778606698923.npy  (hand: 100%, total: 104)
2026-05-12 22:54:58,925 | INFO | {"event": "sample_recorded", "timestamp": "2026-05-12T22:54:58", "class_name": "clean", "sample_num": 12, "filename": "webcam_1778606698923.npy", "frames_with_hand": 90, "total_frames": 90, "hand_detection_pct": "100%", "total_samples_for_class": 104}
2026-05-12 22:54:58,926 | INFO |   [REC] Next sample in 3s...
2026-05-12 22:55:07,683 | INFO |   [SAVED] #13 -> webcam_1778606707678.npy  (hand: 100%, total: 105)
2026-05-12 22:55:07,684 | INFO | {"event": "sample_recorded", "timestamp": "2026-05-12T22:55:07", "class_name": "clean", "sample_num": 13, "filename": "webcam_1778606707678.npy", "frames_with_hand": 90, "total_frames": 90, "hand_detection_pct": "100%", "total_samples_for_class": 105}
2026-05-12 22:55:07,684 | INFO |   [REC] Next sample in 3s...
2026-05-12 22:55:16,380 | INFO |   [SAVED] #14 -> webcam_1778606716378.npy  (hand: 100%, total: 106)
2026-05-12 22:55:16,381 | INFO | {"event": "sample_recorded", "timestamp": "2026-05-12T22:55:16", "class_name": "clean", "sample_num": 14, "filename": "webcam_1778606716378.npy", "frames_with_hand": 90, "total_frames": 90, "hand_detection_pct": "100%", "total_samples_for_class": 106}
2026-05-12 22:55:16,381 | INFO |   [REC] Next sample in 3s...
2026-05-12 22:55:25,011 | INFO |   [SAVED] #15 -> webcam_1778606725007.npy  (hand: 100%, total: 107)
2026-05-12 22:55:25,011 | INFO | {"event": "sample_recorded", "timestamp": "2026-05-12T22:55:25", "class_name": "clean", "sample_num": 15, "filename": "webcam_1778606725007.npy", "frames_with_hand": 90, "total_frames": 90, "hand_detection_pct": "100%", "total_samples_for_class": 107}
2026-05-12 22:55:25,012 | INFO |   [REC] Next sample in 3s...
2026-05-12 22:55:33,757 | INFO |   [SAVED] #16 -> webcam_1778606733753.npy  (hand: 100%, total: 108)
2026-05-12 22:55:33,757 | INFO | {"event": "sample_recorded", "timestamp": "2026-05-12T22:55:33", "class_name": "clean", "sample_num": 16, "filename": "webcam_1778606733753.npy", "frames_with_hand": 90, "total_frames": 90, "hand_detection_pct": "100%", "total_samples_for_class": 108}
2026-05-12 22:55:33,757 | INFO |   [REC] Next sample in 3s...
2026-05-12 22:55:42,750 | INFO |   [SAVED] #17 -> webcam_1778606742746.npy  (hand: 100%, total: 109)
2026-05-12 22:55:42,751 | INFO | {"event": "sample_recorded", "timestamp": "2026-05-12T22:55:42", "class_name": "clean", "sample_num": 17, "filename": "webcam_1778606742746.npy", "frames_with_hand": 90, "total_frames": 90, "hand_detection_pct": "100%", "total_samples_for_class": 109}
2026-05-12 22:55:42,751 | INFO |   [REC] Next sample in 3s...
2026-05-12 22:55:51,733 | INFO |   [SAVED] #18 -> webcam_1778606751730.npy  (hand: 100%, total: 110)
2026-05-12 22:55:51,733 | INFO | {"event": "sample_recorded", "timestamp": "2026-05-12T22:55:51", "class_name": "clean", "sample_num": 18, "filename": "webcam_1778606751730.npy", "frames_with_hand": 90, "total_frames": 90, "hand_detection_pct": "100%", "total_samples_for_class": 110}
2026-05-12 22:55:51,733 | INFO |   [REC] Next sample in 3s...
2026-05-12 22:56:00,280 | INFO |   [SAVED] #19 -> webcam_1778606760276.npy  (hand: 100%, total: 111)
2026-05-12 22:56:00,281 | INFO | {"event": "sample_recorded", "timestamp": "2026-05-12T22:56:00", "class_name": "clean", "sample_num": 19, "filename": "webcam_1778606760276.npy", "frames_with_hand": 90, "total_frames": 90, "hand_detection_pct": "100%", "total_samples_for_class": 111}
2026-05-12 22:56:00,281 | INFO |   [REC] Next sample in 3s...
2026-05-12 22:56:09,143 | INFO |   [SAVED] #20 -> webcam_1778606769139.npy  (hand: 100%, total: 112)
2026-05-12 22:56:09,143 | INFO | {"event": "sample_recorded", "timestamp": "2026-05-12T22:56:09", "class_name": "clean", "sample_num": 20, "filename": "webcam_1778606769139.npy", "frames_with_hand": 90, "total_frames": 90, "hand_detection_pct": "100%", "total_samples_for_class": 112}
2026-05-12 22:56:11,016 | INFO | [Collect] Done! Saved 20 new samples for 'clean'.
2026-05-12 22:56:11,017 | INFO | [Collect] Total samples for 'clean': 112
2026-05-12 22:56:11,017 | INFO | {"event": "record_end", "timestamp": "2026-05-12T22:56:11", "class_name": "clean", "new_samples_saved": 20, "total_samples_for_class": 112}
