2026-05-08 18:07:44,524 | INFO | Logger initialized for collect
2026-05-08 18:07:44,525 | INFO | Log file: logs\collect_20260508_180744.log
2026-05-08 18:07:44,525 | INFO | {"event": "record_start", "timestamp": "2026-05-08T18:07:44", "class_name": "small_little", "target_samples": 20}
2026-05-08 18:07:44,533 | INFO | [Collect] Class: 'small_little'
2026-05-08 18:07:44,533 | INFO | [Collect] Existing samples: 164
2026-05-08 18:07:44,533 | INFO | [Collect] Recording: 90 frames (~3s), sub-sampled to 20
2026-05-08 18:07:44,534 | INFO | [Collect] Target: 20 new samples
2026-05-08 18:07:54,693 | INFO | Controls:
2026-05-08 18:07:54,703 | INFO |   Auto mode enabled: recording until target is reached
2026-05-08 18:07:54,703 | INFO |   SPACE  - (optional) restart countdown manually
2026-05-08 18:07:54,703 | INFO |   Q/ESC  - Finish and quit
2026-05-08 18:07:54,703 | INFO |   [REC] Auto countdown 3s...
2026-05-08 18:08:04,747 | INFO |   [SAVED] #1 -> webcam_1778243884731.npy  (hand: 100%, total: 165)
2026-05-08 18:08:04,751 | INFO | {"event": "sample_recorded", "timestamp": "2026-05-08T18:08:04", "class_name": "small_little", "sample_num": 1, "filename": "webcam_1778243884731.npy", "frames_with_hand": 90, "total_frames": 90, "hand_detection_pct": "100%", "total_samples_for_class": 165}
2026-05-08 18:08:04,752 | INFO |   [REC] Next sample in 3s...
2026-05-08 18:08:13,316 | INFO |   [SAVED] #2 -> webcam_1778243893314.npy  (hand: 100%, total: 166)
2026-05-08 18:08:13,316 | INFO | {"event": "sample_recorded", "timestamp": "2026-05-08T18:08:13", "class_name": "small_little", "sample_num": 2, "filename": "webcam_1778243893314.npy", "frames_with_hand": 90, "total_frames": 90, "hand_detection_pct": "100%", "total_samples_for_class": 166}
2026-05-08 18:08:13,317 | INFO |   [REC] Next sample in 3s...
2026-05-08 18:08:21,545 | INFO |   [SAVED] #3 -> webcam_1778243901542.npy  (hand: 100%, total: 167)
2026-05-08 18:08:21,545 | INFO | {"event": "sample_recorded", "timestamp": "2026-05-08T18:08:21", "class_name": "small_little", "sample_num": 3, "filename": "webcam_1778243901542.npy", "frames_with_hand": 90, "total_frames": 90, "hand_detection_pct": "100%", "total_samples_for_class": 167}
2026-05-08 18:08:21,545 | INFO |   [REC] Next sample in 3s...
2026-05-08 18:08:29,710 | INFO |   [SAVED] #4 -> webcam_1778243909707.npy  (hand: 100%, total: 168)
2026-05-08 18:08:29,710 | INFO | {"event": "sample_recorded", "timestamp": "2026-05-08T18:08:29", "class_name": "small_little", "sample_num": 4, "filename": "webcam_1778243909707.npy", "frames_with_hand": 90, "total_frames": 90, "hand_detection_pct": "100%", "total_samples_for_class": 168}
2026-05-08 18:08:29,710 | INFO |   [REC] Next sample in 3s...
2026-05-08 18:08:38,030 | INFO |   [SAVED] #5 -> webcam_1778243918028.npy  (hand: 100%, total: 169)
2026-05-08 18:08:38,031 | INFO | {"event": "sample_recorded", "timestamp": "2026-05-08T18:08:38", "class_name": "small_little", "sample_num": 5, "filename": "webcam_1778243918028.npy", "frames_with_hand": 90, "total_frames": 90, "hand_detection_pct": "100%", "total_samples_for_class": 169}
2026-05-08 18:08:38,031 | INFO |   [REC] Next sample in 3s...
2026-05-08 18:08:46,163 | INFO |   [SAVED] #6 -> webcam_1778243926161.npy  (hand: 100%, total: 170)
2026-05-08 18:08:46,163 | INFO | {"event": "sample_recorded", "timestamp": "2026-05-08T18:08:46", "class_name": "small_little", "sample_num": 6, "filename": "webcam_1778243926161.npy", "frames_with_hand": 90, "total_frames": 90, "hand_detection_pct": "100%", "total_samples_for_class": 170}
2026-05-08 18:08:46,164 | INFO |   [REC] Next sample in 3s...
2026-05-08 18:08:54,498 | INFO |   [SAVED] #7 -> webcam_1778243934496.npy  (hand: 100%, total: 171)
2026-05-08 18:08:54,498 | INFO | {"event": "sample_recorded", "timestamp": "2026-05-08T18:08:54", "class_name": "small_little", "sample_num": 7, "filename": "webcam_1778243934496.npy", "frames_with_hand": 90, "total_frames": 90, "hand_detection_pct": "100%", "total_samples_for_class": 171}
2026-05-08 18:08:54,498 | INFO |   [REC] Next sample in 3s...
2026-05-08 18:09:03,121 | INFO |   [SAVED] #8 -> webcam_1778243943118.npy  (hand: 100%, total: 172)
2026-05-08 18:09:03,122 | INFO | {"event": "sample_recorded", "timestamp": "2026-05-08T18:09:03", "class_name": "small_little", "sample_num": 8, "filename": "webcam_1778243943118.npy", "frames_with_hand": 90, "total_frames": 90, "hand_detection_pct": "100%", "total_samples_for_class": 172}
2026-05-08 18:09:03,122 | INFO |   [REC] Next sample in 3s...
2026-05-08 18:09:11,183 | INFO |   [SAVED] #9 -> webcam_1778243951180.npy  (hand: 100%, total: 173)
2026-05-08 18:09:11,184 | INFO | {"event": "sample_recorded", "timestamp": "2026-05-08T18:09:11", "class_name": "small_little", "sample_num": 9, "filename": "webcam_1778243951180.npy", "frames_with_hand": 90, "total_frames": 90, "hand_detection_pct": "100%", "total_samples_for_class": 173}
2026-05-08 18:09:11,184 | INFO |   [REC] Next sample in 3s...
2026-05-08 18:09:18,504 | INFO |   [SAVED] #10 -> webcam_1778243958502.npy  (hand: 100%, total: 174)
2026-05-08 18:09:18,506 | INFO | {"event": "sample_recorded", "timestamp": "2026-05-08T18:09:18", "class_name": "small_little", "sample_num": 10, "filename": "webcam_1778243958502.npy", "frames_with_hand": 90, "total_frames": 90, "hand_detection_pct": "100%", "total_samples_for_class": 174}
2026-05-08 18:09:18,506 | INFO |   [REC] Next sample in 3s...
2026-05-08 18:09:26,081 | INFO |   [SAVED] #11 -> webcam_1778243966078.npy  (hand: 100%, total: 175)
2026-05-08 18:09:26,081 | INFO | {"event": "sample_recorded", "timestamp": "2026-05-08T18:09:26", "class_name": "small_little", "sample_num": 11, "filename": "webcam_1778243966078.npy", "frames_with_hand": 90, "total_frames": 90, "hand_detection_pct": "100%", "total_samples_for_class": 175}
2026-05-08 18:09:26,081 | INFO |   [REC] Next sample in 3s...
2026-05-08 18:09:34,091 | INFO |   [SAVED] #12 -> webcam_1778243974087.npy  (hand: 100%, total: 176)
2026-05-08 18:09:34,091 | INFO | {"event": "sample_recorded", "timestamp": "2026-05-08T18:09:34", "class_name": "small_little", "sample_num": 12, "filename": "webcam_1778243974087.npy", "frames_with_hand": 90, "total_frames": 90, "hand_detection_pct": "100%", "total_samples_for_class": 176}
2026-05-08 18:09:34,091 | INFO |   [REC] Next sample in 3s...
2026-05-08 18:09:41,567 | INFO |   [SAVED] #13 -> webcam_1778243981565.npy  (hand: 100%, total: 177)
2026-05-08 18:09:41,567 | INFO | {"event": "sample_recorded", "timestamp": "2026-05-08T18:09:41", "class_name": "small_little", "sample_num": 13, "filename": "webcam_1778243981565.npy", "frames_with_hand": 90, "total_frames": 90, "hand_detection_pct": "100%", "total_samples_for_class": 177}
2026-05-08 18:09:41,568 | INFO |   [REC] Next sample in 3s...
2026-05-08 18:09:49,161 | INFO |   [SAVED] #14 -> webcam_1778243989159.npy  (hand: 100%, total: 178)
2026-05-08 18:09:49,161 | INFO | {"event": "sample_recorded", "timestamp": "2026-05-08T18:09:49", "class_name": "small_little", "sample_num": 14, "filename": "webcam_1778243989159.npy", "frames_with_hand": 90, "total_frames": 90, "hand_detection_pct": "100%", "total_samples_for_class": 178}
2026-05-08 18:09:49,162 | INFO |   [REC] Next sample in 3s...
2026-05-08 18:09:57,667 | INFO |   [SAVED] #15 -> webcam_1778243997665.npy  (hand: 100%, total: 179)
2026-05-08 18:09:57,667 | INFO | {"event": "sample_recorded", "timestamp": "2026-05-08T18:09:57", "class_name": "small_little", "sample_num": 15, "filename": "webcam_1778243997665.npy", "frames_with_hand": 90, "total_frames": 90, "hand_detection_pct": "100%", "total_samples_for_class": 179}
2026-05-08 18:09:57,668 | INFO |   [REC] Next sample in 3s...
2026-05-08 18:10:05,816 | INFO |   [SAVED] #16 -> webcam_1778244005814.npy  (hand: 100%, total: 180)
2026-05-08 18:10:05,816 | INFO | {"event": "sample_recorded", "timestamp": "2026-05-08T18:10:05", "class_name": "small_little", "sample_num": 16, "filename": "webcam_1778244005814.npy", "frames_with_hand": 90, "total_frames": 90, "hand_detection_pct": "100%", "total_samples_for_class": 180}
2026-05-08 18:10:05,816 | INFO |   [REC] Next sample in 3s...
2026-05-08 18:10:13,354 | INFO |   [SAVED] #17 -> webcam_1778244013352.npy  (hand: 100%, total: 181)
2026-05-08 18:10:13,355 | INFO | {"event": "sample_recorded", "timestamp": "2026-05-08T18:10:13", "class_name": "small_little", "sample_num": 17, "filename": "webcam_1778244013352.npy", "frames_with_hand": 90, "total_frames": 90, "hand_detection_pct": "100%", "total_samples_for_class": 181}
2026-05-08 18:10:13,355 | INFO |   [REC] Next sample in 3s...
2026-05-08 18:10:21,643 | INFO |   [SAVED] #18 -> webcam_1778244021640.npy  (hand: 100%, total: 182)
2026-05-08 18:10:21,644 | INFO | {"event": "sample_recorded", "timestamp": "2026-05-08T18:10:21", "class_name": "small_little", "sample_num": 18, "filename": "webcam_1778244021640.npy", "frames_with_hand": 90, "total_frames": 90, "hand_detection_pct": "100%", "total_samples_for_class": 182}
2026-05-08 18:10:21,644 | INFO |   [REC] Next sample in 3s...
2026-05-08 18:10:29,686 | INFO |   [SAVED] #19 -> webcam_1778244029684.npy  (hand: 100%, total: 183)
2026-05-08 18:10:29,687 | INFO | {"event": "sample_recorded", "timestamp": "2026-05-08T18:10:29", "class_name": "small_little", "sample_num": 19, "filename": "webcam_1778244029684.npy", "frames_with_hand": 90, "total_frames": 90, "hand_detection_pct": "100%", "total_samples_for_class": 183}
2026-05-08 18:10:29,687 | INFO |   [REC] Next sample in 3s...
2026-05-08 18:10:38,309 | INFO |   [SAVED] #20 -> webcam_1778244038304.npy  (hand: 100%, total: 184)
2026-05-08 18:10:38,310 | INFO | {"event": "sample_recorded", "timestamp": "2026-05-08T18:10:38", "class_name": "small_little", "sample_num": 20, "filename": "webcam_1778244038304.npy", "frames_with_hand": 90, "total_frames": 90, "hand_detection_pct": "100%", "total_samples_for_class": 184}
2026-05-08 18:10:40,340 | INFO | [Collect] Done! Saved 20 new samples for 'small_little'.
2026-05-08 18:10:40,341 | INFO | [Collect] Total samples for 'small_little': 184
2026-05-08 18:10:40,342 | INFO | {"event": "record_end", "timestamp": "2026-05-08T18:10:40", "class_name": "small_little", "new_samples_saved": 20, "total_samples_for_class": 184}
