2026-05-12 22:07:25,143 | INFO | Logger initialized for collect
2026-05-12 22:07:25,145 | INFO | Log file: logs\collect_20260512_220725.log
2026-05-12 22:07:25,145 | INFO | {"event": "record_start", "timestamp": "2026-05-12T22:07:25", "class_name": "deep", "target_samples": 20}
2026-05-12 22:07:25,148 | INFO | [Collect] Class: 'deep'
2026-05-12 22:07:25,149 | INFO | [Collect] Existing samples: 92
2026-05-12 22:07:25,149 | INFO | [Collect] Recording: 90 frames (~3s), sub-sampled to 20
2026-05-12 22:07:25,149 | INFO | [Collect] Target: 20 new samples
2026-05-12 22:07:29,457 | INFO | Controls:
2026-05-12 22:07:29,458 | INFO |   Auto mode enabled: recording until target is reached
2026-05-12 22:07:29,458 | INFO |   SPACE  - (optional) restart countdown manually
2026-05-12 22:07:29,459 | INFO |   Q/ESC  - Finish and quit
2026-05-12 22:07:29,459 | INFO |   [REC] Auto countdown 3s...
2026-05-12 22:07:38,021 | INFO |   [SAVED] #1 -> webcam_1778603858018.npy  (hand: 100%, total: 93)
2026-05-12 22:07:38,021 | INFO | {"event": "sample_recorded", "timestamp": "2026-05-12T22:07:38", "class_name": "deep", "sample_num": 1, "filename": "webcam_1778603858018.npy", "frames_with_hand": 90, "total_frames": 90, "hand_detection_pct": "100%", "total_samples_for_class": 93}
2026-05-12 22:07:38,022 | INFO |   [REC] Next sample in 3s...
2026-05-12 22:07:46,694 | INFO |   [SAVED] #2 -> webcam_1778603866691.npy  (hand: 100%, total: 94)
2026-05-12 22:07:46,694 | INFO | {"event": "sample_recorded", "timestamp": "2026-05-12T22:07:46", "class_name": "deep", "sample_num": 2, "filename": "webcam_1778603866691.npy", "frames_with_hand": 90, "total_frames": 90, "hand_detection_pct": "100%", "total_samples_for_class": 94}
2026-05-12 22:07:46,694 | INFO |   [REC] Next sample in 3s...
2026-05-12 22:07:55,390 | INFO |   [SAVED] #3 -> webcam_1778603875386.npy  (hand: 100%, total: 95)
2026-05-12 22:07:55,390 | INFO | {"event": "sample_recorded", "timestamp": "2026-05-12T22:07:55", "class_name": "deep", "sample_num": 3, "filename": "webcam_1778603875386.npy", "frames_with_hand": 90, "total_frames": 90, "hand_detection_pct": "100%", "total_samples_for_class": 95}
2026-05-12 22:07:55,390 | INFO |   [REC] Next sample in 3s...
2026-05-12 22:08:04,265 | INFO |   [SAVED] #4 -> webcam_1778603884264.npy  (hand: 100%, total: 96)
2026-05-12 22:08:04,266 | INFO | {"event": "sample_recorded", "timestamp": "2026-05-12T22:08:04", "class_name": "deep", "sample_num": 4, "filename": "webcam_1778603884264.npy", "frames_with_hand": 90, "total_frames": 90, "hand_detection_pct": "100%", "total_samples_for_class": 96}
2026-05-12 22:08:04,266 | INFO |   [REC] Next sample in 3s...
2026-05-12 22:08:12,873 | INFO |   [SAVED] #5 -> webcam_1778603892867.npy  (hand: 100%, total: 97)
2026-05-12 22:08:12,874 | INFO | {"event": "sample_recorded", "timestamp": "2026-05-12T22:08:12", "class_name": "deep", "sample_num": 5, "filename": "webcam_1778603892867.npy", "frames_with_hand": 90, "total_frames": 90, "hand_detection_pct": "100%", "total_samples_for_class": 97}
2026-05-12 22:08:12,874 | INFO |   [REC] Next sample in 3s...
2026-05-12 22:08:21,383 | INFO |   [SAVED] #6 -> webcam_1778603901380.npy  (hand: 100%, total: 98)
2026-05-12 22:08:21,384 | INFO | {"event": "sample_recorded", "timestamp": "2026-05-12T22:08:21", "class_name": "deep", "sample_num": 6, "filename": "webcam_1778603901380.npy", "frames_with_hand": 90, "total_frames": 90, "hand_detection_pct": "100%", "total_samples_for_class": 98}
2026-05-12 22:08:21,384 | INFO |   [REC] Next sample in 3s...
2026-05-12 22:08:29,825 | INFO |   [SAVED] #7 -> webcam_1778603909820.npy  (hand: 100%, total: 99)
2026-05-12 22:08:29,825 | INFO | {"event": "sample_recorded", "timestamp": "2026-05-12T22:08:29", "class_name": "deep", "sample_num": 7, "filename": "webcam_1778603909820.npy", "frames_with_hand": 90, "total_frames": 90, "hand_detection_pct": "100%", "total_samples_for_class": 99}
2026-05-12 22:08:29,825 | INFO |   [REC] Next sample in 3s...
2026-05-12 22:08:38,434 | INFO |   [SAVED] #8 -> webcam_1778603918430.npy  (hand: 100%, total: 100)
2026-05-12 22:08:38,434 | INFO | {"event": "sample_recorded", "timestamp": "2026-05-12T22:08:38", "class_name": "deep", "sample_num": 8, "filename": "webcam_1778603918430.npy", "frames_with_hand": 90, "total_frames": 90, "hand_detection_pct": "100%", "total_samples_for_class": 100}
2026-05-12 22:08:38,435 | INFO |   [REC] Next sample in 3s...
2026-05-12 22:08:47,179 | INFO |   [SAVED] #9 -> webcam_1778603927176.npy  (hand: 100%, total: 101)
2026-05-12 22:08:47,179 | INFO | {"event": "sample_recorded", "timestamp": "2026-05-12T22:08:47", "class_name": "deep", "sample_num": 9, "filename": "webcam_1778603927176.npy", "frames_with_hand": 90, "total_frames": 90, "hand_detection_pct": "100%", "total_samples_for_class": 101}
2026-05-12 22:08:47,179 | INFO |   [REC] Next sample in 3s...
2026-05-12 22:08:55,816 | INFO |   [SAVED] #10 -> webcam_1778603935814.npy  (hand: 100%, total: 102)
2026-05-12 22:08:55,816 | INFO | {"event": "sample_recorded", "timestamp": "2026-05-12T22:08:55", "class_name": "deep", "sample_num": 10, "filename": "webcam_1778603935814.npy", "frames_with_hand": 90, "total_frames": 90, "hand_detection_pct": "100%", "total_samples_for_class": 102}
2026-05-12 22:08:55,817 | INFO |   [REC] Next sample in 3s...
2026-05-12 22:09:04,157 | INFO |   [SAVED] #11 -> webcam_1778603944152.npy  (hand: 100%, total: 103)
2026-05-12 22:09:04,157 | INFO | {"event": "sample_recorded", "timestamp": "2026-05-12T22:09:04", "class_name": "deep", "sample_num": 11, "filename": "webcam_1778603944152.npy", "frames_with_hand": 90, "total_frames": 90, "hand_detection_pct": "100%", "total_samples_for_class": 103}
2026-05-12 22:09:04,158 | INFO |   [REC] Next sample in 3s...
2026-05-12 22:09:11,892 | INFO |   [SAVED] #12 -> webcam_1778603951888.npy  (hand: 100%, total: 104)
2026-05-12 22:09:11,892 | INFO | {"event": "sample_recorded", "timestamp": "2026-05-12T22:09:11", "class_name": "deep", "sample_num": 12, "filename": "webcam_1778603951888.npy", "frames_with_hand": 90, "total_frames": 90, "hand_detection_pct": "100%", "total_samples_for_class": 104}
2026-05-12 22:09:11,892 | INFO |   [REC] Next sample in 3s...
2026-05-12 22:09:20,299 | INFO |   [SAVED] #13 -> webcam_1778603960294.npy  (hand: 100%, total: 105)
2026-05-12 22:09:20,299 | INFO | {"event": "sample_recorded", "timestamp": "2026-05-12T22:09:20", "class_name": "deep", "sample_num": 13, "filename": "webcam_1778603960294.npy", "frames_with_hand": 90, "total_frames": 90, "hand_detection_pct": "100%", "total_samples_for_class": 105}
2026-05-12 22:09:20,299 | INFO |   [REC] Next sample in 3s...
2026-05-12 22:09:28,781 | INFO |   [SAVED] #14 -> webcam_1778603968780.npy  (hand: 100%, total: 106)
2026-05-12 22:09:28,781 | INFO | {"event": "sample_recorded", "timestamp": "2026-05-12T22:09:28", "class_name": "deep", "sample_num": 14, "filename": "webcam_1778603968780.npy", "frames_with_hand": 90, "total_frames": 90, "hand_detection_pct": "100%", "total_samples_for_class": 106}
2026-05-12 22:09:28,781 | INFO |   [REC] Next sample in 3s...
2026-05-12 22:09:37,195 | INFO |   [SAVED] #15 -> webcam_1778603977190.npy  (hand: 100%, total: 107)
2026-05-12 22:09:37,195 | INFO | {"event": "sample_recorded", "timestamp": "2026-05-12T22:09:37", "class_name": "deep", "sample_num": 15, "filename": "webcam_1778603977190.npy", "frames_with_hand": 90, "total_frames": 90, "hand_detection_pct": "100%", "total_samples_for_class": 107}
2026-05-12 22:09:37,196 | INFO |   [REC] Next sample in 3s...
2026-05-12 22:09:45,611 | INFO |   [SAVED] #16 -> webcam_1778603985608.npy  (hand: 100%, total: 108)
2026-05-12 22:09:45,611 | INFO | {"event": "sample_recorded", "timestamp": "2026-05-12T22:09:45", "class_name": "deep", "sample_num": 16, "filename": "webcam_1778603985608.npy", "frames_with_hand": 90, "total_frames": 90, "hand_detection_pct": "100%", "total_samples_for_class": 108}
2026-05-12 22:09:45,612 | INFO |   [REC] Next sample in 3s...
2026-05-12 22:09:54,176 | INFO |   [SAVED] #17 -> webcam_1778603994173.npy  (hand: 100%, total: 109)
2026-05-12 22:09:54,177 | INFO | {"event": "sample_recorded", "timestamp": "2026-05-12T22:09:54", "class_name": "deep", "sample_num": 17, "filename": "webcam_1778603994173.npy", "frames_with_hand": 90, "total_frames": 90, "hand_detection_pct": "100%", "total_samples_for_class": 109}
2026-05-12 22:09:54,177 | INFO |   [REC] Next sample in 3s...
2026-05-12 22:10:02,915 | INFO |   [SAVED] #18 -> webcam_1778604002912.npy  (hand: 100%, total: 110)
2026-05-12 22:10:02,917 | INFO | {"event": "sample_recorded", "timestamp": "2026-05-12T22:10:02", "class_name": "deep", "sample_num": 18, "filename": "webcam_1778604002912.npy", "frames_with_hand": 90, "total_frames": 90, "hand_detection_pct": "100%", "total_samples_for_class": 110}
2026-05-12 22:10:02,917 | INFO |   [REC] Next sample in 3s...
2026-05-12 22:10:11,623 | INFO |   [SAVED] #19 -> webcam_1778604011619.npy  (hand: 100%, total: 111)
2026-05-12 22:10:11,623 | INFO | {"event": "sample_recorded", "timestamp": "2026-05-12T22:10:11", "class_name": "deep", "sample_num": 19, "filename": "webcam_1778604011619.npy", "frames_with_hand": 90, "total_frames": 90, "hand_detection_pct": "100%", "total_samples_for_class": 111}
2026-05-12 22:10:11,623 | INFO |   [REC] Next sample in 3s...
2026-05-12 22:10:20,459 | INFO |   [SAVED] #20 -> webcam_1778604020455.npy  (hand: 100%, total: 112)
2026-05-12 22:10:20,460 | INFO | {"event": "sample_recorded", "timestamp": "2026-05-12T22:10:20", "class_name": "deep", "sample_num": 20, "filename": "webcam_1778604020455.npy", "frames_with_hand": 90, "total_frames": 90, "hand_detection_pct": "100%", "total_samples_for_class": 112}
2026-05-12 22:10:22,338 | INFO | [Collect] Done! Saved 20 new samples for 'deep'.
2026-05-12 22:10:22,339 | INFO | [Collect] Total samples for 'deep': 112
2026-05-12 22:10:22,339 | INFO | {"event": "record_end", "timestamp": "2026-05-12T22:10:22", "class_name": "deep", "new_samples_saved": 20, "total_samples_for_class": 112}
