2026-05-07 13:24:58,377 | INFO | Logger initialized for collect
2026-05-07 13:24:58,377 | INFO | Log file: logs\collect_20260507_132458.log
2026-05-07 13:24:58,378 | INFO | {"event": "record_start", "timestamp": "2026-05-07T13:24:58", "class_name": "wet", "target_samples": 10}
2026-05-07 13:24:58,383 | INFO | [Collect] Class: 'wet'
2026-05-07 13:24:58,384 | INFO | [Collect] Existing samples: 174
2026-05-07 13:24:58,384 | INFO | [Collect] Recording: 90 frames (~3s), sub-sampled to 20
2026-05-07 13:24:58,384 | INFO | [Collect] Target: 10 new samples
2026-05-07 13:25:03,966 | INFO | Controls:
2026-05-07 13:25:03,968 | INFO |   Auto mode enabled: recording until target is reached
2026-05-07 13:25:03,968 | INFO |   SPACE  - (optional) restart countdown manually
2026-05-07 13:25:03,968 | INFO |   Q/ESC  - Finish and quit
2026-05-07 13:25:03,969 | INFO |   [REC] Auto countdown 3s...
2026-05-07 13:25:11,877 | INFO |   [SAVED] #1 -> webcam_1778140511875.npy  (hand: 100%, total: 175)
2026-05-07 13:25:11,878 | INFO | {"event": "sample_recorded", "timestamp": "2026-05-07T13:25:11", "class_name": "wet", "sample_num": 1, "filename": "webcam_1778140511875.npy", "frames_with_hand": 90, "total_frames": 90, "hand_detection_pct": "100%", "total_samples_for_class": 175}
2026-05-07 13:25:11,878 | INFO |   [REC] Next sample in 3s...
2026-05-07 13:25:20,013 | INFO |   [SAVED] #2 -> webcam_1778140520011.npy  (hand: 100%, total: 176)
2026-05-07 13:25:20,013 | INFO | {"event": "sample_recorded", "timestamp": "2026-05-07T13:25:20", "class_name": "wet", "sample_num": 2, "filename": "webcam_1778140520011.npy", "frames_with_hand": 90, "total_frames": 90, "hand_detection_pct": "100%", "total_samples_for_class": 176}
2026-05-07 13:25:20,014 | INFO |   [REC] Next sample in 3s...
2026-05-07 13:25:27,643 | INFO |   [SAVED] #3 -> webcam_1778140527641.npy  (hand: 100%, total: 177)
2026-05-07 13:25:27,643 | INFO | {"event": "sample_recorded", "timestamp": "2026-05-07T13:25:27", "class_name": "wet", "sample_num": 3, "filename": "webcam_1778140527641.npy", "frames_with_hand": 90, "total_frames": 90, "hand_detection_pct": "100%", "total_samples_for_class": 177}
2026-05-07 13:25:27,643 | INFO |   [REC] Next sample in 3s...
2026-05-07 13:25:35,248 | INFO |   [SAVED] #4 -> webcam_1778140535246.npy  (hand: 100%, total: 178)
2026-05-07 13:25:35,249 | INFO | {"event": "sample_recorded", "timestamp": "2026-05-07T13:25:35", "class_name": "wet", "sample_num": 4, "filename": "webcam_1778140535246.npy", "frames_with_hand": 90, "total_frames": 90, "hand_detection_pct": "100%", "total_samples_for_class": 178}
2026-05-07 13:25:35,249 | INFO |   [REC] Next sample in 3s...
2026-05-07 13:25:42,842 | INFO |   [SAVED] #5 -> webcam_1778140542840.npy  (hand: 100%, total: 179)
2026-05-07 13:25:42,843 | INFO | {"event": "sample_recorded", "timestamp": "2026-05-07T13:25:42", "class_name": "wet", "sample_num": 5, "filename": "webcam_1778140542840.npy", "frames_with_hand": 90, "total_frames": 90, "hand_detection_pct": "100%", "total_samples_for_class": 179}
2026-05-07 13:25:42,843 | INFO |   [REC] Next sample in 3s...
2026-05-07 13:25:50,692 | INFO |   [SAVED] #6 -> webcam_1778140550690.npy  (hand: 100%, total: 180)
2026-05-07 13:25:50,692 | INFO | {"event": "sample_recorded", "timestamp": "2026-05-07T13:25:50", "class_name": "wet", "sample_num": 6, "filename": "webcam_1778140550690.npy", "frames_with_hand": 90, "total_frames": 90, "hand_detection_pct": "100%", "total_samples_for_class": 180}
2026-05-07 13:25:50,692 | INFO |   [REC] Next sample in 3s...
2026-05-07 13:25:58,670 | INFO |   [SAVED] #7 -> webcam_1778140558668.npy  (hand: 100%, total: 181)
2026-05-07 13:25:58,670 | INFO | {"event": "sample_recorded", "timestamp": "2026-05-07T13:25:58", "class_name": "wet", "sample_num": 7, "filename": "webcam_1778140558668.npy", "frames_with_hand": 90, "total_frames": 90, "hand_detection_pct": "100%", "total_samples_for_class": 181}
2026-05-07 13:25:58,670 | INFO |   [REC] Next sample in 3s...
2026-05-07 13:26:06,409 | INFO |   [SAVED] #8 -> webcam_1778140566407.npy  (hand: 100%, total: 182)
2026-05-07 13:26:06,409 | INFO | {"event": "sample_recorded", "timestamp": "2026-05-07T13:26:06", "class_name": "wet", "sample_num": 8, "filename": "webcam_1778140566407.npy", "frames_with_hand": 90, "total_frames": 90, "hand_detection_pct": "100%", "total_samples_for_class": 182}
2026-05-07 13:26:06,410 | INFO |   [REC] Next sample in 3s...
2026-05-07 13:26:13,926 | INFO |   [SAVED] #9 -> webcam_1778140573924.npy  (hand: 100%, total: 183)
2026-05-07 13:26:13,926 | INFO | {"event": "sample_recorded", "timestamp": "2026-05-07T13:26:13", "class_name": "wet", "sample_num": 9, "filename": "webcam_1778140573924.npy", "frames_with_hand": 90, "total_frames": 90, "hand_detection_pct": "100%", "total_samples_for_class": 183}
2026-05-07 13:26:13,927 | INFO |   [REC] Next sample in 3s...
2026-05-07 13:26:21,313 | INFO |   [SAVED] #10 -> webcam_1778140581307.npy  (hand: 100%, total: 184)
2026-05-07 13:26:21,313 | INFO | {"event": "sample_recorded", "timestamp": "2026-05-07T13:26:21", "class_name": "wet", "sample_num": 10, "filename": "webcam_1778140581307.npy", "frames_with_hand": 90, "total_frames": 90, "hand_detection_pct": "100%", "total_samples_for_class": 184}
2026-05-07 13:26:23,244 | INFO | [Collect] Done! Saved 10 new samples for 'wet'.
2026-05-07 13:26:23,244 | INFO | [Collect] Total samples for 'wet': 184
2026-05-07 13:26:23,244 | INFO | {"event": "record_end", "timestamp": "2026-05-07T13:26:23", "class_name": "wet", "new_samples_saved": 10, "total_samples_for_class": 184}
