2026-05-08 18:39:07,591 | INFO | Logger initialized for collect
2026-05-08 18:39:07,592 | INFO | Log file: logs\collect_20260508_183907.log
2026-05-08 18:39:07,593 | INFO | {"event": "record_start", "timestamp": "2026-05-08T18:39:07", "class_name": "fast", "target_samples": 20}
2026-05-08 18:39:07,598 | INFO | [Collect] Class: 'fast'
2026-05-08 18:39:07,599 | INFO | [Collect] Existing samples: 184
2026-05-08 18:39:07,599 | INFO | [Collect] Recording: 90 frames (~3s), sub-sampled to 20
2026-05-08 18:39:07,600 | INFO | [Collect] Target: 20 new samples
2026-05-08 18:39:16,588 | INFO | Controls:
2026-05-08 18:39:16,590 | INFO |   Auto mode enabled: recording until target is reached
2026-05-08 18:39:16,590 | INFO |   SPACE  - (optional) restart countdown manually
2026-05-08 18:39:16,590 | INFO |   Q/ESC  - Finish and quit
2026-05-08 18:39:16,591 | INFO |   [REC] Auto countdown 3s...
2026-05-08 18:39:23,686 | INFO |   [SAVED] #1 -> webcam_1778245763682.npy  (hand: 100%, total: 185)
2026-05-08 18:39:23,687 | INFO | {"event": "sample_recorded", "timestamp": "2026-05-08T18:39:23", "class_name": "fast", "sample_num": 1, "filename": "webcam_1778245763682.npy", "frames_with_hand": 90, "total_frames": 90, "hand_detection_pct": "100%", "total_samples_for_class": 185}
2026-05-08 18:39:23,687 | INFO |   [REC] Next sample in 3s...
2026-05-08 18:39:31,144 | INFO |   [SAVED] #2 -> webcam_1778245771141.npy  (hand: 100%, total: 186)
2026-05-08 18:39:31,145 | INFO | {"event": "sample_recorded", "timestamp": "2026-05-08T18:39:31", "class_name": "fast", "sample_num": 2, "filename": "webcam_1778245771141.npy", "frames_with_hand": 90, "total_frames": 90, "hand_detection_pct": "100%", "total_samples_for_class": 186}
2026-05-08 18:39:31,145 | INFO |   [REC] Next sample in 3s...
2026-05-08 18:39:38,153 | INFO |   [SAVED] #3 -> webcam_1778245778151.npy  (hand: 100%, total: 187)
2026-05-08 18:39:38,155 | INFO | {"event": "sample_recorded", "timestamp": "2026-05-08T18:39:38", "class_name": "fast", "sample_num": 3, "filename": "webcam_1778245778151.npy", "frames_with_hand": 90, "total_frames": 90, "hand_detection_pct": "100%", "total_samples_for_class": 187}
2026-05-08 18:39:38,155 | INFO |   [REC] Next sample in 3s...
2026-05-08 18:39:44,989 | INFO |   [SAVED] #4 -> webcam_1778245784987.npy  (hand: 100%, total: 188)
2026-05-08 18:39:44,990 | INFO | {"event": "sample_recorded", "timestamp": "2026-05-08T18:39:44", "class_name": "fast", "sample_num": 4, "filename": "webcam_1778245784987.npy", "frames_with_hand": 90, "total_frames": 90, "hand_detection_pct": "100%", "total_samples_for_class": 188}
2026-05-08 18:39:44,990 | INFO |   [REC] Next sample in 3s...
2026-05-08 18:39:52,151 | INFO |   [SAVED] #5 -> webcam_1778245792148.npy  (hand: 100%, total: 189)
2026-05-08 18:39:52,151 | INFO | {"event": "sample_recorded", "timestamp": "2026-05-08T18:39:52", "class_name": "fast", "sample_num": 5, "filename": "webcam_1778245792148.npy", "frames_with_hand": 90, "total_frames": 90, "hand_detection_pct": "100%", "total_samples_for_class": 189}
2026-05-08 18:39:52,151 | INFO |   [REC] Next sample in 3s...
2026-05-08 18:39:59,559 | INFO |   [SAVED] #6 -> webcam_1778245799555.npy  (hand: 100%, total: 190)
2026-05-08 18:39:59,559 | INFO | {"event": "sample_recorded", "timestamp": "2026-05-08T18:39:59", "class_name": "fast", "sample_num": 6, "filename": "webcam_1778245799555.npy", "frames_with_hand": 90, "total_frames": 90, "hand_detection_pct": "100%", "total_samples_for_class": 190}
2026-05-08 18:39:59,560 | INFO |   [REC] Next sample in 3s...
2026-05-08 18:40:07,093 | INFO |   [SAVED] #7 -> webcam_1778245807090.npy  (hand: 100%, total: 191)
2026-05-08 18:40:07,093 | INFO | {"event": "sample_recorded", "timestamp": "2026-05-08T18:40:07", "class_name": "fast", "sample_num": 7, "filename": "webcam_1778245807090.npy", "frames_with_hand": 90, "total_frames": 90, "hand_detection_pct": "100%", "total_samples_for_class": 191}
2026-05-08 18:40:07,094 | INFO |   [REC] Next sample in 3s...
2026-05-08 18:40:14,151 | INFO |   [SAVED] #8 -> webcam_1778245814149.npy  (hand: 100%, total: 192)
2026-05-08 18:40:14,151 | INFO | {"event": "sample_recorded", "timestamp": "2026-05-08T18:40:14", "class_name": "fast", "sample_num": 8, "filename": "webcam_1778245814149.npy", "frames_with_hand": 90, "total_frames": 90, "hand_detection_pct": "100%", "total_samples_for_class": 192}
2026-05-08 18:40:14,152 | INFO |   [REC] Next sample in 3s...
2026-05-08 18:40:21,487 | INFO |   [SAVED] #9 -> webcam_1778245821483.npy  (hand: 100%, total: 193)
2026-05-08 18:40:21,487 | INFO | {"event": "sample_recorded", "timestamp": "2026-05-08T18:40:21", "class_name": "fast", "sample_num": 9, "filename": "webcam_1778245821483.npy", "frames_with_hand": 90, "total_frames": 90, "hand_detection_pct": "100%", "total_samples_for_class": 193}
2026-05-08 18:40:21,488 | INFO |   [REC] Next sample in 3s...
2026-05-08 18:40:28,991 | INFO |   [SAVED] #10 -> webcam_1778245828989.npy  (hand: 100%, total: 194)
2026-05-08 18:40:28,992 | INFO | {"event": "sample_recorded", "timestamp": "2026-05-08T18:40:28", "class_name": "fast", "sample_num": 10, "filename": "webcam_1778245828989.npy", "frames_with_hand": 90, "total_frames": 90, "hand_detection_pct": "100%", "total_samples_for_class": 194}
2026-05-08 18:40:28,992 | INFO |   [REC] Next sample in 3s...
2026-05-08 18:40:37,005 | INFO |   [SAVED] #11 -> webcam_1778245837001.npy  (hand: 100%, total: 195)
2026-05-08 18:40:37,005 | INFO | {"event": "sample_recorded", "timestamp": "2026-05-08T18:40:37", "class_name": "fast", "sample_num": 11, "filename": "webcam_1778245837001.npy", "frames_with_hand": 90, "total_frames": 90, "hand_detection_pct": "100%", "total_samples_for_class": 195}
2026-05-08 18:40:37,006 | INFO |   [REC] Next sample in 3s...
2026-05-08 18:40:44,711 | INFO |   [SAVED] #12 -> webcam_1778245844708.npy  (hand: 100%, total: 196)
2026-05-08 18:40:44,711 | INFO | {"event": "sample_recorded", "timestamp": "2026-05-08T18:40:44", "class_name": "fast", "sample_num": 12, "filename": "webcam_1778245844708.npy", "frames_with_hand": 90, "total_frames": 90, "hand_detection_pct": "100%", "total_samples_for_class": 196}
2026-05-08 18:40:44,712 | INFO |   [REC] Next sample in 3s...
2026-05-08 18:40:52,592 | INFO |   [SAVED] #13 -> webcam_1778245852590.npy  (hand: 100%, total: 197)
2026-05-08 18:40:52,593 | INFO | {"event": "sample_recorded", "timestamp": "2026-05-08T18:40:52", "class_name": "fast", "sample_num": 13, "filename": "webcam_1778245852590.npy", "frames_with_hand": 90, "total_frames": 90, "hand_detection_pct": "100%", "total_samples_for_class": 197}
2026-05-08 18:40:52,593 | INFO |   [REC] Next sample in 3s...
2026-05-08 18:41:00,432 | INFO |   [SAVED] #14 -> webcam_1778245860429.npy  (hand: 100%, total: 198)
2026-05-08 18:41:00,432 | INFO | {"event": "sample_recorded", "timestamp": "2026-05-08T18:41:00", "class_name": "fast", "sample_num": 14, "filename": "webcam_1778245860429.npy", "frames_with_hand": 90, "total_frames": 90, "hand_detection_pct": "100%", "total_samples_for_class": 198}
2026-05-08 18:41:00,432 | INFO |   [REC] Next sample in 3s...
2026-05-08 18:41:08,170 | INFO |   [SAVED] #15 -> webcam_1778245868167.npy  (hand: 100%, total: 199)
2026-05-08 18:41:08,170 | INFO | {"event": "sample_recorded", "timestamp": "2026-05-08T18:41:08", "class_name": "fast", "sample_num": 15, "filename": "webcam_1778245868167.npy", "frames_with_hand": 90, "total_frames": 90, "hand_detection_pct": "100%", "total_samples_for_class": 199}
2026-05-08 18:41:08,171 | INFO |   [REC] Next sample in 3s...
2026-05-08 18:41:15,626 | INFO |   [SAVED] #16 -> webcam_1778245875623.npy  (hand: 100%, total: 200)
2026-05-08 18:41:15,626 | INFO | {"event": "sample_recorded", "timestamp": "2026-05-08T18:41:15", "class_name": "fast", "sample_num": 16, "filename": "webcam_1778245875623.npy", "frames_with_hand": 90, "total_frames": 90, "hand_detection_pct": "100%", "total_samples_for_class": 200}
2026-05-08 18:41:15,627 | INFO |   [REC] Next sample in 3s...
2026-05-08 18:41:23,028 | INFO |   [SAVED] #17 -> webcam_1778245883024.npy  (hand: 100%, total: 201)
2026-05-08 18:41:23,028 | INFO | {"event": "sample_recorded", "timestamp": "2026-05-08T18:41:23", "class_name": "fast", "sample_num": 17, "filename": "webcam_1778245883024.npy", "frames_with_hand": 90, "total_frames": 90, "hand_detection_pct": "100%", "total_samples_for_class": 201}
2026-05-08 18:41:23,029 | INFO |   [REC] Next sample in 3s...
2026-05-08 18:41:30,553 | INFO |   [SAVED] #18 -> webcam_1778245890550.npy  (hand: 100%, total: 202)
2026-05-08 18:41:30,553 | INFO | {"event": "sample_recorded", "timestamp": "2026-05-08T18:41:30", "class_name": "fast", "sample_num": 18, "filename": "webcam_1778245890550.npy", "frames_with_hand": 90, "total_frames": 90, "hand_detection_pct": "100%", "total_samples_for_class": 202}
2026-05-08 18:41:30,554 | INFO |   [REC] Next sample in 3s...
2026-05-08 18:41:37,733 | INFO |   [SAVED] #19 -> webcam_1778245897730.npy  (hand: 100%, total: 203)
2026-05-08 18:41:37,733 | INFO | {"event": "sample_recorded", "timestamp": "2026-05-08T18:41:37", "class_name": "fast", "sample_num": 19, "filename": "webcam_1778245897730.npy", "frames_with_hand": 90, "total_frames": 90, "hand_detection_pct": "100%", "total_samples_for_class": 203}
2026-05-08 18:41:37,734 | INFO |   [REC] Next sample in 3s...
2026-05-08 18:41:45,283 | INFO |   [SAVED] #20 -> webcam_1778245905280.npy  (hand: 100%, total: 204)
2026-05-08 18:41:45,284 | INFO | {"event": "sample_recorded", "timestamp": "2026-05-08T18:41:45", "class_name": "fast", "sample_num": 20, "filename": "webcam_1778245905280.npy", "frames_with_hand": 90, "total_frames": 90, "hand_detection_pct": "100%", "total_samples_for_class": 204}
2026-05-08 18:41:47,281 | INFO | [Collect] Done! Saved 20 new samples for 'fast'.
2026-05-08 18:41:47,282 | INFO | [Collect] Total samples for 'fast': 204
2026-05-08 18:41:47,283 | INFO | {"event": "record_end", "timestamp": "2026-05-08T18:41:47", "class_name": "fast", "new_samples_saved": 20, "total_samples_for_class": 204}
