2026-05-07 13:16:41,090 | INFO | Logger initialized for collect
2026-05-07 13:16:41,091 | INFO | Log file: logs\collect_20260507_131641.log
2026-05-07 13:16:41,091 | INFO | {"event": "record_start", "timestamp": "2026-05-07T13:16:41", "class_name": "bad", "target_samples": 10}
2026-05-07 13:16:41,097 | INFO | [Collect] Class: 'bad'
2026-05-07 13:16:41,098 | INFO | [Collect] Existing samples: 194
2026-05-07 13:16:41,098 | INFO | [Collect] Recording: 90 frames (~3s), sub-sampled to 20
2026-05-07 13:16:41,098 | INFO | [Collect] Target: 10 new samples
2026-05-07 13:16:46,827 | INFO | Controls:
2026-05-07 13:16:46,827 | INFO |   Auto mode enabled: recording until target is reached
2026-05-07 13:16:46,827 | INFO |   SPACE  - (optional) restart countdown manually
2026-05-07 13:16:46,828 | INFO |   Q/ESC  - Finish and quit
2026-05-07 13:16:46,828 | INFO |   [REC] Auto countdown 3s...
2026-05-07 13:16:54,775 | INFO |   [SAVED] #1 -> webcam_1778140014773.npy  (hand: 100%, total: 195)
2026-05-07 13:16:54,776 | INFO | {"event": "sample_recorded", "timestamp": "2026-05-07T13:16:54", "class_name": "bad", "sample_num": 1, "filename": "webcam_1778140014773.npy", "frames_with_hand": 90, "total_frames": 90, "hand_detection_pct": "100%", "total_samples_for_class": 195}
2026-05-07 13:16:54,776 | INFO |   [REC] Next sample in 3s...
2026-05-07 13:17:02,346 | INFO |   [SAVED] #2 -> webcam_1778140022342.npy  (hand: 100%, total: 196)
2026-05-07 13:17:02,346 | INFO | {"event": "sample_recorded", "timestamp": "2026-05-07T13:17:02", "class_name": "bad", "sample_num": 2, "filename": "webcam_1778140022342.npy", "frames_with_hand": 90, "total_frames": 90, "hand_detection_pct": "100%", "total_samples_for_class": 196}
2026-05-07 13:17:02,346 | INFO |   [REC] Next sample in 3s...
2026-05-07 13:17:10,011 | INFO |   [SAVED] #3 -> webcam_1778140030009.npy  (hand: 100%, total: 197)
2026-05-07 13:17:10,011 | INFO | {"event": "sample_recorded", "timestamp": "2026-05-07T13:17:10", "class_name": "bad", "sample_num": 3, "filename": "webcam_1778140030009.npy", "frames_with_hand": 90, "total_frames": 90, "hand_detection_pct": "100%", "total_samples_for_class": 197}
2026-05-07 13:17:10,012 | INFO |   [REC] Next sample in 3s...
2026-05-07 13:17:17,563 | INFO |   [SAVED] #4 -> webcam_1778140037558.npy  (hand: 100%, total: 198)
2026-05-07 13:17:17,564 | INFO | {"event": "sample_recorded", "timestamp": "2026-05-07T13:17:17", "class_name": "bad", "sample_num": 4, "filename": "webcam_1778140037558.npy", "frames_with_hand": 90, "total_frames": 90, "hand_detection_pct": "100%", "total_samples_for_class": 198}
2026-05-07 13:17:17,564 | INFO |   [REC] Next sample in 3s...
2026-05-07 13:17:25,167 | INFO |   [SAVED] #5 -> webcam_1778140045162.npy  (hand: 100%, total: 199)
2026-05-07 13:17:25,167 | INFO | {"event": "sample_recorded", "timestamp": "2026-05-07T13:17:25", "class_name": "bad", "sample_num": 5, "filename": "webcam_1778140045162.npy", "frames_with_hand": 90, "total_frames": 90, "hand_detection_pct": "100%", "total_samples_for_class": 199}
2026-05-07 13:17:25,167 | INFO |   [REC] Next sample in 3s...
2026-05-07 13:17:32,970 | INFO |   [SAVED] #6 -> webcam_1778140052966.npy  (hand: 100%, total: 200)
2026-05-07 13:17:32,971 | INFO | {"event": "sample_recorded", "timestamp": "2026-05-07T13:17:32", "class_name": "bad", "sample_num": 6, "filename": "webcam_1778140052966.npy", "frames_with_hand": 90, "total_frames": 90, "hand_detection_pct": "100%", "total_samples_for_class": 200}
2026-05-07 13:17:32,971 | INFO |   [REC] Next sample in 3s...
2026-05-07 13:17:40,482 | INFO |   [SAVED] #7 -> webcam_1778140060480.npy  (hand: 100%, total: 201)
2026-05-07 13:17:40,483 | INFO | {"event": "sample_recorded", "timestamp": "2026-05-07T13:17:40", "class_name": "bad", "sample_num": 7, "filename": "webcam_1778140060480.npy", "frames_with_hand": 90, "total_frames": 90, "hand_detection_pct": "100%", "total_samples_for_class": 201}
2026-05-07 13:17:40,483 | INFO |   [REC] Next sample in 3s...
2026-05-07 13:17:48,323 | INFO |   [SAVED] #8 -> webcam_1778140068320.npy  (hand: 100%, total: 202)
2026-05-07 13:17:48,324 | INFO | {"event": "sample_recorded", "timestamp": "2026-05-07T13:17:48", "class_name": "bad", "sample_num": 8, "filename": "webcam_1778140068320.npy", "frames_with_hand": 90, "total_frames": 90, "hand_detection_pct": "100%", "total_samples_for_class": 202}
2026-05-07 13:17:48,324 | INFO |   [REC] Next sample in 3s...
2026-05-07 13:17:56,092 | INFO |   [SAVED] #9 -> webcam_1778140076090.npy  (hand: 100%, total: 203)
2026-05-07 13:17:56,092 | INFO | {"event": "sample_recorded", "timestamp": "2026-05-07T13:17:56", "class_name": "bad", "sample_num": 9, "filename": "webcam_1778140076090.npy", "frames_with_hand": 90, "total_frames": 90, "hand_detection_pct": "100%", "total_samples_for_class": 203}
2026-05-07 13:17:56,092 | INFO |   [REC] Next sample in 3s...
2026-05-07 13:18:03,822 | INFO |   [SAVED] #10 -> webcam_1778140083818.npy  (hand: 100%, total: 204)
2026-05-07 13:18:03,822 | INFO | {"event": "sample_recorded", "timestamp": "2026-05-07T13:18:03", "class_name": "bad", "sample_num": 10, "filename": "webcam_1778140083818.npy", "frames_with_hand": 90, "total_frames": 90, "hand_detection_pct": "100%", "total_samples_for_class": 204}
2026-05-07 13:18:05,713 | INFO | [Collect] Done! Saved 10 new samples for 'bad'.
2026-05-07 13:18:05,713 | INFO | [Collect] Total samples for 'bad': 204
2026-05-07 13:18:05,714 | INFO | {"event": "record_end", "timestamp": "2026-05-07T13:18:05", "class_name": "bad", "new_samples_saved": 10, "total_samples_for_class": 204}
