2026-05-12 23:38:03,055 | INFO | Logger initialized for collect
2026-05-12 23:38:03,055 | INFO | Log file: logs\collect_20260512_233803.log
2026-05-12 23:38:03,056 | INFO | {"event": "record_start", "timestamp": "2026-05-12T23:38:03", "class_name": "dirty", "target_samples": 20}
2026-05-12 23:38:03,058 | INFO | [Collect] Class: 'dirty'
2026-05-12 23:38:03,067 | INFO | [Collect] Existing samples: 92
2026-05-12 23:38:03,068 | INFO | [Collect] Recording: 90 frames (~3s), sub-sampled to 20
2026-05-12 23:38:03,068 | INFO | [Collect] Target: 20 new samples
2026-05-12 23:38:07,409 | INFO | Controls:
2026-05-12 23:38:07,412 | INFO |   Auto mode enabled: recording until target is reached
2026-05-12 23:38:07,412 | INFO |   SPACE  - (optional) restart countdown manually
2026-05-12 23:38:07,412 | INFO |   Q/ESC  - Finish and quit
2026-05-12 23:38:07,412 | INFO |   [REC] Auto countdown 3s...
2026-05-12 23:38:15,164 | INFO |   [SAVED] #1 -> webcam_1778609295160.npy  (hand: 100%, total: 93)
2026-05-12 23:38:15,164 | INFO | {"event": "sample_recorded", "timestamp": "2026-05-12T23:38:15", "class_name": "dirty", "sample_num": 1, "filename": "webcam_1778609295160.npy", "frames_with_hand": 90, "total_frames": 90, "hand_detection_pct": "100%", "total_samples_for_class": 93}
2026-05-12 23:38:15,164 | INFO |   [REC] Next sample in 3s...
2026-05-12 23:38:22,924 | INFO |   [SAVED] #2 -> webcam_1778609302921.npy  (hand: 100%, total: 94)
2026-05-12 23:38:22,924 | INFO | {"event": "sample_recorded", "timestamp": "2026-05-12T23:38:22", "class_name": "dirty", "sample_num": 2, "filename": "webcam_1778609302921.npy", "frames_with_hand": 90, "total_frames": 90, "hand_detection_pct": "100%", "total_samples_for_class": 94}
2026-05-12 23:38:22,924 | INFO |   [REC] Next sample in 3s...
2026-05-12 23:38:30,682 | INFO |   [SAVED] #3 -> webcam_1778609310678.npy  (hand: 100%, total: 95)
2026-05-12 23:38:30,683 | INFO | {"event": "sample_recorded", "timestamp": "2026-05-12T23:38:30", "class_name": "dirty", "sample_num": 3, "filename": "webcam_1778609310678.npy", "frames_with_hand": 90, "total_frames": 90, "hand_detection_pct": "100%", "total_samples_for_class": 95}
2026-05-12 23:38:30,683 | INFO |   [REC] Next sample in 3s...
2026-05-12 23:38:38,405 | INFO |   [SAVED] #4 -> webcam_1778609318400.npy  (hand: 100%, total: 96)
2026-05-12 23:38:38,405 | INFO | {"event": "sample_recorded", "timestamp": "2026-05-12T23:38:38", "class_name": "dirty", "sample_num": 4, "filename": "webcam_1778609318400.npy", "frames_with_hand": 90, "total_frames": 90, "hand_detection_pct": "100%", "total_samples_for_class": 96}
2026-05-12 23:38:38,405 | INFO |   [REC] Next sample in 3s...
2026-05-12 23:38:46,130 | INFO |   [SAVED] #5 -> webcam_1778609326127.npy  (hand: 100%, total: 97)
2026-05-12 23:38:46,130 | INFO | {"event": "sample_recorded", "timestamp": "2026-05-12T23:38:46", "class_name": "dirty", "sample_num": 5, "filename": "webcam_1778609326127.npy", "frames_with_hand": 90, "total_frames": 90, "hand_detection_pct": "100%", "total_samples_for_class": 97}
2026-05-12 23:38:46,130 | INFO |   [REC] Next sample in 3s...
2026-05-12 23:38:54,124 | INFO |   [SAVED] #6 -> webcam_1778609334120.npy  (hand: 100%, total: 98)
2026-05-12 23:38:54,125 | INFO | {"event": "sample_recorded", "timestamp": "2026-05-12T23:38:54", "class_name": "dirty", "sample_num": 6, "filename": "webcam_1778609334120.npy", "frames_with_hand": 90, "total_frames": 90, "hand_detection_pct": "100%", "total_samples_for_class": 98}
2026-05-12 23:38:54,125 | INFO |   [REC] Next sample in 3s...
2026-05-12 23:39:01,849 | INFO |   [SAVED] #7 -> webcam_1778609341846.npy  (hand: 100%, total: 99)
2026-05-12 23:39:01,850 | INFO | {"event": "sample_recorded", "timestamp": "2026-05-12T23:39:01", "class_name": "dirty", "sample_num": 7, "filename": "webcam_1778609341846.npy", "frames_with_hand": 90, "total_frames": 90, "hand_detection_pct": "100%", "total_samples_for_class": 99}
2026-05-12 23:39:01,850 | INFO |   [REC] Next sample in 3s...
2026-05-12 23:39:09,682 | INFO |   [SAVED] #8 -> webcam_1778609349679.npy  (hand: 100%, total: 100)
2026-05-12 23:39:09,683 | INFO | {"event": "sample_recorded", "timestamp": "2026-05-12T23:39:09", "class_name": "dirty", "sample_num": 8, "filename": "webcam_1778609349679.npy", "frames_with_hand": 90, "total_frames": 90, "hand_detection_pct": "100%", "total_samples_for_class": 100}
2026-05-12 23:39:09,683 | INFO |   [REC] Next sample in 3s...
2026-05-12 23:39:17,352 | INFO |   [SAVED] #9 -> webcam_1778609357347.npy  (hand: 100%, total: 101)
2026-05-12 23:39:17,352 | INFO | {"event": "sample_recorded", "timestamp": "2026-05-12T23:39:17", "class_name": "dirty", "sample_num": 9, "filename": "webcam_1778609357347.npy", "frames_with_hand": 90, "total_frames": 90, "hand_detection_pct": "100%", "total_samples_for_class": 101}
2026-05-12 23:39:17,353 | INFO |   [REC] Next sample in 3s...
2026-05-12 23:39:25,246 | INFO |   [SAVED] #10 -> webcam_1778609365243.npy  (hand: 100%, total: 102)
2026-05-12 23:39:25,247 | INFO | {"event": "sample_recorded", "timestamp": "2026-05-12T23:39:25", "class_name": "dirty", "sample_num": 10, "filename": "webcam_1778609365243.npy", "frames_with_hand": 90, "total_frames": 90, "hand_detection_pct": "100%", "total_samples_for_class": 102}
2026-05-12 23:39:25,247 | INFO |   [REC] Next sample in 3s...
2026-05-12 23:39:33,034 | INFO |   [SAVED] #11 -> webcam_1778609373030.npy  (hand: 100%, total: 103)
2026-05-12 23:39:33,034 | INFO | {"event": "sample_recorded", "timestamp": "2026-05-12T23:39:33", "class_name": "dirty", "sample_num": 11, "filename": "webcam_1778609373030.npy", "frames_with_hand": 90, "total_frames": 90, "hand_detection_pct": "100%", "total_samples_for_class": 103}
2026-05-12 23:39:33,035 | INFO |   [REC] Next sample in 3s...
2026-05-12 23:39:40,839 | INFO |   [SAVED] #12 -> webcam_1778609380836.npy  (hand: 100%, total: 104)
2026-05-12 23:39:40,839 | INFO | {"event": "sample_recorded", "timestamp": "2026-05-12T23:39:40", "class_name": "dirty", "sample_num": 12, "filename": "webcam_1778609380836.npy", "frames_with_hand": 90, "total_frames": 90, "hand_detection_pct": "100%", "total_samples_for_class": 104}
2026-05-12 23:39:40,841 | INFO |   [REC] Next sample in 3s...
2026-05-12 23:39:48,693 | INFO |   [SAVED] #13 -> webcam_1778609388690.npy  (hand: 100%, total: 105)
2026-05-12 23:39:48,694 | INFO | {"event": "sample_recorded", "timestamp": "2026-05-12T23:39:48", "class_name": "dirty", "sample_num": 13, "filename": "webcam_1778609388690.npy", "frames_with_hand": 90, "total_frames": 90, "hand_detection_pct": "100%", "total_samples_for_class": 105}
2026-05-12 23:39:48,694 | INFO |   [REC] Next sample in 3s...
2026-05-12 23:39:56,427 | INFO |   [SAVED] #14 -> webcam_1778609396423.npy  (hand: 100%, total: 106)
2026-05-12 23:39:56,427 | INFO | {"event": "sample_recorded", "timestamp": "2026-05-12T23:39:56", "class_name": "dirty", "sample_num": 14, "filename": "webcam_1778609396423.npy", "frames_with_hand": 90, "total_frames": 90, "hand_detection_pct": "100%", "total_samples_for_class": 106}
2026-05-12 23:39:56,427 | INFO |   [REC] Next sample in 3s...
2026-05-12 23:40:04,317 | INFO |   [SAVED] #15 -> webcam_1778609404313.npy  (hand: 100%, total: 107)
2026-05-12 23:40:04,317 | INFO | {"event": "sample_recorded", "timestamp": "2026-05-12T23:40:04", "class_name": "dirty", "sample_num": 15, "filename": "webcam_1778609404313.npy", "frames_with_hand": 90, "total_frames": 90, "hand_detection_pct": "100%", "total_samples_for_class": 107}
2026-05-12 23:40:04,318 | INFO |   [REC] Next sample in 3s...
2026-05-12 23:40:12,275 | INFO |   [SAVED] #16 -> webcam_1778609412272.npy  (hand: 100%, total: 108)
2026-05-12 23:40:12,275 | INFO | {"event": "sample_recorded", "timestamp": "2026-05-12T23:40:12", "class_name": "dirty", "sample_num": 16, "filename": "webcam_1778609412272.npy", "frames_with_hand": 90, "total_frames": 90, "hand_detection_pct": "100%", "total_samples_for_class": 108}
2026-05-12 23:40:12,275 | INFO |   [REC] Next sample in 3s...
2026-05-12 23:40:20,125 | INFO |   [SAVED] #17 -> webcam_1778609420123.npy  (hand: 100%, total: 109)
2026-05-12 23:40:20,125 | INFO | {"event": "sample_recorded", "timestamp": "2026-05-12T23:40:20", "class_name": "dirty", "sample_num": 17, "filename": "webcam_1778609420123.npy", "frames_with_hand": 90, "total_frames": 90, "hand_detection_pct": "100%", "total_samples_for_class": 109}
2026-05-12 23:40:20,127 | INFO |   [REC] Next sample in 3s...
2026-05-12 23:40:28,016 | INFO |   [SAVED] #18 -> webcam_1778609428012.npy  (hand: 100%, total: 110)
2026-05-12 23:40:28,017 | INFO | {"event": "sample_recorded", "timestamp": "2026-05-12T23:40:28", "class_name": "dirty", "sample_num": 18, "filename": "webcam_1778609428012.npy", "frames_with_hand": 90, "total_frames": 90, "hand_detection_pct": "100%", "total_samples_for_class": 110}
2026-05-12 23:40:28,017 | INFO |   [REC] Next sample in 3s...
2026-05-12 23:40:35,857 | INFO |   [SAVED] #19 -> webcam_1778609435853.npy  (hand: 100%, total: 111)
2026-05-12 23:40:35,857 | INFO | {"event": "sample_recorded", "timestamp": "2026-05-12T23:40:35", "class_name": "dirty", "sample_num": 19, "filename": "webcam_1778609435853.npy", "frames_with_hand": 90, "total_frames": 90, "hand_detection_pct": "100%", "total_samples_for_class": 111}
2026-05-12 23:40:35,858 | INFO |   [REC] Next sample in 3s...
2026-05-12 23:40:43,535 | INFO |   [SAVED] #20 -> webcam_1778609443531.npy  (hand: 100%, total: 112)
2026-05-12 23:40:43,535 | INFO | {"event": "sample_recorded", "timestamp": "2026-05-12T23:40:43", "class_name": "dirty", "sample_num": 20, "filename": "webcam_1778609443531.npy", "frames_with_hand": 90, "total_frames": 90, "hand_detection_pct": "100%", "total_samples_for_class": 112}
2026-05-12 23:40:45,423 | INFO | [Collect] Done! Saved 20 new samples for 'dirty'.
2026-05-12 23:40:45,423 | INFO | [Collect] Total samples for 'dirty': 112
2026-05-12 23:40:45,424 | INFO | {"event": "record_end", "timestamp": "2026-05-12T23:40:45", "class_name": "dirty", "new_samples_saved": 20, "total_samples_for_class": 112}
