2026-05-12 18:26:18,986 | INFO | Logger initialized for collect
2026-05-12 18:26:18,986 | INFO | Log file: logs\collect_20260512_182618.log
2026-05-12 18:26:18,987 | INFO | {"event": "record_start", "timestamp": "2026-05-12T18:26:18", "class_name": "soft", "target_samples": 20}
2026-05-12 18:26:18,989 | INFO | [Collect] Class: 'soft'
2026-05-12 18:26:18,989 | INFO | [Collect] Existing samples: 92
2026-05-12 18:26:18,990 | INFO | [Collect] Recording: 90 frames (~3s), sub-sampled to 20
2026-05-12 18:26:18,990 | INFO | [Collect] Target: 20 new samples
2026-05-12 18:26:23,381 | INFO | Controls:
2026-05-12 18:26:23,383 | INFO |   Auto mode enabled: recording until target is reached
2026-05-12 18:26:23,383 | INFO |   SPACE  - (optional) restart countdown manually
2026-05-12 18:26:23,383 | INFO |   Q/ESC  - Finish and quit
2026-05-12 18:26:23,384 | INFO |   [REC] Auto countdown 3s...
2026-05-12 18:26:31,839 | INFO |   [SAVED] #1 -> webcam_1778590591836.npy  (hand: 100%, total: 93)
2026-05-12 18:26:31,839 | INFO | {"event": "sample_recorded", "timestamp": "2026-05-12T18:26:31", "class_name": "soft", "sample_num": 1, "filename": "webcam_1778590591836.npy", "frames_with_hand": 90, "total_frames": 90, "hand_detection_pct": "100%", "total_samples_for_class": 93}
2026-05-12 18:26:31,840 | INFO |   [REC] Next sample in 3s...
2026-05-12 18:26:40,443 | INFO |   [SAVED] #2 -> webcam_1778590600440.npy  (hand: 100%, total: 94)
2026-05-12 18:26:40,443 | INFO | {"event": "sample_recorded", "timestamp": "2026-05-12T18:26:40", "class_name": "soft", "sample_num": 2, "filename": "webcam_1778590600440.npy", "frames_with_hand": 90, "total_frames": 90, "hand_detection_pct": "100%", "total_samples_for_class": 94}
2026-05-12 18:26:40,444 | INFO |   [REC] Next sample in 3s...
2026-05-12 18:26:49,334 | INFO |   [SAVED] #3 -> webcam_1778590609330.npy  (hand: 100%, total: 95)
2026-05-12 18:26:49,334 | INFO | {"event": "sample_recorded", "timestamp": "2026-05-12T18:26:49", "class_name": "soft", "sample_num": 3, "filename": "webcam_1778590609330.npy", "frames_with_hand": 90, "total_frames": 90, "hand_detection_pct": "100%", "total_samples_for_class": 95}
2026-05-12 18:26:49,334 | INFO |   [REC] Next sample in 3s...
2026-05-12 18:26:57,824 | INFO |   [SAVED] #4 -> webcam_1778590617820.npy  (hand: 100%, total: 96)
2026-05-12 18:26:57,824 | INFO | {"event": "sample_recorded", "timestamp": "2026-05-12T18:26:57", "class_name": "soft", "sample_num": 4, "filename": "webcam_1778590617820.npy", "frames_with_hand": 90, "total_frames": 90, "hand_detection_pct": "100%", "total_samples_for_class": 96}
2026-05-12 18:26:57,826 | INFO |   [REC] Next sample in 3s...
2026-05-12 18:27:06,569 | INFO |   [SAVED] #5 -> webcam_1778590626565.npy  (hand: 100%, total: 97)
2026-05-12 18:27:06,569 | INFO | {"event": "sample_recorded", "timestamp": "2026-05-12T18:27:06", "class_name": "soft", "sample_num": 5, "filename": "webcam_1778590626565.npy", "frames_with_hand": 90, "total_frames": 90, "hand_detection_pct": "100%", "total_samples_for_class": 97}
2026-05-12 18:27:06,570 | INFO |   [REC] Next sample in 3s...
2026-05-12 18:27:15,256 | INFO |   [SAVED] #6 -> webcam_1778590635252.npy  (hand: 100%, total: 98)
2026-05-12 18:27:15,256 | INFO | {"event": "sample_recorded", "timestamp": "2026-05-12T18:27:15", "class_name": "soft", "sample_num": 6, "filename": "webcam_1778590635252.npy", "frames_with_hand": 90, "total_frames": 90, "hand_detection_pct": "100%", "total_samples_for_class": 98}
2026-05-12 18:27:15,257 | INFO |   [REC] Next sample in 3s...
2026-05-12 18:27:23,740 | INFO |   [SAVED] #7 -> webcam_1778590643738.npy  (hand: 100%, total: 99)
2026-05-12 18:27:23,740 | INFO | {"event": "sample_recorded", "timestamp": "2026-05-12T18:27:23", "class_name": "soft", "sample_num": 7, "filename": "webcam_1778590643738.npy", "frames_with_hand": 90, "total_frames": 90, "hand_detection_pct": "100%", "total_samples_for_class": 99}
2026-05-12 18:27:23,741 | INFO |   [REC] Next sample in 3s...
2026-05-12 18:27:32,665 | INFO |   [SAVED] #8 -> webcam_1778590652662.npy  (hand: 100%, total: 100)
2026-05-12 18:27:32,666 | INFO | {"event": "sample_recorded", "timestamp": "2026-05-12T18:27:32", "class_name": "soft", "sample_num": 8, "filename": "webcam_1778590652662.npy", "frames_with_hand": 90, "total_frames": 90, "hand_detection_pct": "100%", "total_samples_for_class": 100}
2026-05-12 18:27:32,666 | INFO |   [REC] Next sample in 3s...
2026-05-12 18:27:40,581 | INFO |   [SAVED] #9 -> webcam_1778590660578.npy  (hand: 100%, total: 101)
2026-05-12 18:27:40,581 | INFO | {"event": "sample_recorded", "timestamp": "2026-05-12T18:27:40", "class_name": "soft", "sample_num": 9, "filename": "webcam_1778590660578.npy", "frames_with_hand": 90, "total_frames": 90, "hand_detection_pct": "100%", "total_samples_for_class": 101}
2026-05-12 18:27:40,581 | INFO |   [REC] Next sample in 3s...
2026-05-12 18:27:49,460 | INFO |   [SAVED] #10 -> webcam_1778590669456.npy  (hand: 100%, total: 102)
2026-05-12 18:27:49,460 | INFO | {"event": "sample_recorded", "timestamp": "2026-05-12T18:27:49", "class_name": "soft", "sample_num": 10, "filename": "webcam_1778590669456.npy", "frames_with_hand": 90, "total_frames": 90, "hand_detection_pct": "100%", "total_samples_for_class": 102}
2026-05-12 18:27:49,460 | INFO |   [REC] Next sample in 3s...
2026-05-12 18:27:58,054 | INFO |   [SAVED] #11 -> webcam_1778590678050.npy  (hand: 100%, total: 103)
2026-05-12 18:27:58,054 | INFO | {"event": "sample_recorded", "timestamp": "2026-05-12T18:27:58", "class_name": "soft", "sample_num": 11, "filename": "webcam_1778590678050.npy", "frames_with_hand": 90, "total_frames": 90, "hand_detection_pct": "100%", "total_samples_for_class": 103}
2026-05-12 18:27:58,055 | INFO |   [REC] Next sample in 3s...
2026-05-12 18:28:06,354 | INFO |   [SAVED] #12 -> webcam_1778590686350.npy  (hand: 100%, total: 104)
2026-05-12 18:28:06,354 | INFO | {"event": "sample_recorded", "timestamp": "2026-05-12T18:28:06", "class_name": "soft", "sample_num": 12, "filename": "webcam_1778590686350.npy", "frames_with_hand": 90, "total_frames": 90, "hand_detection_pct": "100%", "total_samples_for_class": 104}
2026-05-12 18:28:06,355 | INFO |   [REC] Next sample in 3s...
2026-05-12 18:28:14,818 | INFO |   [SAVED] #13 -> webcam_1778590694814.npy  (hand: 100%, total: 105)
2026-05-12 18:28:14,819 | INFO | {"event": "sample_recorded", "timestamp": "2026-05-12T18:28:14", "class_name": "soft", "sample_num": 13, "filename": "webcam_1778590694814.npy", "frames_with_hand": 90, "total_frames": 90, "hand_detection_pct": "100%", "total_samples_for_class": 105}
2026-05-12 18:28:14,819 | INFO |   [REC] Next sample in 3s...
2026-05-12 18:28:23,096 | INFO |   [SAVED] #14 -> webcam_1778590703092.npy  (hand: 100%, total: 106)
2026-05-12 18:28:23,096 | INFO | {"event": "sample_recorded", "timestamp": "2026-05-12T18:28:23", "class_name": "soft", "sample_num": 14, "filename": "webcam_1778590703092.npy", "frames_with_hand": 90, "total_frames": 90, "hand_detection_pct": "100%", "total_samples_for_class": 106}
2026-05-12 18:28:23,097 | INFO |   [REC] Next sample in 3s...
2026-05-12 18:28:31,768 | INFO |   [SAVED] #15 -> webcam_1778590711766.npy  (hand: 100%, total: 107)
2026-05-12 18:28:31,768 | INFO | {"event": "sample_recorded", "timestamp": "2026-05-12T18:28:31", "class_name": "soft", "sample_num": 15, "filename": "webcam_1778590711766.npy", "frames_with_hand": 90, "total_frames": 90, "hand_detection_pct": "100%", "total_samples_for_class": 107}
2026-05-12 18:28:31,769 | INFO |   [REC] Next sample in 3s...
2026-05-12 18:28:40,450 | INFO |   [SAVED] #16 -> webcam_1778590720448.npy  (hand: 100%, total: 108)
2026-05-12 18:28:40,450 | INFO | {"event": "sample_recorded", "timestamp": "2026-05-12T18:28:40", "class_name": "soft", "sample_num": 16, "filename": "webcam_1778590720448.npy", "frames_with_hand": 90, "total_frames": 90, "hand_detection_pct": "100%", "total_samples_for_class": 108}
2026-05-12 18:28:40,450 | INFO |   [REC] Next sample in 3s...
2026-05-12 18:28:49,289 | INFO |   [SAVED] #17 -> webcam_1778590729285.npy  (hand: 100%, total: 109)
2026-05-12 18:28:49,290 | INFO | {"event": "sample_recorded", "timestamp": "2026-05-12T18:28:49", "class_name": "soft", "sample_num": 17, "filename": "webcam_1778590729285.npy", "frames_with_hand": 90, "total_frames": 90, "hand_detection_pct": "100%", "total_samples_for_class": 109}
2026-05-12 18:28:49,290 | INFO |   [REC] Next sample in 3s...
2026-05-12 18:28:57,975 | INFO |   [SAVED] #18 -> webcam_1778590737972.npy  (hand: 100%, total: 110)
2026-05-12 18:28:57,975 | INFO | {"event": "sample_recorded", "timestamp": "2026-05-12T18:28:57", "class_name": "soft", "sample_num": 18, "filename": "webcam_1778590737972.npy", "frames_with_hand": 90, "total_frames": 90, "hand_detection_pct": "100%", "total_samples_for_class": 110}
2026-05-12 18:28:57,976 | INFO |   [REC] Next sample in 3s...
2026-05-12 18:29:06,737 | INFO |   [SAVED] #19 -> webcam_1778590746732.npy  (hand: 100%, total: 111)
2026-05-12 18:29:06,737 | INFO | {"event": "sample_recorded", "timestamp": "2026-05-12T18:29:06", "class_name": "soft", "sample_num": 19, "filename": "webcam_1778590746732.npy", "frames_with_hand": 90, "total_frames": 90, "hand_detection_pct": "100%", "total_samples_for_class": 111}
2026-05-12 18:29:06,738 | INFO |   [REC] Next sample in 3s...
2026-05-12 18:29:15,418 | INFO |   [SAVED] #20 -> webcam_1778590755416.npy  (hand: 100%, total: 112)
2026-05-12 18:29:15,419 | INFO | {"event": "sample_recorded", "timestamp": "2026-05-12T18:29:15", "class_name": "soft", "sample_num": 20, "filename": "webcam_1778590755416.npy", "frames_with_hand": 90, "total_frames": 90, "hand_detection_pct": "100%", "total_samples_for_class": 112}
2026-05-12 18:29:17,303 | INFO | [Collect] Done! Saved 20 new samples for 'soft'.
2026-05-12 18:29:17,303 | INFO | [Collect] Total samples for 'soft': 112
2026-05-12 18:29:17,304 | INFO | {"event": "record_end", "timestamp": "2026-05-12T18:29:17", "class_name": "soft", "new_samples_saved": 20, "total_samples_for_class": 112}
