2026-05-07 13:23:22,588 | INFO | Logger initialized for collect
2026-05-07 13:23:22,589 | INFO | Log file: logs\collect_20260507_132322.log
2026-05-07 13:23:22,589 | INFO | {"event": "record_start", "timestamp": "2026-05-07T13:23:22", "class_name": "wet", "target_samples": 10}
2026-05-07 13:23:22,597 | INFO | [Collect] Class: 'wet'
2026-05-07 13:23:22,597 | INFO | [Collect] Existing samples: 164
2026-05-07 13:23:22,597 | INFO | [Collect] Recording: 90 frames (~3s), sub-sampled to 20
2026-05-07 13:23:22,598 | INFO | [Collect] Target: 10 new samples
2026-05-07 13:23:28,307 | INFO | Controls:
2026-05-07 13:23:28,309 | INFO |   Auto mode enabled: recording until target is reached
2026-05-07 13:23:28,310 | INFO |   SPACE  - (optional) restart countdown manually
2026-05-07 13:23:28,310 | INFO |   Q/ESC  - Finish and quit
2026-05-07 13:23:28,310 | INFO |   [REC] Auto countdown 3s...
2026-05-07 13:23:36,275 | INFO |   [SAVED] #1 -> webcam_1778140416272.npy  (hand: 100%, total: 165)
2026-05-07 13:23:36,276 | INFO | {"event": "sample_recorded", "timestamp": "2026-05-07T13:23:36", "class_name": "wet", "sample_num": 1, "filename": "webcam_1778140416272.npy", "frames_with_hand": 90, "total_frames": 90, "hand_detection_pct": "100%", "total_samples_for_class": 165}
2026-05-07 13:23:36,276 | INFO |   [REC] Next sample in 3s...
2026-05-07 13:23:44,287 | INFO |   [SAVED] #2 -> webcam_1778140424263.npy  (hand: 100%, total: 166)
2026-05-07 13:23:44,288 | INFO | {"event": "sample_recorded", "timestamp": "2026-05-07T13:23:44", "class_name": "wet", "sample_num": 2, "filename": "webcam_1778140424263.npy", "frames_with_hand": 90, "total_frames": 90, "hand_detection_pct": "100%", "total_samples_for_class": 166}
2026-05-07 13:23:44,288 | INFO |   [REC] Next sample in 3s...
2026-05-07 13:23:52,254 | INFO |   [SAVED] #3 -> webcam_1778140432250.npy  (hand: 100%, total: 167)
2026-05-07 13:23:52,254 | INFO | {"event": "sample_recorded", "timestamp": "2026-05-07T13:23:52", "class_name": "wet", "sample_num": 3, "filename": "webcam_1778140432250.npy", "frames_with_hand": 90, "total_frames": 90, "hand_detection_pct": "100%", "total_samples_for_class": 167}
2026-05-07 13:23:52,254 | INFO |   [REC] Next sample in 3s...
2026-05-07 13:23:59,967 | INFO |   [SAVED] #4 -> webcam_1778140439964.npy  (hand: 100%, total: 168)
2026-05-07 13:23:59,967 | INFO | {"event": "sample_recorded", "timestamp": "2026-05-07T13:23:59", "class_name": "wet", "sample_num": 4, "filename": "webcam_1778140439964.npy", "frames_with_hand": 90, "total_frames": 90, "hand_detection_pct": "100%", "total_samples_for_class": 168}
2026-05-07 13:23:59,967 | INFO |   [REC] Next sample in 3s...
2026-05-07 13:24:07,388 | INFO |   [SAVED] #5 -> webcam_1778140447385.npy  (hand: 100%, total: 169)
2026-05-07 13:24:07,389 | INFO | {"event": "sample_recorded", "timestamp": "2026-05-07T13:24:07", "class_name": "wet", "sample_num": 5, "filename": "webcam_1778140447385.npy", "frames_with_hand": 90, "total_frames": 90, "hand_detection_pct": "100%", "total_samples_for_class": 169}
2026-05-07 13:24:07,389 | INFO |   [REC] Next sample in 3s...
2026-05-07 13:24:14,948 | INFO |   [SAVED] #6 -> webcam_1778140454944.npy  (hand: 100%, total: 170)
2026-05-07 13:24:14,948 | INFO | {"event": "sample_recorded", "timestamp": "2026-05-07T13:24:14", "class_name": "wet", "sample_num": 6, "filename": "webcam_1778140454944.npy", "frames_with_hand": 90, "total_frames": 90, "hand_detection_pct": "100%", "total_samples_for_class": 170}
2026-05-07 13:24:14,948 | INFO |   [REC] Next sample in 3s...
2026-05-07 13:24:22,163 | INFO |   [SAVED] #7 -> webcam_1778140462159.npy  (hand: 100%, total: 171)
2026-05-07 13:24:22,163 | INFO | {"event": "sample_recorded", "timestamp": "2026-05-07T13:24:22", "class_name": "wet", "sample_num": 7, "filename": "webcam_1778140462159.npy", "frames_with_hand": 90, "total_frames": 90, "hand_detection_pct": "100%", "total_samples_for_class": 171}
2026-05-07 13:24:22,164 | INFO |   [REC] Next sample in 3s...
2026-05-07 13:24:29,997 | INFO |   [SAVED] #8 -> webcam_1778140469994.npy  (hand: 100%, total: 172)
2026-05-07 13:24:29,997 | INFO | {"event": "sample_recorded", "timestamp": "2026-05-07T13:24:29", "class_name": "wet", "sample_num": 8, "filename": "webcam_1778140469994.npy", "frames_with_hand": 90, "total_frames": 90, "hand_detection_pct": "100%", "total_samples_for_class": 172}
2026-05-07 13:24:29,997 | INFO |   [REC] Next sample in 3s...
2026-05-07 13:24:38,017 | INFO |   [SAVED] #9 -> webcam_1778140478015.npy  (hand: 100%, total: 173)
2026-05-07 13:24:38,018 | INFO | {"event": "sample_recorded", "timestamp": "2026-05-07T13:24:38", "class_name": "wet", "sample_num": 9, "filename": "webcam_1778140478015.npy", "frames_with_hand": 90, "total_frames": 90, "hand_detection_pct": "100%", "total_samples_for_class": 173}
2026-05-07 13:24:38,018 | INFO |   [REC] Next sample in 3s...
2026-05-07 13:24:45,849 | INFO |   [SAVED] #10 -> webcam_1778140485847.npy  (hand: 100%, total: 174)
2026-05-07 13:24:45,849 | INFO | {"event": "sample_recorded", "timestamp": "2026-05-07T13:24:45", "class_name": "wet", "sample_num": 10, "filename": "webcam_1778140485847.npy", "frames_with_hand": 90, "total_frames": 90, "hand_detection_pct": "100%", "total_samples_for_class": 174}
2026-05-07 13:24:47,739 | INFO | [Collect] Done! Saved 10 new samples for 'wet'.
2026-05-07 13:24:47,740 | INFO | [Collect] Total samples for 'wet': 174
2026-05-07 13:24:47,740 | INFO | {"event": "record_end", "timestamp": "2026-05-07T13:24:47", "class_name": "wet", "new_samples_saved": 10, "total_samples_for_class": 174}
