2026-05-07 13:55:39,153 | INFO | Logger initialized for collect
2026-05-07 13:55:39,154 | INFO | Log file: logs\collect_20260507_135539.log
2026-05-07 13:55:39,155 | INFO | {"event": "record_start", "timestamp": "2026-05-07T13:55:39", "class_name": "cold", "target_samples": 10}
2026-05-07 13:55:39,160 | INFO | [Collect] Class: 'cold'
2026-05-07 13:55:39,162 | INFO | [Collect] Existing samples: 184
2026-05-07 13:55:39,162 | INFO | [Collect] Recording: 90 frames (~3s), sub-sampled to 20
2026-05-07 13:55:39,163 | INFO | [Collect] Target: 10 new samples
2026-05-07 13:55:44,474 | INFO | Controls:
2026-05-07 13:55:44,475 | INFO |   Auto mode enabled: recording until target is reached
2026-05-07 13:55:44,475 | INFO |   SPACE  - (optional) restart countdown manually
2026-05-07 13:55:44,476 | INFO |   Q/ESC  - Finish and quit
2026-05-07 13:55:44,476 | INFO |   [REC] Auto countdown 3s...
2026-05-07 13:55:51,754 | INFO |   [SAVED] #1 -> webcam_1778142351750.npy  (hand: 100%, total: 185)
2026-05-07 13:55:51,754 | INFO | {"event": "sample_recorded", "timestamp": "2026-05-07T13:55:51", "class_name": "cold", "sample_num": 1, "filename": "webcam_1778142351750.npy", "frames_with_hand": 90, "total_frames": 90, "hand_detection_pct": "100%", "total_samples_for_class": 185}
2026-05-07 13:55:51,755 | INFO |   [REC] Next sample in 3s...
2026-05-07 13:55:59,241 | INFO |   [SAVED] #2 -> webcam_1778142359238.npy  (hand: 100%, total: 186)
2026-05-07 13:55:59,242 | INFO | {"event": "sample_recorded", "timestamp": "2026-05-07T13:55:59", "class_name": "cold", "sample_num": 2, "filename": "webcam_1778142359238.npy", "frames_with_hand": 90, "total_frames": 90, "hand_detection_pct": "100%", "total_samples_for_class": 186}
2026-05-07 13:55:59,242 | INFO |   [REC] Next sample in 3s...
2026-05-07 13:56:06,748 | INFO |   [SAVED] #3 -> webcam_1778142366745.npy  (hand: 100%, total: 187)
2026-05-07 13:56:06,749 | INFO | {"event": "sample_recorded", "timestamp": "2026-05-07T13:56:06", "class_name": "cold", "sample_num": 3, "filename": "webcam_1778142366745.npy", "frames_with_hand": 90, "total_frames": 90, "hand_detection_pct": "100%", "total_samples_for_class": 187}
2026-05-07 13:56:06,749 | INFO |   [REC] Next sample in 3s...
2026-05-07 13:56:13,994 | INFO |   [SAVED] #4 -> webcam_1778142373991.npy  (hand: 100%, total: 188)
2026-05-07 13:56:13,994 | INFO | {"event": "sample_recorded", "timestamp": "2026-05-07T13:56:13", "class_name": "cold", "sample_num": 4, "filename": "webcam_1778142373991.npy", "frames_with_hand": 90, "total_frames": 90, "hand_detection_pct": "100%", "total_samples_for_class": 188}
2026-05-07 13:56:13,995 | INFO |   [REC] Next sample in 3s...
2026-05-07 13:56:21,323 | INFO |   [SAVED] #5 -> webcam_1778142381321.npy  (hand: 100%, total: 189)
2026-05-07 13:56:21,324 | INFO | {"event": "sample_recorded", "timestamp": "2026-05-07T13:56:21", "class_name": "cold", "sample_num": 5, "filename": "webcam_1778142381321.npy", "frames_with_hand": 90, "total_frames": 90, "hand_detection_pct": "100%", "total_samples_for_class": 189}
2026-05-07 13:56:21,325 | INFO |   [REC] Next sample in 3s...
2026-05-07 13:56:28,502 | INFO |   [SAVED] #6 -> webcam_1778142388499.npy  (hand: 100%, total: 190)
2026-05-07 13:56:28,502 | INFO | {"event": "sample_recorded", "timestamp": "2026-05-07T13:56:28", "class_name": "cold", "sample_num": 6, "filename": "webcam_1778142388499.npy", "frames_with_hand": 90, "total_frames": 90, "hand_detection_pct": "100%", "total_samples_for_class": 190}
2026-05-07 13:56:28,503 | INFO |   [REC] Next sample in 3s...
2026-05-07 13:56:35,736 | INFO |   [SAVED] #7 -> webcam_1778142395732.npy  (hand: 100%, total: 191)
2026-05-07 13:56:35,736 | INFO | {"event": "sample_recorded", "timestamp": "2026-05-07T13:56:35", "class_name": "cold", "sample_num": 7, "filename": "webcam_1778142395732.npy", "frames_with_hand": 90, "total_frames": 90, "hand_detection_pct": "100%", "total_samples_for_class": 191}
2026-05-07 13:56:35,737 | INFO |   [REC] Next sample in 3s...
2026-05-07 13:56:42,743 | INFO |   [SAVED] #8 -> webcam_1778142402737.npy  (hand: 100%, total: 192)
2026-05-07 13:56:42,744 | INFO | {"event": "sample_recorded", "timestamp": "2026-05-07T13:56:42", "class_name": "cold", "sample_num": 8, "filename": "webcam_1778142402737.npy", "frames_with_hand": 90, "total_frames": 90, "hand_detection_pct": "100%", "total_samples_for_class": 192}
2026-05-07 13:56:42,744 | INFO |   [REC] Next sample in 3s...
2026-05-07 13:56:49,969 | INFO |   [SAVED] #9 -> webcam_1778142409967.npy  (hand: 100%, total: 193)
2026-05-07 13:56:49,970 | INFO | {"event": "sample_recorded", "timestamp": "2026-05-07T13:56:49", "class_name": "cold", "sample_num": 9, "filename": "webcam_1778142409967.npy", "frames_with_hand": 90, "total_frames": 90, "hand_detection_pct": "100%", "total_samples_for_class": 193}
2026-05-07 13:56:49,970 | INFO |   [REC] Next sample in 3s...
2026-05-07 13:56:57,327 | INFO |   [SAVED] #10 -> webcam_1778142417324.npy  (hand: 100%, total: 194)
2026-05-07 13:56:57,328 | INFO | {"event": "sample_recorded", "timestamp": "2026-05-07T13:56:57", "class_name": "cold", "sample_num": 10, "filename": "webcam_1778142417324.npy", "frames_with_hand": 90, "total_frames": 90, "hand_detection_pct": "100%", "total_samples_for_class": 194}
2026-05-07 13:56:59,268 | INFO | [Collect] Done! Saved 10 new samples for 'cold'.
2026-05-07 13:56:59,269 | INFO | [Collect] Total samples for 'cold': 194
2026-05-07 13:56:59,270 | INFO | {"event": "record_end", "timestamp": "2026-05-07T13:56:59", "class_name": "cold", "new_samples_saved": 10, "total_samples_for_class": 194}
