2026-05-06 22:23:07,543 | INFO | Logger initialized for collect
2026-05-06 22:23:07,544 | INFO | Log file: logs\collect_20260506_222307.log
2026-05-06 22:23:07,545 | INFO | {"event": "record_start", "timestamp": "2026-05-06T22:23:07", "class_name": "tall", "target_samples": 10}
2026-05-06 22:23:07,551 | INFO | [Collect] Class: 'tall'
2026-05-06 22:23:07,553 | INFO | [Collect] Existing samples: 164
2026-05-06 22:23:07,554 | INFO | [Collect] Recording: 90 frames (~3s), sub-sampled to 20
2026-05-06 22:23:07,554 | INFO | [Collect] Target: 10 new samples
2026-05-06 22:23:12,122 | INFO | Controls:
2026-05-06 22:23:12,124 | INFO |   Auto mode enabled: recording until target is reached
2026-05-06 22:23:12,124 | INFO |   SPACE  - (optional) restart countdown manually
2026-05-06 22:23:12,124 | INFO |   Q/ESC  - Finish and quit
2026-05-06 22:23:12,125 | INFO |   [REC] Auto countdown 3s...
2026-05-06 22:23:19,789 | INFO |   [SAVED] #1 -> webcam_1778086399784.npy  (hand: 100%, total: 165)
2026-05-06 22:23:19,789 | INFO | {"event": "sample_recorded", "timestamp": "2026-05-06T22:23:19", "class_name": "tall", "sample_num": 1, "filename": "webcam_1778086399784.npy", "frames_with_hand": 90, "total_frames": 90, "hand_detection_pct": "100%", "total_samples_for_class": 165}
2026-05-06 22:23:19,790 | INFO |   [REC] Next sample in 3s...
2026-05-06 22:23:27,323 | INFO |   [SAVED] #2 -> webcam_1778086407319.npy  (hand: 100%, total: 166)
2026-05-06 22:23:27,323 | INFO | {"event": "sample_recorded", "timestamp": "2026-05-06T22:23:27", "class_name": "tall", "sample_num": 2, "filename": "webcam_1778086407319.npy", "frames_with_hand": 90, "total_frames": 90, "hand_detection_pct": "100%", "total_samples_for_class": 166}
2026-05-06 22:23:27,324 | INFO |   [REC] Next sample in 3s...
2026-05-06 22:23:35,058 | INFO |   [SAVED] #3 -> webcam_1778086415054.npy  (hand: 100%, total: 167)
2026-05-06 22:23:35,059 | INFO | {"event": "sample_recorded", "timestamp": "2026-05-06T22:23:35", "class_name": "tall", "sample_num": 3, "filename": "webcam_1778086415054.npy", "frames_with_hand": 90, "total_frames": 90, "hand_detection_pct": "100%", "total_samples_for_class": 167}
2026-05-06 22:23:35,059 | INFO |   [REC] Next sample in 3s...
2026-05-06 22:23:42,547 | INFO |   [SAVED] #4 -> webcam_1778086422543.npy  (hand: 100%, total: 168)
2026-05-06 22:23:42,548 | INFO | {"event": "sample_recorded", "timestamp": "2026-05-06T22:23:42", "class_name": "tall", "sample_num": 4, "filename": "webcam_1778086422543.npy", "frames_with_hand": 90, "total_frames": 90, "hand_detection_pct": "100%", "total_samples_for_class": 168}
2026-05-06 22:23:42,548 | INFO |   [REC] Next sample in 3s...
2026-05-06 22:23:50,275 | INFO |   [SAVED] #5 -> webcam_1778086430271.npy  (hand: 100%, total: 169)
2026-05-06 22:23:50,275 | INFO | {"event": "sample_recorded", "timestamp": "2026-05-06T22:23:50", "class_name": "tall", "sample_num": 5, "filename": "webcam_1778086430271.npy", "frames_with_hand": 90, "total_frames": 90, "hand_detection_pct": "100%", "total_samples_for_class": 169}
2026-05-06 22:23:50,276 | INFO |   [REC] Next sample in 3s...
2026-05-06 22:23:57,871 | INFO |   [SAVED] #6 -> webcam_1778086437867.npy  (hand: 100%, total: 170)
2026-05-06 22:23:57,871 | INFO | {"event": "sample_recorded", "timestamp": "2026-05-06T22:23:57", "class_name": "tall", "sample_num": 6, "filename": "webcam_1778086437867.npy", "frames_with_hand": 90, "total_frames": 90, "hand_detection_pct": "100%", "total_samples_for_class": 170}
2026-05-06 22:23:57,872 | INFO |   [REC] Next sample in 3s...
2026-05-06 22:24:05,249 | INFO |   [SAVED] #7 -> webcam_1778086445246.npy  (hand: 100%, total: 171)
2026-05-06 22:24:05,249 | INFO | {"event": "sample_recorded", "timestamp": "2026-05-06T22:24:05", "class_name": "tall", "sample_num": 7, "filename": "webcam_1778086445246.npy", "frames_with_hand": 90, "total_frames": 90, "hand_detection_pct": "100%", "total_samples_for_class": 171}
2026-05-06 22:24:05,249 | INFO |   [REC] Next sample in 3s...
2026-05-06 22:24:12,504 | INFO |   [SAVED] #8 -> webcam_1778086452502.npy  (hand: 100%, total: 172)
2026-05-06 22:24:12,505 | INFO | {"event": "sample_recorded", "timestamp": "2026-05-06T22:24:12", "class_name": "tall", "sample_num": 8, "filename": "webcam_1778086452502.npy", "frames_with_hand": 90, "total_frames": 90, "hand_detection_pct": "100%", "total_samples_for_class": 172}
2026-05-06 22:24:12,505 | INFO |   [REC] Next sample in 3s...
2026-05-06 22:24:20,231 | INFO |   [SAVED] #9 -> webcam_1778086460228.npy  (hand: 100%, total: 173)
2026-05-06 22:24:20,231 | INFO | {"event": "sample_recorded", "timestamp": "2026-05-06T22:24:20", "class_name": "tall", "sample_num": 9, "filename": "webcam_1778086460228.npy", "frames_with_hand": 90, "total_frames": 90, "hand_detection_pct": "100%", "total_samples_for_class": 173}
2026-05-06 22:24:20,232 | INFO |   [REC] Next sample in 3s...
2026-05-06 22:24:27,817 | INFO |   [SAVED] #10 -> webcam_1778086467813.npy  (hand: 100%, total: 174)
2026-05-06 22:24:27,817 | INFO | {"event": "sample_recorded", "timestamp": "2026-05-06T22:24:27", "class_name": "tall", "sample_num": 10, "filename": "webcam_1778086467813.npy", "frames_with_hand": 90, "total_frames": 90, "hand_detection_pct": "100%", "total_samples_for_class": 174}
2026-05-06 22:24:29,704 | INFO | [Collect] Done! Saved 10 new samples for 'tall'.
2026-05-06 22:24:29,705 | INFO | [Collect] Total samples for 'tall': 174
2026-05-06 22:24:29,705 | INFO | {"event": "record_end", "timestamp": "2026-05-06T22:24:29", "class_name": "tall", "new_samples_saved": 10, "total_samples_for_class": 174}
