2026-05-07 13:36:50,807 | INFO | Logger initialized for collect
2026-05-07 13:36:50,812 | INFO | Log file: logs\collect_20260507_133650.log
2026-05-07 13:36:50,813 | INFO | {"event": "record_start", "timestamp": "2026-05-07T13:36:50", "class_name": "hot", "target_samples": 10}
2026-05-07 13:36:50,818 | INFO | [Collect] Class: 'hot'
2026-05-07 13:36:50,818 | INFO | [Collect] Existing samples: 174
2026-05-07 13:36:50,818 | INFO | [Collect] Recording: 90 frames (~3s), sub-sampled to 20
2026-05-07 13:36:50,819 | INFO | [Collect] Target: 10 new samples
2026-05-07 13:36:55,897 | INFO | Controls:
2026-05-07 13:36:55,897 | INFO |   Auto mode enabled: recording until target is reached
2026-05-07 13:36:55,898 | INFO |   SPACE  - (optional) restart countdown manually
2026-05-07 13:36:55,898 | INFO |   Q/ESC  - Finish and quit
2026-05-07 13:36:55,898 | INFO |   [REC] Auto countdown 3s...
2026-05-07 13:37:03,749 | INFO |   [SAVED] #1 -> webcam_1778141223746.npy  (hand: 100%, total: 175)
2026-05-07 13:37:03,750 | INFO | {"event": "sample_recorded", "timestamp": "2026-05-07T13:37:03", "class_name": "hot", "sample_num": 1, "filename": "webcam_1778141223746.npy", "frames_with_hand": 90, "total_frames": 90, "hand_detection_pct": "100%", "total_samples_for_class": 175}
2026-05-07 13:37:03,750 | INFO |   [REC] Next sample in 3s...
2026-05-07 13:37:12,225 | INFO |   [SAVED] #2 -> webcam_1778141232223.npy  (hand: 100%, total: 176)
2026-05-07 13:37:12,225 | INFO | {"event": "sample_recorded", "timestamp": "2026-05-07T13:37:12", "class_name": "hot", "sample_num": 2, "filename": "webcam_1778141232223.npy", "frames_with_hand": 90, "total_frames": 90, "hand_detection_pct": "100%", "total_samples_for_class": 176}
2026-05-07 13:37:12,227 | INFO |   [REC] Next sample in 3s...
2026-05-07 13:37:21,276 | INFO |   [SAVED] #3 -> webcam_1778141241273.npy  (hand: 100%, total: 177)
2026-05-07 13:37:21,277 | INFO | {"event": "sample_recorded", "timestamp": "2026-05-07T13:37:21", "class_name": "hot", "sample_num": 3, "filename": "webcam_1778141241273.npy", "frames_with_hand": 90, "total_frames": 90, "hand_detection_pct": "100%", "total_samples_for_class": 177}
2026-05-07 13:37:21,277 | INFO |   [REC] Next sample in 3s...
2026-05-07 13:37:30,065 | INFO |   [SAVED] #4 -> webcam_1778141250062.npy  (hand: 100%, total: 178)
2026-05-07 13:37:30,065 | INFO | {"event": "sample_recorded", "timestamp": "2026-05-07T13:37:30", "class_name": "hot", "sample_num": 4, "filename": "webcam_1778141250062.npy", "frames_with_hand": 90, "total_frames": 90, "hand_detection_pct": "100%", "total_samples_for_class": 178}
2026-05-07 13:37:30,065 | INFO |   [REC] Next sample in 3s...
2026-05-07 13:37:38,944 | INFO |   [SAVED] #5 -> webcam_1778141258942.npy  (hand: 100%, total: 179)
2026-05-07 13:37:38,945 | INFO | {"event": "sample_recorded", "timestamp": "2026-05-07T13:37:38", "class_name": "hot", "sample_num": 5, "filename": "webcam_1778141258942.npy", "frames_with_hand": 90, "total_frames": 90, "hand_detection_pct": "100%", "total_samples_for_class": 179}
2026-05-07 13:37:38,945 | INFO |   [REC] Next sample in 3s...
2026-05-07 13:37:47,323 | INFO |   [SAVED] #6 -> webcam_1778141267319.npy  (hand: 100%, total: 180)
2026-05-07 13:37:47,324 | INFO | {"event": "sample_recorded", "timestamp": "2026-05-07T13:37:47", "class_name": "hot", "sample_num": 6, "filename": "webcam_1778141267319.npy", "frames_with_hand": 90, "total_frames": 90, "hand_detection_pct": "100%", "total_samples_for_class": 180}
2026-05-07 13:37:47,324 | INFO |   [REC] Next sample in 3s...
2026-05-07 13:37:54,836 | INFO |   [SAVED] #7 -> webcam_1778141274833.npy  (hand: 100%, total: 181)
2026-05-07 13:37:54,836 | INFO | {"event": "sample_recorded", "timestamp": "2026-05-07T13:37:54", "class_name": "hot", "sample_num": 7, "filename": "webcam_1778141274833.npy", "frames_with_hand": 90, "total_frames": 90, "hand_detection_pct": "100%", "total_samples_for_class": 181}
2026-05-07 13:37:54,837 | INFO |   [REC] Next sample in 3s...
2026-05-07 13:38:02,930 | INFO |   [SAVED] #8 -> webcam_1778141282927.npy  (hand: 100%, total: 182)
2026-05-07 13:38:02,931 | INFO | {"event": "sample_recorded", "timestamp": "2026-05-07T13:38:02", "class_name": "hot", "sample_num": 8, "filename": "webcam_1778141282927.npy", "frames_with_hand": 90, "total_frames": 90, "hand_detection_pct": "100%", "total_samples_for_class": 182}
2026-05-07 13:38:02,931 | INFO |   [REC] Next sample in 3s...
2026-05-07 13:38:10,947 | INFO |   [SAVED] #9 -> webcam_1778141290942.npy  (hand: 100%, total: 183)
2026-05-07 13:38:10,948 | INFO | {"event": "sample_recorded", "timestamp": "2026-05-07T13:38:10", "class_name": "hot", "sample_num": 9, "filename": "webcam_1778141290942.npy", "frames_with_hand": 90, "total_frames": 90, "hand_detection_pct": "100%", "total_samples_for_class": 183}
2026-05-07 13:38:10,948 | INFO |   [REC] Next sample in 3s...
2026-05-07 13:38:18,950 | INFO |   [SAVED] #10 -> webcam_1778141298945.npy  (hand: 100%, total: 184)
2026-05-07 13:38:18,951 | INFO | {"event": "sample_recorded", "timestamp": "2026-05-07T13:38:18", "class_name": "hot", "sample_num": 10, "filename": "webcam_1778141298945.npy", "frames_with_hand": 90, "total_frames": 90, "hand_detection_pct": "100%", "total_samples_for_class": 184}
2026-05-07 13:38:20,864 | INFO | [Collect] Done! Saved 10 new samples for 'hot'.
2026-05-07 13:38:20,865 | INFO | [Collect] Total samples for 'hot': 184
2026-05-07 13:38:20,865 | INFO | {"event": "record_end", "timestamp": "2026-05-07T13:38:20", "class_name": "hot", "new_samples_saved": 10, "total_samples_for_class": 184}
