2026-05-12 18:35:58,896 | INFO | Logger initialized for collect
2026-05-12 18:35:58,898 | INFO | Log file: logs\collect_20260512_183558.log
2026-05-12 18:35:58,899 | INFO | {"event": "record_start", "timestamp": "2026-05-12T18:35:58", "class_name": "hard", "target_samples": 20}
2026-05-12 18:35:58,901 | INFO | [Collect] Class: 'hard'
2026-05-12 18:35:58,901 | INFO | [Collect] Existing samples: 72
2026-05-12 18:35:58,901 | INFO | [Collect] Recording: 90 frames (~3s), sub-sampled to 20
2026-05-12 18:35:58,902 | INFO | [Collect] Target: 20 new samples
2026-05-12 18:36:04,219 | INFO | Controls:
2026-05-12 18:36:04,220 | INFO |   Auto mode enabled: recording until target is reached
2026-05-12 18:36:04,220 | INFO |   SPACE  - (optional) restart countdown manually
2026-05-12 18:36:04,220 | INFO |   Q/ESC  - Finish and quit
2026-05-12 18:36:04,220 | INFO |   [REC] Auto countdown 3s...
2026-05-12 18:36:12,346 | INFO |   [SAVED] #1 -> webcam_1778591172343.npy  (hand: 100%, total: 73)
2026-05-12 18:36:12,346 | INFO | {"event": "sample_recorded", "timestamp": "2026-05-12T18:36:12", "class_name": "hard", "sample_num": 1, "filename": "webcam_1778591172343.npy", "frames_with_hand": 90, "total_frames": 90, "hand_detection_pct": "100%", "total_samples_for_class": 73}
2026-05-12 18:36:12,346 | INFO |   [REC] Next sample in 3s...
2026-05-12 18:36:20,328 | INFO |   [SAVED] #2 -> webcam_1778591180324.npy  (hand: 100%, total: 74)
2026-05-12 18:36:20,329 | INFO | {"event": "sample_recorded", "timestamp": "2026-05-12T18:36:20", "class_name": "hard", "sample_num": 2, "filename": "webcam_1778591180324.npy", "frames_with_hand": 90, "total_frames": 90, "hand_detection_pct": "100%", "total_samples_for_class": 74}
2026-05-12 18:36:20,329 | INFO |   [REC] Next sample in 3s...
2026-05-12 18:36:28,622 | INFO |   [SAVED] #3 -> webcam_1778591188618.npy  (hand: 100%, total: 75)
2026-05-12 18:36:28,623 | INFO | {"event": "sample_recorded", "timestamp": "2026-05-12T18:36:28", "class_name": "hard", "sample_num": 3, "filename": "webcam_1778591188618.npy", "frames_with_hand": 90, "total_frames": 90, "hand_detection_pct": "100%", "total_samples_for_class": 75}
2026-05-12 18:36:28,623 | INFO |   [REC] Next sample in 3s...
2026-05-12 18:36:36,535 | INFO |   [SAVED] #4 -> webcam_1778591196531.npy  (hand: 100%, total: 76)
2026-05-12 18:36:36,535 | INFO | {"event": "sample_recorded", "timestamp": "2026-05-12T18:36:36", "class_name": "hard", "sample_num": 4, "filename": "webcam_1778591196531.npy", "frames_with_hand": 90, "total_frames": 90, "hand_detection_pct": "100%", "total_samples_for_class": 76}
2026-05-12 18:36:36,535 | INFO |   [REC] Next sample in 3s...
2026-05-12 18:36:44,765 | INFO |   [SAVED] #5 -> webcam_1778591204760.npy  (hand: 100%, total: 77)
2026-05-12 18:36:44,765 | INFO | {"event": "sample_recorded", "timestamp": "2026-05-12T18:36:44", "class_name": "hard", "sample_num": 5, "filename": "webcam_1778591204760.npy", "frames_with_hand": 90, "total_frames": 90, "hand_detection_pct": "100%", "total_samples_for_class": 77}
2026-05-12 18:36:44,766 | INFO |   [REC] Next sample in 3s...
2026-05-12 18:36:52,659 | INFO |   [SAVED] #6 -> webcam_1778591212656.npy  (hand: 100%, total: 78)
2026-05-12 18:36:52,660 | INFO | {"event": "sample_recorded", "timestamp": "2026-05-12T18:36:52", "class_name": "hard", "sample_num": 6, "filename": "webcam_1778591212656.npy", "frames_with_hand": 90, "total_frames": 90, "hand_detection_pct": "100%", "total_samples_for_class": 78}
2026-05-12 18:36:52,660 | INFO |   [REC] Next sample in 3s...
2026-05-12 18:37:00,997 | INFO |   [SAVED] #7 -> webcam_1778591220993.npy  (hand: 100%, total: 79)
2026-05-12 18:37:00,997 | INFO | {"event": "sample_recorded", "timestamp": "2026-05-12T18:37:00", "class_name": "hard", "sample_num": 7, "filename": "webcam_1778591220993.npy", "frames_with_hand": 90, "total_frames": 90, "hand_detection_pct": "100%", "total_samples_for_class": 79}
2026-05-12 18:37:00,997 | INFO |   [REC] Next sample in 3s...
2026-05-12 18:37:09,399 | INFO |   [SAVED] #8 -> webcam_1778591229395.npy  (hand: 100%, total: 80)
2026-05-12 18:37:09,400 | INFO | {"event": "sample_recorded", "timestamp": "2026-05-12T18:37:09", "class_name": "hard", "sample_num": 8, "filename": "webcam_1778591229395.npy", "frames_with_hand": 90, "total_frames": 90, "hand_detection_pct": "100%", "total_samples_for_class": 80}
2026-05-12 18:37:09,400 | INFO |   [REC] Next sample in 3s...
2026-05-12 18:37:17,333 | INFO |   [SAVED] #9 -> webcam_1778591237330.npy  (hand: 100%, total: 81)
2026-05-12 18:37:17,334 | INFO | {"event": "sample_recorded", "timestamp": "2026-05-12T18:37:17", "class_name": "hard", "sample_num": 9, "filename": "webcam_1778591237330.npy", "frames_with_hand": 90, "total_frames": 90, "hand_detection_pct": "100%", "total_samples_for_class": 81}
2026-05-12 18:37:17,334 | INFO |   [REC] Next sample in 3s...
2026-05-12 18:37:25,235 | INFO |   [SAVED] #10 -> webcam_1778591245230.npy  (hand: 100%, total: 82)
2026-05-12 18:37:25,236 | INFO | {"event": "sample_recorded", "timestamp": "2026-05-12T18:37:25", "class_name": "hard", "sample_num": 10, "filename": "webcam_1778591245230.npy", "frames_with_hand": 90, "total_frames": 90, "hand_detection_pct": "100%", "total_samples_for_class": 82}
2026-05-12 18:37:25,236 | INFO |   [REC] Next sample in 3s...
2026-05-12 18:37:32,348 | INFO |   [SAVED] #11 -> webcam_1778591252346.npy  (hand: 100%, total: 83)
2026-05-12 18:37:32,349 | INFO | {"event": "sample_recorded", "timestamp": "2026-05-12T18:37:32", "class_name": "hard", "sample_num": 11, "filename": "webcam_1778591252346.npy", "frames_with_hand": 90, "total_frames": 90, "hand_detection_pct": "100%", "total_samples_for_class": 83}
2026-05-12 18:37:32,349 | INFO |   [REC] Next sample in 3s...
2026-05-12 18:37:39,927 | INFO |   [SAVED] #12 -> webcam_1778591259923.npy  (hand: 100%, total: 84)
2026-05-12 18:37:39,927 | INFO | {"event": "sample_recorded", "timestamp": "2026-05-12T18:37:39", "class_name": "hard", "sample_num": 12, "filename": "webcam_1778591259923.npy", "frames_with_hand": 90, "total_frames": 90, "hand_detection_pct": "100%", "total_samples_for_class": 84}
2026-05-12 18:37:39,928 | INFO |   [REC] Next sample in 3s...
2026-05-12 18:37:48,470 | INFO |   [SAVED] #13 -> webcam_1778591268466.npy  (hand: 100%, total: 85)
2026-05-12 18:37:48,470 | INFO | {"event": "sample_recorded", "timestamp": "2026-05-12T18:37:48", "class_name": "hard", "sample_num": 13, "filename": "webcam_1778591268466.npy", "frames_with_hand": 90, "total_frames": 90, "hand_detection_pct": "100%", "total_samples_for_class": 85}
2026-05-12 18:37:48,470 | INFO |   [REC] Next sample in 3s...
2026-05-12 18:37:56,411 | INFO |   [SAVED] #14 -> webcam_1778591276406.npy  (hand: 100%, total: 86)
2026-05-12 18:37:56,412 | INFO | {"event": "sample_recorded", "timestamp": "2026-05-12T18:37:56", "class_name": "hard", "sample_num": 14, "filename": "webcam_1778591276406.npy", "frames_with_hand": 90, "total_frames": 90, "hand_detection_pct": "100%", "total_samples_for_class": 86}
2026-05-12 18:37:56,412 | INFO |   [REC] Next sample in 3s...
2026-05-12 18:38:04,840 | INFO |   [SAVED] #15 -> webcam_1778591284836.npy  (hand: 100%, total: 87)
2026-05-12 18:38:04,840 | INFO | {"event": "sample_recorded", "timestamp": "2026-05-12T18:38:04", "class_name": "hard", "sample_num": 15, "filename": "webcam_1778591284836.npy", "frames_with_hand": 90, "total_frames": 90, "hand_detection_pct": "100%", "total_samples_for_class": 87}
2026-05-12 18:38:04,841 | INFO |   [REC] Next sample in 3s...
2026-05-12 18:38:13,037 | INFO |   [SAVED] #16 -> webcam_1778591293034.npy  (hand: 100%, total: 88)
2026-05-12 18:38:13,038 | INFO | {"event": "sample_recorded", "timestamp": "2026-05-12T18:38:13", "class_name": "hard", "sample_num": 16, "filename": "webcam_1778591293034.npy", "frames_with_hand": 90, "total_frames": 90, "hand_detection_pct": "100%", "total_samples_for_class": 88}
2026-05-12 18:38:13,038 | INFO |   [REC] Next sample in 3s...
2026-05-12 18:38:20,984 | INFO |   [SAVED] #17 -> webcam_1778591300980.npy  (hand: 100%, total: 89)
2026-05-12 18:38:20,985 | INFO | {"event": "sample_recorded", "timestamp": "2026-05-12T18:38:20", "class_name": "hard", "sample_num": 17, "filename": "webcam_1778591300980.npy", "frames_with_hand": 90, "total_frames": 90, "hand_detection_pct": "100%", "total_samples_for_class": 89}
2026-05-12 18:38:20,985 | INFO |   [REC] Next sample in 3s...
2026-05-12 18:38:28,238 | INFO |   [SAVED] #18 -> webcam_1778591308234.npy  (hand: 100%, total: 90)
2026-05-12 18:38:28,238 | INFO | {"event": "sample_recorded", "timestamp": "2026-05-12T18:38:28", "class_name": "hard", "sample_num": 18, "filename": "webcam_1778591308234.npy", "frames_with_hand": 90, "total_frames": 90, "hand_detection_pct": "100%", "total_samples_for_class": 90}
2026-05-12 18:38:28,239 | INFO |   [REC] Next sample in 3s...
2026-05-12 18:38:36,006 | INFO |   [SAVED] #19 -> webcam_1778591316003.npy  (hand: 100%, total: 91)
2026-05-12 18:38:36,007 | INFO | {"event": "sample_recorded", "timestamp": "2026-05-12T18:38:36", "class_name": "hard", "sample_num": 19, "filename": "webcam_1778591316003.npy", "frames_with_hand": 90, "total_frames": 90, "hand_detection_pct": "100%", "total_samples_for_class": 91}
2026-05-12 18:38:36,007 | INFO |   [REC] Next sample in 3s...
2026-05-12 18:38:43,878 | INFO |   [SAVED] #20 -> webcam_1778591323875.npy  (hand: 100%, total: 92)
2026-05-12 18:38:43,879 | INFO | {"event": "sample_recorded", "timestamp": "2026-05-12T18:38:43", "class_name": "hard", "sample_num": 20, "filename": "webcam_1778591323875.npy", "frames_with_hand": 90, "total_frames": 90, "hand_detection_pct": "100%", "total_samples_for_class": 92}
2026-05-12 18:38:45,749 | INFO | [Collect] Done! Saved 20 new samples for 'hard'.
2026-05-12 18:38:45,749 | INFO | [Collect] Total samples for 'hard': 92
2026-05-12 18:38:45,750 | INFO | {"event": "record_end", "timestamp": "2026-05-12T18:38:45", "class_name": "hard", "new_samples_saved": 20, "total_samples_for_class": 92}
