2026-05-06 19:27:14,764 | INFO | Logger initialized for collect
2026-05-06 19:27:14,764 | INFO | Log file: logs\collect_20260506_192714.log
2026-05-06 19:27:14,765 | INFO | {"event": "record_start", "timestamp": "2026-05-06T19:27:14", "class_name": "long", "target_samples": 10}
2026-05-06 19:27:14,771 | INFO | [Collect] Class: 'long'
2026-05-06 19:27:14,771 | INFO | [Collect] Existing samples: 194
2026-05-06 19:27:14,772 | INFO | [Collect] Recording: 90 frames (~3s), sub-sampled to 20
2026-05-06 19:27:14,772 | INFO | [Collect] Target: 10 new samples
2026-05-06 19:27:19,530 | INFO | Controls:
2026-05-06 19:27:19,532 | INFO |   Auto mode enabled: recording until target is reached
2026-05-06 19:27:19,532 | INFO |   SPACE  - (optional) restart countdown manually
2026-05-06 19:27:19,532 | INFO |   Q/ESC  - Finish and quit
2026-05-06 19:27:19,533 | INFO |   [REC] Auto countdown 3s...
2026-05-06 19:27:27,536 | INFO |   [SAVED] #1 -> webcam_1778075847532.npy  (hand: 100%, total: 195)
2026-05-06 19:27:27,536 | INFO | {"event": "sample_recorded", "timestamp": "2026-05-06T19:27:27", "class_name": "long", "sample_num": 1, "filename": "webcam_1778075847532.npy", "frames_with_hand": 90, "total_frames": 90, "hand_detection_pct": "100%", "total_samples_for_class": 195}
2026-05-06 19:27:27,537 | INFO |   [REC] Next sample in 3s...
2026-05-06 19:27:35,686 | INFO |   [SAVED] #2 -> webcam_1778075855682.npy  (hand: 100%, total: 196)
2026-05-06 19:27:35,687 | INFO | {"event": "sample_recorded", "timestamp": "2026-05-06T19:27:35", "class_name": "long", "sample_num": 2, "filename": "webcam_1778075855682.npy", "frames_with_hand": 90, "total_frames": 90, "hand_detection_pct": "100%", "total_samples_for_class": 196}
2026-05-06 19:27:35,687 | INFO |   [REC] Next sample in 3s...
2026-05-06 19:27:44,405 | INFO |   [SAVED] #3 -> webcam_1778075864401.npy  (hand: 100%, total: 197)
2026-05-06 19:27:44,406 | INFO | {"event": "sample_recorded", "timestamp": "2026-05-06T19:27:44", "class_name": "long", "sample_num": 3, "filename": "webcam_1778075864401.npy", "frames_with_hand": 90, "total_frames": 90, "hand_detection_pct": "100%", "total_samples_for_class": 197}
2026-05-06 19:27:44,406 | INFO |   [REC] Next sample in 3s...
2026-05-06 19:27:52,786 | INFO |   [SAVED] #4 -> webcam_1778075872782.npy  (hand: 100%, total: 198)
2026-05-06 19:27:52,787 | INFO | {"event": "sample_recorded", "timestamp": "2026-05-06T19:27:52", "class_name": "long", "sample_num": 4, "filename": "webcam_1778075872782.npy", "frames_with_hand": 90, "total_frames": 90, "hand_detection_pct": "100%", "total_samples_for_class": 198}
2026-05-06 19:27:52,787 | INFO |   [REC] Next sample in 3s...
2026-05-06 19:28:01,633 | INFO |   [SAVED] #5 -> webcam_1778075881630.npy  (hand: 100%, total: 199)
2026-05-06 19:28:01,633 | INFO | {"event": "sample_recorded", "timestamp": "2026-05-06T19:28:01", "class_name": "long", "sample_num": 5, "filename": "webcam_1778075881630.npy", "frames_with_hand": 90, "total_frames": 90, "hand_detection_pct": "100%", "total_samples_for_class": 199}
2026-05-06 19:28:01,633 | INFO |   [REC] Next sample in 3s...
2026-05-06 19:28:10,454 | INFO |   [SAVED] #6 -> webcam_1778075890450.npy  (hand: 100%, total: 200)
2026-05-06 19:28:10,455 | INFO | {"event": "sample_recorded", "timestamp": "2026-05-06T19:28:10", "class_name": "long", "sample_num": 6, "filename": "webcam_1778075890450.npy", "frames_with_hand": 90, "total_frames": 90, "hand_detection_pct": "100%", "total_samples_for_class": 200}
2026-05-06 19:28:10,455 | INFO |   [REC] Next sample in 3s...
2026-05-06 19:28:19,237 | INFO |   [SAVED] #7 -> webcam_1778075899233.npy  (hand: 100%, total: 201)
2026-05-06 19:28:19,239 | INFO | {"event": "sample_recorded", "timestamp": "2026-05-06T19:28:19", "class_name": "long", "sample_num": 7, "filename": "webcam_1778075899233.npy", "frames_with_hand": 90, "total_frames": 90, "hand_detection_pct": "100%", "total_samples_for_class": 201}
2026-05-06 19:28:19,239 | INFO |   [REC] Next sample in 3s...
2026-05-06 19:28:27,725 | INFO |   [SAVED] #8 -> webcam_1778075907723.npy  (hand: 100%, total: 202)
2026-05-06 19:28:27,726 | INFO | {"event": "sample_recorded", "timestamp": "2026-05-06T19:28:27", "class_name": "long", "sample_num": 8, "filename": "webcam_1778075907723.npy", "frames_with_hand": 90, "total_frames": 90, "hand_detection_pct": "100%", "total_samples_for_class": 202}
2026-05-06 19:28:27,726 | INFO |   [REC] Next sample in 3s...
2026-05-06 19:28:36,228 | INFO |   [SAVED] #9 -> webcam_1778075916225.npy  (hand: 100%, total: 203)
2026-05-06 19:28:36,228 | INFO | {"event": "sample_recorded", "timestamp": "2026-05-06T19:28:36", "class_name": "long", "sample_num": 9, "filename": "webcam_1778075916225.npy", "frames_with_hand": 90, "total_frames": 90, "hand_detection_pct": "100%", "total_samples_for_class": 203}
2026-05-06 19:28:36,228 | INFO |   [REC] Next sample in 3s...
2026-05-06 19:28:44,807 | INFO |   [SAVED] #10 -> webcam_1778075924805.npy  (hand: 100%, total: 204)
2026-05-06 19:28:44,807 | INFO | {"event": "sample_recorded", "timestamp": "2026-05-06T19:28:44", "class_name": "long", "sample_num": 10, "filename": "webcam_1778075924805.npy", "frames_with_hand": 90, "total_frames": 90, "hand_detection_pct": "100%", "total_samples_for_class": 204}
2026-05-06 19:28:46,690 | INFO | [Collect] Done! Saved 10 new samples for 'long'.
2026-05-06 19:28:46,691 | INFO | [Collect] Total samples for 'long': 204
2026-05-06 19:28:46,691 | INFO | {"event": "record_end", "timestamp": "2026-05-06T19:28:46", "class_name": "long", "new_samples_saved": 10, "total_samples_for_class": 204}
