2026-05-06 19:23:13,651 | INFO | Logger initialized for collect
2026-05-06 19:23:13,651 | INFO | Log file: logs\collect_20260506_192313.log
2026-05-06 19:23:13,652 | INFO | {"event": "record_start", "timestamp": "2026-05-06T19:23:13", "class_name": "long", "target_samples": 10}
2026-05-06 19:23:13,657 | INFO | [Collect] Class: 'long'
2026-05-06 19:23:13,657 | INFO | [Collect] Existing samples: 174
2026-05-06 19:23:13,657 | INFO | [Collect] Recording: 90 frames (~3s), sub-sampled to 20
2026-05-06 19:23:13,658 | INFO | [Collect] Target: 10 new samples
2026-05-06 19:23:17,578 | INFO | Controls:
2026-05-06 19:23:17,579 | INFO |   Auto mode enabled: recording until target is reached
2026-05-06 19:23:17,579 | INFO |   SPACE  - (optional) restart countdown manually
2026-05-06 19:23:17,580 | INFO |   Q/ESC  - Finish and quit
2026-05-06 19:23:17,580 | INFO |   [REC] Auto countdown 3s...
2026-05-06 19:23:23,952 | INFO |   [SAVED] #1 -> webcam_1778075603948.npy  (hand: 100%, total: 175)
2026-05-06 19:23:23,952 | INFO | {"event": "sample_recorded", "timestamp": "2026-05-06T19:23:23", "class_name": "long", "sample_num": 1, "filename": "webcam_1778075603948.npy", "frames_with_hand": 90, "total_frames": 90, "hand_detection_pct": "100%", "total_samples_for_class": 175}
2026-05-06 19:23:23,952 | INFO |   [REC] Next sample in 3s...
2026-05-06 19:23:30,044 | INFO |   [SAVED] #2 -> webcam_1778075610042.npy  (hand: 100%, total: 176)
2026-05-06 19:23:30,044 | INFO | {"event": "sample_recorded", "timestamp": "2026-05-06T19:23:30", "class_name": "long", "sample_num": 2, "filename": "webcam_1778075610042.npy", "frames_with_hand": 90, "total_frames": 90, "hand_detection_pct": "100%", "total_samples_for_class": 176}
2026-05-06 19:23:30,044 | INFO |   [REC] Next sample in 3s...
2026-05-06 19:23:36,411 | INFO |   [SAVED] #3 -> webcam_1778075616404.npy  (hand: 100%, total: 177)
2026-05-06 19:23:36,413 | INFO | {"event": "sample_recorded", "timestamp": "2026-05-06T19:23:36", "class_name": "long", "sample_num": 3, "filename": "webcam_1778075616404.npy", "frames_with_hand": 90, "total_frames": 90, "hand_detection_pct": "100%", "total_samples_for_class": 177}
2026-05-06 19:23:36,415 | INFO |   [REC] Next sample in 3s...
2026-05-06 19:23:42,931 | INFO |   [SAVED] #4 -> webcam_1778075622929.npy  (hand: 100%, total: 178)
2026-05-06 19:23:42,931 | INFO | {"event": "sample_recorded", "timestamp": "2026-05-06T19:23:42", "class_name": "long", "sample_num": 4, "filename": "webcam_1778075622929.npy", "frames_with_hand": 90, "total_frames": 90, "hand_detection_pct": "100%", "total_samples_for_class": 178}
2026-05-06 19:23:42,932 | INFO |   [REC] Next sample in 3s...
2026-05-06 19:23:49,480 | INFO |   [SAVED] #5 -> webcam_1778075629476.npy  (hand: 100%, total: 179)
2026-05-06 19:23:49,481 | INFO | {"event": "sample_recorded", "timestamp": "2026-05-06T19:23:49", "class_name": "long", "sample_num": 5, "filename": "webcam_1778075629476.npy", "frames_with_hand": 90, "total_frames": 90, "hand_detection_pct": "100%", "total_samples_for_class": 179}
2026-05-06 19:23:49,481 | INFO |   [REC] Next sample in 3s...
2026-05-06 19:23:56,024 | INFO |   [SAVED] #6 -> webcam_1778075636021.npy  (hand: 100%, total: 180)
2026-05-06 19:23:56,024 | INFO | {"event": "sample_recorded", "timestamp": "2026-05-06T19:23:56", "class_name": "long", "sample_num": 6, "filename": "webcam_1778075636021.npy", "frames_with_hand": 90, "total_frames": 90, "hand_detection_pct": "100%", "total_samples_for_class": 180}
2026-05-06 19:23:56,025 | INFO |   [REC] Next sample in 3s...
2026-05-06 19:24:02,754 | INFO |   [SAVED] #7 -> webcam_1778075642752.npy  (hand: 100%, total: 181)
2026-05-06 19:24:02,754 | INFO | {"event": "sample_recorded", "timestamp": "2026-05-06T19:24:02", "class_name": "long", "sample_num": 7, "filename": "webcam_1778075642752.npy", "frames_with_hand": 90, "total_frames": 90, "hand_detection_pct": "100%", "total_samples_for_class": 181}
2026-05-06 19:24:02,754 | INFO |   [REC] Next sample in 3s...
2026-05-06 19:24:09,506 | INFO |   [SAVED] #8 -> webcam_1778075649502.npy  (hand: 100%, total: 182)
2026-05-06 19:24:09,506 | INFO | {"event": "sample_recorded", "timestamp": "2026-05-06T19:24:09", "class_name": "long", "sample_num": 8, "filename": "webcam_1778075649502.npy", "frames_with_hand": 90, "total_frames": 90, "hand_detection_pct": "100%", "total_samples_for_class": 182}
2026-05-06 19:24:09,506 | INFO |   [REC] Next sample in 3s...
2026-05-06 19:24:16,412 | INFO |   [SAVED] #9 -> webcam_1778075656406.npy  (hand: 100%, total: 183)
2026-05-06 19:24:16,413 | INFO | {"event": "sample_recorded", "timestamp": "2026-05-06T19:24:16", "class_name": "long", "sample_num": 9, "filename": "webcam_1778075656406.npy", "frames_with_hand": 90, "total_frames": 90, "hand_detection_pct": "100%", "total_samples_for_class": 183}
2026-05-06 19:24:16,413 | INFO |   [REC] Next sample in 3s...
2026-05-06 19:24:23,147 | INFO |   [SAVED] #10 -> webcam_1778075663145.npy  (hand: 100%, total: 184)
2026-05-06 19:24:23,147 | INFO | {"event": "sample_recorded", "timestamp": "2026-05-06T19:24:23", "class_name": "long", "sample_num": 10, "filename": "webcam_1778075663145.npy", "frames_with_hand": 90, "total_frames": 90, "hand_detection_pct": "100%", "total_samples_for_class": 184}
2026-05-06 19:24:25,091 | INFO | [Collect] Done! Saved 10 new samples for 'long'.
2026-05-06 19:24:25,092 | INFO | [Collect] Total samples for 'long': 184
2026-05-06 19:24:25,092 | INFO | {"event": "record_end", "timestamp": "2026-05-06T19:24:25", "class_name": "long", "new_samples_saved": 10, "total_samples_for_class": 184}
