2026-05-08 22:35:23,937 | INFO | Logger initialized for collect
2026-05-08 22:35:23,938 | INFO | Log file: logs\collect_20260508_223523.log
2026-05-08 22:35:23,939 | INFO | {"event": "record_start", "timestamp": "2026-05-08T22:35:23", "class_name": "high", "target_samples": 20}
2026-05-08 22:35:23,941 | INFO | [Collect] Class: 'high'
2026-05-08 22:35:23,941 | INFO | [Collect] Existing samples: 92
2026-05-08 22:35:23,942 | INFO | [Collect] Recording: 90 frames (~3s), sub-sampled to 20
2026-05-08 22:35:23,942 | INFO | [Collect] Target: 20 new samples
2026-05-08 22:35:31,017 | INFO | Controls:
2026-05-08 22:35:31,017 | INFO |   Auto mode enabled: recording until target is reached
2026-05-08 22:35:31,018 | INFO |   SPACE  - (optional) restart countdown manually
2026-05-08 22:35:31,018 | INFO |   Q/ESC  - Finish and quit
2026-05-08 22:35:31,018 | INFO |   [REC] Auto countdown 3s...
2026-05-08 22:35:40,080 | INFO |   [SAVED] #1 -> webcam_1778259940077.npy  (hand: 100%, total: 93)
2026-05-08 22:35:40,081 | INFO | {"event": "sample_recorded", "timestamp": "2026-05-08T22:35:40", "class_name": "high", "sample_num": 1, "filename": "webcam_1778259940077.npy", "frames_with_hand": 90, "total_frames": 90, "hand_detection_pct": "100%", "total_samples_for_class": 93}
2026-05-08 22:35:40,081 | INFO |   [REC] Next sample in 3s...
2026-05-08 22:35:48,868 | INFO |   [SAVED] #2 -> webcam_1778259948864.npy  (hand: 100%, total: 94)
2026-05-08 22:35:48,868 | INFO | {"event": "sample_recorded", "timestamp": "2026-05-08T22:35:48", "class_name": "high", "sample_num": 2, "filename": "webcam_1778259948864.npy", "frames_with_hand": 90, "total_frames": 90, "hand_detection_pct": "100%", "total_samples_for_class": 94}
2026-05-08 22:35:48,868 | INFO |   [REC] Next sample in 3s...
2026-05-08 22:35:57,392 | INFO |   [SAVED] #3 -> webcam_1778259957388.npy  (hand: 100%, total: 95)
2026-05-08 22:35:57,393 | INFO | {"event": "sample_recorded", "timestamp": "2026-05-08T22:35:57", "class_name": "high", "sample_num": 3, "filename": "webcam_1778259957388.npy", "frames_with_hand": 90, "total_frames": 90, "hand_detection_pct": "100%", "total_samples_for_class": 95}
2026-05-08 22:35:57,393 | INFO |   [REC] Next sample in 3s...
2026-05-08 22:36:05,994 | INFO |   [SAVED] #4 -> webcam_1778259965992.npy  (hand: 100%, total: 96)
2026-05-08 22:36:05,994 | INFO | {"event": "sample_recorded", "timestamp": "2026-05-08T22:36:05", "class_name": "high", "sample_num": 4, "filename": "webcam_1778259965992.npy", "frames_with_hand": 90, "total_frames": 90, "hand_detection_pct": "100%", "total_samples_for_class": 96}
2026-05-08 22:36:05,995 | INFO |   [REC] Next sample in 3s...
2026-05-08 22:36:14,631 | INFO |   [SAVED] #5 -> webcam_1778259974627.npy  (hand: 100%, total: 97)
2026-05-08 22:36:14,631 | INFO | {"event": "sample_recorded", "timestamp": "2026-05-08T22:36:14", "class_name": "high", "sample_num": 5, "filename": "webcam_1778259974627.npy", "frames_with_hand": 90, "total_frames": 90, "hand_detection_pct": "100%", "total_samples_for_class": 97}
2026-05-08 22:36:14,631 | INFO |   [REC] Next sample in 3s...
2026-05-08 22:36:23,577 | INFO |   [SAVED] #6 -> webcam_1778259983575.npy  (hand: 100%, total: 98)
2026-05-08 22:36:23,578 | INFO | {"event": "sample_recorded", "timestamp": "2026-05-08T22:36:23", "class_name": "high", "sample_num": 6, "filename": "webcam_1778259983575.npy", "frames_with_hand": 90, "total_frames": 90, "hand_detection_pct": "100%", "total_samples_for_class": 98}
2026-05-08 22:36:23,581 | INFO |   [REC] Next sample in 3s...
2026-05-08 22:36:32,272 | INFO |   [SAVED] #7 -> webcam_1778259992267.npy  (hand: 100%, total: 99)
2026-05-08 22:36:32,272 | INFO | {"event": "sample_recorded", "timestamp": "2026-05-08T22:36:32", "class_name": "high", "sample_num": 7, "filename": "webcam_1778259992267.npy", "frames_with_hand": 90, "total_frames": 90, "hand_detection_pct": "100%", "total_samples_for_class": 99}
2026-05-08 22:36:32,273 | INFO |   [REC] Next sample in 3s...
2026-05-08 22:36:40,565 | INFO |   [SAVED] #8 -> webcam_1778260000562.npy  (hand: 100%, total: 100)
2026-05-08 22:36:40,565 | INFO | {"event": "sample_recorded", "timestamp": "2026-05-08T22:36:40", "class_name": "high", "sample_num": 8, "filename": "webcam_1778260000562.npy", "frames_with_hand": 90, "total_frames": 90, "hand_detection_pct": "100%", "total_samples_for_class": 100}
2026-05-08 22:36:40,566 | INFO |   [REC] Next sample in 3s...
2026-05-08 22:36:49,313 | INFO |   [SAVED] #9 -> webcam_1778260009310.npy  (hand: 100%, total: 101)
2026-05-08 22:36:49,313 | INFO | {"event": "sample_recorded", "timestamp": "2026-05-08T22:36:49", "class_name": "high", "sample_num": 9, "filename": "webcam_1778260009310.npy", "frames_with_hand": 90, "total_frames": 90, "hand_detection_pct": "100%", "total_samples_for_class": 101}
2026-05-08 22:36:49,314 | INFO |   [REC] Next sample in 3s...
2026-05-08 22:36:57,862 | INFO |   [SAVED] #10 -> webcam_1778260017859.npy  (hand: 100%, total: 102)
2026-05-08 22:36:57,862 | INFO | {"event": "sample_recorded", "timestamp": "2026-05-08T22:36:57", "class_name": "high", "sample_num": 10, "filename": "webcam_1778260017859.npy", "frames_with_hand": 90, "total_frames": 90, "hand_detection_pct": "100%", "total_samples_for_class": 102}
2026-05-08 22:36:57,862 | INFO |   [REC] Next sample in 3s...
2026-05-08 22:37:06,601 | INFO |   [SAVED] #11 -> webcam_1778260026598.npy  (hand: 100%, total: 103)
2026-05-08 22:37:06,601 | INFO | {"event": "sample_recorded", "timestamp": "2026-05-08T22:37:06", "class_name": "high", "sample_num": 11, "filename": "webcam_1778260026598.npy", "frames_with_hand": 90, "total_frames": 90, "hand_detection_pct": "100%", "total_samples_for_class": 103}
2026-05-08 22:37:06,602 | INFO |   [REC] Next sample in 3s...
2026-05-08 22:37:14,859 | INFO |   [SAVED] #12 -> webcam_1778260034855.npy  (hand: 100%, total: 104)
2026-05-08 22:37:14,859 | INFO | {"event": "sample_recorded", "timestamp": "2026-05-08T22:37:14", "class_name": "high", "sample_num": 12, "filename": "webcam_1778260034855.npy", "frames_with_hand": 90, "total_frames": 90, "hand_detection_pct": "100%", "total_samples_for_class": 104}
2026-05-08 22:37:14,859 | INFO |   [REC] Next sample in 3s...
2026-05-08 22:37:23,296 | INFO |   [SAVED] #13 -> webcam_1778260043294.npy  (hand: 100%, total: 105)
2026-05-08 22:37:23,297 | INFO | {"event": "sample_recorded", "timestamp": "2026-05-08T22:37:23", "class_name": "high", "sample_num": 13, "filename": "webcam_1778260043294.npy", "frames_with_hand": 90, "total_frames": 90, "hand_detection_pct": "100%", "total_samples_for_class": 105}
2026-05-08 22:37:23,297 | INFO |   [REC] Next sample in 3s...
2026-05-08 22:37:32,106 | INFO |   [SAVED] #14 -> webcam_1778260052102.npy  (hand: 100%, total: 106)
2026-05-08 22:37:32,107 | INFO | {"event": "sample_recorded", "timestamp": "2026-05-08T22:37:32", "class_name": "high", "sample_num": 14, "filename": "webcam_1778260052102.npy", "frames_with_hand": 90, "total_frames": 90, "hand_detection_pct": "100%", "total_samples_for_class": 106}
2026-05-08 22:37:32,107 | INFO |   [REC] Next sample in 3s...
2026-05-08 22:37:40,813 | INFO |   [SAVED] #15 -> webcam_1778260060811.npy  (hand: 100%, total: 107)
2026-05-08 22:37:40,813 | INFO | {"event": "sample_recorded", "timestamp": "2026-05-08T22:37:40", "class_name": "high", "sample_num": 15, "filename": "webcam_1778260060811.npy", "frames_with_hand": 90, "total_frames": 90, "hand_detection_pct": "100%", "total_samples_for_class": 107}
2026-05-08 22:37:40,814 | INFO |   [REC] Next sample in 3s...
2026-05-08 22:37:49,212 | INFO |   [SAVED] #16 -> webcam_1778260069208.npy  (hand: 100%, total: 108)
2026-05-08 22:37:49,212 | INFO | {"event": "sample_recorded", "timestamp": "2026-05-08T22:37:49", "class_name": "high", "sample_num": 16, "filename": "webcam_1778260069208.npy", "frames_with_hand": 90, "total_frames": 90, "hand_detection_pct": "100%", "total_samples_for_class": 108}
2026-05-08 22:37:49,213 | INFO |   [REC] Next sample in 3s...
2026-05-08 22:37:57,854 | INFO |   [SAVED] #17 -> webcam_1778260077849.npy  (hand: 100%, total: 109)
2026-05-08 22:37:57,854 | INFO | {"event": "sample_recorded", "timestamp": "2026-05-08T22:37:57", "class_name": "high", "sample_num": 17, "filename": "webcam_1778260077849.npy", "frames_with_hand": 90, "total_frames": 90, "hand_detection_pct": "100%", "total_samples_for_class": 109}
2026-05-08 22:37:57,854 | INFO |   [REC] Next sample in 3s...
2026-05-08 22:38:06,506 | INFO |   [SAVED] #18 -> webcam_1778260086502.npy  (hand: 100%, total: 110)
2026-05-08 22:38:06,507 | INFO | {"event": "sample_recorded", "timestamp": "2026-05-08T22:38:06", "class_name": "high", "sample_num": 18, "filename": "webcam_1778260086502.npy", "frames_with_hand": 90, "total_frames": 90, "hand_detection_pct": "100%", "total_samples_for_class": 110}
2026-05-08 22:38:06,507 | INFO |   [REC] Next sample in 3s...
2026-05-08 22:38:14,882 | INFO |   [SAVED] #19 -> webcam_1778260094879.npy  (hand: 100%, total: 111)
2026-05-08 22:38:14,882 | INFO | {"event": "sample_recorded", "timestamp": "2026-05-08T22:38:14", "class_name": "high", "sample_num": 19, "filename": "webcam_1778260094879.npy", "frames_with_hand": 90, "total_frames": 90, "hand_detection_pct": "100%", "total_samples_for_class": 111}
2026-05-08 22:38:14,883 | INFO |   [REC] Next sample in 3s...
2026-05-08 22:38:23,217 | INFO |   [SAVED] #20 -> webcam_1778260103212.npy  (hand: 100%, total: 112)
2026-05-08 22:38:23,217 | INFO | {"event": "sample_recorded", "timestamp": "2026-05-08T22:38:23", "class_name": "high", "sample_num": 20, "filename": "webcam_1778260103212.npy", "frames_with_hand": 90, "total_frames": 90, "hand_detection_pct": "100%", "total_samples_for_class": 112}
2026-05-08 22:38:25,095 | INFO | [Collect] Done! Saved 20 new samples for 'high'.
2026-05-08 22:38:25,095 | INFO | [Collect] Total samples for 'high': 112
2026-05-08 22:38:25,097 | INFO | {"event": "record_end", "timestamp": "2026-05-08T22:38:25", "class_name": "high", "new_samples_saved": 20, "total_samples_for_class": 112}
