2026-05-07 11:23:51,850 | INFO | Logger initialized for collect
2026-05-07 11:23:51,851 | INFO | Log file: logs\collect_20260507_112351.log
2026-05-07 11:23:51,852 | INFO | {"event": "record_start", "timestamp": "2026-05-07T11:23:51", "class_name": "young", "target_samples": 10}
2026-05-07 11:23:51,857 | INFO | [Collect] Class: 'young'
2026-05-07 11:23:51,859 | INFO | [Collect] Existing samples: 204
2026-05-07 11:23:51,859 | INFO | [Collect] Recording: 90 frames (~3s), sub-sampled to 20
2026-05-07 11:23:51,860 | INFO | [Collect] Target: 10 new samples
2026-05-07 11:23:56,929 | INFO | Controls:
2026-05-07 11:23:56,930 | INFO |   Auto mode enabled: recording until target is reached
2026-05-07 11:23:56,930 | INFO |   SPACE  - (optional) restart countdown manually
2026-05-07 11:23:56,930 | INFO |   Q/ESC  - Finish and quit
2026-05-07 11:23:56,930 | INFO |   [REC] Auto countdown 3s...
2026-05-07 11:24:04,545 | INFO |   [SAVED] #1 -> webcam_1778133244542.npy  (hand: 100%, total: 205)
2026-05-07 11:24:04,545 | INFO | {"event": "sample_recorded", "timestamp": "2026-05-07T11:24:04", "class_name": "young", "sample_num": 1, "filename": "webcam_1778133244542.npy", "frames_with_hand": 90, "total_frames": 90, "hand_detection_pct": "100%", "total_samples_for_class": 205}
2026-05-07 11:24:04,545 | INFO |   [REC] Next sample in 3s...
2026-05-07 11:24:11,940 | INFO |   [SAVED] #2 -> webcam_1778133251938.npy  (hand: 100%, total: 206)
2026-05-07 11:24:11,941 | INFO | {"event": "sample_recorded", "timestamp": "2026-05-07T11:24:11", "class_name": "young", "sample_num": 2, "filename": "webcam_1778133251938.npy", "frames_with_hand": 90, "total_frames": 90, "hand_detection_pct": "100%", "total_samples_for_class": 206}
2026-05-07 11:24:11,941 | INFO |   [REC] Next sample in 3s...
2026-05-07 11:24:19,589 | INFO |   [SAVED] #3 -> webcam_1778133259586.npy  (hand: 100%, total: 207)
2026-05-07 11:24:19,590 | INFO | {"event": "sample_recorded", "timestamp": "2026-05-07T11:24:19", "class_name": "young", "sample_num": 3, "filename": "webcam_1778133259586.npy", "frames_with_hand": 90, "total_frames": 90, "hand_detection_pct": "100%", "total_samples_for_class": 207}
2026-05-07 11:24:19,590 | INFO |   [REC] Next sample in 3s...
2026-05-07 11:24:26,888 | INFO |   [SAVED] #4 -> webcam_1778133266887.npy  (hand: 100%, total: 208)
2026-05-07 11:24:26,889 | INFO | {"event": "sample_recorded", "timestamp": "2026-05-07T11:24:26", "class_name": "young", "sample_num": 4, "filename": "webcam_1778133266887.npy", "frames_with_hand": 90, "total_frames": 90, "hand_detection_pct": "100%", "total_samples_for_class": 208}
2026-05-07 11:24:26,889 | INFO |   [REC] Next sample in 3s...
2026-05-07 11:24:34,000 | INFO |   [SAVED] #5 -> webcam_1778133273998.npy  (hand: 100%, total: 209)
2026-05-07 11:24:34,000 | INFO | {"event": "sample_recorded", "timestamp": "2026-05-07T11:24:34", "class_name": "young", "sample_num": 5, "filename": "webcam_1778133273998.npy", "frames_with_hand": 90, "total_frames": 90, "hand_detection_pct": "100%", "total_samples_for_class": 209}
2026-05-07 11:24:34,001 | INFO |   [REC] Next sample in 3s...
2026-05-07 11:24:41,099 | INFO |   [SAVED] #6 -> webcam_1778133281098.npy  (hand: 100%, total: 210)
2026-05-07 11:24:41,101 | INFO | {"event": "sample_recorded", "timestamp": "2026-05-07T11:24:41", "class_name": "young", "sample_num": 6, "filename": "webcam_1778133281098.npy", "frames_with_hand": 90, "total_frames": 90, "hand_detection_pct": "100%", "total_samples_for_class": 210}
2026-05-07 11:24:41,101 | INFO |   [REC] Next sample in 3s...
2026-05-07 11:24:48,332 | INFO |   [SAVED] #7 -> webcam_1778133288329.npy  (hand: 100%, total: 211)
2026-05-07 11:24:48,332 | INFO | {"event": "sample_recorded", "timestamp": "2026-05-07T11:24:48", "class_name": "young", "sample_num": 7, "filename": "webcam_1778133288329.npy", "frames_with_hand": 90, "total_frames": 90, "hand_detection_pct": "100%", "total_samples_for_class": 211}
2026-05-07 11:24:48,332 | INFO |   [REC] Next sample in 3s...
2026-05-07 11:24:55,651 | INFO |   [SAVED] #8 -> webcam_1778133295647.npy  (hand: 100%, total: 212)
2026-05-07 11:24:55,652 | INFO | {"event": "sample_recorded", "timestamp": "2026-05-07T11:24:55", "class_name": "young", "sample_num": 8, "filename": "webcam_1778133295647.npy", "frames_with_hand": 90, "total_frames": 90, "hand_detection_pct": "100%", "total_samples_for_class": 212}
2026-05-07 11:24:55,652 | INFO |   [REC] Next sample in 3s...
2026-05-07 11:25:02,910 | INFO |   [SAVED] #9 -> webcam_1778133302906.npy  (hand: 100%, total: 213)
2026-05-07 11:25:02,911 | INFO | {"event": "sample_recorded", "timestamp": "2026-05-07T11:25:02", "class_name": "young", "sample_num": 9, "filename": "webcam_1778133302906.npy", "frames_with_hand": 90, "total_frames": 90, "hand_detection_pct": "100%", "total_samples_for_class": 213}
2026-05-07 11:25:02,911 | INFO |   [REC] Next sample in 3s...
2026-05-07 11:25:10,152 | INFO |   [SAVED] #10 -> webcam_1778133310149.npy  (hand: 100%, total: 214)
2026-05-07 11:25:10,152 | INFO | {"event": "sample_recorded", "timestamp": "2026-05-07T11:25:10", "class_name": "young", "sample_num": 10, "filename": "webcam_1778133310149.npy", "frames_with_hand": 90, "total_frames": 90, "hand_detection_pct": "100%", "total_samples_for_class": 214}
2026-05-07 11:25:12,012 | INFO | [Collect] Done! Saved 10 new samples for 'young'.
2026-05-07 11:25:12,013 | INFO | [Collect] Total samples for 'young': 214
2026-05-07 11:25:12,013 | INFO | {"event": "record_end", "timestamp": "2026-05-07T11:25:12", "class_name": "young", "new_samples_saved": 10, "total_samples_for_class": 214}
