2026-05-13 15:18:25,159 | INFO | Logger initialized for collect
2026-05-13 15:18:25,160 | INFO | Log file: logs\collect_20260513_151825.log
2026-05-13 15:18:25,160 | INFO | {"event": "record_start", "timestamp": "2026-05-13T15:18:25", "class_name": "heavy", "target_samples": 20}
2026-05-13 15:18:25,162 | INFO | [Collect] Class: 'heavy'
2026-05-13 15:18:25,163 | INFO | [Collect] Existing samples: 73
2026-05-13 15:18:25,163 | INFO | [Collect] Recording: 90 frames (~3s), sub-sampled to 20
2026-05-13 15:18:25,164 | INFO | [Collect] Target: 20 new samples
2026-05-13 15:18:29,930 | INFO | Controls:
2026-05-13 15:18:29,930 | INFO |   Auto mode enabled: recording until target is reached
2026-05-13 15:18:29,930 | INFO |   SPACE  - (optional) restart countdown manually
2026-05-13 15:18:29,931 | INFO |   Q/ESC  - Finish and quit
2026-05-13 15:18:29,931 | INFO |   [REC] Auto countdown 3s...
2026-05-13 15:18:37,541 | INFO |   [SAVED] #1 -> webcam_1778665717539.npy  (hand: 100%, total: 74)
2026-05-13 15:18:37,542 | INFO | {"event": "sample_recorded", "timestamp": "2026-05-13T15:18:37", "class_name": "heavy", "sample_num": 1, "filename": "webcam_1778665717539.npy", "frames_with_hand": 90, "total_frames": 90, "hand_detection_pct": "100%", "total_samples_for_class": 74}
2026-05-13 15:18:37,542 | INFO |   [REC] Next sample in 3s...
2026-05-13 15:18:45,127 | INFO |   [SAVED] #2 -> webcam_1778665725126.npy  (hand: 100%, total: 75)
2026-05-13 15:18:45,127 | INFO | {"event": "sample_recorded", "timestamp": "2026-05-13T15:18:45", "class_name": "heavy", "sample_num": 2, "filename": "webcam_1778665725126.npy", "frames_with_hand": 90, "total_frames": 90, "hand_detection_pct": "100%", "total_samples_for_class": 75}
2026-05-13 15:18:45,127 | INFO |   [REC] Next sample in 3s...
2026-05-13 15:18:52,305 | INFO |   [SAVED] #3 -> webcam_1778665732303.npy  (hand: 100%, total: 76)
2026-05-13 15:18:52,306 | INFO | {"event": "sample_recorded", "timestamp": "2026-05-13T15:18:52", "class_name": "heavy", "sample_num": 3, "filename": "webcam_1778665732303.npy", "frames_with_hand": 90, "total_frames": 90, "hand_detection_pct": "100%", "total_samples_for_class": 76}
2026-05-13 15:18:52,306 | INFO |   [REC] Next sample in 3s...
2026-05-13 15:19:00,278 | INFO |   [SAVED] #4 -> webcam_1778665740275.npy  (hand: 100%, total: 77)
2026-05-13 15:19:00,278 | INFO | {"event": "sample_recorded", "timestamp": "2026-05-13T15:19:00", "class_name": "heavy", "sample_num": 4, "filename": "webcam_1778665740275.npy", "frames_with_hand": 90, "total_frames": 90, "hand_detection_pct": "100%", "total_samples_for_class": 77}
2026-05-13 15:19:00,278 | INFO |   [REC] Next sample in 3s...
2026-05-13 15:19:07,951 | INFO |   [SAVED] #5 -> webcam_1778665747948.npy  (hand: 100%, total: 78)
2026-05-13 15:19:07,951 | INFO | {"event": "sample_recorded", "timestamp": "2026-05-13T15:19:07", "class_name": "heavy", "sample_num": 5, "filename": "webcam_1778665747948.npy", "frames_with_hand": 90, "total_frames": 90, "hand_detection_pct": "100%", "total_samples_for_class": 78}
2026-05-13 15:19:07,951 | INFO |   [REC] Next sample in 3s...
2026-05-13 15:19:15,379 | INFO |   [SAVED] #6 -> webcam_1778665755376.npy  (hand: 100%, total: 79)
2026-05-13 15:19:15,379 | INFO | {"event": "sample_recorded", "timestamp": "2026-05-13T15:19:15", "class_name": "heavy", "sample_num": 6, "filename": "webcam_1778665755376.npy", "frames_with_hand": 90, "total_frames": 90, "hand_detection_pct": "100%", "total_samples_for_class": 79}
2026-05-13 15:19:15,379 | INFO |   [REC] Next sample in 3s...
2026-05-13 15:19:22,883 | INFO |   [SAVED] #7 -> webcam_1778665762881.npy  (hand: 100%, total: 80)
2026-05-13 15:19:22,884 | INFO | {"event": "sample_recorded", "timestamp": "2026-05-13T15:19:22", "class_name": "heavy", "sample_num": 7, "filename": "webcam_1778665762881.npy", "frames_with_hand": 90, "total_frames": 90, "hand_detection_pct": "100%", "total_samples_for_class": 80}
2026-05-13 15:19:22,884 | INFO |   [REC] Next sample in 3s...
2026-05-13 15:19:30,586 | INFO |   [SAVED] #8 -> webcam_1778665770584.npy  (hand: 100%, total: 81)
2026-05-13 15:19:30,587 | INFO | {"event": "sample_recorded", "timestamp": "2026-05-13T15:19:30", "class_name": "heavy", "sample_num": 8, "filename": "webcam_1778665770584.npy", "frames_with_hand": 90, "total_frames": 90, "hand_detection_pct": "100%", "total_samples_for_class": 81}
2026-05-13 15:19:30,587 | INFO |   [REC] Next sample in 3s...
2026-05-13 15:19:38,151 | INFO |   [SAVED] #9 -> webcam_1778665778149.npy  (hand: 100%, total: 82)
2026-05-13 15:19:38,151 | INFO | {"event": "sample_recorded", "timestamp": "2026-05-13T15:19:38", "class_name": "heavy", "sample_num": 9, "filename": "webcam_1778665778149.npy", "frames_with_hand": 90, "total_frames": 90, "hand_detection_pct": "100%", "total_samples_for_class": 82}
2026-05-13 15:19:38,151 | INFO |   [REC] Next sample in 3s...
2026-05-13 15:19:45,601 | INFO |   [SAVED] #10 -> webcam_1778665785597.npy  (hand: 100%, total: 83)
2026-05-13 15:19:45,602 | INFO | {"event": "sample_recorded", "timestamp": "2026-05-13T15:19:45", "class_name": "heavy", "sample_num": 10, "filename": "webcam_1778665785597.npy", "frames_with_hand": 90, "total_frames": 90, "hand_detection_pct": "100%", "total_samples_for_class": 83}
2026-05-13 15:19:45,602 | INFO |   [REC] Next sample in 3s...
2026-05-13 15:19:52,960 | INFO |   [SAVED] #11 -> webcam_1778665792955.npy  (hand: 100%, total: 84)
2026-05-13 15:19:52,960 | INFO | {"event": "sample_recorded", "timestamp": "2026-05-13T15:19:52", "class_name": "heavy", "sample_num": 11, "filename": "webcam_1778665792955.npy", "frames_with_hand": 90, "total_frames": 90, "hand_detection_pct": "100%", "total_samples_for_class": 84}
2026-05-13 15:19:52,961 | INFO |   [REC] Next sample in 3s...
2026-05-13 15:20:00,273 | INFO |   [SAVED] #12 -> webcam_1778665800269.npy  (hand: 100%, total: 85)
2026-05-13 15:20:00,274 | INFO | {"event": "sample_recorded", "timestamp": "2026-05-13T15:20:00", "class_name": "heavy", "sample_num": 12, "filename": "webcam_1778665800269.npy", "frames_with_hand": 90, "total_frames": 90, "hand_detection_pct": "100%", "total_samples_for_class": 85}
2026-05-13 15:20:00,275 | INFO |   [REC] Next sample in 3s...
2026-05-13 15:20:08,159 | INFO |   [SAVED] #13 -> webcam_1778665808154.npy  (hand: 100%, total: 86)
2026-05-13 15:20:08,159 | INFO | {"event": "sample_recorded", "timestamp": "2026-05-13T15:20:08", "class_name": "heavy", "sample_num": 13, "filename": "webcam_1778665808154.npy", "frames_with_hand": 90, "total_frames": 90, "hand_detection_pct": "100%", "total_samples_for_class": 86}
2026-05-13 15:20:08,159 | INFO |   [REC] Next sample in 3s...
2026-05-13 15:20:15,661 | INFO |   [SAVED] #14 -> webcam_1778665815655.npy  (hand: 100%, total: 87)
2026-05-13 15:20:15,661 | INFO | {"event": "sample_recorded", "timestamp": "2026-05-13T15:20:15", "class_name": "heavy", "sample_num": 14, "filename": "webcam_1778665815655.npy", "frames_with_hand": 90, "total_frames": 90, "hand_detection_pct": "100%", "total_samples_for_class": 87}
2026-05-13 15:20:15,662 | INFO |   [REC] Next sample in 3s...
2026-05-13 15:20:24,210 | INFO |   [SAVED] #15 -> webcam_1778665824206.npy  (hand: 100%, total: 88)
2026-05-13 15:20:24,210 | INFO | {"event": "sample_recorded", "timestamp": "2026-05-13T15:20:24", "class_name": "heavy", "sample_num": 15, "filename": "webcam_1778665824206.npy", "frames_with_hand": 90, "total_frames": 90, "hand_detection_pct": "100%", "total_samples_for_class": 88}
2026-05-13 15:20:24,211 | INFO |   [REC] Next sample in 3s...
2026-05-13 15:20:31,902 | INFO |   [SAVED] #16 -> webcam_1778665831898.npy  (hand: 100%, total: 89)
2026-05-13 15:20:31,902 | INFO | {"event": "sample_recorded", "timestamp": "2026-05-13T15:20:31", "class_name": "heavy", "sample_num": 16, "filename": "webcam_1778665831898.npy", "frames_with_hand": 90, "total_frames": 90, "hand_detection_pct": "100%", "total_samples_for_class": 89}
2026-05-13 15:20:31,903 | INFO |   [REC] Next sample in 3s...
2026-05-13 15:20:40,320 | INFO |   [SAVED] #17 -> webcam_1778665840317.npy  (hand: 100%, total: 90)
2026-05-13 15:20:40,320 | INFO | {"event": "sample_recorded", "timestamp": "2026-05-13T15:20:40", "class_name": "heavy", "sample_num": 17, "filename": "webcam_1778665840317.npy", "frames_with_hand": 90, "total_frames": 90, "hand_detection_pct": "100%", "total_samples_for_class": 90}
2026-05-13 15:20:40,321 | INFO |   [REC] Next sample in 3s...
2026-05-13 15:20:48,173 | INFO |   [SAVED] #18 -> webcam_1778665848171.npy  (hand: 100%, total: 91)
2026-05-13 15:20:48,173 | INFO | {"event": "sample_recorded", "timestamp": "2026-05-13T15:20:48", "class_name": "heavy", "sample_num": 18, "filename": "webcam_1778665848171.npy", "frames_with_hand": 90, "total_frames": 90, "hand_detection_pct": "100%", "total_samples_for_class": 91}
2026-05-13 15:20:48,174 | INFO |   [REC] Next sample in 3s...
2026-05-13 15:20:57,025 | INFO |   [SAVED] #19 -> webcam_1778665857020.npy  (hand: 100%, total: 92)
2026-05-13 15:20:57,025 | INFO | {"event": "sample_recorded", "timestamp": "2026-05-13T15:20:57", "class_name": "heavy", "sample_num": 19, "filename": "webcam_1778665857020.npy", "frames_with_hand": 90, "total_frames": 90, "hand_detection_pct": "100%", "total_samples_for_class": 92}
2026-05-13 15:20:57,026 | INFO |   [REC] Next sample in 3s...
2026-05-13 15:21:04,930 | INFO |   [SAVED] #20 -> webcam_1778665864925.npy  (hand: 100%, total: 93)
2026-05-13 15:21:04,930 | INFO | {"event": "sample_recorded", "timestamp": "2026-05-13T15:21:04", "class_name": "heavy", "sample_num": 20, "filename": "webcam_1778665864925.npy", "frames_with_hand": 90, "total_frames": 90, "hand_detection_pct": "100%", "total_samples_for_class": 93}
2026-05-13 15:21:06,799 | INFO | [Collect] Done! Saved 20 new samples for 'heavy'.
2026-05-13 15:21:06,799 | INFO | [Collect] Total samples for 'heavy': 93
2026-05-13 15:21:06,800 | INFO | {"event": "record_end", "timestamp": "2026-05-13T15:21:06", "class_name": "heavy", "new_samples_saved": 20, "total_samples_for_class": 93}
