2026-05-13 14:21:22,590 | INFO | Logger initialized for collect
2026-05-13 14:21:22,591 | INFO | Log file: logs\collect_20260513_142122.log
2026-05-13 14:21:22,592 | INFO | {"event": "record_start", "timestamp": "2026-05-13T14:21:22", "class_name": "strong", "target_samples": 20}
2026-05-13 14:21:22,595 | INFO | [Collect] Class: 'strong'
2026-05-13 14:21:22,596 | INFO | [Collect] Existing samples: 72
2026-05-13 14:21:22,596 | INFO | [Collect] Recording: 90 frames (~3s), sub-sampled to 20
2026-05-13 14:21:22,597 | INFO | [Collect] Target: 20 new samples
2026-05-13 14:21:27,695 | INFO | Controls:
2026-05-13 14:21:27,696 | INFO |   Auto mode enabled: recording until target is reached
2026-05-13 14:21:27,696 | INFO |   SPACE  - (optional) restart countdown manually
2026-05-13 14:21:27,696 | INFO |   Q/ESC  - Finish and quit
2026-05-13 14:21:27,696 | INFO |   [REC] Auto countdown 3s...
2026-05-13 14:21:35,286 | INFO |   [SAVED] #1 -> webcam_1778662295282.npy  (hand: 100%, total: 73)
2026-05-13 14:21:35,286 | INFO | {"event": "sample_recorded", "timestamp": "2026-05-13T14:21:35", "class_name": "strong", "sample_num": 1, "filename": "webcam_1778662295282.npy", "frames_with_hand": 90, "total_frames": 90, "hand_detection_pct": "100%", "total_samples_for_class": 73}
2026-05-13 14:21:35,287 | INFO |   [REC] Next sample in 3s...
2026-05-13 14:21:42,854 | INFO |   [SAVED] #2 -> webcam_1778662302852.npy  (hand: 100%, total: 74)
2026-05-13 14:21:42,854 | INFO | {"event": "sample_recorded", "timestamp": "2026-05-13T14:21:42", "class_name": "strong", "sample_num": 2, "filename": "webcam_1778662302852.npy", "frames_with_hand": 90, "total_frames": 90, "hand_detection_pct": "100%", "total_samples_for_class": 74}
2026-05-13 14:21:42,855 | INFO |   [REC] Next sample in 3s...
2026-05-13 14:21:50,033 | INFO |   [SAVED] #3 -> webcam_1778662310031.npy  (hand: 100%, total: 75)
2026-05-13 14:21:50,034 | INFO | {"event": "sample_recorded", "timestamp": "2026-05-13T14:21:50", "class_name": "strong", "sample_num": 3, "filename": "webcam_1778662310031.npy", "frames_with_hand": 90, "total_frames": 90, "hand_detection_pct": "100%", "total_samples_for_class": 75}
2026-05-13 14:21:50,034 | INFO |   [REC] Next sample in 3s...
2026-05-13 14:21:58,024 | INFO |   [SAVED] #4 -> webcam_1778662318021.npy  (hand: 100%, total: 76)
2026-05-13 14:21:58,025 | INFO | {"event": "sample_recorded", "timestamp": "2026-05-13T14:21:58", "class_name": "strong", "sample_num": 4, "filename": "webcam_1778662318021.npy", "frames_with_hand": 90, "total_frames": 90, "hand_detection_pct": "100%", "total_samples_for_class": 76}
2026-05-13 14:21:58,025 | INFO |   [REC] Next sample in 3s...
2026-05-13 14:22:05,993 | INFO |   [SAVED] #5 -> webcam_1778662325990.npy  (hand: 100%, total: 77)
2026-05-13 14:22:05,994 | INFO | {"event": "sample_recorded", "timestamp": "2026-05-13T14:22:05", "class_name": "strong", "sample_num": 5, "filename": "webcam_1778662325990.npy", "frames_with_hand": 90, "total_frames": 90, "hand_detection_pct": "100%", "total_samples_for_class": 77}
2026-05-13 14:22:05,994 | INFO |   [REC] Next sample in 3s...
2026-05-13 14:22:13,877 | INFO |   [SAVED] #6 -> webcam_1778662333875.npy  (hand: 100%, total: 78)
2026-05-13 14:22:13,878 | INFO | {"event": "sample_recorded", "timestamp": "2026-05-13T14:22:13", "class_name": "strong", "sample_num": 6, "filename": "webcam_1778662333875.npy", "frames_with_hand": 90, "total_frames": 90, "hand_detection_pct": "100%", "total_samples_for_class": 78}
2026-05-13 14:22:13,878 | INFO |   [REC] Next sample in 3s...
2026-05-13 14:22:21,839 | INFO |   [SAVED] #7 -> webcam_1778662341835.npy  (hand: 100%, total: 79)
2026-05-13 14:22:21,839 | INFO | {"event": "sample_recorded", "timestamp": "2026-05-13T14:22:21", "class_name": "strong", "sample_num": 7, "filename": "webcam_1778662341835.npy", "frames_with_hand": 90, "total_frames": 90, "hand_detection_pct": "100%", "total_samples_for_class": 79}
2026-05-13 14:22:21,839 | INFO |   [REC] Next sample in 3s...
2026-05-13 14:22:29,301 | INFO |   [SAVED] #8 -> webcam_1778662349298.npy  (hand: 100%, total: 80)
2026-05-13 14:22:29,302 | INFO | {"event": "sample_recorded", "timestamp": "2026-05-13T14:22:29", "class_name": "strong", "sample_num": 8, "filename": "webcam_1778662349298.npy", "frames_with_hand": 90, "total_frames": 90, "hand_detection_pct": "100%", "total_samples_for_class": 80}
2026-05-13 14:22:29,302 | INFO |   [REC] Next sample in 3s...
2026-05-13 14:22:36,834 | INFO |   [SAVED] #9 -> webcam_1778662356830.npy  (hand: 100%, total: 81)
2026-05-13 14:22:36,834 | INFO | {"event": "sample_recorded", "timestamp": "2026-05-13T14:22:36", "class_name": "strong", "sample_num": 9, "filename": "webcam_1778662356830.npy", "frames_with_hand": 90, "total_frames": 90, "hand_detection_pct": "100%", "total_samples_for_class": 81}
2026-05-13 14:22:36,835 | INFO |   [REC] Next sample in 3s...
2026-05-13 14:22:44,436 | INFO |   [SAVED] #10 -> webcam_1778662364432.npy  (hand: 100%, total: 82)
2026-05-13 14:22:44,436 | INFO | {"event": "sample_recorded", "timestamp": "2026-05-13T14:22:44", "class_name": "strong", "sample_num": 10, "filename": "webcam_1778662364432.npy", "frames_with_hand": 90, "total_frames": 90, "hand_detection_pct": "100%", "total_samples_for_class": 82}
2026-05-13 14:22:44,437 | INFO |   [REC] Next sample in 3s...
2026-05-13 14:22:52,178 | INFO |   [SAVED] #11 -> webcam_1778662372175.npy  (hand: 100%, total: 83)
2026-05-13 14:22:52,179 | INFO | {"event": "sample_recorded", "timestamp": "2026-05-13T14:22:52", "class_name": "strong", "sample_num": 11, "filename": "webcam_1778662372175.npy", "frames_with_hand": 90, "total_frames": 90, "hand_detection_pct": "100%", "total_samples_for_class": 83}
2026-05-13 14:22:52,179 | INFO |   [REC] Next sample in 3s...
2026-05-13 14:23:00,275 | INFO |   [SAVED] #12 -> webcam_1778662380272.npy  (hand: 100%, total: 84)
2026-05-13 14:23:00,275 | INFO | {"event": "sample_recorded", "timestamp": "2026-05-13T14:23:00", "class_name": "strong", "sample_num": 12, "filename": "webcam_1778662380272.npy", "frames_with_hand": 90, "total_frames": 90, "hand_detection_pct": "100%", "total_samples_for_class": 84}
2026-05-13 14:23:00,276 | INFO |   [REC] Next sample in 3s...
2026-05-13 14:23:08,277 | INFO |   [SAVED] #13 -> webcam_1778662388274.npy  (hand: 100%, total: 85)
2026-05-13 14:23:08,278 | INFO | {"event": "sample_recorded", "timestamp": "2026-05-13T14:23:08", "class_name": "strong", "sample_num": 13, "filename": "webcam_1778662388274.npy", "frames_with_hand": 90, "total_frames": 90, "hand_detection_pct": "100%", "total_samples_for_class": 85}
2026-05-13 14:23:08,278 | INFO |   [REC] Next sample in 3s...
2026-05-13 14:23:16,133 | INFO |   [SAVED] #14 -> webcam_1778662396131.npy  (hand: 100%, total: 86)
2026-05-13 14:23:16,133 | INFO | {"event": "sample_recorded", "timestamp": "2026-05-13T14:23:16", "class_name": "strong", "sample_num": 14, "filename": "webcam_1778662396131.npy", "frames_with_hand": 90, "total_frames": 90, "hand_detection_pct": "100%", "total_samples_for_class": 86}
2026-05-13 14:23:16,134 | INFO |   [REC] Next sample in 3s...
2026-05-13 14:23:23,951 | INFO |   [SAVED] #15 -> webcam_1778662403949.npy  (hand: 100%, total: 87)
2026-05-13 14:23:23,952 | INFO | {"event": "sample_recorded", "timestamp": "2026-05-13T14:23:23", "class_name": "strong", "sample_num": 15, "filename": "webcam_1778662403949.npy", "frames_with_hand": 90, "total_frames": 90, "hand_detection_pct": "100%", "total_samples_for_class": 87}
2026-05-13 14:23:23,952 | INFO |   [REC] Next sample in 3s...
2026-05-13 14:23:31,276 | INFO |   [SAVED] #16 -> webcam_1778662411275.npy  (hand: 100%, total: 88)
2026-05-13 14:23:31,277 | INFO | {"event": "sample_recorded", "timestamp": "2026-05-13T14:23:31", "class_name": "strong", "sample_num": 16, "filename": "webcam_1778662411275.npy", "frames_with_hand": 90, "total_frames": 90, "hand_detection_pct": "100%", "total_samples_for_class": 88}
2026-05-13 14:23:31,277 | INFO |   [REC] Next sample in 3s...
2026-05-13 14:23:39,204 | INFO |   [SAVED] #17 -> webcam_1778662419200.npy  (hand: 100%, total: 89)
2026-05-13 14:23:39,204 | INFO | {"event": "sample_recorded", "timestamp": "2026-05-13T14:23:39", "class_name": "strong", "sample_num": 17, "filename": "webcam_1778662419200.npy", "frames_with_hand": 90, "total_frames": 90, "hand_detection_pct": "100%", "total_samples_for_class": 89}
2026-05-13 14:23:39,205 | INFO |   [REC] Next sample in 3s...
2026-05-13 14:23:46,689 | INFO |   [SAVED] #18 -> webcam_1778662426686.npy  (hand: 100%, total: 90)
2026-05-13 14:23:46,690 | INFO | {"event": "sample_recorded", "timestamp": "2026-05-13T14:23:46", "class_name": "strong", "sample_num": 18, "filename": "webcam_1778662426686.npy", "frames_with_hand": 90, "total_frames": 90, "hand_detection_pct": "100%", "total_samples_for_class": 90}
2026-05-13 14:23:46,691 | INFO |   [REC] Next sample in 3s...
2026-05-13 14:23:54,517 | INFO |   [SAVED] #19 -> webcam_1778662434513.npy  (hand: 100%, total: 91)
2026-05-13 14:23:54,517 | INFO | {"event": "sample_recorded", "timestamp": "2026-05-13T14:23:54", "class_name": "strong", "sample_num": 19, "filename": "webcam_1778662434513.npy", "frames_with_hand": 90, "total_frames": 90, "hand_detection_pct": "100%", "total_samples_for_class": 91}
2026-05-13 14:23:54,517 | INFO |   [REC] Next sample in 3s...
2026-05-13 14:24:02,189 | INFO |   [SAVED] #20 -> webcam_1778662442186.npy  (hand: 100%, total: 92)
2026-05-13 14:24:02,190 | INFO | {"event": "sample_recorded", "timestamp": "2026-05-13T14:24:02", "class_name": "strong", "sample_num": 20, "filename": "webcam_1778662442186.npy", "frames_with_hand": 90, "total_frames": 90, "hand_detection_pct": "100%", "total_samples_for_class": 92}
2026-05-13 14:24:04,072 | INFO | [Collect] Done! Saved 20 new samples for 'strong'.
2026-05-13 14:24:04,072 | INFO | [Collect] Total samples for 'strong': 92
2026-05-13 14:24:04,072 | INFO | {"event": "record_end", "timestamp": "2026-05-13T14:24:04", "class_name": "strong", "new_samples_saved": 20, "total_samples_for_class": 92}
