2026-05-07 13:57:07,511 | INFO | Logger initialized for collect
2026-05-07 13:57:07,512 | INFO | Log file: logs\collect_20260507_135707.log
2026-05-07 13:57:07,513 | INFO | {"event": "record_start", "timestamp": "2026-05-07T13:57:07", "class_name": "cold", "target_samples": 10}
2026-05-07 13:57:07,530 | INFO | [Collect] Class: 'cold'
2026-05-07 13:57:07,530 | INFO | [Collect] Existing samples: 194
2026-05-07 13:57:07,531 | INFO | [Collect] Recording: 90 frames (~3s), sub-sampled to 20
2026-05-07 13:57:07,531 | INFO | [Collect] Target: 10 new samples
2026-05-07 13:57:12,605 | INFO | Controls:
2026-05-07 13:57:12,606 | INFO |   Auto mode enabled: recording until target is reached
2026-05-07 13:57:12,606 | INFO |   SPACE  - (optional) restart countdown manually
2026-05-07 13:57:12,606 | INFO |   Q/ESC  - Finish and quit
2026-05-07 13:57:12,606 | INFO |   [REC] Auto countdown 3s...
2026-05-07 13:57:19,694 | INFO |   [SAVED] #1 -> webcam_1778142439689.npy  (hand: 100%, total: 195)
2026-05-07 13:57:19,694 | INFO | {"event": "sample_recorded", "timestamp": "2026-05-07T13:57:19", "class_name": "cold", "sample_num": 1, "filename": "webcam_1778142439689.npy", "frames_with_hand": 90, "total_frames": 90, "hand_detection_pct": "100%", "total_samples_for_class": 195}
2026-05-07 13:57:19,695 | INFO |   [REC] Next sample in 3s...
2026-05-07 13:57:26,841 | INFO |   [SAVED] #2 -> webcam_1778142446837.npy  (hand: 100%, total: 196)
2026-05-07 13:57:26,841 | INFO | {"event": "sample_recorded", "timestamp": "2026-05-07T13:57:26", "class_name": "cold", "sample_num": 2, "filename": "webcam_1778142446837.npy", "frames_with_hand": 90, "total_frames": 90, "hand_detection_pct": "100%", "total_samples_for_class": 196}
2026-05-07 13:57:26,841 | INFO |   [REC] Next sample in 3s...
2026-05-07 13:57:34,423 | INFO |   [SAVED] #3 -> webcam_1778142454419.npy  (hand: 100%, total: 197)
2026-05-07 13:57:34,423 | INFO | {"event": "sample_recorded", "timestamp": "2026-05-07T13:57:34", "class_name": "cold", "sample_num": 3, "filename": "webcam_1778142454419.npy", "frames_with_hand": 90, "total_frames": 90, "hand_detection_pct": "100%", "total_samples_for_class": 197}
2026-05-07 13:57:34,423 | INFO |   [REC] Next sample in 3s...
2026-05-07 13:57:41,882 | INFO |   [SAVED] #4 -> webcam_1778142461877.npy  (hand: 100%, total: 198)
2026-05-07 13:57:41,882 | INFO | {"event": "sample_recorded", "timestamp": "2026-05-07T13:57:41", "class_name": "cold", "sample_num": 4, "filename": "webcam_1778142461877.npy", "frames_with_hand": 90, "total_frames": 90, "hand_detection_pct": "100%", "total_samples_for_class": 198}
2026-05-07 13:57:41,883 | INFO |   [REC] Next sample in 3s...
2026-05-07 13:57:49,382 | INFO |   [SAVED] #5 -> webcam_1778142469378.npy  (hand: 100%, total: 199)
2026-05-07 13:57:49,382 | INFO | {"event": "sample_recorded", "timestamp": "2026-05-07T13:57:49", "class_name": "cold", "sample_num": 5, "filename": "webcam_1778142469378.npy", "frames_with_hand": 90, "total_frames": 90, "hand_detection_pct": "100%", "total_samples_for_class": 199}
2026-05-07 13:57:49,383 | INFO |   [REC] Next sample in 3s...
2026-05-07 13:57:56,644 | INFO |   [SAVED] #6 -> webcam_1778142476639.npy  (hand: 100%, total: 200)
2026-05-07 13:57:56,644 | INFO | {"event": "sample_recorded", "timestamp": "2026-05-07T13:57:56", "class_name": "cold", "sample_num": 6, "filename": "webcam_1778142476639.npy", "frames_with_hand": 90, "total_frames": 90, "hand_detection_pct": "100%", "total_samples_for_class": 200}
2026-05-07 13:57:56,645 | INFO |   [REC] Next sample in 3s...
2026-05-07 13:58:03,660 | INFO |   [SAVED] #7 -> webcam_1778142483657.npy  (hand: 100%, total: 201)
2026-05-07 13:58:03,661 | INFO | {"event": "sample_recorded", "timestamp": "2026-05-07T13:58:03", "class_name": "cold", "sample_num": 7, "filename": "webcam_1778142483657.npy", "frames_with_hand": 90, "total_frames": 90, "hand_detection_pct": "100%", "total_samples_for_class": 201}
2026-05-07 13:58:03,661 | INFO |   [REC] Next sample in 3s...
2026-05-07 13:58:10,869 | INFO |   [SAVED] #8 -> webcam_1778142490865.npy  (hand: 100%, total: 202)
2026-05-07 13:58:10,870 | INFO | {"event": "sample_recorded", "timestamp": "2026-05-07T13:58:10", "class_name": "cold", "sample_num": 8, "filename": "webcam_1778142490865.npy", "frames_with_hand": 90, "total_frames": 90, "hand_detection_pct": "100%", "total_samples_for_class": 202}
2026-05-07 13:58:10,870 | INFO |   [REC] Next sample in 3s...
2026-05-07 13:58:18,209 | INFO |   [SAVED] #9 -> webcam_1778142498204.npy  (hand: 100%, total: 203)
2026-05-07 13:58:18,209 | INFO | {"event": "sample_recorded", "timestamp": "2026-05-07T13:58:18", "class_name": "cold", "sample_num": 9, "filename": "webcam_1778142498204.npy", "frames_with_hand": 90, "total_frames": 90, "hand_detection_pct": "100%", "total_samples_for_class": 203}
2026-05-07 13:58:18,209 | INFO |   [REC] Next sample in 3s...
2026-05-07 13:58:25,118 | INFO |   [SAVED] #10 -> webcam_1778142505115.npy  (hand: 100%, total: 204)
2026-05-07 13:58:25,118 | INFO | {"event": "sample_recorded", "timestamp": "2026-05-07T13:58:25", "class_name": "cold", "sample_num": 10, "filename": "webcam_1778142505115.npy", "frames_with_hand": 90, "total_frames": 90, "hand_detection_pct": "100%", "total_samples_for_class": 204}
2026-05-07 13:58:27,031 | INFO | [Collect] Done! Saved 10 new samples for 'cold'.
2026-05-07 13:58:27,031 | INFO | [Collect] Total samples for 'cold': 204
2026-05-07 13:58:27,032 | INFO | {"event": "record_end", "timestamp": "2026-05-07T13:58:27", "class_name": "cold", "new_samples_saved": 10, "total_samples_for_class": 204}
