2026-05-07 18:11:12,649 | INFO | Logger initialized for collect
2026-05-07 18:11:12,650 | INFO | Log file: logs\collect_20260507_181112.log
2026-05-07 18:11:12,650 | INFO | {"event": "record_start", "timestamp": "2026-05-07T18:11:12", "class_name": "narrow", "target_samples": 20}
2026-05-07 18:11:12,658 | INFO | [Collect] Class: 'narrow'
2026-05-07 18:11:12,659 | INFO | [Collect] Existing samples: 164
2026-05-07 18:11:12,660 | INFO | [Collect] Recording: 90 frames (~3s), sub-sampled to 20
2026-05-07 18:11:12,660 | INFO | [Collect] Target: 20 new samples
2026-05-07 18:11:22,143 | INFO | Controls:
2026-05-07 18:11:22,158 | INFO |   Auto mode enabled: recording until target is reached
2026-05-07 18:11:22,158 | INFO |   SPACE  - (optional) restart countdown manually
2026-05-07 18:11:22,158 | INFO |   Q/ESC  - Finish and quit
2026-05-07 18:11:22,159 | INFO |   [REC] Auto countdown 3s...
2026-05-07 18:11:30,030 | INFO |   [SAVED] #1 -> webcam_1778157690004.npy  (hand: 100%, total: 165)
2026-05-07 18:11:30,040 | INFO | {"event": "sample_recorded", "timestamp": "2026-05-07T18:11:30", "class_name": "narrow", "sample_num": 1, "filename": "webcam_1778157690004.npy", "frames_with_hand": 90, "total_frames": 90, "hand_detection_pct": "100%", "total_samples_for_class": 165}
2026-05-07 18:11:30,042 | INFO |   [REC] Next sample in 3s...
2026-05-07 18:11:38,630 | INFO |   [SAVED] #2 -> webcam_1778157698628.npy  (hand: 100%, total: 166)
2026-05-07 18:11:38,630 | INFO | {"event": "sample_recorded", "timestamp": "2026-05-07T18:11:38", "class_name": "narrow", "sample_num": 2, "filename": "webcam_1778157698628.npy", "frames_with_hand": 90, "total_frames": 90, "hand_detection_pct": "100%", "total_samples_for_class": 166}
2026-05-07 18:11:38,631 | INFO |   [REC] Next sample in 3s...
2026-05-07 18:11:46,990 | INFO |   [SAVED] #3 -> webcam_1778157706988.npy  (hand: 100%, total: 167)
2026-05-07 18:11:46,990 | INFO | {"event": "sample_recorded", "timestamp": "2026-05-07T18:11:46", "class_name": "narrow", "sample_num": 3, "filename": "webcam_1778157706988.npy", "frames_with_hand": 90, "total_frames": 90, "hand_detection_pct": "100%", "total_samples_for_class": 167}
2026-05-07 18:11:46,990 | INFO |   [REC] Next sample in 3s...
2026-05-07 18:11:55,293 | INFO |   [SAVED] #4 -> webcam_1778157715291.npy  (hand: 100%, total: 168)
2026-05-07 18:11:55,294 | INFO | {"event": "sample_recorded", "timestamp": "2026-05-07T18:11:55", "class_name": "narrow", "sample_num": 4, "filename": "webcam_1778157715291.npy", "frames_with_hand": 90, "total_frames": 90, "hand_detection_pct": "100%", "total_samples_for_class": 168}
2026-05-07 18:11:55,294 | INFO |   [REC] Next sample in 3s...
2026-05-07 18:12:03,816 | INFO |   [SAVED] #5 -> webcam_1778157723814.npy  (hand: 100%, total: 169)
2026-05-07 18:12:03,817 | INFO | {"event": "sample_recorded", "timestamp": "2026-05-07T18:12:03", "class_name": "narrow", "sample_num": 5, "filename": "webcam_1778157723814.npy", "frames_with_hand": 90, "total_frames": 90, "hand_detection_pct": "100%", "total_samples_for_class": 169}
2026-05-07 18:12:03,817 | INFO |   [REC] Next sample in 3s...
2026-05-07 18:12:12,520 | INFO |   [SAVED] #6 -> webcam_1778157732516.npy  (hand: 100%, total: 170)
2026-05-07 18:12:12,520 | INFO | {"event": "sample_recorded", "timestamp": "2026-05-07T18:12:12", "class_name": "narrow", "sample_num": 6, "filename": "webcam_1778157732516.npy", "frames_with_hand": 90, "total_frames": 90, "hand_detection_pct": "100%", "total_samples_for_class": 170}
2026-05-07 18:12:12,521 | INFO |   [REC] Next sample in 3s...
2026-05-07 18:12:20,861 | INFO |   [SAVED] #7 -> webcam_1778157740859.npy  (hand: 100%, total: 171)
2026-05-07 18:12:20,862 | INFO | {"event": "sample_recorded", "timestamp": "2026-05-07T18:12:20", "class_name": "narrow", "sample_num": 7, "filename": "webcam_1778157740859.npy", "frames_with_hand": 90, "total_frames": 90, "hand_detection_pct": "100%", "total_samples_for_class": 171}
2026-05-07 18:12:20,866 | INFO |   [REC] Next sample in 3s...
2026-05-07 18:12:28,985 | INFO |   [SAVED] #8 -> webcam_1778157748981.npy  (hand: 100%, total: 172)
2026-05-07 18:12:28,986 | INFO | {"event": "sample_recorded", "timestamp": "2026-05-07T18:12:28", "class_name": "narrow", "sample_num": 8, "filename": "webcam_1778157748981.npy", "frames_with_hand": 90, "total_frames": 90, "hand_detection_pct": "100%", "total_samples_for_class": 172}
2026-05-07 18:12:28,986 | INFO |   [REC] Next sample in 3s...
2026-05-07 18:12:37,390 | INFO |   [SAVED] #9 -> webcam_1778157757386.npy  (hand: 100%, total: 173)
2026-05-07 18:12:37,390 | INFO | {"event": "sample_recorded", "timestamp": "2026-05-07T18:12:37", "class_name": "narrow", "sample_num": 9, "filename": "webcam_1778157757386.npy", "frames_with_hand": 90, "total_frames": 90, "hand_detection_pct": "100%", "total_samples_for_class": 173}
2026-05-07 18:12:37,390 | INFO |   [REC] Next sample in 3s...
2026-05-07 18:12:45,842 | INFO |   [SAVED] #10 -> webcam_1778157765839.npy  (hand: 100%, total: 174)
2026-05-07 18:12:45,842 | INFO | {"event": "sample_recorded", "timestamp": "2026-05-07T18:12:45", "class_name": "narrow", "sample_num": 10, "filename": "webcam_1778157765839.npy", "frames_with_hand": 90, "total_frames": 90, "hand_detection_pct": "100%", "total_samples_for_class": 174}
2026-05-07 18:12:45,843 | INFO |   [REC] Next sample in 3s...
2026-05-07 18:12:53,634 | INFO |   [SAVED] #11 -> webcam_1778157773630.npy  (hand: 100%, total: 175)
2026-05-07 18:12:53,634 | INFO | {"event": "sample_recorded", "timestamp": "2026-05-07T18:12:53", "class_name": "narrow", "sample_num": 11, "filename": "webcam_1778157773630.npy", "frames_with_hand": 90, "total_frames": 90, "hand_detection_pct": "100%", "total_samples_for_class": 175}
2026-05-07 18:12:53,635 | INFO |   [REC] Next sample in 3s...
2026-05-07 18:13:02,086 | INFO |   [SAVED] #12 -> webcam_1778157782083.npy  (hand: 100%, total: 176)
2026-05-07 18:13:02,086 | INFO | {"event": "sample_recorded", "timestamp": "2026-05-07T18:13:02", "class_name": "narrow", "sample_num": 12, "filename": "webcam_1778157782083.npy", "frames_with_hand": 90, "total_frames": 90, "hand_detection_pct": "100%", "total_samples_for_class": 176}
2026-05-07 18:13:02,086 | INFO |   [REC] Next sample in 3s...
2026-05-07 18:13:09,901 | INFO |   [SAVED] #13 -> webcam_1778157789898.npy  (hand: 100%, total: 177)
2026-05-07 18:13:09,902 | INFO | {"event": "sample_recorded", "timestamp": "2026-05-07T18:13:09", "class_name": "narrow", "sample_num": 13, "filename": "webcam_1778157789898.npy", "frames_with_hand": 90, "total_frames": 90, "hand_detection_pct": "100%", "total_samples_for_class": 177}
2026-05-07 18:13:09,902 | INFO |   [REC] Next sample in 3s...
2026-05-07 18:13:18,010 | INFO |   [SAVED] #14 -> webcam_1778157798007.npy  (hand: 100%, total: 178)
2026-05-07 18:13:18,010 | INFO | {"event": "sample_recorded", "timestamp": "2026-05-07T18:13:18", "class_name": "narrow", "sample_num": 14, "filename": "webcam_1778157798007.npy", "frames_with_hand": 90, "total_frames": 90, "hand_detection_pct": "100%", "total_samples_for_class": 178}
2026-05-07 18:13:18,011 | INFO |   [REC] Next sample in 3s...
2026-05-07 18:13:26,179 | INFO |   [SAVED] #15 -> webcam_1778157806174.npy  (hand: 100%, total: 179)
2026-05-07 18:13:26,179 | INFO | {"event": "sample_recorded", "timestamp": "2026-05-07T18:13:26", "class_name": "narrow", "sample_num": 15, "filename": "webcam_1778157806174.npy", "frames_with_hand": 90, "total_frames": 90, "hand_detection_pct": "100%", "total_samples_for_class": 179}
2026-05-07 18:13:26,179 | INFO |   [REC] Next sample in 3s...
2026-05-07 18:13:34,506 | INFO |   [SAVED] #16 -> webcam_1778157814502.npy  (hand: 100%, total: 180)
2026-05-07 18:13:34,506 | INFO | {"event": "sample_recorded", "timestamp": "2026-05-07T18:13:34", "class_name": "narrow", "sample_num": 16, "filename": "webcam_1778157814502.npy", "frames_with_hand": 90, "total_frames": 90, "hand_detection_pct": "100%", "total_samples_for_class": 180}
2026-05-07 18:13:34,506 | INFO |   [REC] Next sample in 3s...
2026-05-07 18:13:42,872 | INFO |   [SAVED] #17 -> webcam_1778157822867.npy  (hand: 100%, total: 181)
2026-05-07 18:13:42,872 | INFO | {"event": "sample_recorded", "timestamp": "2026-05-07T18:13:42", "class_name": "narrow", "sample_num": 17, "filename": "webcam_1778157822867.npy", "frames_with_hand": 90, "total_frames": 90, "hand_detection_pct": "100%", "total_samples_for_class": 181}
2026-05-07 18:13:42,872 | INFO |   [REC] Next sample in 3s...
2026-05-07 18:13:51,272 | INFO |   [SAVED] #18 -> webcam_1778157831269.npy  (hand: 100%, total: 182)
2026-05-07 18:13:51,273 | INFO | {"event": "sample_recorded", "timestamp": "2026-05-07T18:13:51", "class_name": "narrow", "sample_num": 18, "filename": "webcam_1778157831269.npy", "frames_with_hand": 90, "total_frames": 90, "hand_detection_pct": "100%", "total_samples_for_class": 182}
2026-05-07 18:13:51,273 | INFO |   [REC] Next sample in 3s...
2026-05-07 18:13:59,471 | INFO |   [SAVED] #19 -> webcam_1778157839469.npy  (hand: 100%, total: 183)
2026-05-07 18:13:59,471 | INFO | {"event": "sample_recorded", "timestamp": "2026-05-07T18:13:59", "class_name": "narrow", "sample_num": 19, "filename": "webcam_1778157839469.npy", "frames_with_hand": 90, "total_frames": 90, "hand_detection_pct": "100%", "total_samples_for_class": 183}
2026-05-07 18:13:59,472 | INFO |   [REC] Next sample in 3s...
2026-05-07 18:14:07,898 | INFO |   [SAVED] #20 -> webcam_1778157847894.npy  (hand: 100%, total: 184)
2026-05-07 18:14:07,898 | INFO | {"event": "sample_recorded", "timestamp": "2026-05-07T18:14:07", "class_name": "narrow", "sample_num": 20, "filename": "webcam_1778157847894.npy", "frames_with_hand": 90, "total_frames": 90, "hand_detection_pct": "100%", "total_samples_for_class": 184}
2026-05-07 18:14:09,852 | INFO | [Collect] Done! Saved 20 new samples for 'narrow'.
2026-05-07 18:14:09,852 | INFO | [Collect] Total samples for 'narrow': 184
2026-05-07 18:14:09,853 | INFO | {"event": "record_end", "timestamp": "2026-05-07T18:14:09", "class_name": "narrow", "new_samples_saved": 20, "total_samples_for_class": 184}
