2026-05-07 17:57:45,014 | INFO | Logger initialized for collect
2026-05-07 17:57:45,015 | INFO | Log file: logs\collect_20260507_175745.log
2026-05-07 17:57:45,015 | INFO | {"event": "record_start", "timestamp": "2026-05-07T17:57:45", "class_name": "new", "target_samples": 20}
2026-05-07 17:57:45,023 | INFO | [Collect] Class: 'new'
2026-05-07 17:57:45,023 | INFO | [Collect] Existing samples: 164
2026-05-07 17:57:45,024 | INFO | [Collect] Recording: 90 frames (~3s), sub-sampled to 20
2026-05-07 17:57:45,024 | INFO | [Collect] Target: 20 new samples
2026-05-07 17:57:50,243 | INFO | Controls:
2026-05-07 17:57:50,244 | INFO |   Auto mode enabled: recording until target is reached
2026-05-07 17:57:50,244 | INFO |   SPACE  - (optional) restart countdown manually
2026-05-07 17:57:50,244 | INFO |   Q/ESC  - Finish and quit
2026-05-07 17:57:50,245 | INFO |   [REC] Auto countdown 3s...
2026-05-07 17:57:58,091 | INFO |   [SAVED] #1 -> webcam_1778156878087.npy  (hand: 100%, total: 165)
2026-05-07 17:57:58,091 | INFO | {"event": "sample_recorded", "timestamp": "2026-05-07T17:57:58", "class_name": "new", "sample_num": 1, "filename": "webcam_1778156878087.npy", "frames_with_hand": 90, "total_frames": 90, "hand_detection_pct": "100%", "total_samples_for_class": 165}
2026-05-07 17:57:58,091 | INFO |   [REC] Next sample in 3s...
2026-05-07 17:58:05,669 | INFO |   [SAVED] #2 -> webcam_1778156885667.npy  (hand: 100%, total: 166)
2026-05-07 17:58:05,669 | INFO | {"event": "sample_recorded", "timestamp": "2026-05-07T17:58:05", "class_name": "new", "sample_num": 2, "filename": "webcam_1778156885667.npy", "frames_with_hand": 90, "total_frames": 90, "hand_detection_pct": "100%", "total_samples_for_class": 166}
2026-05-07 17:58:05,669 | INFO |   [REC] Next sample in 3s...
2026-05-07 17:58:13,391 | INFO |   [SAVED] #3 -> webcam_1778156893388.npy  (hand: 100%, total: 167)
2026-05-07 17:58:13,391 | INFO | {"event": "sample_recorded", "timestamp": "2026-05-07T17:58:13", "class_name": "new", "sample_num": 3, "filename": "webcam_1778156893388.npy", "frames_with_hand": 90, "total_frames": 90, "hand_detection_pct": "100%", "total_samples_for_class": 167}
2026-05-07 17:58:13,392 | INFO |   [REC] Next sample in 3s...
2026-05-07 17:58:20,910 | INFO |   [SAVED] #4 -> webcam_1778156900906.npy  (hand: 100%, total: 168)
2026-05-07 17:58:20,910 | INFO | {"event": "sample_recorded", "timestamp": "2026-05-07T17:58:20", "class_name": "new", "sample_num": 4, "filename": "webcam_1778156900906.npy", "frames_with_hand": 90, "total_frames": 90, "hand_detection_pct": "100%", "total_samples_for_class": 168}
2026-05-07 17:58:20,910 | INFO |   [REC] Next sample in 3s...
2026-05-07 17:58:28,325 | INFO |   [SAVED] #5 -> webcam_1778156908322.npy  (hand: 100%, total: 169)
2026-05-07 17:58:28,325 | INFO | {"event": "sample_recorded", "timestamp": "2026-05-07T17:58:28", "class_name": "new", "sample_num": 5, "filename": "webcam_1778156908322.npy", "frames_with_hand": 90, "total_frames": 90, "hand_detection_pct": "100%", "total_samples_for_class": 169}
2026-05-07 17:58:28,326 | INFO |   [REC] Next sample in 3s...
2026-05-07 17:58:35,851 | INFO |   [SAVED] #6 -> webcam_1778156915849.npy  (hand: 100%, total: 170)
2026-05-07 17:58:35,853 | INFO | {"event": "sample_recorded", "timestamp": "2026-05-07T17:58:35", "class_name": "new", "sample_num": 6, "filename": "webcam_1778156915849.npy", "frames_with_hand": 90, "total_frames": 90, "hand_detection_pct": "100%", "total_samples_for_class": 170}
2026-05-07 17:58:35,853 | INFO |   [REC] Next sample in 3s...
2026-05-07 17:58:43,225 | INFO |   [SAVED] #7 -> webcam_1778156923223.npy  (hand: 100%, total: 171)
2026-05-07 17:58:43,226 | INFO | {"event": "sample_recorded", "timestamp": "2026-05-07T17:58:43", "class_name": "new", "sample_num": 7, "filename": "webcam_1778156923223.npy", "frames_with_hand": 90, "total_frames": 90, "hand_detection_pct": "100%", "total_samples_for_class": 171}
2026-05-07 17:58:43,226 | INFO |   [REC] Next sample in 3s...
2026-05-07 17:58:50,546 | INFO |   [SAVED] #8 -> webcam_1778156930542.npy  (hand: 100%, total: 172)
2026-05-07 17:58:50,546 | INFO | {"event": "sample_recorded", "timestamp": "2026-05-07T17:58:50", "class_name": "new", "sample_num": 8, "filename": "webcam_1778156930542.npy", "frames_with_hand": 90, "total_frames": 90, "hand_detection_pct": "100%", "total_samples_for_class": 172}
2026-05-07 17:58:50,547 | INFO |   [REC] Next sample in 3s...
2026-05-07 17:58:57,905 | INFO |   [SAVED] #9 -> webcam_1778156937902.npy  (hand: 100%, total: 173)
2026-05-07 17:58:57,906 | INFO | {"event": "sample_recorded", "timestamp": "2026-05-07T17:58:57", "class_name": "new", "sample_num": 9, "filename": "webcam_1778156937902.npy", "frames_with_hand": 90, "total_frames": 90, "hand_detection_pct": "100%", "total_samples_for_class": 173}
2026-05-07 17:58:57,906 | INFO |   [REC] Next sample in 3s...
2026-05-07 17:59:05,865 | INFO |   [SAVED] #10 -> webcam_1778156945863.npy  (hand: 100%, total: 174)
2026-05-07 17:59:05,865 | INFO | {"event": "sample_recorded", "timestamp": "2026-05-07T17:59:05", "class_name": "new", "sample_num": 10, "filename": "webcam_1778156945863.npy", "frames_with_hand": 90, "total_frames": 90, "hand_detection_pct": "100%", "total_samples_for_class": 174}
2026-05-07 17:59:05,865 | INFO |   [REC] Next sample in 3s...
2026-05-07 17:59:13,477 | INFO |   [SAVED] #11 -> webcam_1778156953473.npy  (hand: 100%, total: 175)
2026-05-07 17:59:13,478 | INFO | {"event": "sample_recorded", "timestamp": "2026-05-07T17:59:13", "class_name": "new", "sample_num": 11, "filename": "webcam_1778156953473.npy", "frames_with_hand": 90, "total_frames": 90, "hand_detection_pct": "100%", "total_samples_for_class": 175}
2026-05-07 17:59:13,478 | INFO |   [REC] Next sample in 3s...
2026-05-07 17:59:21,385 | INFO |   [SAVED] #12 -> webcam_1778156961380.npy  (hand: 100%, total: 176)
2026-05-07 17:59:21,386 | INFO | {"event": "sample_recorded", "timestamp": "2026-05-07T17:59:21", "class_name": "new", "sample_num": 12, "filename": "webcam_1778156961380.npy", "frames_with_hand": 90, "total_frames": 90, "hand_detection_pct": "100%", "total_samples_for_class": 176}
2026-05-07 17:59:21,386 | INFO |   [REC] Next sample in 3s...
2026-05-07 17:59:28,796 | INFO |   [SAVED] #13 -> webcam_1778156968792.npy  (hand: 100%, total: 177)
2026-05-07 17:59:28,796 | INFO | {"event": "sample_recorded", "timestamp": "2026-05-07T17:59:28", "class_name": "new", "sample_num": 13, "filename": "webcam_1778156968792.npy", "frames_with_hand": 90, "total_frames": 90, "hand_detection_pct": "100%", "total_samples_for_class": 177}
2026-05-07 17:59:28,797 | INFO |   [REC] Next sample in 3s...
2026-05-07 17:59:36,347 | INFO |   [SAVED] #14 -> webcam_1778156976344.npy  (hand: 100%, total: 178)
2026-05-07 17:59:36,347 | INFO | {"event": "sample_recorded", "timestamp": "2026-05-07T17:59:36", "class_name": "new", "sample_num": 14, "filename": "webcam_1778156976344.npy", "frames_with_hand": 90, "total_frames": 90, "hand_detection_pct": "100%", "total_samples_for_class": 178}
2026-05-07 17:59:36,347 | INFO |   [REC] Next sample in 3s...
2026-05-07 17:59:44,147 | INFO |   [SAVED] #15 -> webcam_1778156984143.npy  (hand: 100%, total: 179)
2026-05-07 17:59:44,147 | INFO | {"event": "sample_recorded", "timestamp": "2026-05-07T17:59:44", "class_name": "new", "sample_num": 15, "filename": "webcam_1778156984143.npy", "frames_with_hand": 90, "total_frames": 90, "hand_detection_pct": "100%", "total_samples_for_class": 179}
2026-05-07 17:59:44,147 | INFO |   [REC] Next sample in 3s...
2026-05-07 17:59:51,583 | INFO |   [SAVED] #16 -> webcam_1778156991580.npy  (hand: 100%, total: 180)
2026-05-07 17:59:51,583 | INFO | {"event": "sample_recorded", "timestamp": "2026-05-07T17:59:51", "class_name": "new", "sample_num": 16, "filename": "webcam_1778156991580.npy", "frames_with_hand": 90, "total_frames": 90, "hand_detection_pct": "100%", "total_samples_for_class": 180}
2026-05-07 17:59:51,583 | INFO |   [REC] Next sample in 3s...
2026-05-07 17:59:59,281 | INFO |   [SAVED] #17 -> webcam_1778156999276.npy  (hand: 100%, total: 181)
2026-05-07 17:59:59,281 | INFO | {"event": "sample_recorded", "timestamp": "2026-05-07T17:59:59", "class_name": "new", "sample_num": 17, "filename": "webcam_1778156999276.npy", "frames_with_hand": 90, "total_frames": 90, "hand_detection_pct": "100%", "total_samples_for_class": 181}
2026-05-07 17:59:59,282 | INFO |   [REC] Next sample in 3s...
2026-05-07 18:00:06,911 | INFO |   [SAVED] #18 -> webcam_1778157006908.npy  (hand: 100%, total: 182)
2026-05-07 18:00:06,912 | INFO | {"event": "sample_recorded", "timestamp": "2026-05-07T18:00:06", "class_name": "new", "sample_num": 18, "filename": "webcam_1778157006908.npy", "frames_with_hand": 90, "total_frames": 90, "hand_detection_pct": "100%", "total_samples_for_class": 182}
2026-05-07 18:00:06,912 | INFO |   [REC] Next sample in 3s...
2026-05-07 18:00:14,532 | INFO |   [SAVED] #19 -> webcam_1778157014530.npy  (hand: 100%, total: 183)
2026-05-07 18:00:14,532 | INFO | {"event": "sample_recorded", "timestamp": "2026-05-07T18:00:14", "class_name": "new", "sample_num": 19, "filename": "webcam_1778157014530.npy", "frames_with_hand": 90, "total_frames": 90, "hand_detection_pct": "100%", "total_samples_for_class": 183}
2026-05-07 18:00:14,534 | INFO |   [REC] Next sample in 3s...
2026-05-07 18:00:21,901 | INFO |   [SAVED] #20 -> webcam_1778157021898.npy  (hand: 100%, total: 184)
2026-05-07 18:00:21,901 | INFO | {"event": "sample_recorded", "timestamp": "2026-05-07T18:00:21", "class_name": "new", "sample_num": 20, "filename": "webcam_1778157021898.npy", "frames_with_hand": 90, "total_frames": 90, "hand_detection_pct": "100%", "total_samples_for_class": 184}
2026-05-07 18:00:23,853 | INFO | [Collect] Done! Saved 20 new samples for 'new'.
2026-05-07 18:00:23,853 | INFO | [Collect] Total samples for 'new': 184
2026-05-07 18:00:23,854 | INFO | {"event": "record_end", "timestamp": "2026-05-07T18:00:23", "class_name": "new", "new_samples_saved": 20, "total_samples_for_class": 184}
