2026-05-07 11:19:26,414 | INFO | Logger initialized for collect
2026-05-07 11:19:26,415 | INFO | Log file: logs\collect_20260507_111926.log
2026-05-07 11:19:26,416 | INFO | {"event": "record_start", "timestamp": "2026-05-07T11:19:26", "class_name": "young", "target_samples": 10}
2026-05-07 11:19:26,422 | INFO | [Collect] Class: 'young'
2026-05-07 11:19:26,423 | INFO | [Collect] Existing samples: 174
2026-05-07 11:19:26,423 | INFO | [Collect] Recording: 90 frames (~3s), sub-sampled to 20
2026-05-07 11:19:26,423 | INFO | [Collect] Target: 10 new samples
2026-05-07 11:19:31,708 | INFO | Controls:
2026-05-07 11:19:31,710 | INFO |   Auto mode enabled: recording until target is reached
2026-05-07 11:19:31,710 | INFO |   SPACE  - (optional) restart countdown manually
2026-05-07 11:19:31,711 | INFO |   Q/ESC  - Finish and quit
2026-05-07 11:19:31,711 | INFO |   [REC] Auto countdown 3s...
2026-05-07 11:19:39,216 | INFO |   [SAVED] #1 -> webcam_1778132979213.npy  (hand: 100%, total: 175)
2026-05-07 11:19:39,217 | INFO | {"event": "sample_recorded", "timestamp": "2026-05-07T11:19:39", "class_name": "young", "sample_num": 1, "filename": "webcam_1778132979213.npy", "frames_with_hand": 90, "total_frames": 90, "hand_detection_pct": "100%", "total_samples_for_class": 175}
2026-05-07 11:19:39,217 | INFO |   [REC] Next sample in 3s...
2026-05-07 11:19:46,572 | INFO |   [SAVED] #2 -> webcam_1778132986567.npy  (hand: 100%, total: 176)
2026-05-07 11:19:46,572 | INFO | {"event": "sample_recorded", "timestamp": "2026-05-07T11:19:46", "class_name": "young", "sample_num": 2, "filename": "webcam_1778132986567.npy", "frames_with_hand": 90, "total_frames": 90, "hand_detection_pct": "100%", "total_samples_for_class": 176}
2026-05-07 11:19:46,572 | INFO |   [REC] Next sample in 3s...
2026-05-07 11:19:53,646 | INFO |   [SAVED] #3 -> webcam_1778132993642.npy  (hand: 100%, total: 177)
2026-05-07 11:19:53,647 | INFO | {"event": "sample_recorded", "timestamp": "2026-05-07T11:19:53", "class_name": "young", "sample_num": 3, "filename": "webcam_1778132993642.npy", "frames_with_hand": 90, "total_frames": 90, "hand_detection_pct": "100%", "total_samples_for_class": 177}
2026-05-07 11:19:53,647 | INFO |   [REC] Next sample in 3s...
2026-05-07 11:20:01,126 | INFO |   [SAVED] #4 -> webcam_1778133001121.npy  (hand: 100%, total: 178)
2026-05-07 11:20:01,126 | INFO | {"event": "sample_recorded", "timestamp": "2026-05-07T11:20:01", "class_name": "young", "sample_num": 4, "filename": "webcam_1778133001121.npy", "frames_with_hand": 90, "total_frames": 90, "hand_detection_pct": "100%", "total_samples_for_class": 178}
2026-05-07 11:20:01,126 | INFO |   [REC] Next sample in 3s...
2026-05-07 11:20:08,123 | INFO |   [SAVED] #5 -> webcam_1778133008119.npy  (hand: 100%, total: 179)
2026-05-07 11:20:08,124 | INFO | {"event": "sample_recorded", "timestamp": "2026-05-07T11:20:08", "class_name": "young", "sample_num": 5, "filename": "webcam_1778133008119.npy", "frames_with_hand": 90, "total_frames": 90, "hand_detection_pct": "100%", "total_samples_for_class": 179}
2026-05-07 11:20:08,124 | INFO |   [REC] Next sample in 3s...
2026-05-07 11:20:15,489 | INFO |   [SAVED] #6 -> webcam_1778133015487.npy  (hand: 100%, total: 180)
2026-05-07 11:20:15,489 | INFO | {"event": "sample_recorded", "timestamp": "2026-05-07T11:20:15", "class_name": "young", "sample_num": 6, "filename": "webcam_1778133015487.npy", "frames_with_hand": 90, "total_frames": 90, "hand_detection_pct": "100%", "total_samples_for_class": 180}
2026-05-07 11:20:15,489 | INFO |   [REC] Next sample in 3s...
2026-05-07 11:20:22,607 | INFO |   [SAVED] #7 -> webcam_1778133022604.npy  (hand: 100%, total: 181)
2026-05-07 11:20:22,608 | INFO | {"event": "sample_recorded", "timestamp": "2026-05-07T11:20:22", "class_name": "young", "sample_num": 7, "filename": "webcam_1778133022604.npy", "frames_with_hand": 90, "total_frames": 90, "hand_detection_pct": "100%", "total_samples_for_class": 181}
2026-05-07 11:20:22,608 | INFO |   [REC] Next sample in 3s...
2026-05-07 11:20:29,776 | INFO |   [SAVED] #8 -> webcam_1778133029774.npy  (hand: 100%, total: 182)
2026-05-07 11:20:29,777 | INFO | {"event": "sample_recorded", "timestamp": "2026-05-07T11:20:29", "class_name": "young", "sample_num": 8, "filename": "webcam_1778133029774.npy", "frames_with_hand": 90, "total_frames": 90, "hand_detection_pct": "100%", "total_samples_for_class": 182}
2026-05-07 11:20:29,777 | INFO |   [REC] Next sample in 3s...
2026-05-07 11:20:36,956 | INFO |   [SAVED] #9 -> webcam_1778133036954.npy  (hand: 100%, total: 183)
2026-05-07 11:20:36,956 | INFO | {"event": "sample_recorded", "timestamp": "2026-05-07T11:20:36", "class_name": "young", "sample_num": 9, "filename": "webcam_1778133036954.npy", "frames_with_hand": 90, "total_frames": 90, "hand_detection_pct": "100%", "total_samples_for_class": 183}
2026-05-07 11:20:36,957 | INFO |   [REC] Next sample in 3s...
2026-05-07 11:20:44,071 | INFO |   [SAVED] #10 -> webcam_1778133044068.npy  (hand: 100%, total: 184)
2026-05-07 11:20:44,071 | INFO | {"event": "sample_recorded", "timestamp": "2026-05-07T11:20:44", "class_name": "young", "sample_num": 10, "filename": "webcam_1778133044068.npy", "frames_with_hand": 90, "total_frames": 90, "hand_detection_pct": "100%", "total_samples_for_class": 184}
2026-05-07 11:20:45,976 | INFO | [Collect] Done! Saved 10 new samples for 'young'.
2026-05-07 11:20:45,977 | INFO | [Collect] Total samples for 'young': 184
2026-05-07 11:20:45,977 | INFO | {"event": "record_end", "timestamp": "2026-05-07T11:20:45", "class_name": "young", "new_samples_saved": 10, "total_samples_for_class": 184}
