2026-05-08 22:32:16,666 | INFO | Logger initialized for collect
2026-05-08 22:32:16,667 | INFO | Log file: logs\collect_20260508_223216.log
2026-05-08 22:32:16,668 | INFO | {"event": "record_start", "timestamp": "2026-05-08T22:32:16", "class_name": "high", "target_samples": 20}
2026-05-08 22:32:16,674 | INFO | [Collect] Class: 'high'
2026-05-08 22:32:16,674 | INFO | [Collect] Existing samples: 72
2026-05-08 22:32:16,675 | INFO | [Collect] Recording: 90 frames (~3s), sub-sampled to 20
2026-05-08 22:32:16,675 | INFO | [Collect] Target: 20 new samples
2026-05-08 22:32:24,246 | INFO | Controls:
2026-05-08 22:32:24,246 | INFO |   Auto mode enabled: recording until target is reached
2026-05-08 22:32:24,247 | INFO |   SPACE  - (optional) restart countdown manually
2026-05-08 22:32:24,247 | INFO |   Q/ESC  - Finish and quit
2026-05-08 22:32:24,248 | INFO |   [REC] Auto countdown 3s...
2026-05-08 22:32:32,638 | INFO |   [SAVED] #1 -> webcam_1778259752633.npy  (hand: 100%, total: 73)
2026-05-08 22:32:32,638 | INFO | {"event": "sample_recorded", "timestamp": "2026-05-08T22:32:32", "class_name": "high", "sample_num": 1, "filename": "webcam_1778259752633.npy", "frames_with_hand": 90, "total_frames": 90, "hand_detection_pct": "100%", "total_samples_for_class": 73}
2026-05-08 22:32:32,639 | INFO |   [REC] Next sample in 3s...
2026-05-08 22:32:40,984 | INFO |   [SAVED] #2 -> webcam_1778259760981.npy  (hand: 100%, total: 74)
2026-05-08 22:32:40,984 | INFO | {"event": "sample_recorded", "timestamp": "2026-05-08T22:32:40", "class_name": "high", "sample_num": 2, "filename": "webcam_1778259760981.npy", "frames_with_hand": 90, "total_frames": 90, "hand_detection_pct": "100%", "total_samples_for_class": 74}
2026-05-08 22:32:40,984 | INFO |   [REC] Next sample in 3s...
2026-05-08 22:32:48,883 | INFO |   [SAVED] #3 -> webcam_1778259768878.npy  (hand: 100%, total: 75)
2026-05-08 22:32:48,883 | INFO | {"event": "sample_recorded", "timestamp": "2026-05-08T22:32:48", "class_name": "high", "sample_num": 3, "filename": "webcam_1778259768878.npy", "frames_with_hand": 90, "total_frames": 90, "hand_detection_pct": "100%", "total_samples_for_class": 75}
2026-05-08 22:32:48,884 | INFO |   [REC] Next sample in 3s...
2026-05-08 22:32:56,926 | INFO |   [SAVED] #4 -> webcam_1778259776924.npy  (hand: 100%, total: 76)
2026-05-08 22:32:56,927 | INFO | {"event": "sample_recorded", "timestamp": "2026-05-08T22:32:56", "class_name": "high", "sample_num": 4, "filename": "webcam_1778259776924.npy", "frames_with_hand": 90, "total_frames": 90, "hand_detection_pct": "100%", "total_samples_for_class": 76}
2026-05-08 22:32:56,927 | INFO |   [REC] Next sample in 3s...
2026-05-08 22:33:05,645 | INFO |   [SAVED] #5 -> webcam_1778259785642.npy  (hand: 100%, total: 77)
2026-05-08 22:33:05,646 | INFO | {"event": "sample_recorded", "timestamp": "2026-05-08T22:33:05", "class_name": "high", "sample_num": 5, "filename": "webcam_1778259785642.npy", "frames_with_hand": 90, "total_frames": 90, "hand_detection_pct": "100%", "total_samples_for_class": 77}
2026-05-08 22:33:05,646 | INFO |   [REC] Next sample in 3s...
2026-05-08 22:33:14,213 | INFO |   [SAVED] #6 -> webcam_1778259794210.npy  (hand: 100%, total: 78)
2026-05-08 22:33:14,213 | INFO | {"event": "sample_recorded", "timestamp": "2026-05-08T22:33:14", "class_name": "high", "sample_num": 6, "filename": "webcam_1778259794210.npy", "frames_with_hand": 90, "total_frames": 90, "hand_detection_pct": "100%", "total_samples_for_class": 78}
2026-05-08 22:33:14,213 | INFO |   [REC] Next sample in 3s...
2026-05-08 22:33:22,300 | INFO |   [SAVED] #7 -> webcam_1778259802297.npy  (hand: 100%, total: 79)
2026-05-08 22:33:22,300 | INFO | {"event": "sample_recorded", "timestamp": "2026-05-08T22:33:22", "class_name": "high", "sample_num": 7, "filename": "webcam_1778259802297.npy", "frames_with_hand": 90, "total_frames": 90, "hand_detection_pct": "100%", "total_samples_for_class": 79}
2026-05-08 22:33:22,300 | INFO |   [REC] Next sample in 3s...
2026-05-08 22:33:30,928 | INFO |   [SAVED] #8 -> webcam_1778259810926.npy  (hand: 100%, total: 80)
2026-05-08 22:33:30,928 | INFO | {"event": "sample_recorded", "timestamp": "2026-05-08T22:33:30", "class_name": "high", "sample_num": 8, "filename": "webcam_1778259810926.npy", "frames_with_hand": 90, "total_frames": 90, "hand_detection_pct": "100%", "total_samples_for_class": 80}
2026-05-08 22:33:30,929 | INFO |   [REC] Next sample in 3s...
2026-05-08 22:33:39,207 | INFO |   [SAVED] #9 -> webcam_1778259819205.npy  (hand: 100%, total: 81)
2026-05-08 22:33:39,209 | INFO | {"event": "sample_recorded", "timestamp": "2026-05-08T22:33:39", "class_name": "high", "sample_num": 9, "filename": "webcam_1778259819205.npy", "frames_with_hand": 90, "total_frames": 90, "hand_detection_pct": "100%", "total_samples_for_class": 81}
2026-05-08 22:33:39,210 | INFO |   [REC] Next sample in 3s...
2026-05-08 22:33:47,294 | INFO |   [SAVED] #10 -> webcam_1778259827291.npy  (hand: 100%, total: 82)
2026-05-08 22:33:47,294 | INFO | {"event": "sample_recorded", "timestamp": "2026-05-08T22:33:47", "class_name": "high", "sample_num": 10, "filename": "webcam_1778259827291.npy", "frames_with_hand": 90, "total_frames": 90, "hand_detection_pct": "100%", "total_samples_for_class": 82}
2026-05-08 22:33:47,295 | INFO |   [REC] Next sample in 3s...
2026-05-08 22:33:55,446 | INFO |   [SAVED] #11 -> webcam_1778259835444.npy  (hand: 100%, total: 83)
2026-05-08 22:33:55,446 | INFO | {"event": "sample_recorded", "timestamp": "2026-05-08T22:33:55", "class_name": "high", "sample_num": 11, "filename": "webcam_1778259835444.npy", "frames_with_hand": 90, "total_frames": 90, "hand_detection_pct": "100%", "total_samples_for_class": 83}
2026-05-08 22:33:55,447 | INFO |   [REC] Next sample in 3s...
2026-05-08 22:34:03,497 | INFO |   [SAVED] #12 -> webcam_1778259843493.npy  (hand: 100%, total: 84)
2026-05-08 22:34:03,498 | INFO | {"event": "sample_recorded", "timestamp": "2026-05-08T22:34:03", "class_name": "high", "sample_num": 12, "filename": "webcam_1778259843493.npy", "frames_with_hand": 90, "total_frames": 90, "hand_detection_pct": "100%", "total_samples_for_class": 84}
2026-05-08 22:34:03,498 | INFO |   [REC] Next sample in 3s...
2026-05-08 22:34:11,375 | INFO |   [SAVED] #13 -> webcam_1778259851370.npy  (hand: 100%, total: 85)
2026-05-08 22:34:11,375 | INFO | {"event": "sample_recorded", "timestamp": "2026-05-08T22:34:11", "class_name": "high", "sample_num": 13, "filename": "webcam_1778259851370.npy", "frames_with_hand": 90, "total_frames": 90, "hand_detection_pct": "100%", "total_samples_for_class": 85}
2026-05-08 22:34:11,376 | INFO |   [REC] Next sample in 3s...
2026-05-08 22:34:19,700 | INFO |   [SAVED] #14 -> webcam_1778259859697.npy  (hand: 100%, total: 86)
2026-05-08 22:34:19,701 | INFO | {"event": "sample_recorded", "timestamp": "2026-05-08T22:34:19", "class_name": "high", "sample_num": 14, "filename": "webcam_1778259859697.npy", "frames_with_hand": 90, "total_frames": 90, "hand_detection_pct": "100%", "total_samples_for_class": 86}
2026-05-08 22:34:19,701 | INFO |   [REC] Next sample in 3s...
2026-05-08 22:34:27,849 | INFO |   [SAVED] #15 -> webcam_1778259867845.npy  (hand: 100%, total: 87)
2026-05-08 22:34:27,850 | INFO | {"event": "sample_recorded", "timestamp": "2026-05-08T22:34:27", "class_name": "high", "sample_num": 15, "filename": "webcam_1778259867845.npy", "frames_with_hand": 90, "total_frames": 90, "hand_detection_pct": "100%", "total_samples_for_class": 87}
2026-05-08 22:34:27,850 | INFO |   [REC] Next sample in 3s...
2026-05-08 22:34:36,350 | INFO |   [SAVED] #16 -> webcam_1778259876348.npy  (hand: 100%, total: 88)
2026-05-08 22:34:36,351 | INFO | {"event": "sample_recorded", "timestamp": "2026-05-08T22:34:36", "class_name": "high", "sample_num": 16, "filename": "webcam_1778259876348.npy", "frames_with_hand": 90, "total_frames": 90, "hand_detection_pct": "100%", "total_samples_for_class": 88}
2026-05-08 22:34:36,351 | INFO |   [REC] Next sample in 3s...
2026-05-08 22:34:44,938 | INFO |   [SAVED] #17 -> webcam_1778259884936.npy  (hand: 100%, total: 89)
2026-05-08 22:34:44,939 | INFO | {"event": "sample_recorded", "timestamp": "2026-05-08T22:34:44", "class_name": "high", "sample_num": 17, "filename": "webcam_1778259884936.npy", "frames_with_hand": 90, "total_frames": 90, "hand_detection_pct": "100%", "total_samples_for_class": 89}
2026-05-08 22:34:44,939 | INFO |   [REC] Next sample in 3s...
2026-05-08 22:34:53,054 | INFO |   [SAVED] #18 -> webcam_1778259893051.npy  (hand: 100%, total: 90)
2026-05-08 22:34:53,055 | INFO | {"event": "sample_recorded", "timestamp": "2026-05-08T22:34:53", "class_name": "high", "sample_num": 18, "filename": "webcam_1778259893051.npy", "frames_with_hand": 90, "total_frames": 90, "hand_detection_pct": "100%", "total_samples_for_class": 90}
2026-05-08 22:34:53,055 | INFO |   [REC] Next sample in 3s...
2026-05-08 22:35:01,153 | INFO |   [SAVED] #19 -> webcam_1778259901151.npy  (hand: 100%, total: 91)
2026-05-08 22:35:01,154 | INFO | {"event": "sample_recorded", "timestamp": "2026-05-08T22:35:01", "class_name": "high", "sample_num": 19, "filename": "webcam_1778259901151.npy", "frames_with_hand": 90, "total_frames": 90, "hand_detection_pct": "100%", "total_samples_for_class": 91}
2026-05-08 22:35:01,154 | INFO |   [REC] Next sample in 3s...
2026-05-08 22:35:09,782 | INFO |   [SAVED] #20 -> webcam_1778259909779.npy  (hand: 100%, total: 92)
2026-05-08 22:35:09,783 | INFO | {"event": "sample_recorded", "timestamp": "2026-05-08T22:35:09", "class_name": "high", "sample_num": 20, "filename": "webcam_1778259909779.npy", "frames_with_hand": 90, "total_frames": 90, "hand_detection_pct": "100%", "total_samples_for_class": 92}
2026-05-08 22:35:11,712 | INFO | [Collect] Done! Saved 20 new samples for 'high'.
2026-05-08 22:35:11,712 | INFO | [Collect] Total samples for 'high': 92
2026-05-08 22:35:11,713 | INFO | {"event": "record_end", "timestamp": "2026-05-08T22:35:11", "class_name": "high", "new_samples_saved": 20, "total_samples_for_class": 92}
