2026-05-08 22:20:01,322 | INFO | Logger initialized for collect
2026-05-08 22:20:01,323 | INFO | Log file: logs\collect_20260508_222001.log
2026-05-08 22:20:01,324 | INFO | {"event": "record_start", "timestamp": "2026-05-08T22:20:01", "class_name": "healthy", "target_samples": 20}
2026-05-08 22:20:01,330 | INFO | [Collect] Class: 'healthy'
2026-05-08 22:20:01,330 | INFO | [Collect] Existing samples: 185
2026-05-08 22:20:01,330 | INFO | [Collect] Recording: 90 frames (~3s), sub-sampled to 20
2026-05-08 22:20:01,331 | INFO | [Collect] Target: 20 new samples
2026-05-08 22:20:07,368 | INFO | Controls:
2026-05-08 22:20:07,369 | INFO |   Auto mode enabled: recording until target is reached
2026-05-08 22:20:07,369 | INFO |   SPACE  - (optional) restart countdown manually
2026-05-08 22:20:07,370 | INFO |   Q/ESC  - Finish and quit
2026-05-08 22:20:07,370 | INFO |   [REC] Auto countdown 3s...
2026-05-08 22:20:16,408 | INFO |   [SAVED] #1 -> webcam_1778259016404.npy  (hand: 100%, total: 186)
2026-05-08 22:20:16,410 | INFO | {"event": "sample_recorded", "timestamp": "2026-05-08T22:20:16", "class_name": "healthy", "sample_num": 1, "filename": "webcam_1778259016404.npy", "frames_with_hand": 90, "total_frames": 90, "hand_detection_pct": "100%", "total_samples_for_class": 186}
2026-05-08 22:20:16,410 | INFO |   [REC] Next sample in 3s...
2026-05-08 22:20:25,286 | INFO |   [SAVED] #2 -> webcam_1778259025284.npy  (hand: 100%, total: 187)
2026-05-08 22:20:25,287 | INFO | {"event": "sample_recorded", "timestamp": "2026-05-08T22:20:25", "class_name": "healthy", "sample_num": 2, "filename": "webcam_1778259025284.npy", "frames_with_hand": 90, "total_frames": 90, "hand_detection_pct": "100%", "total_samples_for_class": 187}
2026-05-08 22:20:25,287 | INFO |   [REC] Next sample in 3s...
2026-05-08 22:20:33,930 | INFO |   [SAVED] #3 -> webcam_1778259033927.npy  (hand: 100%, total: 188)
2026-05-08 22:20:33,930 | INFO | {"event": "sample_recorded", "timestamp": "2026-05-08T22:20:33", "class_name": "healthy", "sample_num": 3, "filename": "webcam_1778259033927.npy", "frames_with_hand": 90, "total_frames": 90, "hand_detection_pct": "100%", "total_samples_for_class": 188}
2026-05-08 22:20:33,930 | INFO |   [REC] Next sample in 3s...
2026-05-08 22:20:42,213 | INFO |   [SAVED] #4 -> webcam_1778259042210.npy  (hand: 100%, total: 189)
2026-05-08 22:20:42,213 | INFO | {"event": "sample_recorded", "timestamp": "2026-05-08T22:20:42", "class_name": "healthy", "sample_num": 4, "filename": "webcam_1778259042210.npy", "frames_with_hand": 90, "total_frames": 90, "hand_detection_pct": "100%", "total_samples_for_class": 189}
2026-05-08 22:20:42,214 | INFO |   [REC] Next sample in 3s...
2026-05-08 22:20:50,989 | INFO |   [SAVED] #5 -> webcam_1778259050986.npy  (hand: 100%, total: 190)
2026-05-08 22:20:50,989 | INFO | {"event": "sample_recorded", "timestamp": "2026-05-08T22:20:50", "class_name": "healthy", "sample_num": 5, "filename": "webcam_1778259050986.npy", "frames_with_hand": 90, "total_frames": 90, "hand_detection_pct": "100%", "total_samples_for_class": 190}
2026-05-08 22:20:50,989 | INFO |   [REC] Next sample in 3s...
2026-05-08 22:20:59,470 | INFO |   [SAVED] #6 -> webcam_1778259059467.npy  (hand: 100%, total: 191)
2026-05-08 22:20:59,470 | INFO | {"event": "sample_recorded", "timestamp": "2026-05-08T22:20:59", "class_name": "healthy", "sample_num": 6, "filename": "webcam_1778259059467.npy", "frames_with_hand": 90, "total_frames": 90, "hand_detection_pct": "100%", "total_samples_for_class": 191}
2026-05-08 22:20:59,470 | INFO |   [REC] Next sample in 3s...
2026-05-08 22:21:08,090 | INFO |   [SAVED] #7 -> webcam_1778259068085.npy  (hand: 100%, total: 192)
2026-05-08 22:21:08,090 | INFO | {"event": "sample_recorded", "timestamp": "2026-05-08T22:21:08", "class_name": "healthy", "sample_num": 7, "filename": "webcam_1778259068085.npy", "frames_with_hand": 90, "total_frames": 90, "hand_detection_pct": "100%", "total_samples_for_class": 192}
2026-05-08 22:21:08,091 | INFO |   [REC] Next sample in 3s...
2026-05-08 22:21:15,520 | INFO |   [SAVED] #8 -> webcam_1778259075517.npy  (hand: 100%, total: 193)
2026-05-08 22:21:15,521 | INFO | {"event": "sample_recorded", "timestamp": "2026-05-08T22:21:15", "class_name": "healthy", "sample_num": 8, "filename": "webcam_1778259075517.npy", "frames_with_hand": 90, "total_frames": 90, "hand_detection_pct": "100%", "total_samples_for_class": 193}
2026-05-08 22:21:15,521 | INFO |   [REC] Next sample in 3s...
2026-05-08 22:21:22,964 | INFO |   [SAVED] #9 -> webcam_1778259082960.npy  (hand: 100%, total: 194)
2026-05-08 22:21:22,964 | INFO | {"event": "sample_recorded", "timestamp": "2026-05-08T22:21:22", "class_name": "healthy", "sample_num": 9, "filename": "webcam_1778259082960.npy", "frames_with_hand": 90, "total_frames": 90, "hand_detection_pct": "100%", "total_samples_for_class": 194}
2026-05-08 22:21:22,965 | INFO |   [REC] Next sample in 3s...
2026-05-08 22:21:30,265 | INFO |   [SAVED] #10 -> webcam_1778259090260.npy  (hand: 100%, total: 195)
2026-05-08 22:21:30,265 | INFO | {"event": "sample_recorded", "timestamp": "2026-05-08T22:21:30", "class_name": "healthy", "sample_num": 10, "filename": "webcam_1778259090260.npy", "frames_with_hand": 90, "total_frames": 90, "hand_detection_pct": "100%", "total_samples_for_class": 195}
2026-05-08 22:21:30,265 | INFO |   [REC] Next sample in 3s...
2026-05-08 22:21:37,677 | INFO |   [SAVED] #11 -> webcam_1778259097672.npy  (hand: 100%, total: 196)
2026-05-08 22:21:37,677 | INFO | {"event": "sample_recorded", "timestamp": "2026-05-08T22:21:37", "class_name": "healthy", "sample_num": 11, "filename": "webcam_1778259097672.npy", "frames_with_hand": 90, "total_frames": 90, "hand_detection_pct": "100%", "total_samples_for_class": 196}
2026-05-08 22:21:37,678 | INFO |   [REC] Next sample in 3s...
2026-05-08 22:21:45,539 | INFO |   [SAVED] #12 -> webcam_1778259105536.npy  (hand: 100%, total: 197)
2026-05-08 22:21:45,539 | INFO | {"event": "sample_recorded", "timestamp": "2026-05-08T22:21:45", "class_name": "healthy", "sample_num": 12, "filename": "webcam_1778259105536.npy", "frames_with_hand": 90, "total_frames": 90, "hand_detection_pct": "100%", "total_samples_for_class": 197}
2026-05-08 22:21:45,540 | INFO |   [REC] Next sample in 3s...
2026-05-08 22:21:53,172 | INFO |   [SAVED] #13 -> webcam_1778259113170.npy  (hand: 100%, total: 198)
2026-05-08 22:21:53,173 | INFO | {"event": "sample_recorded", "timestamp": "2026-05-08T22:21:53", "class_name": "healthy", "sample_num": 13, "filename": "webcam_1778259113170.npy", "frames_with_hand": 90, "total_frames": 90, "hand_detection_pct": "100%", "total_samples_for_class": 198}
2026-05-08 22:21:53,173 | INFO |   [REC] Next sample in 3s...
2026-05-08 22:22:00,412 | INFO |   [SAVED] #14 -> webcam_1778259120408.npy  (hand: 100%, total: 199)
2026-05-08 22:22:00,413 | INFO | {"event": "sample_recorded", "timestamp": "2026-05-08T22:22:00", "class_name": "healthy", "sample_num": 14, "filename": "webcam_1778259120408.npy", "frames_with_hand": 90, "total_frames": 90, "hand_detection_pct": "100%", "total_samples_for_class": 199}
2026-05-08 22:22:00,414 | INFO |   [REC] Next sample in 3s...
2026-05-08 22:22:07,627 | INFO |   [SAVED] #15 -> webcam_1778259127623.npy  (hand: 100%, total: 200)
2026-05-08 22:22:07,627 | INFO | {"event": "sample_recorded", "timestamp": "2026-05-08T22:22:07", "class_name": "healthy", "sample_num": 15, "filename": "webcam_1778259127623.npy", "frames_with_hand": 90, "total_frames": 90, "hand_detection_pct": "100%", "total_samples_for_class": 200}
2026-05-08 22:22:07,628 | INFO |   [REC] Next sample in 3s...
2026-05-08 22:22:15,250 | INFO |   [SAVED] #16 -> webcam_1778259135247.npy  (hand: 100%, total: 201)
2026-05-08 22:22:15,250 | INFO | {"event": "sample_recorded", "timestamp": "2026-05-08T22:22:15", "class_name": "healthy", "sample_num": 16, "filename": "webcam_1778259135247.npy", "frames_with_hand": 90, "total_frames": 90, "hand_detection_pct": "100%", "total_samples_for_class": 201}
2026-05-08 22:22:15,250 | INFO |   [REC] Next sample in 3s...
2026-05-08 22:22:23,129 | INFO |   [SAVED] #17 -> webcam_1778259143127.npy  (hand: 100%, total: 202)
2026-05-08 22:22:23,130 | INFO | {"event": "sample_recorded", "timestamp": "2026-05-08T22:22:23", "class_name": "healthy", "sample_num": 17, "filename": "webcam_1778259143127.npy", "frames_with_hand": 90, "total_frames": 90, "hand_detection_pct": "100%", "total_samples_for_class": 202}
2026-05-08 22:22:23,130 | INFO |   [REC] Next sample in 3s...
2026-05-08 22:22:30,685 | INFO |   [SAVED] #18 -> webcam_1778259150681.npy  (hand: 100%, total: 203)
2026-05-08 22:22:30,686 | INFO | {"event": "sample_recorded", "timestamp": "2026-05-08T22:22:30", "class_name": "healthy", "sample_num": 18, "filename": "webcam_1778259150681.npy", "frames_with_hand": 90, "total_frames": 90, "hand_detection_pct": "100%", "total_samples_for_class": 203}
2026-05-08 22:22:30,686 | INFO |   [REC] Next sample in 3s...
2026-05-08 22:22:37,694 | INFO |   [SAVED] #19 -> webcam_1778259157688.npy  (hand: 100%, total: 204)
2026-05-08 22:22:37,694 | INFO | {"event": "sample_recorded", "timestamp": "2026-05-08T22:22:37", "class_name": "healthy", "sample_num": 19, "filename": "webcam_1778259157688.npy", "frames_with_hand": 90, "total_frames": 90, "hand_detection_pct": "100%", "total_samples_for_class": 204}
2026-05-08 22:22:37,694 | INFO |   [REC] Next sample in 3s...
2026-05-08 22:22:44,799 | INFO |   [SAVED] #20 -> webcam_1778259164794.npy  (hand: 100%, total: 205)
2026-05-08 22:22:44,800 | INFO | {"event": "sample_recorded", "timestamp": "2026-05-08T22:22:44", "class_name": "healthy", "sample_num": 20, "filename": "webcam_1778259164794.npy", "frames_with_hand": 90, "total_frames": 90, "hand_detection_pct": "100%", "total_samples_for_class": 205}
2026-05-08 22:22:46,699 | INFO | [Collect] Done! Saved 20 new samples for 'healthy'.
2026-05-08 22:22:46,699 | INFO | [Collect] Total samples for 'healthy': 205
2026-05-08 22:22:46,700 | INFO | {"event": "record_end", "timestamp": "2026-05-08T22:22:46", "class_name": "healthy", "new_samples_saved": 20, "total_samples_for_class": 205}
