2026-05-07 13:54:03,509 | INFO | Logger initialized for collect
2026-05-07 13:54:03,511 | INFO | Log file: logs\collect_20260507_135403.log
2026-05-07 13:54:03,511 | INFO | {"event": "record_start", "timestamp": "2026-05-07T13:54:03", "class_name": "cold", "target_samples": 10}
2026-05-07 13:54:03,516 | INFO | [Collect] Class: 'cold'
2026-05-07 13:54:03,517 | INFO | [Collect] Existing samples: 174
2026-05-07 13:54:03,517 | INFO | [Collect] Recording: 90 frames (~3s), sub-sampled to 20
2026-05-07 13:54:03,518 | INFO | [Collect] Target: 10 new samples
2026-05-07 13:54:08,718 | INFO | Controls:
2026-05-07 13:54:08,719 | INFO |   Auto mode enabled: recording until target is reached
2026-05-07 13:54:08,719 | INFO |   SPACE  - (optional) restart countdown manually
2026-05-07 13:54:08,721 | INFO |   Q/ESC  - Finish and quit
2026-05-07 13:54:08,721 | INFO |   [REC] Auto countdown 3s...
2026-05-07 13:54:16,200 | INFO |   [SAVED] #1 -> webcam_1778142256194.npy  (hand: 100%, total: 175)
2026-05-07 13:54:16,201 | INFO | {"event": "sample_recorded", "timestamp": "2026-05-07T13:54:16", "class_name": "cold", "sample_num": 1, "filename": "webcam_1778142256194.npy", "frames_with_hand": 90, "total_frames": 90, "hand_detection_pct": "100%", "total_samples_for_class": 175}
2026-05-07 13:54:16,201 | INFO |   [REC] Next sample in 3s...
2026-05-07 13:54:23,660 | INFO |   [SAVED] #2 -> webcam_1778142263657.npy  (hand: 100%, total: 176)
2026-05-07 13:54:23,661 | INFO | {"event": "sample_recorded", "timestamp": "2026-05-07T13:54:23", "class_name": "cold", "sample_num": 2, "filename": "webcam_1778142263657.npy", "frames_with_hand": 90, "total_frames": 90, "hand_detection_pct": "100%", "total_samples_for_class": 176}
2026-05-07 13:54:23,661 | INFO |   [REC] Next sample in 3s...
2026-05-07 13:54:30,875 | INFO |   [SAVED] #3 -> webcam_1778142270872.npy  (hand: 100%, total: 177)
2026-05-07 13:54:30,876 | INFO | {"event": "sample_recorded", "timestamp": "2026-05-07T13:54:30", "class_name": "cold", "sample_num": 3, "filename": "webcam_1778142270872.npy", "frames_with_hand": 90, "total_frames": 90, "hand_detection_pct": "100%", "total_samples_for_class": 177}
2026-05-07 13:54:30,876 | INFO |   [REC] Next sample in 3s...
2026-05-07 13:54:38,124 | INFO |   [SAVED] #4 -> webcam_1778142278122.npy  (hand: 100%, total: 178)
2026-05-07 13:54:38,124 | INFO | {"event": "sample_recorded", "timestamp": "2026-05-07T13:54:38", "class_name": "cold", "sample_num": 4, "filename": "webcam_1778142278122.npy", "frames_with_hand": 90, "total_frames": 90, "hand_detection_pct": "100%", "total_samples_for_class": 178}
2026-05-07 13:54:38,124 | INFO |   [REC] Next sample in 3s...
2026-05-07 13:54:45,113 | INFO |   [SAVED] #5 -> webcam_1778142285110.npy  (hand: 100%, total: 179)
2026-05-07 13:54:45,113 | INFO | {"event": "sample_recorded", "timestamp": "2026-05-07T13:54:45", "class_name": "cold", "sample_num": 5, "filename": "webcam_1778142285110.npy", "frames_with_hand": 90, "total_frames": 90, "hand_detection_pct": "100%", "total_samples_for_class": 179}
2026-05-07 13:54:45,113 | INFO |   [REC] Next sample in 3s...
2026-05-07 13:54:51,982 | INFO |   [SAVED] #6 -> webcam_1778142291979.npy  (hand: 100%, total: 180)
2026-05-07 13:54:51,982 | INFO | {"event": "sample_recorded", "timestamp": "2026-05-07T13:54:51", "class_name": "cold", "sample_num": 6, "filename": "webcam_1778142291979.npy", "frames_with_hand": 90, "total_frames": 90, "hand_detection_pct": "100%", "total_samples_for_class": 180}
2026-05-07 13:54:51,983 | INFO |   [REC] Next sample in 3s...
2026-05-07 13:54:59,145 | INFO |   [SAVED] #7 -> webcam_1778142299144.npy  (hand: 100%, total: 181)
2026-05-07 13:54:59,146 | INFO | {"event": "sample_recorded", "timestamp": "2026-05-07T13:54:59", "class_name": "cold", "sample_num": 7, "filename": "webcam_1778142299144.npy", "frames_with_hand": 90, "total_frames": 90, "hand_detection_pct": "100%", "total_samples_for_class": 181}
2026-05-07 13:54:59,146 | INFO |   [REC] Next sample in 3s...
2026-05-07 13:55:06,257 | INFO |   [SAVED] #8 -> webcam_1778142306253.npy  (hand: 100%, total: 182)
2026-05-07 13:55:06,258 | INFO | {"event": "sample_recorded", "timestamp": "2026-05-07T13:55:06", "class_name": "cold", "sample_num": 8, "filename": "webcam_1778142306253.npy", "frames_with_hand": 90, "total_frames": 90, "hand_detection_pct": "100%", "total_samples_for_class": 182}
2026-05-07 13:55:06,258 | INFO |   [REC] Next sample in 3s...
2026-05-07 13:55:13,292 | INFO |   [SAVED] #9 -> webcam_1778142313288.npy  (hand: 100%, total: 183)
2026-05-07 13:55:13,292 | INFO | {"event": "sample_recorded", "timestamp": "2026-05-07T13:55:13", "class_name": "cold", "sample_num": 9, "filename": "webcam_1778142313288.npy", "frames_with_hand": 90, "total_frames": 90, "hand_detection_pct": "100%", "total_samples_for_class": 183}
2026-05-07 13:55:13,292 | INFO |   [REC] Next sample in 3s...
2026-05-07 13:55:20,259 | INFO |   [SAVED] #10 -> webcam_1778142320257.npy  (hand: 100%, total: 184)
2026-05-07 13:55:20,259 | INFO | {"event": "sample_recorded", "timestamp": "2026-05-07T13:55:20", "class_name": "cold", "sample_num": 10, "filename": "webcam_1778142320257.npy", "frames_with_hand": 90, "total_frames": 90, "hand_detection_pct": "100%", "total_samples_for_class": 184}
2026-05-07 13:55:22,189 | INFO | [Collect] Done! Saved 10 new samples for 'cold'.
2026-05-07 13:55:22,190 | INFO | [Collect] Total samples for 'cold': 184
2026-05-07 13:55:22,191 | INFO | {"event": "record_end", "timestamp": "2026-05-07T13:55:22", "class_name": "cold", "new_samples_saved": 10, "total_samples_for_class": 184}
