2026-05-07 11:22:21,441 | INFO | Logger initialized for collect
2026-05-07 11:22:21,442 | INFO | Log file: logs\collect_20260507_112221.log
2026-05-07 11:22:21,443 | INFO | {"event": "record_start", "timestamp": "2026-05-07T11:22:21", "class_name": "young", "target_samples": 10}
2026-05-07 11:22:21,449 | INFO | [Collect] Class: 'young'
2026-05-07 11:22:21,449 | INFO | [Collect] Existing samples: 194
2026-05-07 11:22:21,450 | INFO | [Collect] Recording: 90 frames (~3s), sub-sampled to 20
2026-05-07 11:22:21,450 | INFO | [Collect] Target: 10 new samples
2026-05-07 11:22:28,088 | INFO | Controls:
2026-05-07 11:22:28,090 | INFO |   Auto mode enabled: recording until target is reached
2026-05-07 11:22:28,090 | INFO |   SPACE  - (optional) restart countdown manually
2026-05-07 11:22:28,090 | INFO |   Q/ESC  - Finish and quit
2026-05-07 11:22:28,092 | INFO |   [REC] Auto countdown 3s...
2026-05-07 11:22:34,725 | INFO |   [SAVED] #1 -> webcam_1778133154720.npy  (hand: 100%, total: 195)
2026-05-07 11:22:34,726 | INFO | {"event": "sample_recorded", "timestamp": "2026-05-07T11:22:34", "class_name": "young", "sample_num": 1, "filename": "webcam_1778133154720.npy", "frames_with_hand": 90, "total_frames": 90, "hand_detection_pct": "100%", "total_samples_for_class": 195}
2026-05-07 11:22:34,726 | INFO |   [REC] Next sample in 3s...
2026-05-07 11:22:41,860 | INFO |   [SAVED] #2 -> webcam_1778133161858.npy  (hand: 100%, total: 196)
2026-05-07 11:22:41,861 | INFO | {"event": "sample_recorded", "timestamp": "2026-05-07T11:22:41", "class_name": "young", "sample_num": 2, "filename": "webcam_1778133161858.npy", "frames_with_hand": 90, "total_frames": 90, "hand_detection_pct": "100%", "total_samples_for_class": 196}
2026-05-07 11:22:41,861 | INFO |   [REC] Next sample in 3s...
2026-05-07 11:22:49,441 | INFO |   [SAVED] #3 -> webcam_1778133169439.npy  (hand: 100%, total: 197)
2026-05-07 11:22:49,442 | INFO | {"event": "sample_recorded", "timestamp": "2026-05-07T11:22:49", "class_name": "young", "sample_num": 3, "filename": "webcam_1778133169439.npy", "frames_with_hand": 90, "total_frames": 90, "hand_detection_pct": "100%", "total_samples_for_class": 197}
2026-05-07 11:22:49,442 | INFO |   [REC] Next sample in 3s...
2026-05-07 11:22:56,827 | INFO |   [SAVED] #4 -> webcam_1778133176825.npy  (hand: 100%, total: 198)
2026-05-07 11:22:56,827 | INFO | {"event": "sample_recorded", "timestamp": "2026-05-07T11:22:56", "class_name": "young", "sample_num": 4, "filename": "webcam_1778133176825.npy", "frames_with_hand": 90, "total_frames": 90, "hand_detection_pct": "100%", "total_samples_for_class": 198}
2026-05-07 11:22:56,828 | INFO |   [REC] Next sample in 3s...
2026-05-07 11:23:04,126 | INFO |   [SAVED] #5 -> webcam_1778133184124.npy  (hand: 100%, total: 199)
2026-05-07 11:23:04,126 | INFO | {"event": "sample_recorded", "timestamp": "2026-05-07T11:23:04", "class_name": "young", "sample_num": 5, "filename": "webcam_1778133184124.npy", "frames_with_hand": 90, "total_frames": 90, "hand_detection_pct": "100%", "total_samples_for_class": 199}
2026-05-07 11:23:04,127 | INFO |   [REC] Next sample in 3s...
2026-05-07 11:23:11,415 | INFO |   [SAVED] #6 -> webcam_1778133191413.npy  (hand: 100%, total: 200)
2026-05-07 11:23:11,416 | INFO | {"event": "sample_recorded", "timestamp": "2026-05-07T11:23:11", "class_name": "young", "sample_num": 6, "filename": "webcam_1778133191413.npy", "frames_with_hand": 90, "total_frames": 90, "hand_detection_pct": "100%", "total_samples_for_class": 200}
2026-05-07 11:23:11,416 | INFO |   [REC] Next sample in 3s...
2026-05-07 11:23:19,094 | INFO |   [SAVED] #7 -> webcam_1778133199092.npy  (hand: 100%, total: 201)
2026-05-07 11:23:19,094 | INFO | {"event": "sample_recorded", "timestamp": "2026-05-07T11:23:19", "class_name": "young", "sample_num": 7, "filename": "webcam_1778133199092.npy", "frames_with_hand": 90, "total_frames": 90, "hand_detection_pct": "100%", "total_samples_for_class": 201}
2026-05-07 11:23:19,094 | INFO |   [REC] Next sample in 3s...
2026-05-07 11:23:26,686 | INFO |   [SAVED] #8 -> webcam_1778133206681.npy  (hand: 100%, total: 202)
2026-05-07 11:23:26,686 | INFO | {"event": "sample_recorded", "timestamp": "2026-05-07T11:23:26", "class_name": "young", "sample_num": 8, "filename": "webcam_1778133206681.npy", "frames_with_hand": 90, "total_frames": 90, "hand_detection_pct": "100%", "total_samples_for_class": 202}
2026-05-07 11:23:26,687 | INFO |   [REC] Next sample in 3s...
2026-05-07 11:23:34,019 | INFO |   [SAVED] #9 -> webcam_1778133214013.npy  (hand: 100%, total: 203)
2026-05-07 11:23:34,020 | INFO | {"event": "sample_recorded", "timestamp": "2026-05-07T11:23:34", "class_name": "young", "sample_num": 9, "filename": "webcam_1778133214013.npy", "frames_with_hand": 90, "total_frames": 90, "hand_detection_pct": "100%", "total_samples_for_class": 203}
2026-05-07 11:23:34,020 | INFO |   [REC] Next sample in 3s...
2026-05-07 11:23:41,490 | INFO |   [SAVED] #10 -> webcam_1778133221486.npy  (hand: 100%, total: 204)
2026-05-07 11:23:41,490 | INFO | {"event": "sample_recorded", "timestamp": "2026-05-07T11:23:41", "class_name": "young", "sample_num": 10, "filename": "webcam_1778133221486.npy", "frames_with_hand": 90, "total_frames": 90, "hand_detection_pct": "100%", "total_samples_for_class": 204}
2026-05-07 11:23:43,386 | INFO | [Collect] Done! Saved 10 new samples for 'young'.
2026-05-07 11:23:43,387 | INFO | [Collect] Total samples for 'young': 204
2026-05-07 11:23:43,387 | INFO | {"event": "record_end", "timestamp": "2026-05-07T11:23:43", "class_name": "young", "new_samples_saved": 10, "total_samples_for_class": 204}
