2026-05-12 18:22:39,357 | INFO | Logger initialized for collect
2026-05-12 18:22:39,358 | INFO | Log file: logs\collect_20260512_182239.log
2026-05-12 18:22:39,358 | INFO | {"event": "record_start", "timestamp": "2026-05-12T18:22:39", "class_name": "soft", "target_samples": 20}
2026-05-12 18:22:39,360 | INFO | [Collect] Class: 'soft'
2026-05-12 18:22:39,361 | INFO | [Collect] Existing samples: 72
2026-05-12 18:22:39,361 | INFO | [Collect] Recording: 90 frames (~3s), sub-sampled to 20
2026-05-12 18:22:39,361 | INFO | [Collect] Target: 20 new samples
2026-05-12 18:22:44,077 | INFO | Controls:
2026-05-12 18:22:44,078 | INFO |   Auto mode enabled: recording until target is reached
2026-05-12 18:22:44,078 | INFO |   SPACE  - (optional) restart countdown manually
2026-05-12 18:22:44,078 | INFO |   Q/ESC  - Finish and quit
2026-05-12 18:22:44,079 | INFO |   [REC] Auto countdown 3s...
2026-05-12 18:22:51,794 | INFO |   [SAVED] #1 -> webcam_1778590371791.npy  (hand: 100%, total: 73)
2026-05-12 18:22:51,794 | INFO | {"event": "sample_recorded", "timestamp": "2026-05-12T18:22:51", "class_name": "soft", "sample_num": 1, "filename": "webcam_1778590371791.npy", "frames_with_hand": 90, "total_frames": 90, "hand_detection_pct": "100%", "total_samples_for_class": 73}
2026-05-12 18:22:51,795 | INFO |   [REC] Next sample in 3s...
2026-05-12 18:23:00,372 | INFO |   [SAVED] #2 -> webcam_1778590380368.npy  (hand: 100%, total: 74)
2026-05-12 18:23:00,372 | INFO | {"event": "sample_recorded", "timestamp": "2026-05-12T18:23:00", "class_name": "soft", "sample_num": 2, "filename": "webcam_1778590380368.npy", "frames_with_hand": 90, "total_frames": 90, "hand_detection_pct": "100%", "total_samples_for_class": 74}
2026-05-12 18:23:00,372 | INFO |   [REC] Next sample in 3s...
2026-05-12 18:23:09,202 | INFO |   [SAVED] #3 -> webcam_1778590389198.npy  (hand: 100%, total: 75)
2026-05-12 18:23:09,202 | INFO | {"event": "sample_recorded", "timestamp": "2026-05-12T18:23:09", "class_name": "soft", "sample_num": 3, "filename": "webcam_1778590389198.npy", "frames_with_hand": 90, "total_frames": 90, "hand_detection_pct": "100%", "total_samples_for_class": 75}
2026-05-12 18:23:09,202 | INFO |   [REC] Next sample in 3s...
2026-05-12 18:23:17,612 | INFO |   [SAVED] #4 -> webcam_1778590397609.npy  (hand: 100%, total: 76)
2026-05-12 18:23:17,612 | INFO | {"event": "sample_recorded", "timestamp": "2026-05-12T18:23:17", "class_name": "soft", "sample_num": 4, "filename": "webcam_1778590397609.npy", "frames_with_hand": 90, "total_frames": 90, "hand_detection_pct": "100%", "total_samples_for_class": 76}
2026-05-12 18:23:17,612 | INFO |   [REC] Next sample in 3s...
2026-05-12 18:23:26,452 | INFO |   [SAVED] #5 -> webcam_1778590406450.npy  (hand: 100%, total: 77)
2026-05-12 18:23:26,453 | INFO | {"event": "sample_recorded", "timestamp": "2026-05-12T18:23:26", "class_name": "soft", "sample_num": 5, "filename": "webcam_1778590406450.npy", "frames_with_hand": 90, "total_frames": 90, "hand_detection_pct": "100%", "total_samples_for_class": 77}
2026-05-12 18:23:26,453 | INFO |   [REC] Next sample in 3s...
2026-05-12 18:23:34,818 | INFO |   [SAVED] #6 -> webcam_1778590414814.npy  (hand: 100%, total: 78)
2026-05-12 18:23:34,818 | INFO | {"event": "sample_recorded", "timestamp": "2026-05-12T18:23:34", "class_name": "soft", "sample_num": 6, "filename": "webcam_1778590414814.npy", "frames_with_hand": 90, "total_frames": 90, "hand_detection_pct": "100%", "total_samples_for_class": 78}
2026-05-12 18:23:34,818 | INFO |   [REC] Next sample in 3s...
2026-05-12 18:23:43,550 | INFO |   [SAVED] #7 -> webcam_1778590423546.npy  (hand: 100%, total: 79)
2026-05-12 18:23:43,550 | INFO | {"event": "sample_recorded", "timestamp": "2026-05-12T18:23:43", "class_name": "soft", "sample_num": 7, "filename": "webcam_1778590423546.npy", "frames_with_hand": 90, "total_frames": 90, "hand_detection_pct": "100%", "total_samples_for_class": 79}
2026-05-12 18:23:43,550 | INFO |   [REC] Next sample in 3s...
2026-05-12 18:23:52,134 | INFO |   [SAVED] #8 -> webcam_1778590432130.npy  (hand: 100%, total: 80)
2026-05-12 18:23:52,135 | INFO | {"event": "sample_recorded", "timestamp": "2026-05-12T18:23:52", "class_name": "soft", "sample_num": 8, "filename": "webcam_1778590432130.npy", "frames_with_hand": 90, "total_frames": 90, "hand_detection_pct": "100%", "total_samples_for_class": 80}
2026-05-12 18:23:52,135 | INFO |   [REC] Next sample in 3s...
2026-05-12 18:24:00,897 | INFO |   [SAVED] #9 -> webcam_1778590440894.npy  (hand: 100%, total: 81)
2026-05-12 18:24:00,897 | INFO | {"event": "sample_recorded", "timestamp": "2026-05-12T18:24:00", "class_name": "soft", "sample_num": 9, "filename": "webcam_1778590440894.npy", "frames_with_hand": 90, "total_frames": 90, "hand_detection_pct": "100%", "total_samples_for_class": 81}
2026-05-12 18:24:00,898 | INFO |   [REC] Next sample in 3s...
2026-05-12 18:24:09,261 | INFO |   [SAVED] #10 -> webcam_1778590449257.npy  (hand: 100%, total: 82)
2026-05-12 18:24:09,261 | INFO | {"event": "sample_recorded", "timestamp": "2026-05-12T18:24:09", "class_name": "soft", "sample_num": 10, "filename": "webcam_1778590449257.npy", "frames_with_hand": 90, "total_frames": 90, "hand_detection_pct": "100%", "total_samples_for_class": 82}
2026-05-12 18:24:09,261 | INFO |   [REC] Next sample in 3s...
2026-05-12 18:24:17,586 | INFO |   [SAVED] #11 -> webcam_1778590457583.npy  (hand: 100%, total: 83)
2026-05-12 18:24:17,586 | INFO | {"event": "sample_recorded", "timestamp": "2026-05-12T18:24:17", "class_name": "soft", "sample_num": 11, "filename": "webcam_1778590457583.npy", "frames_with_hand": 90, "total_frames": 90, "hand_detection_pct": "100%", "total_samples_for_class": 83}
2026-05-12 18:24:17,586 | INFO |   [REC] Next sample in 3s...
2026-05-12 18:24:26,046 | INFO |   [SAVED] #12 -> webcam_1778590466042.npy  (hand: 100%, total: 84)
2026-05-12 18:24:26,046 | INFO | {"event": "sample_recorded", "timestamp": "2026-05-12T18:24:26", "class_name": "soft", "sample_num": 12, "filename": "webcam_1778590466042.npy", "frames_with_hand": 90, "total_frames": 90, "hand_detection_pct": "100%", "total_samples_for_class": 84}
2026-05-12 18:24:26,047 | INFO |   [REC] Next sample in 3s...
2026-05-12 18:24:34,723 | INFO |   [SAVED] #13 -> webcam_1778590474718.npy  (hand: 100%, total: 85)
2026-05-12 18:24:34,724 | INFO | {"event": "sample_recorded", "timestamp": "2026-05-12T18:24:34", "class_name": "soft", "sample_num": 13, "filename": "webcam_1778590474718.npy", "frames_with_hand": 90, "total_frames": 90, "hand_detection_pct": "100%", "total_samples_for_class": 85}
2026-05-12 18:24:34,724 | INFO |   [REC] Next sample in 3s...
2026-05-12 18:24:43,227 | INFO |   [SAVED] #14 -> webcam_1778590483222.npy  (hand: 100%, total: 86)
2026-05-12 18:24:43,227 | INFO | {"event": "sample_recorded", "timestamp": "2026-05-12T18:24:43", "class_name": "soft", "sample_num": 14, "filename": "webcam_1778590483222.npy", "frames_with_hand": 90, "total_frames": 90, "hand_detection_pct": "100%", "total_samples_for_class": 86}
2026-05-12 18:24:43,228 | INFO |   [REC] Next sample in 3s...
2026-05-12 18:24:51,918 | INFO |   [SAVED] #15 -> webcam_1778590491914.npy  (hand: 100%, total: 87)
2026-05-12 18:24:51,918 | INFO | {"event": "sample_recorded", "timestamp": "2026-05-12T18:24:51", "class_name": "soft", "sample_num": 15, "filename": "webcam_1778590491914.npy", "frames_with_hand": 90, "total_frames": 90, "hand_detection_pct": "100%", "total_samples_for_class": 87}
2026-05-12 18:24:51,918 | INFO |   [REC] Next sample in 3s...
2026-05-12 18:25:00,494 | INFO |   [SAVED] #16 -> webcam_1778590500492.npy  (hand: 100%, total: 88)
2026-05-12 18:25:00,495 | INFO | {"event": "sample_recorded", "timestamp": "2026-05-12T18:25:00", "class_name": "soft", "sample_num": 16, "filename": "webcam_1778590500492.npy", "frames_with_hand": 90, "total_frames": 90, "hand_detection_pct": "100%", "total_samples_for_class": 88}
2026-05-12 18:25:00,495 | INFO |   [REC] Next sample in 3s...
2026-05-12 18:25:08,771 | INFO |   [SAVED] #17 -> webcam_1778590508767.npy  (hand: 100%, total: 89)
2026-05-12 18:25:08,771 | INFO | {"event": "sample_recorded", "timestamp": "2026-05-12T18:25:08", "class_name": "soft", "sample_num": 17, "filename": "webcam_1778590508767.npy", "frames_with_hand": 90, "total_frames": 90, "hand_detection_pct": "100%", "total_samples_for_class": 89}
2026-05-12 18:25:08,771 | INFO |   [REC] Next sample in 3s...
2026-05-12 18:25:17,200 | INFO |   [SAVED] #18 -> webcam_1778590517197.npy  (hand: 100%, total: 90)
2026-05-12 18:25:17,201 | INFO | {"event": "sample_recorded", "timestamp": "2026-05-12T18:25:17", "class_name": "soft", "sample_num": 18, "filename": "webcam_1778590517197.npy", "frames_with_hand": 90, "total_frames": 90, "hand_detection_pct": "100%", "total_samples_for_class": 90}
2026-05-12 18:25:17,201 | INFO |   [REC] Next sample in 3s...
2026-05-12 18:25:25,465 | INFO |   [SAVED] #19 -> webcam_1778590525461.npy  (hand: 100%, total: 91)
2026-05-12 18:25:25,465 | INFO | {"event": "sample_recorded", "timestamp": "2026-05-12T18:25:25", "class_name": "soft", "sample_num": 19, "filename": "webcam_1778590525461.npy", "frames_with_hand": 90, "total_frames": 90, "hand_detection_pct": "100%", "total_samples_for_class": 91}
2026-05-12 18:25:25,466 | INFO |   [REC] Next sample in 3s...
2026-05-12 18:25:33,834 | INFO |   [SAVED] #20 -> webcam_1778590533831.npy  (hand: 100%, total: 92)
2026-05-12 18:25:33,835 | INFO | {"event": "sample_recorded", "timestamp": "2026-05-12T18:25:33", "class_name": "soft", "sample_num": 20, "filename": "webcam_1778590533831.npy", "frames_with_hand": 90, "total_frames": 90, "hand_detection_pct": "100%", "total_samples_for_class": 92}
2026-05-12 18:25:35,713 | INFO | [Collect] Done! Saved 20 new samples for 'soft'.
2026-05-12 18:25:35,713 | INFO | [Collect] Total samples for 'soft': 92
2026-05-12 18:25:35,714 | INFO | {"event": "record_end", "timestamp": "2026-05-12T18:25:35", "class_name": "soft", "new_samples_saved": 20, "total_samples_for_class": 92}
