2026-05-12 23:25:25,829 | INFO | Logger initialized for collect
2026-05-12 23:25:25,830 | INFO | Log file: logs\collect_20260512_232525.log
2026-05-12 23:25:25,830 | INFO | {"event": "record_start", "timestamp": "2026-05-12T23:25:25", "class_name": "dirty", "target_samples": 20}
2026-05-12 23:25:25,832 | INFO | [Collect] Class: 'dirty'
2026-05-12 23:25:25,833 | INFO | [Collect] Existing samples: 72
2026-05-12 23:25:25,833 | INFO | [Collect] Recording: 90 frames (~3s), sub-sampled to 20
2026-05-12 23:25:25,833 | INFO | [Collect] Target: 20 new samples
2026-05-12 23:25:30,310 | INFO | Controls:
2026-05-12 23:25:30,311 | INFO |   Auto mode enabled: recording until target is reached
2026-05-12 23:25:30,311 | INFO |   SPACE  - (optional) restart countdown manually
2026-05-12 23:25:30,311 | INFO |   Q/ESC  - Finish and quit
2026-05-12 23:25:30,312 | INFO |   [REC] Auto countdown 3s...
2026-05-12 23:25:38,212 | INFO |   [SAVED] #1 -> webcam_1778608538208.npy  (hand: 100%, total: 73)
2026-05-12 23:25:38,212 | INFO | {"event": "sample_recorded", "timestamp": "2026-05-12T23:25:38", "class_name": "dirty", "sample_num": 1, "filename": "webcam_1778608538208.npy", "frames_with_hand": 90, "total_frames": 90, "hand_detection_pct": "100%", "total_samples_for_class": 73}
2026-05-12 23:25:38,213 | INFO |   [REC] Next sample in 3s...
2026-05-12 23:25:46,090 | INFO |   [SAVED] #2 -> webcam_1778608546086.npy  (hand: 100%, total: 74)
2026-05-12 23:25:46,090 | INFO | {"event": "sample_recorded", "timestamp": "2026-05-12T23:25:46", "class_name": "dirty", "sample_num": 2, "filename": "webcam_1778608546086.npy", "frames_with_hand": 90, "total_frames": 90, "hand_detection_pct": "100%", "total_samples_for_class": 74}
2026-05-12 23:25:46,091 | INFO |   [REC] Next sample in 3s...
2026-05-12 23:25:53,842 | INFO |   [SAVED] #3 -> webcam_1778608553838.npy  (hand: 100%, total: 75)
2026-05-12 23:25:53,842 | INFO | {"event": "sample_recorded", "timestamp": "2026-05-12T23:25:53", "class_name": "dirty", "sample_num": 3, "filename": "webcam_1778608553838.npy", "frames_with_hand": 90, "total_frames": 90, "hand_detection_pct": "100%", "total_samples_for_class": 75}
2026-05-12 23:25:53,842 | INFO |   [REC] Next sample in 3s...
2026-05-12 23:26:01,716 | INFO |   [SAVED] #4 -> webcam_1778608561714.npy  (hand: 100%, total: 76)
2026-05-12 23:26:01,717 | INFO | {"event": "sample_recorded", "timestamp": "2026-05-12T23:26:01", "class_name": "dirty", "sample_num": 4, "filename": "webcam_1778608561714.npy", "frames_with_hand": 90, "total_frames": 90, "hand_detection_pct": "100%", "total_samples_for_class": 76}
2026-05-12 23:26:01,717 | INFO |   [REC] Next sample in 3s...
2026-05-12 23:26:09,661 | INFO |   [SAVED] #5 -> webcam_1778608569658.npy  (hand: 100%, total: 77)
2026-05-12 23:26:09,663 | INFO | {"event": "sample_recorded", "timestamp": "2026-05-12T23:26:09", "class_name": "dirty", "sample_num": 5, "filename": "webcam_1778608569658.npy", "frames_with_hand": 90, "total_frames": 90, "hand_detection_pct": "100%", "total_samples_for_class": 77}
2026-05-12 23:26:09,663 | INFO |   [REC] Next sample in 3s...
2026-05-12 23:26:17,683 | INFO |   [SAVED] #6 -> webcam_1778608577680.npy  (hand: 100%, total: 78)
2026-05-12 23:26:17,684 | INFO | {"event": "sample_recorded", "timestamp": "2026-05-12T23:26:17", "class_name": "dirty", "sample_num": 6, "filename": "webcam_1778608577680.npy", "frames_with_hand": 90, "total_frames": 90, "hand_detection_pct": "100%", "total_samples_for_class": 78}
2026-05-12 23:26:17,684 | INFO |   [REC] Next sample in 3s...
2026-05-12 23:26:25,616 | INFO |   [SAVED] #7 -> webcam_1778608585612.npy  (hand: 100%, total: 79)
2026-05-12 23:26:25,616 | INFO | {"event": "sample_recorded", "timestamp": "2026-05-12T23:26:25", "class_name": "dirty", "sample_num": 7, "filename": "webcam_1778608585612.npy", "frames_with_hand": 90, "total_frames": 90, "hand_detection_pct": "100%", "total_samples_for_class": 79}
2026-05-12 23:26:25,616 | INFO |   [REC] Next sample in 3s...
2026-05-12 23:26:33,491 | INFO |   [SAVED] #8 -> webcam_1778608593488.npy  (hand: 100%, total: 80)
2026-05-12 23:26:33,491 | INFO | {"event": "sample_recorded", "timestamp": "2026-05-12T23:26:33", "class_name": "dirty", "sample_num": 8, "filename": "webcam_1778608593488.npy", "frames_with_hand": 90, "total_frames": 90, "hand_detection_pct": "100%", "total_samples_for_class": 80}
2026-05-12 23:26:33,492 | INFO |   [REC] Next sample in 3s...
2026-05-12 23:26:41,349 | INFO |   [SAVED] #9 -> webcam_1778608601345.npy  (hand: 100%, total: 81)
2026-05-12 23:26:41,349 | INFO | {"event": "sample_recorded", "timestamp": "2026-05-12T23:26:41", "class_name": "dirty", "sample_num": 9, "filename": "webcam_1778608601345.npy", "frames_with_hand": 90, "total_frames": 90, "hand_detection_pct": "100%", "total_samples_for_class": 81}
2026-05-12 23:26:41,349 | INFO |   [REC] Next sample in 3s...
2026-05-12 23:26:49,202 | INFO |   [SAVED] #10 -> webcam_1778608609199.npy  (hand: 100%, total: 82)
2026-05-12 23:26:49,202 | INFO | {"event": "sample_recorded", "timestamp": "2026-05-12T23:26:49", "class_name": "dirty", "sample_num": 10, "filename": "webcam_1778608609199.npy", "frames_with_hand": 90, "total_frames": 90, "hand_detection_pct": "100%", "total_samples_for_class": 82}
2026-05-12 23:26:49,203 | INFO |   [REC] Next sample in 3s...
2026-05-12 23:26:57,083 | INFO |   [SAVED] #11 -> webcam_1778608617078.npy  (hand: 100%, total: 83)
2026-05-12 23:26:57,084 | INFO | {"event": "sample_recorded", "timestamp": "2026-05-12T23:26:57", "class_name": "dirty", "sample_num": 11, "filename": "webcam_1778608617078.npy", "frames_with_hand": 90, "total_frames": 90, "hand_detection_pct": "100%", "total_samples_for_class": 83}
2026-05-12 23:26:57,084 | INFO |   [REC] Next sample in 3s...
2026-05-12 23:27:04,966 | INFO |   [SAVED] #12 -> webcam_1778608624963.npy  (hand: 100%, total: 84)
2026-05-12 23:27:04,966 | INFO | {"event": "sample_recorded", "timestamp": "2026-05-12T23:27:04", "class_name": "dirty", "sample_num": 12, "filename": "webcam_1778608624963.npy", "frames_with_hand": 90, "total_frames": 90, "hand_detection_pct": "100%", "total_samples_for_class": 84}
2026-05-12 23:27:04,967 | INFO |   [REC] Next sample in 3s...
2026-05-12 23:27:12,806 | INFO |   [SAVED] #13 -> webcam_1778608632803.npy  (hand: 100%, total: 85)
2026-05-12 23:27:12,806 | INFO | {"event": "sample_recorded", "timestamp": "2026-05-12T23:27:12", "class_name": "dirty", "sample_num": 13, "filename": "webcam_1778608632803.npy", "frames_with_hand": 90, "total_frames": 90, "hand_detection_pct": "100%", "total_samples_for_class": 85}
2026-05-12 23:27:12,808 | INFO |   [REC] Next sample in 3s...
2026-05-12 23:27:20,554 | INFO |   [SAVED] #14 -> webcam_1778608640551.npy  (hand: 100%, total: 86)
2026-05-12 23:27:20,555 | INFO | {"event": "sample_recorded", "timestamp": "2026-05-12T23:27:20", "class_name": "dirty", "sample_num": 14, "filename": "webcam_1778608640551.npy", "frames_with_hand": 90, "total_frames": 90, "hand_detection_pct": "100%", "total_samples_for_class": 86}
2026-05-12 23:27:20,555 | INFO |   [REC] Next sample in 3s...
2026-05-12 23:27:28,357 | INFO |   [SAVED] #15 -> webcam_1778608648353.npy  (hand: 100%, total: 87)
2026-05-12 23:27:28,357 | INFO | {"event": "sample_recorded", "timestamp": "2026-05-12T23:27:28", "class_name": "dirty", "sample_num": 15, "filename": "webcam_1778608648353.npy", "frames_with_hand": 90, "total_frames": 90, "hand_detection_pct": "100%", "total_samples_for_class": 87}
2026-05-12 23:27:28,358 | INFO |   [REC] Next sample in 3s...
2026-05-12 23:27:36,486 | INFO |   [SAVED] #16 -> webcam_1778608656485.npy  (hand: 100%, total: 88)
2026-05-12 23:27:36,487 | INFO | {"event": "sample_recorded", "timestamp": "2026-05-12T23:27:36", "class_name": "dirty", "sample_num": 16, "filename": "webcam_1778608656485.npy", "frames_with_hand": 90, "total_frames": 90, "hand_detection_pct": "100%", "total_samples_for_class": 88}
2026-05-12 23:27:36,487 | INFO |   [REC] Next sample in 3s...
2026-05-12 23:27:44,321 | INFO |   [SAVED] #17 -> webcam_1778608664318.npy  (hand: 100%, total: 89)
2026-05-12 23:27:44,322 | INFO | {"event": "sample_recorded", "timestamp": "2026-05-12T23:27:44", "class_name": "dirty", "sample_num": 17, "filename": "webcam_1778608664318.npy", "frames_with_hand": 90, "total_frames": 90, "hand_detection_pct": "100%", "total_samples_for_class": 89}
2026-05-12 23:27:44,323 | INFO |   [REC] Next sample in 3s...
2026-05-12 23:27:52,303 | INFO |   [SAVED] #18 -> webcam_1778608672299.npy  (hand: 100%, total: 90)
2026-05-12 23:27:52,303 | INFO | {"event": "sample_recorded", "timestamp": "2026-05-12T23:27:52", "class_name": "dirty", "sample_num": 18, "filename": "webcam_1778608672299.npy", "frames_with_hand": 90, "total_frames": 90, "hand_detection_pct": "100%", "total_samples_for_class": 90}
2026-05-12 23:27:52,304 | INFO |   [REC] Next sample in 3s...
2026-05-12 23:28:00,151 | INFO |   [SAVED] #19 -> webcam_1778608680149.npy  (hand: 100%, total: 91)
2026-05-12 23:28:00,152 | INFO | {"event": "sample_recorded", "timestamp": "2026-05-12T23:28:00", "class_name": "dirty", "sample_num": 19, "filename": "webcam_1778608680149.npy", "frames_with_hand": 90, "total_frames": 90, "hand_detection_pct": "100%", "total_samples_for_class": 91}
2026-05-12 23:28:00,152 | INFO |   [REC] Next sample in 3s...
2026-05-12 23:28:08,039 | INFO |   [SAVED] #20 -> webcam_1778608688035.npy  (hand: 100%, total: 92)
2026-05-12 23:28:08,041 | INFO | {"event": "sample_recorded", "timestamp": "2026-05-12T23:28:08", "class_name": "dirty", "sample_num": 20, "filename": "webcam_1778608688035.npy", "frames_with_hand": 90, "total_frames": 90, "hand_detection_pct": "100%", "total_samples_for_class": 92}
2026-05-12 23:28:09,907 | INFO | [Collect] Done! Saved 20 new samples for 'dirty'.
2026-05-12 23:28:09,908 | INFO | [Collect] Total samples for 'dirty': 92
2026-05-12 23:28:09,909 | INFO | {"event": "record_end", "timestamp": "2026-05-12T23:28:09", "class_name": "dirty", "new_samples_saved": 20, "total_samples_for_class": 92}
