2026-05-06 21:36:39,407 | INFO | Logger initialized for collect
2026-05-06 21:36:39,408 | INFO | Log file: logs\collect_20260506_213639.log
2026-05-06 21:36:39,408 | INFO | {"event": "record_start", "timestamp": "2026-05-06T21:36:39", "class_name": "short", "target_samples": 10}
2026-05-06 21:36:39,416 | INFO | [Collect] Class: 'short'
2026-05-06 21:36:39,419 | INFO | [Collect] Existing samples: 184
2026-05-06 21:36:39,420 | INFO | [Collect] Recording: 90 frames (~3s), sub-sampled to 20
2026-05-06 21:36:39,421 | INFO | [Collect] Target: 10 new samples
2026-05-06 21:36:44,005 | INFO | Controls:
2026-05-06 21:36:44,006 | INFO |   Auto mode enabled: recording until target is reached
2026-05-06 21:36:44,006 | INFO |   SPACE  - (optional) restart countdown manually
2026-05-06 21:36:44,007 | INFO |   Q/ESC  - Finish and quit
2026-05-06 21:36:44,007 | INFO |   [REC] Auto countdown 3s...
2026-05-06 21:36:52,642 | INFO |   [SAVED] #1 -> webcam_1778083612638.npy  (hand: 100%, total: 185)
2026-05-06 21:36:52,643 | INFO | {"event": "sample_recorded", "timestamp": "2026-05-06T21:36:52", "class_name": "short", "sample_num": 1, "filename": "webcam_1778083612638.npy", "frames_with_hand": 90, "total_frames": 90, "hand_detection_pct": "100%", "total_samples_for_class": 185}
2026-05-06 21:36:52,643 | INFO |   [REC] Next sample in 3s...
2026-05-06 21:37:01,016 | INFO |   [SAVED] #2 -> webcam_1778083621013.npy  (hand: 100%, total: 186)
2026-05-06 21:37:01,016 | INFO | {"event": "sample_recorded", "timestamp": "2026-05-06T21:37:01", "class_name": "short", "sample_num": 2, "filename": "webcam_1778083621013.npy", "frames_with_hand": 90, "total_frames": 90, "hand_detection_pct": "100%", "total_samples_for_class": 186}
2026-05-06 21:37:01,017 | INFO |   [REC] Next sample in 3s...
2026-05-06 21:37:09,397 | INFO |   [SAVED] #3 -> webcam_1778083629395.npy  (hand: 100%, total: 187)
2026-05-06 21:37:09,397 | INFO | {"event": "sample_recorded", "timestamp": "2026-05-06T21:37:09", "class_name": "short", "sample_num": 3, "filename": "webcam_1778083629395.npy", "frames_with_hand": 90, "total_frames": 90, "hand_detection_pct": "100%", "total_samples_for_class": 187}
2026-05-06 21:37:09,397 | INFO |   [REC] Next sample in 3s...
2026-05-06 21:37:17,594 | INFO |   [SAVED] #4 -> webcam_1778083637591.npy  (hand: 100%, total: 188)
2026-05-06 21:37:17,595 | INFO | {"event": "sample_recorded", "timestamp": "2026-05-06T21:37:17", "class_name": "short", "sample_num": 4, "filename": "webcam_1778083637591.npy", "frames_with_hand": 90, "total_frames": 90, "hand_detection_pct": "100%", "total_samples_for_class": 188}
2026-05-06 21:37:17,595 | INFO |   [REC] Next sample in 3s...
2026-05-06 21:37:26,061 | INFO |   [SAVED] #5 -> webcam_1778083646057.npy  (hand: 100%, total: 189)
2026-05-06 21:37:26,062 | INFO | {"event": "sample_recorded", "timestamp": "2026-05-06T21:37:26", "class_name": "short", "sample_num": 5, "filename": "webcam_1778083646057.npy", "frames_with_hand": 90, "total_frames": 90, "hand_detection_pct": "100%", "total_samples_for_class": 189}
2026-05-06 21:37:26,063 | INFO |   [REC] Next sample in 3s...
2026-05-06 21:37:34,705 | INFO |   [SAVED] #6 -> webcam_1778083654701.npy  (hand: 100%, total: 190)
2026-05-06 21:37:34,706 | INFO | {"event": "sample_recorded", "timestamp": "2026-05-06T21:37:34", "class_name": "short", "sample_num": 6, "filename": "webcam_1778083654701.npy", "frames_with_hand": 90, "total_frames": 90, "hand_detection_pct": "100%", "total_samples_for_class": 190}
2026-05-06 21:37:34,706 | INFO |   [REC] Next sample in 3s...
2026-05-06 21:37:42,877 | INFO |   [SAVED] #7 -> webcam_1778083662874.npy  (hand: 100%, total: 191)
2026-05-06 21:37:42,877 | INFO | {"event": "sample_recorded", "timestamp": "2026-05-06T21:37:42", "class_name": "short", "sample_num": 7, "filename": "webcam_1778083662874.npy", "frames_with_hand": 90, "total_frames": 90, "hand_detection_pct": "100%", "total_samples_for_class": 191}
2026-05-06 21:37:42,879 | INFO |   [REC] Next sample in 3s...
2026-05-06 21:37:51,183 | INFO |   [SAVED] #8 -> webcam_1778083671178.npy  (hand: 100%, total: 192)
2026-05-06 21:37:51,184 | INFO | {"event": "sample_recorded", "timestamp": "2026-05-06T21:37:51", "class_name": "short", "sample_num": 8, "filename": "webcam_1778083671178.npy", "frames_with_hand": 90, "total_frames": 90, "hand_detection_pct": "100%", "total_samples_for_class": 192}
2026-05-06 21:37:51,184 | INFO |   [REC] Next sample in 3s...
2026-05-06 21:37:59,462 | INFO |   [SAVED] #9 -> webcam_1778083679458.npy  (hand: 100%, total: 193)
2026-05-06 21:37:59,462 | INFO | {"event": "sample_recorded", "timestamp": "2026-05-06T21:37:59", "class_name": "short", "sample_num": 9, "filename": "webcam_1778083679458.npy", "frames_with_hand": 90, "total_frames": 90, "hand_detection_pct": "100%", "total_samples_for_class": 193}
2026-05-06 21:37:59,462 | INFO |   [REC] Next sample in 3s...
2026-05-06 21:38:07,887 | INFO |   [SAVED] #10 -> webcam_1778083687883.npy  (hand: 100%, total: 194)
2026-05-06 21:38:07,888 | INFO | {"event": "sample_recorded", "timestamp": "2026-05-06T21:38:07", "class_name": "short", "sample_num": 10, "filename": "webcam_1778083687883.npy", "frames_with_hand": 90, "total_frames": 90, "hand_detection_pct": "100%", "total_samples_for_class": 194}
2026-05-06 21:38:09,729 | INFO | [Collect] Done! Saved 10 new samples for 'short'.
2026-05-06 21:38:09,731 | INFO | [Collect] Total samples for 'short': 194
2026-05-06 21:38:09,731 | INFO | {"event": "record_end", "timestamp": "2026-05-06T21:38:09", "class_name": "short", "new_samples_saved": 10, "total_samples_for_class": 194}
