2026-05-06 22:48:33,158 | INFO | Logger initialized for collect
2026-05-06 22:48:33,160 | INFO | Log file: logs\collect_20260506_224833.log
2026-05-06 22:48:33,161 | INFO | {"event": "record_start", "timestamp": "2026-05-06T22:48:33", "class_name": "wide", "target_samples": 10}
2026-05-06 22:48:33,166 | INFO | [Collect] Class: 'wide'
2026-05-06 22:48:33,167 | INFO | [Collect] Existing samples: 194
2026-05-06 22:48:33,167 | INFO | [Collect] Recording: 90 frames (~3s), sub-sampled to 20
2026-05-06 22:48:33,168 | INFO | [Collect] Target: 10 new samples
2026-05-06 22:48:37,744 | INFO | Controls:
2026-05-06 22:48:37,746 | INFO |   Auto mode enabled: recording until target is reached
2026-05-06 22:48:37,746 | INFO |   SPACE  - (optional) restart countdown manually
2026-05-06 22:48:37,746 | INFO |   Q/ESC  - Finish and quit
2026-05-06 22:48:37,746 | INFO |   [REC] Auto countdown 3s...
2026-05-06 22:48:46,134 | INFO |   [SAVED] #1 -> webcam_1778087926130.npy  (hand: 100%, total: 195)
2026-05-06 22:48:46,134 | INFO | {"event": "sample_recorded", "timestamp": "2026-05-06T22:48:46", "class_name": "wide", "sample_num": 1, "filename": "webcam_1778087926130.npy", "frames_with_hand": 90, "total_frames": 90, "hand_detection_pct": "100%", "total_samples_for_class": 195}
2026-05-06 22:48:46,135 | INFO |   [REC] Next sample in 3s...
2026-05-06 22:48:53,789 | INFO |   [SAVED] #2 -> webcam_1778087933786.npy  (hand: 100%, total: 196)
2026-05-06 22:48:53,789 | INFO | {"event": "sample_recorded", "timestamp": "2026-05-06T22:48:53", "class_name": "wide", "sample_num": 2, "filename": "webcam_1778087933786.npy", "frames_with_hand": 90, "total_frames": 90, "hand_detection_pct": "100%", "total_samples_for_class": 196}
2026-05-06 22:48:53,791 | INFO |   [REC] Next sample in 3s...
2026-05-06 22:49:01,496 | INFO |   [SAVED] #3 -> webcam_1778087941492.npy  (hand: 100%, total: 197)
2026-05-06 22:49:01,497 | INFO | {"event": "sample_recorded", "timestamp": "2026-05-06T22:49:01", "class_name": "wide", "sample_num": 3, "filename": "webcam_1778087941492.npy", "frames_with_hand": 90, "total_frames": 90, "hand_detection_pct": "100%", "total_samples_for_class": 197}
2026-05-06 22:49:01,497 | INFO |   [REC] Next sample in 3s...
2026-05-06 22:49:09,063 | INFO |   [SAVED] #4 -> webcam_1778087949059.npy  (hand: 100%, total: 198)
2026-05-06 22:49:09,063 | INFO | {"event": "sample_recorded", "timestamp": "2026-05-06T22:49:09", "class_name": "wide", "sample_num": 4, "filename": "webcam_1778087949059.npy", "frames_with_hand": 90, "total_frames": 90, "hand_detection_pct": "100%", "total_samples_for_class": 198}
2026-05-06 22:49:09,064 | INFO |   [REC] Next sample in 3s...
2026-05-06 22:49:16,958 | INFO |   [SAVED] #5 -> webcam_1778087956954.npy  (hand: 100%, total: 199)
2026-05-06 22:49:16,959 | INFO | {"event": "sample_recorded", "timestamp": "2026-05-06T22:49:16", "class_name": "wide", "sample_num": 5, "filename": "webcam_1778087956954.npy", "frames_with_hand": 90, "total_frames": 90, "hand_detection_pct": "100%", "total_samples_for_class": 199}
2026-05-06 22:49:16,959 | INFO |   [REC] Next sample in 3s...
2026-05-06 22:49:24,666 | INFO |   [SAVED] #6 -> webcam_1778087964663.npy  (hand: 100%, total: 200)
2026-05-06 22:49:24,666 | INFO | {"event": "sample_recorded", "timestamp": "2026-05-06T22:49:24", "class_name": "wide", "sample_num": 6, "filename": "webcam_1778087964663.npy", "frames_with_hand": 90, "total_frames": 90, "hand_detection_pct": "100%", "total_samples_for_class": 200}
2026-05-06 22:49:24,667 | INFO |   [REC] Next sample in 3s...
2026-05-06 22:49:32,453 | INFO |   [SAVED] #7 -> webcam_1778087972449.npy  (hand: 100%, total: 201)
2026-05-06 22:49:32,455 | INFO | {"event": "sample_recorded", "timestamp": "2026-05-06T22:49:32", "class_name": "wide", "sample_num": 7, "filename": "webcam_1778087972449.npy", "frames_with_hand": 90, "total_frames": 90, "hand_detection_pct": "100%", "total_samples_for_class": 201}
2026-05-06 22:49:32,455 | INFO |   [REC] Next sample in 3s...
2026-05-06 22:49:40,140 | INFO |   [SAVED] #8 -> webcam_1778087980136.npy  (hand: 100%, total: 202)
2026-05-06 22:49:40,141 | INFO | {"event": "sample_recorded", "timestamp": "2026-05-06T22:49:40", "class_name": "wide", "sample_num": 8, "filename": "webcam_1778087980136.npy", "frames_with_hand": 90, "total_frames": 90, "hand_detection_pct": "100%", "total_samples_for_class": 202}
2026-05-06 22:49:40,141 | INFO |   [REC] Next sample in 3s...
2026-05-06 22:49:47,852 | INFO |   [SAVED] #9 -> webcam_1778087987847.npy  (hand: 100%, total: 203)
2026-05-06 22:49:47,852 | INFO | {"event": "sample_recorded", "timestamp": "2026-05-06T22:49:47", "class_name": "wide", "sample_num": 9, "filename": "webcam_1778087987847.npy", "frames_with_hand": 90, "total_frames": 90, "hand_detection_pct": "100%", "total_samples_for_class": 203}
2026-05-06 22:49:47,853 | INFO |   [REC] Next sample in 3s...
2026-05-06 22:49:55,569 | INFO |   [SAVED] #10 -> webcam_1778087995565.npy  (hand: 100%, total: 204)
2026-05-06 22:49:55,570 | INFO | {"event": "sample_recorded", "timestamp": "2026-05-06T22:49:55", "class_name": "wide", "sample_num": 10, "filename": "webcam_1778087995565.npy", "frames_with_hand": 90, "total_frames": 90, "hand_detection_pct": "100%", "total_samples_for_class": 204}
2026-05-06 22:49:57,455 | INFO | [Collect] Done! Saved 10 new samples for 'wide'.
2026-05-06 22:49:57,456 | INFO | [Collect] Total samples for 'wide': 204
2026-05-06 22:49:57,456 | INFO | {"event": "record_end", "timestamp": "2026-05-06T22:49:57", "class_name": "wide", "new_samples_saved": 10, "total_samples_for_class": 204}
