2026-05-10 17:07:29,902 | INFO | Logger initialized for kfold
2026-05-10 17:07:29,903 | INFO | Log file: logs\kfold_20260510_170729.log
2026-05-10 17:07:29,903 | INFO | {"event": "kfold_start", "timestamp": "2026-05-10T17:07:29", "processed_dir": "C:\\Users\\Joseph\\Desktop\\projects\\sign_to_text\\processed"}
2026-05-10 17:07:29,904 | INFO | ============================================================
2026-05-10 17:07:29,904 | INFO |   K-Fold Word Ensemble Training
2026-05-10 17:07:29,904 | INFO | ============================================================
2026-05-10 17:07:30,732 | INFO | [Dataset] 17507 samples, 78 classes (augment=False, oversample=False)
2026-05-10 17:07:30,733 | INFO | [Dataset] Distribution: alive=72, alright=278, bad=294, beautiful=239, big_large=294, blind=224, cheap=221, clean=72, cold=294, cool=294, curved=212, dead=72, deaf=224, deep=72, dirty=72, dry=164, expensive=212, famous=192, fast=294, female=202, flat=212, good=274, good_afternoon=278, good_evening=290, good_morning=278, good_night=278, happy=224, hard=72, he=278, healthy=295, heavy=72, hello=273, high=262, hot=294, how_are_you=273, i=273, idle=130, it=278, light=202, long=294, loose=204, loud=240, low=72, male=202, mean=224, morning=134, narrow=294, new=294, nice=191, old=302, pleased=278, poor=209, quiet=226, rich=214, sad=224, shallow=72, she=278, short=294, sick=164, slow=294, small_little=294, soft=72, strong=72, tall=294, thank_you=273, they=278, thick=214, thin=172, tight=214, ugly=249, warm=304, we=278, weak=72, wet=294, wide=314, you=293, you_all=278, young=304
2026-05-10 17:07:30,948 | INFO | [KFold] Using source-aware K-fold (num_folds=5)
2026-05-10 17:07:30,949 | INFO | ============================================================
2026-05-10 17:07:30,949 | INFO |   K-Fold Cross-Validation (5 folds)
2026-05-10 17:07:30,949 | INFO |   Dataset: 17507 samples, 78 classes
2026-05-10 17:07:30,950 | INFO | ============================================================
2026-05-10 17:07:30,950 | INFO | {"event": "kfold_start", "timestamp": "2026-05-10T17:07:30", "num_folds": 5, "dataset_size": 17507, "num_classes": 78}
2026-05-10 17:07:30,993 | INFO | [Model] Params per fold: 1,362,101
2026-05-10 17:07:30,994 | INFO | --- Fold 0 ---  train=13977  val=3530
2026-05-10 17:07:31,006 | INFO | [BalancedAug] 13977 -> 19578 samples (oversampled)
2026-05-10 17:07:31,007 | INFO | [BalancedAug] Per class: {0: 251, 1: 251, 2: 251, 3: 251, 4: 251, 5: 251, 6: 251, 7: 251, 8: 251, 9: 251, 10: 251, 11: 251, 12: 251, 13: 251, 14: 251, 15: 251, 16: 251, 17: 251, 18: 251, 19: 251, 20: 251, 21: 251, 22: 251, 23: 251, 24: 251, 25: 251, 26: 251, 27: 251, 28: 251, 29: 251, 30: 251, 31: 251, 32: 251, 33: 251, 34: 251, 35: 251, 36: 251, 37: 251, 38: 251, 39: 251, 40: 251, 41: 251, 42: 251, 43: 251, 44: 251, 45: 251, 46: 251, 47: 251, 48: 251, 49: 251, 50: 251, 51: 251, 52: 251, 53: 251, 54: 251, 55: 251, 56: 251, 57: 251, 58: 251, 59: 251, 60: 251, 61: 251, 62: 251, 63: 251, 64: 251, 65: 251, 66: 251, 67: 251, 68: 251, 69: 251, 70: 251, 71: 251, 72: 251, 73: 251, 74: 251, 75: 251, 76: 251, 77: 251}
2026-05-10 17:07:31,026 | INFO | {"event": "kfold_fold_start", "timestamp": "2026-05-10T17:07:31", "fold": 0, "train_size": 13977, "val_size": 3530, "train_class_counts": {"0": 57, "1": 222, "2": 235, "3": 191, "4": 235, "5": 179, "6": 176, "7": 57, "8": 235, "9": 235, "10": 169, "11": 57, "12": 179, "13": 57, "14": 57, "15": 131, "16": 169, "17": 153, "18": 235, "19": 161, "20": 169, "21": 219, "22": 222, "23": 232, "24": 222, "25": 222, "26": 179, "27": 57, "28": 222, "29": 236, "30": 57, "31": 218, "32": 209, "33": 235, "34": 218, "35": 218, "36": 104, "37": 222, "38": 161, "39": 235, "40": 163, "41": 192, "42": 57, "43": 161, "44": 179, "45": 107, "46": 235, "47": 235, "48": 152, "49": 241, "50": 222, "51": 167, "52": 180, "53": 171, "54": 179, "55": 57, "56": 222, "57": 235, "58": 131, "59": 235, "60": 235, "61": 57, "62": 57, "63": 235, "64": 218, "65": 222, "66": 171, "67": 137, "68": 171, "69": 199, "70": 243, "71": 222, "72": 57, "73": 235, "74": 251, "75": 234, "76": 222, "77": 243}, "val_class_counts": {"0": 15, "1": 56, "2": 59, "3": 48, "4": 59, "5": 45, "6": 45, "7": 15, "8": 59, "9": 59, "10": 43, "11": 15, "12": 45, "13": 15, "14": 15, "15": 33, "16": 43, "17": 39, "18": 59, "19": 41, "20": 43, "21": 55, "22": 56, "23": 58, "24": 56, "25": 56, "26": 45, "27": 15, "28": 56, "29": 59, "30": 15, "31": 55, "32": 53, "33": 59, "34": 55, "35": 55, "36": 26, "37": 56, "38": 41, "39": 59, "40": 41, "41": 48, "42": 15, "43": 41, "44": 45, "45": 27, "46": 59, "47": 59, "48": 39, "49": 61, "50": 56, "51": 42, "52": 46, "53": 43, "54": 45, "55": 15, "56": 56, "57": 59, "58": 33, "59": 59, "60": 59, "61": 15, "62": 15, "63": 59, "64": 55, "65": 56, "66": 43, "67": 35, "68": 43, "69": 50, "70": 61, "71": 56, "72": 15, "73": 59, "74": 63, "75": 59, "76": 56, "77": 61}}
2026-05-10 17:13:15,778 | INFO | {"event": "kfold_fold_epoch_end", "timestamp": "2026-05-10T17:13:15", "fold": 0, "epoch": 1, "train_loss": 3.562097, "train_acc": 10.142, "val_loss": 3.647847, "val_acc": 12.068, "lr": 0.0002982148, "elapsed_sec": 341.125, "best_val_acc": 0.0}
2026-05-10 17:13:15,969 | INFO | {"event": "kfold_fold_best_checkpoint", "timestamp": "2026-05-10T17:13:15", "fold": 0, "epoch": 1, "val_acc": 12.068, "model_path": "C:\\Users\\Joseph\\Desktop\\projects\\sign_to_text\\ensemble\\fold_0.pth"}
2026-05-10 17:13:15,972 | INFO |    F0 Ep   1 | tr  10.1% | va  12.1% | lr 3.0e-04 | 341.1s *
2026-05-10 17:18:16,945 | INFO | {"event": "kfold_fold_epoch_end", "timestamp": "2026-05-10T17:18:16", "fold": 0, "epoch": 2, "train_loss": 2.610162, "train_acc": 28.128, "val_loss": 2.942981, "val_acc": 26.969, "lr": 0.0002929032, "elapsed_sec": 300.972, "best_val_acc": 12.068}
2026-05-10 17:18:16,973 | INFO | {"event": "kfold_fold_best_checkpoint", "timestamp": "2026-05-10T17:18:16", "fold": 0, "epoch": 2, "val_acc": 26.969, "model_path": "C:\\Users\\Joseph\\Desktop\\projects\\sign_to_text\\ensemble\\fold_0.pth"}
2026-05-10 17:18:16,974 | INFO |    F0 Ep   2 | tr  28.1% | va  27.0% | lr 2.9e-04 | 301.0s *
2026-05-10 17:23:08,405 | INFO | {"event": "kfold_fold_epoch_end", "timestamp": "2026-05-10T17:23:08", "fold": 0, "epoch": 3, "train_loss": 2.164841, "train_acc": 42.068, "val_loss": 2.280772, "val_acc": 43.513, "lr": 0.0002841959, "elapsed_sec": 291.428, "best_val_acc": 26.969}
2026-05-10 17:23:08,436 | INFO | {"event": "kfold_fold_best_checkpoint", "timestamp": "2026-05-10T17:23:08", "fold": 0, "epoch": 3, "val_acc": 43.513, "model_path": "C:\\Users\\Joseph\\Desktop\\projects\\sign_to_text\\ensemble\\fold_0.pth"}
2026-05-10 17:23:08,437 | INFO |    F0 Ep   3 | tr  42.1% | va  43.5% | lr 2.8e-04 | 291.4s *
2026-05-10 17:27:32,782 | INFO | {"event": "kfold_fold_epoch_end", "timestamp": "2026-05-10T17:27:32", "fold": 0, "epoch": 4, "train_loss": 1.872681, "train_acc": 52.614, "val_loss": 2.004051, "val_acc": 54.816, "lr": 0.0002723075, "elapsed_sec": 264.345, "best_val_acc": 43.513}
2026-05-10 17:27:32,802 | INFO | {"event": "kfold_fold_best_checkpoint", "timestamp": "2026-05-10T17:27:32", "fold": 0, "epoch": 4, "val_acc": 54.816, "model_path": "C:\\Users\\Joseph\\Desktop\\projects\\sign_to_text\\ensemble\\fold_0.pth"}
2026-05-10 17:27:32,802 | INFO |    F0 Ep   4 | tr  52.6% | va  54.8% | lr 2.7e-04 | 264.3s *
2026-05-10 17:30:37,060 | INFO | {"event": "kfold_fold_epoch_end", "timestamp": "2026-05-10T17:30:37", "fold": 0, "epoch": 5, "train_loss": 1.681822, "train_acc": 60.673, "val_loss": 1.725495, "val_acc": 62.38, "lr": 0.0002575305, "elapsed_sec": 184.258, "best_val_acc": 54.816}
2026-05-10 17:30:37,073 | INFO | {"event": "kfold_fold_best_checkpoint", "timestamp": "2026-05-10T17:30:37", "fold": 0, "epoch": 5, "val_acc": 62.38, "model_path": "C:\\Users\\Joseph\\Desktop\\projects\\sign_to_text\\ensemble\\fold_0.pth"}
2026-05-10 17:30:37,073 | INFO |    F0 Ep   5 | tr  60.7% | va  62.4% | lr 2.6e-04 | 184.3s *
2026-05-10 17:33:30,037 | INFO | {"event": "kfold_fold_epoch_end", "timestamp": "2026-05-10T17:33:30", "fold": 0, "epoch": 6, "train_loss": 1.55712, "train_acc": 66.315, "val_loss": 1.563521, "val_acc": 70.68, "lr": 0.0002402289, "elapsed_sec": 172.963, "best_val_acc": 62.38}
2026-05-10 17:33:30,053 | INFO | {"event": "kfold_fold_best_checkpoint", "timestamp": "2026-05-10T17:33:30", "fold": 0, "epoch": 6, "val_acc": 70.68, "model_path": "C:\\Users\\Joseph\\Desktop\\projects\\sign_to_text\\ensemble\\fold_0.pth"}
2026-05-10 17:33:30,053 | INFO |    F0 Ep   6 | tr  66.3% | va  70.7% | lr 2.4e-04 | 173.0s *
2026-05-10 17:36:37,738 | INFO | {"event": "kfold_fold_epoch_end", "timestamp": "2026-05-10T17:36:37", "fold": 0, "epoch": 7, "train_loss": 1.48786, "train_acc": 69.735, "val_loss": 1.361445, "val_acc": 77.252, "lr": 0.0002208286, "elapsed_sec": 187.684, "best_val_acc": 70.68}
2026-05-10 17:36:37,754 | INFO | {"event": "kfold_fold_best_checkpoint", "timestamp": "2026-05-10T17:36:37", "fold": 0, "epoch": 7, "val_acc": 77.252, "model_path": "C:\\Users\\Joseph\\Desktop\\projects\\sign_to_text\\ensemble\\fold_0.pth"}
2026-05-10 17:36:37,754 | INFO |    F0 Ep   7 | tr  69.7% | va  77.3% | lr 2.2e-04 | 187.7s *
2026-05-10 17:39:50,601 | INFO | {"event": "kfold_fold_epoch_end", "timestamp": "2026-05-10T17:39:50", "fold": 0, "epoch": 8, "train_loss": 1.393305, "train_acc": 73.139, "val_loss": 1.289244, "val_acc": 79.037, "lr": 0.0001998075, "elapsed_sec": 192.847, "best_val_acc": 77.252}
2026-05-10 17:39:50,615 | INFO | {"event": "kfold_fold_best_checkpoint", "timestamp": "2026-05-10T17:39:50", "fold": 0, "epoch": 8, "val_acc": 79.037, "model_path": "C:\\Users\\Joseph\\Desktop\\projects\\sign_to_text\\ensemble\\fold_0.pth"}
2026-05-10 17:39:50,615 | INFO |    F0 Ep   8 | tr  73.1% | va  79.0% | lr 2.0e-04 | 192.8s *
2026-05-10 17:42:47,867 | INFO | {"event": "kfold_fold_epoch_end", "timestamp": "2026-05-10T17:42:47", "fold": 0, "epoch": 9, "train_loss": 1.344392, "train_acc": 75.546, "val_loss": 1.203095, "val_acc": 82.38, "lr": 0.000177683, "elapsed_sec": 177.252, "best_val_acc": 79.037}
2026-05-10 17:42:47,881 | INFO | {"event": "kfold_fold_best_checkpoint", "timestamp": "2026-05-10T17:42:47", "fold": 0, "epoch": 9, "val_acc": 82.38, "model_path": "C:\\Users\\Joseph\\Desktop\\projects\\sign_to_text\\ensemble\\fold_0.pth"}
2026-05-10 17:42:47,882 | INFO |    F0 Ep   9 | tr  75.5% | va  82.4% | lr 1.8e-04 | 177.3s *
2026-05-10 17:45:46,721 | INFO | {"event": "kfold_fold_epoch_end", "timestamp": "2026-05-10T17:45:46", "fold": 0, "epoch": 10, "train_loss": 1.283175, "train_acc": 78.013, "val_loss": 1.152934, "val_acc": 83.541, "lr": 0.000155, "elapsed_sec": 178.839, "best_val_acc": 82.38}
2026-05-10 17:45:46,735 | INFO | {"event": "kfold_fold_best_checkpoint", "timestamp": "2026-05-10T17:45:46", "fold": 0, "epoch": 10, "val_acc": 83.541, "model_path": "C:\\Users\\Joseph\\Desktop\\projects\\sign_to_text\\ensemble\\fold_0.pth"}
2026-05-10 17:45:46,735 | INFO |    F0 Ep  10 | tr  78.0% | va  83.5% | lr 1.5e-04 | 178.8s *
2026-05-10 17:48:47,177 | INFO | {"event": "kfold_fold_epoch_end", "timestamp": "2026-05-10T17:48:47", "fold": 0, "epoch": 11, "train_loss": 1.231192, "train_acc": 79.388, "val_loss": 1.061027, "val_acc": 86.912, "lr": 0.000132317, "elapsed_sec": 180.442, "best_val_acc": 83.541}
2026-05-10 17:48:47,191 | INFO | {"event": "kfold_fold_best_checkpoint", "timestamp": "2026-05-10T17:48:47", "fold": 0, "epoch": 11, "val_acc": 86.912, "model_path": "C:\\Users\\Joseph\\Desktop\\projects\\sign_to_text\\ensemble\\fold_0.pth"}
2026-05-10 17:48:47,191 | INFO |    F0 Ep  11 | tr  79.4% | va  86.9% | lr 1.3e-04 | 180.4s *
2026-05-10 17:51:47,984 | INFO | {"event": "kfold_fold_epoch_end", "timestamp": "2026-05-10T17:51:47", "fold": 0, "epoch": 12, "train_loss": 1.20582, "train_acc": 80.905, "val_loss": 1.060016, "val_acc": 86.799, "lr": 0.0001101925, "elapsed_sec": 180.793, "best_val_acc": 86.912}
2026-05-10 17:54:45,660 | INFO | {"event": "kfold_fold_epoch_end", "timestamp": "2026-05-10T17:54:45", "fold": 0, "epoch": 13, "train_loss": 1.153795, "train_acc": 82.386, "val_loss": 1.017281, "val_acc": 87.875, "lr": 8.91714e-05, "elapsed_sec": 177.675, "best_val_acc": 86.912}
2026-05-10 17:54:45,674 | INFO | {"event": "kfold_fold_best_checkpoint", "timestamp": "2026-05-10T17:54:45", "fold": 0, "epoch": 13, "val_acc": 87.875, "model_path": "C:\\Users\\Joseph\\Desktop\\projects\\sign_to_text\\ensemble\\fold_0.pth"}
2026-05-10 17:54:45,674 | INFO |    F0 Ep  13 | tr  82.4% | va  87.9% | lr 8.9e-05 | 177.7s *
2026-05-10 17:57:42,545 | INFO | {"event": "kfold_fold_epoch_end", "timestamp": "2026-05-10T17:57:42", "fold": 0, "epoch": 14, "train_loss": 1.119574, "train_acc": 83.378, "val_loss": 0.998147, "val_acc": 89.037, "lr": 6.97711e-05, "elapsed_sec": 176.87, "best_val_acc": 87.875}
2026-05-10 17:57:42,559 | INFO | {"event": "kfold_fold_best_checkpoint", "timestamp": "2026-05-10T17:57:42", "fold": 0, "epoch": 14, "val_acc": 89.037, "model_path": "C:\\Users\\Joseph\\Desktop\\projects\\sign_to_text\\ensemble\\fold_0.pth"}
2026-05-10 17:57:42,560 | INFO |    F0 Ep  14 | tr  83.4% | va  89.0% | lr 7.0e-05 | 176.9s *
2026-05-10 18:00:52,620 | INFO | {"event": "kfold_fold_epoch_end", "timestamp": "2026-05-10T18:00:52", "fold": 0, "epoch": 15, "train_loss": 1.150614, "train_acc": 83.346, "val_loss": 0.99095, "val_acc": 89.433, "lr": 5.24695e-05, "elapsed_sec": 190.06, "best_val_acc": 89.037}
2026-05-10 18:00:52,635 | INFO | {"event": "kfold_fold_best_checkpoint", "timestamp": "2026-05-10T18:00:52", "fold": 0, "epoch": 15, "val_acc": 89.433, "model_path": "C:\\Users\\Joseph\\Desktop\\projects\\sign_to_text\\ensemble\\fold_0.pth"}
2026-05-10 18:00:52,636 | INFO |    F0 Ep  15 | tr  83.3% | va  89.4% | lr 5.2e-05 | 190.1s *
2026-05-10 18:04:15,400 | INFO | {"event": "kfold_fold_epoch_end", "timestamp": "2026-05-10T18:04:15", "fold": 0, "epoch": 16, "train_loss": 1.144342, "train_acc": 83.665, "val_loss": 0.968327, "val_acc": 89.915, "lr": 3.76925e-05, "elapsed_sec": 202.764, "best_val_acc": 89.433}
2026-05-10 18:04:15,417 | INFO | {"event": "kfold_fold_best_checkpoint", "timestamp": "2026-05-10T18:04:15", "fold": 0, "epoch": 16, "val_acc": 89.915, "model_path": "C:\\Users\\Joseph\\Desktop\\projects\\sign_to_text\\ensemble\\fold_0.pth"}
2026-05-10 18:04:15,418 | INFO |    F0 Ep  16 | tr  83.7% | va  89.9% | lr 3.8e-05 | 202.8s *
2026-05-10 18:07:38,434 | INFO | {"event": "kfold_fold_epoch_end", "timestamp": "2026-05-10T18:07:38", "fold": 0, "epoch": 17, "train_loss": 1.101046, "train_acc": 84.858, "val_loss": 0.955632, "val_acc": 90.453, "lr": 2.58041e-05, "elapsed_sec": 203.015, "best_val_acc": 89.915}
2026-05-10 18:07:38,449 | INFO | {"event": "kfold_fold_best_checkpoint", "timestamp": "2026-05-10T18:07:38", "fold": 0, "epoch": 17, "val_acc": 90.453, "model_path": "C:\\Users\\Joseph\\Desktop\\projects\\sign_to_text\\ensemble\\fold_0.pth"}
2026-05-10 18:07:38,450 | INFO |    F0 Ep  17 | tr  84.9% | va  90.5% | lr 2.6e-05 | 203.0s *
2026-05-10 18:11:05,936 | INFO | {"event": "kfold_fold_epoch_end", "timestamp": "2026-05-10T18:11:05", "fold": 0, "epoch": 18, "train_loss": 1.111181, "train_acc": 84.827, "val_loss": 0.948353, "val_acc": 90.283, "lr": 1.70968e-05, "elapsed_sec": 207.486, "best_val_acc": 90.453}
2026-05-10 18:14:25,090 | INFO | {"event": "kfold_fold_epoch_end", "timestamp": "2026-05-10T18:14:25", "fold": 0, "epoch": 19, "train_loss": 1.118682, "train_acc": 84.596, "val_loss": 0.94619, "val_acc": 90.878, "lr": 1.17852e-05, "elapsed_sec": 199.154, "best_val_acc": 90.453}
2026-05-10 18:14:25,105 | INFO | {"event": "kfold_fold_best_checkpoint", "timestamp": "2026-05-10T18:14:25", "fold": 0, "epoch": 19, "val_acc": 90.878, "model_path": "C:\\Users\\Joseph\\Desktop\\projects\\sign_to_text\\ensemble\\fold_0.pth"}
2026-05-10 18:14:25,105 | INFO |    F0 Ep  19 | tr  84.6% | va  90.9% | lr 1.2e-05 | 199.2s *
2026-05-10 18:17:36,953 | INFO | {"event": "kfold_fold_epoch_end", "timestamp": "2026-05-10T18:17:36", "fold": 0, "epoch": 20, "train_loss": 1.121886, "train_acc": 84.721, "val_loss": 0.931933, "val_acc": 90.85, "lr": 0.0003, "elapsed_sec": 191.847, "best_val_acc": 90.878}
2026-05-10 18:17:36,953 | INFO |    F0 Ep  20 | tr  84.7% | va  90.8% | lr 3.0e-04 | 191.8s
2026-05-10 18:20:48,571 | INFO | {"event": "kfold_fold_epoch_end", "timestamp": "2026-05-10T18:20:48", "fold": 0, "epoch": 21, "train_loss": 1.227312, "train_acc": 80.167, "val_loss": 1.119596, "val_acc": 85.014, "lr": 0.000299553, "elapsed_sec": 191.618, "best_val_acc": 90.878}
2026-05-10 18:24:16,051 | INFO | {"event": "kfold_fold_epoch_end", "timestamp": "2026-05-10T18:24:16", "fold": 0, "epoch": 22, "train_loss": 1.193556, "train_acc": 81.125, "val_loss": 1.029304, "val_acc": 87.365, "lr": 0.0002982148, "elapsed_sec": 207.479, "best_val_acc": 90.878}
2026-05-10 18:28:11,258 | INFO | {"event": "kfold_fold_epoch_end", "timestamp": "2026-05-10T18:28:11", "fold": 0, "epoch": 23, "train_loss": 1.207962, "train_acc": 81.346, "val_loss": 1.057729, "val_acc": 87.082, "lr": 0.0002959936, "elapsed_sec": 235.207, "best_val_acc": 90.878}
2026-05-10 18:32:00,956 | INFO | {"event": "kfold_fold_epoch_end", "timestamp": "2026-05-10T18:32:00", "fold": 0, "epoch": 24, "train_loss": 1.219443, "train_acc": 81.457, "val_loss": 1.074669, "val_acc": 86.827, "lr": 0.0002929032, "elapsed_sec": 229.698, "best_val_acc": 90.878}
2026-05-10 18:35:48,117 | INFO | {"event": "kfold_fold_epoch_end", "timestamp": "2026-05-10T18:35:48", "fold": 0, "epoch": 25, "train_loss": 1.14087, "train_acc": 83.185, "val_loss": 0.982082, "val_acc": 89.405, "lr": 0.0002889625, "elapsed_sec": 227.16, "best_val_acc": 90.878}
2026-05-10 18:39:34,680 | INFO | {"event": "kfold_fold_epoch_end", "timestamp": "2026-05-10T18:39:34", "fold": 0, "epoch": 26, "train_loss": 1.101852, "train_acc": 84.266, "val_loss": 1.019004, "val_acc": 88.215, "lr": 0.0002841959, "elapsed_sec": 226.563, "best_val_acc": 90.878}
2026-05-10 18:43:30,382 | INFO | {"event": "kfold_fold_epoch_end", "timestamp": "2026-05-10T18:43:30", "fold": 0, "epoch": 27, "train_loss": 1.114146, "train_acc": 84.296, "val_loss": 0.956997, "val_acc": 90.142, "lr": 0.0002786328, "elapsed_sec": 235.701, "best_val_acc": 90.878}
2026-05-10 18:47:48,752 | INFO | {"event": "kfold_fold_epoch_end", "timestamp": "2026-05-10T18:47:48", "fold": 0, "epoch": 28, "train_loss": 1.099181, "train_acc": 85.035, "val_loss": 0.986659, "val_acc": 89.915, "lr": 0.0002723075, "elapsed_sec": 258.363, "best_val_acc": 90.878}
2026-05-10 18:51:36,717 | INFO | {"event": "kfold_fold_epoch_end", "timestamp": "2026-05-10T18:51:36", "fold": 0, "epoch": 29, "train_loss": 1.10682, "train_acc": 85.095, "val_loss": 1.008051, "val_acc": 89.547, "lr": 0.0002652589, "elapsed_sec": 227.962, "best_val_acc": 90.878}
2026-05-10 18:51:36,721 | INFO |    F0 Early stop at epoch 29
2026-05-10 18:51:36,721 | INFO | {"event": "kfold_fold_early_stop", "timestamp": "2026-05-10T18:51:36", "fold": 0, "epoch": 29, "patience": 10, "best_val_acc": 90.878}
2026-05-10 18:51:36,721 | INFO | {"event": "kfold_fold_end", "timestamp": "2026-05-10T18:51:36", "fold": 0, "best_val_acc": 90.878, "model_path": "C:\\Users\\Joseph\\Desktop\\projects\\sign_to_text\\ensemble\\fold_0.pth"}
2026-05-10 18:51:36,738 | INFO |    Fold 0 best val acc: 90.88%
2026-05-10 18:51:36,739 | INFO | --- Fold 1 ---  train=13980  val=3527
2026-05-10 18:51:36,765 | INFO | [BalancedAug] 13980 -> 19578 samples (oversampled)
2026-05-10 18:51:36,767 | INFO | [BalancedAug] Per class: {0: 251, 1: 251, 2: 251, 3: 251, 4: 251, 5: 251, 6: 251, 7: 251, 8: 251, 9: 251, 10: 251, 11: 251, 12: 251, 13: 251, 14: 251, 15: 251, 16: 251, 17: 251, 18: 251, 19: 251, 20: 251, 21: 251, 22: 251, 23: 251, 24: 251, 25: 251, 26: 251, 27: 251, 28: 251, 29: 251, 30: 251, 31: 251, 32: 251, 33: 251, 34: 251, 35: 251, 36: 251, 37: 251, 38: 251, 39: 251, 40: 251, 41: 251, 42: 251, 43: 251, 44: 251, 45: 251, 46: 251, 47: 251, 48: 251, 49: 251, 50: 251, 51: 251, 52: 251, 53: 251, 54: 251, 55: 251, 56: 251, 57: 251, 58: 251, 59: 251, 60: 251, 61: 251, 62: 251, 63: 251, 64: 251, 65: 251, 66: 251, 67: 251, 68: 251, 69: 251, 70: 251, 71: 251, 72: 251, 73: 251, 74: 251, 75: 251, 76: 251, 77: 251}
2026-05-10 18:51:36,775 | INFO | {"event": "kfold_fold_start", "timestamp": "2026-05-10T18:51:36", "fold": 1, "train_size": 13980, "val_size": 3527, "train_class_counts": {"0": 57, "1": 222, "2": 235, "3": 191, "4": 235, "5": 179, "6": 177, "7": 57, "8": 235, "9": 235, "10": 169, "11": 57, "12": 179, "13": 57, "14": 57, "15": 131, "16": 169, "17": 153, "18": 235, "19": 161, "20": 169, "21": 219, "22": 222, "23": 232, "24": 222, "25": 222, "26": 179, "27": 57, "28": 222, "29": 236, "30": 57, "31": 218, "32": 209, "33": 235, "34": 218, "35": 218, "36": 104, "37": 222, "38": 161, "39": 235, "40": 163, "41": 192, "42": 57, "43": 161, "44": 179, "45": 107, "46": 235, "47": 235, "48": 153, "49": 241, "50": 222, "51": 167, "52": 181, "53": 171, "54": 179, "55": 57, "56": 222, "57": 235, "58": 131, "59": 235, "60": 235, "61": 57, "62": 57, "63": 235, "64": 218, "65": 222, "66": 171, "67": 137, "68": 171, "69": 199, "70": 243, "71": 222, "72": 57, "73": 235, "74": 251, "75": 234, "76": 222, "77": 243}, "val_class_counts": {"0": 15, "1": 56, "2": 59, "3": 48, "4": 59, "5": 45, "6": 44, "7": 15, "8": 59, "9": 59, "10": 43, "11": 15, "12": 45, "13": 15, "14": 15, "15": 33, "16": 43, "17": 39, "18": 59, "19": 41, "20": 43, "21": 55, "22": 56, "23": 58, "24": 56, "25": 56, "26": 45, "27": 15, "28": 56, "29": 59, "30": 15, "31": 55, "32": 53, "33": 59, "34": 55, "35": 55, "36": 26, "37": 56, "38": 41, "39": 59, "40": 41, "41": 48, "42": 15, "43": 41, "44": 45, "45": 27, "46": 59, "47": 59, "48": 38, "49": 61, "50": 56, "51": 42, "52": 45, "53": 43, "54": 45, "55": 15, "56": 56, "57": 59, "58": 33, "59": 59, "60": 59, "61": 15, "62": 15, "63": 59, "64": 55, "65": 56, "66": 43, "67": 35, "68": 43, "69": 50, "70": 61, "71": 56, "72": 15, "73": 59, "74": 63, "75": 59, "76": 56, "77": 61}}
2026-05-10 18:55:04,853 | INFO | {"event": "kfold_fold_epoch_end", "timestamp": "2026-05-10T18:55:04", "fold": 1, "epoch": 1, "train_loss": 3.543762, "train_acc": 10.258, "val_loss": 3.431979, "val_acc": 14.63, "lr": 0.0002982148, "elapsed_sec": 208.009, "best_val_acc": 0.0}
2026-05-10 18:55:04,900 | INFO | {"event": "kfold_fold_best_checkpoint", "timestamp": "2026-05-10T18:55:04", "fold": 1, "epoch": 1, "val_acc": 14.63, "model_path": "C:\\Users\\Joseph\\Desktop\\projects\\sign_to_text\\ensemble\\fold_1.pth"}
2026-05-10 18:55:04,901 | INFO |    F1 Ep   1 | tr  10.3% | va  14.6% | lr 3.0e-04 | 208.0s *
2026-05-10 18:58:29,790 | INFO | {"event": "kfold_fold_epoch_end", "timestamp": "2026-05-10T18:58:29", "fold": 1, "epoch": 2, "train_loss": 2.5958, "train_acc": 27.661, "val_loss": 2.684395, "val_acc": 32.804, "lr": 0.0002929032, "elapsed_sec": 204.889, "best_val_acc": 14.63}
2026-05-10 18:58:29,806 | INFO | {"event": "kfold_fold_best_checkpoint", "timestamp": "2026-05-10T18:58:29", "fold": 1, "epoch": 2, "val_acc": 32.804, "model_path": "C:\\Users\\Joseph\\Desktop\\projects\\sign_to_text\\ensemble\\fold_1.pth"}
2026-05-10 18:58:29,806 | INFO |    F1 Ep   2 | tr  27.7% | va  32.8% | lr 2.9e-04 | 204.9s *
2026-05-10 19:01:54,769 | INFO | {"event": "kfold_fold_epoch_end", "timestamp": "2026-05-10T19:01:54", "fold": 1, "epoch": 3, "train_loss": 2.167737, "train_acc": 41.088, "val_loss": 2.15064, "val_acc": 50.071, "lr": 0.0002841959, "elapsed_sec": 204.963, "best_val_acc": 32.804}
2026-05-10 19:01:54,784 | INFO | {"event": "kfold_fold_best_checkpoint", "timestamp": "2026-05-10T19:01:54", "fold": 1, "epoch": 3, "val_acc": 50.071, "model_path": "C:\\Users\\Joseph\\Desktop\\projects\\sign_to_text\\ensemble\\fold_1.pth"}
2026-05-10 19:01:54,784 | INFO |    F1 Ep   3 | tr  41.1% | va  50.1% | lr 2.8e-04 | 205.0s *
2026-05-10 19:05:25,495 | INFO | {"event": "kfold_fold_epoch_end", "timestamp": "2026-05-10T19:05:25", "fold": 1, "epoch": 4, "train_loss": 1.806604, "train_acc": 53.871, "val_loss": 1.834217, "val_acc": 61.128, "lr": 0.0002723075, "elapsed_sec": 210.711, "best_val_acc": 50.071}
2026-05-10 19:05:25,516 | INFO | {"event": "kfold_fold_best_checkpoint", "timestamp": "2026-05-10T19:05:25", "fold": 1, "epoch": 4, "val_acc": 61.128, "model_path": "C:\\Users\\Joseph\\Desktop\\projects\\sign_to_text\\ensemble\\fold_1.pth"}
2026-05-10 19:05:25,516 | INFO |    F1 Ep   4 | tr  53.9% | va  61.1% | lr 2.7e-04 | 210.7s *
2026-05-10 19:08:47,120 | INFO | {"event": "kfold_fold_epoch_end", "timestamp": "2026-05-10T19:08:47", "fold": 1, "epoch": 5, "train_loss": 1.672955, "train_acc": 60.994, "val_loss": 1.623561, "val_acc": 68.812, "lr": 0.0002575305, "elapsed_sec": 201.604, "best_val_acc": 61.128}
2026-05-10 19:08:47,136 | INFO | {"event": "kfold_fold_best_checkpoint", "timestamp": "2026-05-10T19:08:47", "fold": 1, "epoch": 5, "val_acc": 68.812, "model_path": "C:\\Users\\Joseph\\Desktop\\projects\\sign_to_text\\ensemble\\fold_1.pth"}
2026-05-10 19:08:47,137 | INFO |    F1 Ep   5 | tr  61.0% | va  68.8% | lr 2.6e-04 | 201.6s *
2026-05-10 19:12:22,971 | INFO | {"event": "kfold_fold_epoch_end", "timestamp": "2026-05-10T19:12:22", "fold": 1, "epoch": 6, "train_loss": 1.5444, "train_acc": 66.545, "val_loss": 1.497438, "val_acc": 72.044, "lr": 0.0002402289, "elapsed_sec": 215.832, "best_val_acc": 68.812}
2026-05-10 19:12:22,994 | INFO | {"event": "kfold_fold_best_checkpoint", "timestamp": "2026-05-10T19:12:22", "fold": 1, "epoch": 6, "val_acc": 72.044, "model_path": "C:\\Users\\Joseph\\Desktop\\projects\\sign_to_text\\ensemble\\fold_1.pth"}
2026-05-10 19:12:22,995 | INFO |    F1 Ep   6 | tr  66.5% | va  72.0% | lr 2.4e-04 | 215.8s *
2026-05-10 19:15:39,260 | INFO | {"event": "kfold_fold_epoch_end", "timestamp": "2026-05-10T19:15:39", "fold": 1, "epoch": 7, "train_loss": 1.424315, "train_acc": 71.162, "val_loss": 1.391235, "val_acc": 74.965, "lr": 0.0002208286, "elapsed_sec": 196.265, "best_val_acc": 72.044}
2026-05-10 19:15:39,277 | INFO | {"event": "kfold_fold_best_checkpoint", "timestamp": "2026-05-10T19:15:39", "fold": 1, "epoch": 7, "val_acc": 74.965, "model_path": "C:\\Users\\Joseph\\Desktop\\projects\\sign_to_text\\ensemble\\fold_1.pth"}
2026-05-10 19:15:39,277 | INFO |    F1 Ep   7 | tr  71.2% | va  75.0% | lr 2.2e-04 | 196.3s *
2026-05-10 19:18:59,838 | INFO | {"event": "kfold_fold_epoch_end", "timestamp": "2026-05-10T19:18:59", "fold": 1, "epoch": 8, "train_loss": 1.321172, "train_acc": 75.273, "val_loss": 1.373573, "val_acc": 75.305, "lr": 0.0001998075, "elapsed_sec": 200.561, "best_val_acc": 74.965}
2026-05-10 19:18:59,853 | INFO | {"event": "kfold_fold_best_checkpoint", "timestamp": "2026-05-10T19:18:59", "fold": 1, "epoch": 8, "val_acc": 75.305, "model_path": "C:\\Users\\Joseph\\Desktop\\projects\\sign_to_text\\ensemble\\fold_1.pth"}
2026-05-10 19:18:59,853 | INFO |    F1 Ep   8 | tr  75.3% | va  75.3% | lr 2.0e-04 | 200.6s *
2026-05-10 19:22:33,794 | INFO | {"event": "kfold_fold_epoch_end", "timestamp": "2026-05-10T19:22:33", "fold": 1, "epoch": 9, "train_loss": 1.311039, "train_acc": 76.445, "val_loss": 1.293781, "val_acc": 78.055, "lr": 0.000177683, "elapsed_sec": 213.94, "best_val_acc": 75.305}
2026-05-10 19:22:33,811 | INFO | {"event": "kfold_fold_best_checkpoint", "timestamp": "2026-05-10T19:22:33", "fold": 1, "epoch": 9, "val_acc": 78.055, "model_path": "C:\\Users\\Joseph\\Desktop\\projects\\sign_to_text\\ensemble\\fold_1.pth"}
2026-05-10 19:22:33,812 | INFO |    F1 Ep   9 | tr  76.4% | va  78.1% | lr 1.8e-04 | 213.9s *
2026-05-10 19:25:58,469 | INFO | {"event": "kfold_fold_epoch_end", "timestamp": "2026-05-10T19:25:58", "fold": 1, "epoch": 10, "train_loss": 1.270276, "train_acc": 78.438, "val_loss": 1.246312, "val_acc": 78.906, "lr": 0.000155, "elapsed_sec": 204.657, "best_val_acc": 78.055}
2026-05-10 19:25:58,483 | INFO | {"event": "kfold_fold_best_checkpoint", "timestamp": "2026-05-10T19:25:58", "fold": 1, "epoch": 10, "val_acc": 78.906, "model_path": "C:\\Users\\Joseph\\Desktop\\projects\\sign_to_text\\ensemble\\fold_1.pth"}
2026-05-10 19:25:58,484 | INFO |    F1 Ep  10 | tr  78.4% | va  78.9% | lr 1.5e-04 | 204.7s *
2026-05-10 19:29:10,322 | INFO | {"event": "kfold_fold_epoch_end", "timestamp": "2026-05-10T19:29:10", "fold": 1, "epoch": 11, "train_loss": 1.234264, "train_acc": 79.613, "val_loss": 1.155425, "val_acc": 83.272, "lr": 0.000132317, "elapsed_sec": 191.838, "best_val_acc": 78.906}
2026-05-10 19:29:10,337 | INFO | {"event": "kfold_fold_best_checkpoint", "timestamp": "2026-05-10T19:29:10", "fold": 1, "epoch": 11, "val_acc": 83.272, "model_path": "C:\\Users\\Joseph\\Desktop\\projects\\sign_to_text\\ensemble\\fold_1.pth"}
2026-05-10 19:29:10,338 | INFO |    F1 Ep  11 | tr  79.6% | va  83.3% | lr 1.3e-04 | 191.8s *
2026-05-10 19:32:33,873 | INFO | {"event": "kfold_fold_epoch_end", "timestamp": "2026-05-10T19:32:33", "fold": 1, "epoch": 12, "train_loss": 1.196939, "train_acc": 81.504, "val_loss": 1.146315, "val_acc": 83.924, "lr": 0.0001101925, "elapsed_sec": 203.535, "best_val_acc": 83.272}
2026-05-10 19:32:33,891 | INFO | {"event": "kfold_fold_best_checkpoint", "timestamp": "2026-05-10T19:32:33", "fold": 1, "epoch": 12, "val_acc": 83.924, "model_path": "C:\\Users\\Joseph\\Desktop\\projects\\sign_to_text\\ensemble\\fold_1.pth"}
2026-05-10 19:32:33,891 | INFO |    F1 Ep  12 | tr  81.5% | va  83.9% | lr 1.1e-04 | 203.5s *
2026-05-10 19:35:54,474 | INFO | {"event": "kfold_fold_epoch_end", "timestamp": "2026-05-10T19:35:54", "fold": 1, "epoch": 13, "train_loss": 1.202976, "train_acc": 81.226, "val_loss": 1.101024, "val_acc": 84.548, "lr": 8.91714e-05, "elapsed_sec": 200.583, "best_val_acc": 83.924}
2026-05-10 19:35:54,490 | INFO | {"event": "kfold_fold_best_checkpoint", "timestamp": "2026-05-10T19:35:54", "fold": 1, "epoch": 13, "val_acc": 84.548, "model_path": "C:\\Users\\Joseph\\Desktop\\projects\\sign_to_text\\ensemble\\fold_1.pth"}
2026-05-10 19:35:54,490 | INFO |    F1 Ep  13 | tr  81.2% | va  84.5% | lr 8.9e-05 | 200.6s *
2026-05-10 19:38:58,341 | INFO | {"event": "kfold_fold_epoch_end", "timestamp": "2026-05-10T19:38:58", "fold": 1, "epoch": 14, "train_loss": 1.133551, "train_acc": 83.076, "val_loss": 1.080969, "val_acc": 85.2, "lr": 6.97711e-05, "elapsed_sec": 183.851, "best_val_acc": 84.548}
2026-05-10 19:38:58,358 | INFO | {"event": "kfold_fold_best_checkpoint", "timestamp": "2026-05-10T19:38:58", "fold": 1, "epoch": 14, "val_acc": 85.2, "model_path": "C:\\Users\\Joseph\\Desktop\\projects\\sign_to_text\\ensemble\\fold_1.pth"}
2026-05-10 19:38:58,358 | INFO |    F1 Ep  14 | tr  83.1% | va  85.2% | lr 7.0e-05 | 183.9s *
2026-05-10 19:42:01,414 | INFO | {"event": "kfold_fold_epoch_end", "timestamp": "2026-05-10T19:42:01", "fold": 1, "epoch": 15, "train_loss": 1.107569, "train_acc": 84.214, "val_loss": 1.044787, "val_acc": 86.703, "lr": 5.24695e-05, "elapsed_sec": 183.056, "best_val_acc": 85.2}
2026-05-10 19:42:01,431 | INFO | {"event": "kfold_fold_best_checkpoint", "timestamp": "2026-05-10T19:42:01", "fold": 1, "epoch": 15, "val_acc": 86.703, "model_path": "C:\\Users\\Joseph\\Desktop\\projects\\sign_to_text\\ensemble\\fold_1.pth"}
2026-05-10 19:42:01,432 | INFO |    F1 Ep  15 | tr  84.2% | va  86.7% | lr 5.2e-05 | 183.1s *
2026-05-10 19:45:11,966 | INFO | {"event": "kfold_fold_epoch_end", "timestamp": "2026-05-10T19:45:11", "fold": 1, "epoch": 16, "train_loss": 1.10812, "train_acc": 84.714, "val_loss": 1.039435, "val_acc": 86.136, "lr": 3.76925e-05, "elapsed_sec": 190.534, "best_val_acc": 86.703}
2026-05-10 19:48:28,910 | INFO | {"event": "kfold_fold_epoch_end", "timestamp": "2026-05-10T19:48:28", "fold": 1, "epoch": 17, "train_loss": 1.095099, "train_acc": 84.818, "val_loss": 1.027819, "val_acc": 86.986, "lr": 2.58041e-05, "elapsed_sec": 196.943, "best_val_acc": 86.703}
2026-05-10 19:48:28,925 | INFO | {"event": "kfold_fold_best_checkpoint", "timestamp": "2026-05-10T19:48:28", "fold": 1, "epoch": 17, "val_acc": 86.986, "model_path": "C:\\Users\\Joseph\\Desktop\\projects\\sign_to_text\\ensemble\\fold_1.pth"}
2026-05-10 19:48:28,925 | INFO |    F1 Ep  17 | tr  84.8% | va  87.0% | lr 2.6e-05 | 196.9s *
2026-05-10 19:51:50,018 | INFO | {"event": "kfold_fold_epoch_end", "timestamp": "2026-05-10T19:51:50", "fold": 1, "epoch": 18, "train_loss": 1.129222, "train_acc": 84.22, "val_loss": 1.029058, "val_acc": 87.014, "lr": 1.70968e-05, "elapsed_sec": 201.092, "best_val_acc": 86.986}
2026-05-10 19:51:50,033 | INFO | {"event": "kfold_fold_best_checkpoint", "timestamp": "2026-05-10T19:51:50", "fold": 1, "epoch": 18, "val_acc": 87.014, "model_path": "C:\\Users\\Joseph\\Desktop\\projects\\sign_to_text\\ensemble\\fold_1.pth"}
2026-05-10 19:51:50,034 | INFO |    F1 Ep  18 | tr  84.2% | va  87.0% | lr 1.7e-05 | 201.1s *
2026-05-10 19:55:18,567 | INFO | {"event": "kfold_fold_epoch_end", "timestamp": "2026-05-10T19:55:18", "fold": 1, "epoch": 19, "train_loss": 1.063137, "train_acc": 85.928, "val_loss": 1.021433, "val_acc": 87.525, "lr": 1.17852e-05, "elapsed_sec": 208.533, "best_val_acc": 87.014}
2026-05-10 19:55:18,582 | INFO | {"event": "kfold_fold_best_checkpoint", "timestamp": "2026-05-10T19:55:18", "fold": 1, "epoch": 19, "val_acc": 87.525, "model_path": "C:\\Users\\Joseph\\Desktop\\projects\\sign_to_text\\ensemble\\fold_1.pth"}
2026-05-10 19:55:18,582 | INFO |    F1 Ep  19 | tr  85.9% | va  87.5% | lr 1.2e-05 | 208.5s *
2026-05-10 19:58:52,874 | INFO | {"event": "kfold_fold_epoch_end", "timestamp": "2026-05-10T19:58:52", "fold": 1, "epoch": 20, "train_loss": 1.09187, "train_acc": 85.503, "val_loss": 1.018256, "val_acc": 87.44, "lr": 0.0003, "elapsed_sec": 214.29, "best_val_acc": 87.525}
2026-05-10 19:58:52,876 | INFO |    F1 Ep  20 | tr  85.5% | va  87.4% | lr 3.0e-04 | 214.3s
2026-05-10 20:02:34,399 | INFO | {"event": "kfold_fold_epoch_end", "timestamp": "2026-05-10T20:02:34", "fold": 1, "epoch": 21, "train_loss": 1.217205, "train_acc": 80.409, "val_loss": 1.159347, "val_acc": 83.272, "lr": 0.000299553, "elapsed_sec": 221.519, "best_val_acc": 87.525}
2026-05-10 20:05:59,903 | INFO | {"event": "kfold_fold_epoch_end", "timestamp": "2026-05-10T20:05:59", "fold": 1, "epoch": 22, "train_loss": 1.20488, "train_acc": 81.046, "val_loss": 1.148103, "val_acc": 83.839, "lr": 0.0002982148, "elapsed_sec": 205.501, "best_val_acc": 87.525}
2026-05-10 20:09:18,913 | INFO | {"event": "kfold_fold_epoch_end", "timestamp": "2026-05-10T20:09:18", "fold": 1, "epoch": 23, "train_loss": 1.162805, "train_acc": 82.022, "val_loss": 1.122902, "val_acc": 84.094, "lr": 0.0002959936, "elapsed_sec": 199.006, "best_val_acc": 87.525}
2026-05-10 20:12:45,633 | INFO | {"event": "kfold_fold_epoch_end", "timestamp": "2026-05-10T20:12:45", "fold": 1, "epoch": 24, "train_loss": 1.154676, "train_acc": 82.732, "val_loss": 1.094385, "val_acc": 85.54, "lr": 0.0002929032, "elapsed_sec": 206.717, "best_val_acc": 87.525}
2026-05-10 20:16:13,571 | INFO | {"event": "kfold_fold_epoch_end", "timestamp": "2026-05-10T20:16:13", "fold": 1, "epoch": 25, "train_loss": 1.137165, "train_acc": 83.491, "val_loss": 1.074403, "val_acc": 85.739, "lr": 0.0002889625, "elapsed_sec": 207.938, "best_val_acc": 87.525}
2026-05-10 20:19:35,015 | INFO | {"event": "kfold_fold_epoch_end", "timestamp": "2026-05-10T20:19:35", "fold": 1, "epoch": 26, "train_loss": 1.142179, "train_acc": 83.712, "val_loss": 1.054149, "val_acc": 86.646, "lr": 0.0002841959, "elapsed_sec": 201.442, "best_val_acc": 87.525}
2026-05-10 20:23:00,755 | INFO | {"event": "kfold_fold_epoch_end", "timestamp": "2026-05-10T20:23:00", "fold": 1, "epoch": 27, "train_loss": 1.096516, "train_acc": 84.633, "val_loss": 1.039509, "val_acc": 86.929, "lr": 0.0002786328, "elapsed_sec": 205.738, "best_val_acc": 87.525}
2026-05-10 20:26:28,871 | INFO | {"event": "kfold_fold_epoch_end", "timestamp": "2026-05-10T20:26:28", "fold": 1, "epoch": 28, "train_loss": 1.095687, "train_acc": 84.984, "val_loss": 1.040683, "val_acc": 87.468, "lr": 0.0002723075, "elapsed_sec": 208.114, "best_val_acc": 87.525}
2026-05-10 20:29:50,914 | INFO | {"event": "kfold_fold_epoch_end", "timestamp": "2026-05-10T20:29:50", "fold": 1, "epoch": 29, "train_loss": 1.097111, "train_acc": 85.045, "val_loss": 1.007285, "val_acc": 88.375, "lr": 0.0002652589, "elapsed_sec": 202.042, "best_val_acc": 87.525}
2026-05-10 20:29:50,950 | INFO | {"event": "kfold_fold_best_checkpoint", "timestamp": "2026-05-10T20:29:50", "fold": 1, "epoch": 29, "val_acc": 88.375, "model_path": "C:\\Users\\Joseph\\Desktop\\projects\\sign_to_text\\ensemble\\fold_1.pth"}
2026-05-10 20:29:50,952 | INFO |    F1 Ep  29 | tr  85.0% | va  88.4% | lr 2.7e-04 | 202.0s *
2026-05-10 20:33:25,299 | INFO | {"event": "kfold_fold_epoch_end", "timestamp": "2026-05-10T20:33:25", "fold": 1, "epoch": 30, "train_loss": 1.067042, "train_acc": 85.639, "val_loss": 1.001968, "val_acc": 87.922, "lr": 0.0002575305, "elapsed_sec": 214.345, "best_val_acc": 88.375}
2026-05-10 20:33:25,302 | INFO |    F1 Ep  30 | tr  85.6% | va  87.9% | lr 2.6e-04 | 214.3s
2026-05-10 20:37:04,984 | INFO | {"event": "kfold_fold_epoch_end", "timestamp": "2026-05-10T20:37:04", "fold": 1, "epoch": 31, "train_loss": 1.029618, "train_acc": 87.055, "val_loss": 0.991757, "val_acc": 88.801, "lr": 0.00024917, "elapsed_sec": 219.682, "best_val_acc": 88.375}
2026-05-10 20:37:05,009 | INFO | {"event": "kfold_fold_best_checkpoint", "timestamp": "2026-05-10T20:37:05", "fold": 1, "epoch": 31, "val_acc": 88.801, "model_path": "C:\\Users\\Joseph\\Desktop\\projects\\sign_to_text\\ensemble\\fold_1.pth"}
2026-05-10 20:37:05,010 | INFO |    F1 Ep  31 | tr  87.1% | va  88.8% | lr 2.5e-04 | 219.7s *
2026-05-10 20:40:35,804 | INFO | {"event": "kfold_fold_epoch_end", "timestamp": "2026-05-10T20:40:35", "fold": 1, "epoch": 32, "train_loss": 1.045594, "train_acc": 86.254, "val_loss": 0.977614, "val_acc": 89.368, "lr": 0.0002402289, "elapsed_sec": 210.789, "best_val_acc": 88.801}
2026-05-10 20:40:35,828 | INFO | {"event": "kfold_fold_best_checkpoint", "timestamp": "2026-05-10T20:40:35", "fold": 1, "epoch": 32, "val_acc": 89.368, "model_path": "C:\\Users\\Joseph\\Desktop\\projects\\sign_to_text\\ensemble\\fold_1.pth"}
2026-05-10 20:40:35,829 | INFO |    F1 Ep  32 | tr  86.3% | va  89.4% | lr 2.4e-04 | 210.8s *
2026-05-10 20:43:59,342 | INFO | {"event": "kfold_fold_epoch_end", "timestamp": "2026-05-10T20:43:59", "fold": 1, "epoch": 33, "train_loss": 1.011703, "train_acc": 87.492, "val_loss": 0.982127, "val_acc": 89.056, "lr": 0.0002307623, "elapsed_sec": 203.513, "best_val_acc": 89.368}
2026-05-10 20:47:23,409 | INFO | {"event": "kfold_fold_epoch_end", "timestamp": "2026-05-10T20:47:23", "fold": 1, "epoch": 34, "train_loss": 1.040842, "train_acc": 87.208, "val_loss": 0.968477, "val_acc": 89.538, "lr": 0.0002208286, "elapsed_sec": 204.066, "best_val_acc": 89.368}
2026-05-10 20:47:23,431 | INFO | {"event": "kfold_fold_best_checkpoint", "timestamp": "2026-05-10T20:47:23", "fold": 1, "epoch": 34, "val_acc": 89.538, "model_path": "C:\\Users\\Joseph\\Desktop\\projects\\sign_to_text\\ensemble\\fold_1.pth"}
2026-05-10 20:47:23,431 | INFO |    F1 Ep  34 | tr  87.2% | va  89.5% | lr 2.2e-04 | 204.1s *
2026-05-10 20:51:06,859 | INFO | {"event": "kfold_fold_epoch_end", "timestamp": "2026-05-10T20:51:06", "fold": 1, "epoch": 35, "train_loss": 1.014859, "train_acc": 87.712, "val_loss": 0.951242, "val_acc": 89.793, "lr": 0.0002104891, "elapsed_sec": 223.426, "best_val_acc": 89.538}
2026-05-10 20:51:06,879 | INFO | {"event": "kfold_fold_best_checkpoint", "timestamp": "2026-05-10T20:51:06", "fold": 1, "epoch": 35, "val_acc": 89.793, "model_path": "C:\\Users\\Joseph\\Desktop\\projects\\sign_to_text\\ensemble\\fold_1.pth"}
2026-05-10 20:51:06,879 | INFO |    F1 Ep  35 | tr  87.7% | va  89.8% | lr 2.1e-04 | 223.4s *
2026-05-10 20:55:27,283 | INFO | {"event": "kfold_fold_epoch_end", "timestamp": "2026-05-10T20:55:27", "fold": 1, "epoch": 36, "train_loss": 1.023329, "train_acc": 87.524, "val_loss": 0.973875, "val_acc": 89.793, "lr": 0.0001998075, "elapsed_sec": 260.398, "best_val_acc": 89.793}
2026-05-10 21:00:28,964 | INFO | {"event": "kfold_fold_epoch_end", "timestamp": "2026-05-10T21:00:28", "fold": 1, "epoch": 37, "train_loss": 1.031065, "train_acc": 87.589, "val_loss": 0.969107, "val_acc": 89.254, "lr": 0.0001888496, "elapsed_sec": 301.671, "best_val_acc": 89.793}
2026-05-10 21:05:13,677 | INFO | {"event": "kfold_fold_epoch_end", "timestamp": "2026-05-10T21:05:13", "fold": 1, "epoch": 38, "train_loss": 0.96737, "train_acc": 88.951, "val_loss": 0.980624, "val_acc": 88.886, "lr": 0.000177683, "elapsed_sec": 284.703, "best_val_acc": 89.793}
2026-05-10 21:10:13,982 | INFO | {"event": "kfold_fold_epoch_end", "timestamp": "2026-05-10T21:10:13", "fold": 1, "epoch": 39, "train_loss": 0.955161, "train_acc": 89.246, "val_loss": 0.935503, "val_acc": 90.785, "lr": 0.0001663766, "elapsed_sec": 300.301, "best_val_acc": 89.793}
2026-05-10 21:10:14,044 | INFO | {"event": "kfold_fold_best_checkpoint", "timestamp": "2026-05-10T21:10:14", "fold": 1, "epoch": 39, "val_acc": 90.785, "model_path": "C:\\Users\\Joseph\\Desktop\\projects\\sign_to_text\\ensemble\\fold_1.pth"}
2026-05-10 21:10:14,047 | INFO |    F1 Ep  39 | tr  89.2% | va  90.8% | lr 1.7e-04 | 300.3s *
2026-05-10 21:14:57,010 | INFO | {"event": "kfold_fold_epoch_end", "timestamp": "2026-05-10T21:14:57", "fold": 1, "epoch": 40, "train_loss": 0.990295, "train_acc": 88.639, "val_loss": 0.939235, "val_acc": 90.502, "lr": 0.000155, "elapsed_sec": 282.963, "best_val_acc": 90.785}
2026-05-10 21:14:57,011 | INFO |    F1 Ep  40 | tr  88.6% | va  90.5% | lr 1.5e-04 | 283.0s
2026-05-10 21:18:05,639 | INFO | {"event": "kfold_fold_epoch_end", "timestamp": "2026-05-10T21:18:05", "fold": 1, "epoch": 41, "train_loss": 1.021785, "train_acc": 87.801, "val_loss": 0.94537, "val_acc": 90.587, "lr": 0.0001436234, "elapsed_sec": 188.628, "best_val_acc": 90.785}
2026-05-10 21:21:41,301 | INFO | {"event": "kfold_fold_epoch_end", "timestamp": "2026-05-10T21:21:41", "fold": 1, "epoch": 42, "train_loss": 0.992548, "train_acc": 88.76, "val_loss": 0.932065, "val_acc": 90.899, "lr": 0.000132317, "elapsed_sec": 215.659, "best_val_acc": 90.785}
2026-05-10 21:21:41,325 | INFO | {"event": "kfold_fold_best_checkpoint", "timestamp": "2026-05-10T21:21:41", "fold": 1, "epoch": 42, "val_acc": 90.899, "model_path": "C:\\Users\\Joseph\\Desktop\\projects\\sign_to_text\\ensemble\\fold_1.pth"}
2026-05-10 21:21:41,325 | INFO |    F1 Ep  42 | tr  88.8% | va  90.9% | lr 1.3e-04 | 215.7s *
2026-05-10 21:25:22,703 | INFO | {"event": "kfold_fold_epoch_end", "timestamp": "2026-05-10T21:25:22", "fold": 1, "epoch": 43, "train_loss": 0.935116, "train_acc": 89.781, "val_loss": 0.929521, "val_acc": 90.814, "lr": 0.0001211504, "elapsed_sec": 221.378, "best_val_acc": 90.899}
2026-05-10 21:28:47,266 | INFO | {"event": "kfold_fold_epoch_end", "timestamp": "2026-05-10T21:28:47", "fold": 1, "epoch": 44, "train_loss": 0.980897, "train_acc": 89.053, "val_loss": 0.928969, "val_acc": 90.955, "lr": 0.0001101925, "elapsed_sec": 204.561, "best_val_acc": 90.899}
2026-05-10 21:28:47,284 | INFO | {"event": "kfold_fold_best_checkpoint", "timestamp": "2026-05-10T21:28:47", "fold": 1, "epoch": 44, "val_acc": 90.955, "model_path": "C:\\Users\\Joseph\\Desktop\\projects\\sign_to_text\\ensemble\\fold_1.pth"}
2026-05-10 21:28:47,284 | INFO |    F1 Ep  44 | tr  89.1% | va  91.0% | lr 1.1e-04 | 204.6s *
2026-05-10 21:32:24,199 | INFO | {"event": "kfold_fold_epoch_end", "timestamp": "2026-05-10T21:32:24", "fold": 1, "epoch": 45, "train_loss": 0.925878, "train_acc": 90.109, "val_loss": 0.941684, "val_acc": 90.757, "lr": 9.95109e-05, "elapsed_sec": 216.915, "best_val_acc": 90.955}
2026-05-10 21:36:12,914 | INFO | {"event": "kfold_fold_epoch_end", "timestamp": "2026-05-10T21:36:12", "fold": 1, "epoch": 46, "train_loss": 0.945194, "train_acc": 89.863, "val_loss": 0.922768, "val_acc": 90.672, "lr": 8.91714e-05, "elapsed_sec": 228.712, "best_val_acc": 90.955}
2026-05-10 21:40:13,838 | INFO | {"event": "kfold_fold_epoch_end", "timestamp": "2026-05-10T21:40:13", "fold": 1, "epoch": 47, "train_loss": 0.917107, "train_acc": 90.618, "val_loss": 0.92851, "val_acc": 90.785, "lr": 7.92377e-05, "elapsed_sec": 240.922, "best_val_acc": 90.955}
2026-05-10 21:43:51,501 | INFO | {"event": "kfold_fold_epoch_end", "timestamp": "2026-05-10T21:43:51", "fold": 1, "epoch": 48, "train_loss": 0.947214, "train_acc": 89.787, "val_loss": 0.920718, "val_acc": 91.182, "lr": 6.97711e-05, "elapsed_sec": 217.66, "best_val_acc": 90.955}
2026-05-10 21:43:51,530 | INFO | {"event": "kfold_fold_best_checkpoint", "timestamp": "2026-05-10T21:43:51", "fold": 1, "epoch": 48, "val_acc": 91.182, "model_path": "C:\\Users\\Joseph\\Desktop\\projects\\sign_to_text\\ensemble\\fold_1.pth"}
2026-05-10 21:43:51,530 | INFO |    F1 Ep  48 | tr  89.8% | va  91.2% | lr 7.0e-05 | 217.7s *
2026-05-10 21:47:21,536 | INFO | {"event": "kfold_fold_epoch_end", "timestamp": "2026-05-10T21:47:21", "fold": 1, "epoch": 49, "train_loss": 0.955005, "train_acc": 89.872, "val_loss": 0.919646, "val_acc": 90.984, "lr": 6.083e-05, "elapsed_sec": 210.006, "best_val_acc": 91.182}
2026-05-10 21:51:00,091 | INFO | {"event": "kfold_fold_epoch_end", "timestamp": "2026-05-10T21:51:00", "fold": 1, "epoch": 50, "train_loss": 0.934823, "train_acc": 90.221, "val_loss": 0.908989, "val_acc": 91.239, "lr": 5.24695e-05, "elapsed_sec": 218.551, "best_val_acc": 91.182}
2026-05-10 21:51:00,117 | INFO | {"event": "kfold_fold_best_checkpoint", "timestamp": "2026-05-10T21:51:00", "fold": 1, "epoch": 50, "val_acc": 91.239, "model_path": "C:\\Users\\Joseph\\Desktop\\projects\\sign_to_text\\ensemble\\fold_1.pth"}
2026-05-10 21:51:00,118 | INFO |    F1 Ep  50 | tr  90.2% | va  91.2% | lr 5.2e-05 | 218.6s *
2026-05-10 21:54:32,127 | INFO | {"event": "kfold_fold_epoch_end", "timestamp": "2026-05-10T21:54:32", "fold": 1, "epoch": 51, "train_loss": 0.921015, "train_acc": 90.278, "val_loss": 0.916593, "val_acc": 91.523, "lr": 4.47411e-05, "elapsed_sec": 212.009, "best_val_acc": 91.239}
2026-05-10 21:54:32,142 | INFO | {"event": "kfold_fold_best_checkpoint", "timestamp": "2026-05-10T21:54:32", "fold": 1, "epoch": 51, "val_acc": 91.523, "model_path": "C:\\Users\\Joseph\\Desktop\\projects\\sign_to_text\\ensemble\\fold_1.pth"}
2026-05-10 21:54:32,143 | INFO |    F1 Ep  51 | tr  90.3% | va  91.5% | lr 4.5e-05 | 212.0s *
2026-05-10 21:58:07,576 | INFO | {"event": "kfold_fold_epoch_end", "timestamp": "2026-05-10T21:58:07", "fold": 1, "epoch": 52, "train_loss": 0.900496, "train_acc": 90.777, "val_loss": 0.909275, "val_acc": 91.466, "lr": 3.76925e-05, "elapsed_sec": 215.433, "best_val_acc": 91.523}
2026-05-10 22:01:30,229 | INFO | {"event": "kfold_fold_epoch_end", "timestamp": "2026-05-10T22:01:30", "fold": 1, "epoch": 53, "train_loss": 0.931013, "train_acc": 90.121, "val_loss": 0.904088, "val_acc": 91.579, "lr": 3.13672e-05, "elapsed_sec": 202.653, "best_val_acc": 91.523}
2026-05-10 22:01:30,248 | INFO | {"event": "kfold_fold_best_checkpoint", "timestamp": "2026-05-10T22:01:30", "fold": 1, "epoch": 53, "val_acc": 91.579, "model_path": "C:\\Users\\Joseph\\Desktop\\projects\\sign_to_text\\ensemble\\fold_1.pth"}
2026-05-10 22:01:30,248 | INFO |    F1 Ep  53 | tr  90.1% | va  91.6% | lr 3.1e-05 | 202.7s *
2026-05-10 22:04:50,168 | INFO | {"event": "kfold_fold_epoch_end", "timestamp": "2026-05-10T22:04:50", "fold": 1, "epoch": 54, "train_loss": 0.926288, "train_acc": 90.338, "val_loss": 0.905721, "val_acc": 91.608, "lr": 2.58041e-05, "elapsed_sec": 199.916, "best_val_acc": 91.579}
2026-05-10 22:04:50,190 | INFO | {"event": "kfold_fold_best_checkpoint", "timestamp": "2026-05-10T22:04:50", "fold": 1, "epoch": 54, "val_acc": 91.608, "model_path": "C:\\Users\\Joseph\\Desktop\\projects\\sign_to_text\\ensemble\\fold_1.pth"}
2026-05-10 22:04:50,191 | INFO |    F1 Ep  54 | tr  90.3% | va  91.6% | lr 2.6e-05 | 199.9s *
2026-05-10 22:08:21,274 | INFO | {"event": "kfold_fold_epoch_end", "timestamp": "2026-05-10T22:08:21", "fold": 1, "epoch": 55, "train_loss": 0.960758, "train_acc": 89.636, "val_loss": 0.904009, "val_acc": 91.579, "lr": 2.10375e-05, "elapsed_sec": 211.082, "best_val_acc": 91.608}
2026-05-10 22:11:52,169 | INFO | {"event": "kfold_fold_epoch_end", "timestamp": "2026-05-10T22:11:52", "fold": 1, "epoch": 56, "train_loss": 0.922683, "train_acc": 90.438, "val_loss": 0.908457, "val_acc": 91.494, "lr": 1.70968e-05, "elapsed_sec": 210.893, "best_val_acc": 91.608}
2026-05-10 22:15:26,652 | INFO | {"event": "kfold_fold_epoch_end", "timestamp": "2026-05-10T22:15:26", "fold": 1, "epoch": 57, "train_loss": 0.935392, "train_acc": 90.339, "val_loss": 0.90969, "val_acc": 91.437, "lr": 1.40064e-05, "elapsed_sec": 214.482, "best_val_acc": 91.608}
2026-05-10 22:18:58,279 | INFO | {"event": "kfold_fold_epoch_end", "timestamp": "2026-05-10T22:18:58", "fold": 1, "epoch": 58, "train_loss": 0.892027, "train_acc": 91.167, "val_loss": 0.906429, "val_acc": 91.409, "lr": 1.17852e-05, "elapsed_sec": 211.626, "best_val_acc": 91.608}
2026-05-10 22:22:38,916 | INFO | {"event": "kfold_fold_epoch_end", "timestamp": "2026-05-10T22:22:38", "fold": 1, "epoch": 59, "train_loss": 0.897901, "train_acc": 91.004, "val_loss": 0.903566, "val_acc": 91.721, "lr": 1.0447e-05, "elapsed_sec": 220.635, "best_val_acc": 91.608}
2026-05-10 22:22:38,941 | INFO | {"event": "kfold_fold_best_checkpoint", "timestamp": "2026-05-10T22:22:38", "fold": 1, "epoch": 59, "val_acc": 91.721, "model_path": "C:\\Users\\Joseph\\Desktop\\projects\\sign_to_text\\ensemble\\fold_1.pth"}
2026-05-10 22:22:38,942 | INFO |    F1 Ep  59 | tr  91.0% | va  91.7% | lr 1.0e-05 | 220.6s *
2026-05-10 22:26:44,456 | INFO | {"event": "kfold_fold_epoch_end", "timestamp": "2026-05-10T22:26:44", "fold": 1, "epoch": 60, "train_loss": 0.904199, "train_acc": 90.663, "val_loss": 0.904888, "val_acc": 91.664, "lr": 0.0003, "elapsed_sec": 245.514, "best_val_acc": 91.721}
2026-05-10 22:26:44,457 | INFO |    F1 Ep  60 | tr  90.7% | va  91.7% | lr 3.0e-04 | 245.5s
2026-05-10 22:26:44,457 | INFO | {"event": "kfold_fold_end", "timestamp": "2026-05-10T22:26:44", "fold": 1, "best_val_acc": 91.721, "model_path": "C:\\Users\\Joseph\\Desktop\\projects\\sign_to_text\\ensemble\\fold_1.pth"}
2026-05-10 22:26:44,460 | INFO |    Fold 1 best val acc: 91.72%
2026-05-10 22:26:44,461 | INFO | --- Fold 2 ---  train=14002  val=3505
2026-05-10 22:26:44,480 | INFO | [BalancedAug] 14002 -> 19578 samples (oversampled)
2026-05-10 22:26:44,480 | INFO | [BalancedAug] Per class: {0: 251, 1: 251, 2: 251, 3: 251, 4: 251, 5: 251, 6: 251, 7: 251, 8: 251, 9: 251, 10: 251, 11: 251, 12: 251, 13: 251, 14: 251, 15: 251, 16: 251, 17: 251, 18: 251, 19: 251, 20: 251, 21: 251, 22: 251, 23: 251, 24: 251, 25: 251, 26: 251, 27: 251, 28: 251, 29: 251, 30: 251, 31: 251, 32: 251, 33: 251, 34: 251, 35: 251, 36: 251, 37: 251, 38: 251, 39: 251, 40: 251, 41: 251, 42: 251, 43: 251, 44: 251, 45: 251, 46: 251, 47: 251, 48: 251, 49: 251, 50: 251, 51: 251, 52: 251, 53: 251, 54: 251, 55: 251, 56: 251, 57: 251, 58: 251, 59: 251, 60: 251, 61: 251, 62: 251, 63: 251, 64: 251, 65: 251, 66: 251, 67: 251, 68: 251, 69: 251, 70: 251, 71: 251, 72: 251, 73: 251, 74: 251, 75: 251, 76: 251, 77: 251}
2026-05-10 22:26:44,488 | INFO | {"event": "kfold_fold_start", "timestamp": "2026-05-10T22:26:44", "fold": 2, "train_size": 14002, "val_size": 3505, "train_class_counts": {"0": 58, "1": 222, "2": 235, "3": 191, "4": 235, "5": 179, "6": 177, "7": 58, "8": 235, "9": 235, "10": 170, "11": 58, "12": 179, "13": 58, "14": 58, "15": 131, "16": 170, "17": 154, "18": 235, "19": 162, "20": 170, "21": 219, "22": 222, "23": 232, "24": 222, "25": 222, "26": 179, "27": 58, "28": 222, "29": 236, "30": 58, "31": 218, "32": 210, "33": 235, "34": 218, "35": 218, "36": 104, "37": 222, "38": 162, "39": 235, "40": 163, "41": 192, "42": 58, "43": 162, "44": 179, "45": 107, "46": 235, "47": 235, "48": 153, "49": 242, "50": 222, "51": 167, "52": 181, "53": 171, "54": 179, "55": 58, "56": 222, "57": 235, "58": 131, "59": 235, "60": 235, "61": 58, "62": 58, "63": 235, "64": 218, "65": 222, "66": 171, "67": 138, "68": 171, "69": 199, "70": 243, "71": 222, "72": 58, "73": 235, "74": 251, "75": 234, "76": 222, "77": 243}, "val_class_counts": {"0": 14, "1": 56, "2": 59, "3": 48, "4": 59, "5": 45, "6": 44, "7": 14, "8": 59, "9": 59, "10": 42, "11": 14, "12": 45, "13": 14, "14": 14, "15": 33, "16": 42, "17": 38, "18": 59, "19": 40, "20": 42, "21": 55, "22": 56, "23": 58, "24": 56, "25": 56, "26": 45, "27": 14, "28": 56, "29": 59, "30": 14, "31": 55, "32": 52, "33": 59, "34": 55, "35": 55, "36": 26, "37": 56, "38": 40, "39": 59, "40": 41, "41": 48, "42": 14, "43": 40, "44": 45, "45": 27, "46": 59, "47": 59, "48": 38, "49": 60, "50": 56, "51": 42, "52": 45, "53": 43, "54": 45, "55": 14, "56": 56, "57": 59, "58": 33, "59": 59, "60": 59, "61": 14, "62": 14, "63": 59, "64": 55, "65": 56, "66": 43, "67": 34, "68": 43, "69": 50, "70": 61, "71": 56, "72": 14, "73": 59, "74": 63, "75": 59, "76": 56, "77": 61}}
2026-05-10 22:30:50,548 | INFO | {"event": "kfold_fold_epoch_end", "timestamp": "2026-05-10T22:30:50", "fold": 2, "epoch": 1, "train_loss": 3.569544, "train_acc": 10.048, "val_loss": 3.583756, "val_acc": 13.752, "lr": 0.0002982148, "elapsed_sec": 246.017, "best_val_acc": 0.0}
2026-05-10 22:30:50,568 | INFO | {"event": "kfold_fold_best_checkpoint", "timestamp": "2026-05-10T22:30:50", "fold": 2, "epoch": 1, "val_acc": 13.752, "model_path": "C:\\Users\\Joseph\\Desktop\\projects\\sign_to_text\\ensemble\\fold_2.pth"}
2026-05-10 22:30:50,568 | INFO |    F2 Ep   1 | tr  10.0% | va  13.8% | lr 3.0e-04 | 246.0s *
2026-05-10 22:34:59,318 | INFO | {"event": "kfold_fold_epoch_end", "timestamp": "2026-05-10T22:34:59", "fold": 2, "epoch": 2, "train_loss": 2.608693, "train_acc": 26.92, "val_loss": 3.017323, "val_acc": 28.502, "lr": 0.0002929032, "elapsed_sec": 248.749, "best_val_acc": 13.752}
2026-05-10 22:34:59,339 | INFO | {"event": "kfold_fold_best_checkpoint", "timestamp": "2026-05-10T22:34:59", "fold": 2, "epoch": 2, "val_acc": 28.502, "model_path": "C:\\Users\\Joseph\\Desktop\\projects\\sign_to_text\\ensemble\\fold_2.pth"}
2026-05-10 22:34:59,339 | INFO |    F2 Ep   2 | tr  26.9% | va  28.5% | lr 2.9e-04 | 248.7s *
2026-05-10 22:39:21,736 | INFO | {"event": "kfold_fold_epoch_end", "timestamp": "2026-05-10T22:39:21", "fold": 2, "epoch": 3, "train_loss": 2.206281, "train_acc": 40.352, "val_loss": 2.571767, "val_acc": 42.482, "lr": 0.0002841959, "elapsed_sec": 262.393, "best_val_acc": 28.502}
2026-05-10 22:39:21,765 | INFO | {"event": "kfold_fold_best_checkpoint", "timestamp": "2026-05-10T22:39:21", "fold": 2, "epoch": 3, "val_acc": 42.482, "model_path": "C:\\Users\\Joseph\\Desktop\\projects\\sign_to_text\\ensemble\\fold_2.pth"}
2026-05-10 22:39:21,766 | INFO |    F2 Ep   3 | tr  40.4% | va  42.5% | lr 2.8e-04 | 262.4s *
2026-05-10 22:43:49,719 | INFO | {"event": "kfold_fold_epoch_end", "timestamp": "2026-05-10T22:43:49", "fold": 2, "epoch": 4, "train_loss": 1.85491, "train_acc": 52.523, "val_loss": 2.219601, "val_acc": 53.552, "lr": 0.0002723075, "elapsed_sec": 267.951, "best_val_acc": 42.482}
2026-05-10 22:43:49,739 | INFO | {"event": "kfold_fold_best_checkpoint", "timestamp": "2026-05-10T22:43:49", "fold": 2, "epoch": 4, "val_acc": 53.552, "model_path": "C:\\Users\\Joseph\\Desktop\\projects\\sign_to_text\\ensemble\\fold_2.pth"}
2026-05-10 22:43:49,740 | INFO |    F2 Ep   4 | tr  52.5% | va  53.6% | lr 2.7e-04 | 268.0s *
2026-05-10 22:48:21,590 | INFO | {"event": "kfold_fold_epoch_end", "timestamp": "2026-05-10T22:48:21", "fold": 2, "epoch": 5, "train_loss": 1.634676, "train_acc": 61.45, "val_loss": 2.110759, "val_acc": 57.603, "lr": 0.0002575305, "elapsed_sec": 271.835, "best_val_acc": 53.552}
2026-05-10 22:48:22,312 | INFO | {"event": "kfold_fold_best_checkpoint", "timestamp": "2026-05-10T22:48:22", "fold": 2, "epoch": 5, "val_acc": 57.603, "model_path": "C:\\Users\\Joseph\\Desktop\\projects\\sign_to_text\\ensemble\\fold_2.pth"}
2026-05-10 22:48:22,411 | INFO |    F2 Ep   5 | tr  61.5% | va  57.6% | lr 2.6e-04 | 271.8s *
2026-05-10 22:52:28,026 | INFO | {"event": "kfold_fold_epoch_end", "timestamp": "2026-05-10T22:52:28", "fold": 2, "epoch": 6, "train_loss": 1.50581, "train_acc": 67.872, "val_loss": 1.834457, "val_acc": 65.678, "lr": 0.0002402289, "elapsed_sec": 245.613, "best_val_acc": 57.603}
2026-05-10 22:52:28,075 | INFO | {"event": "kfold_fold_best_checkpoint", "timestamp": "2026-05-10T22:52:28", "fold": 2, "epoch": 6, "val_acc": 65.678, "model_path": "C:\\Users\\Joseph\\Desktop\\projects\\sign_to_text\\ensemble\\fold_2.pth"}
2026-05-10 22:52:28,076 | INFO |    F2 Ep   6 | tr  67.9% | va  65.7% | lr 2.4e-04 | 245.6s *
2026-05-10 22:56:23,023 | INFO | {"event": "kfold_fold_epoch_end", "timestamp": "2026-05-10T22:56:23", "fold": 2, "epoch": 7, "train_loss": 1.413889, "train_acc": 72.088, "val_loss": 1.74199, "val_acc": 68.987, "lr": 0.0002208286, "elapsed_sec": 234.946, "best_val_acc": 65.678}
2026-05-10 22:56:23,045 | INFO | {"event": "kfold_fold_best_checkpoint", "timestamp": "2026-05-10T22:56:23", "fold": 2, "epoch": 7, "val_acc": 68.987, "model_path": "C:\\Users\\Joseph\\Desktop\\projects\\sign_to_text\\ensemble\\fold_2.pth"}
2026-05-10 22:56:23,045 | INFO |    F2 Ep   7 | tr  72.1% | va  69.0% | lr 2.2e-04 | 234.9s *
2026-05-10 23:00:12,923 | INFO | {"event": "kfold_fold_epoch_end", "timestamp": "2026-05-10T23:00:12", "fold": 2, "epoch": 8, "train_loss": 1.374189, "train_acc": 74.677, "val_loss": 1.723133, "val_acc": 70.556, "lr": 0.0001998075, "elapsed_sec": 229.872, "best_val_acc": 68.987}
2026-05-10 23:00:12,958 | INFO | {"event": "kfold_fold_best_checkpoint", "timestamp": "2026-05-10T23:00:12", "fold": 2, "epoch": 8, "val_acc": 70.556, "model_path": "C:\\Users\\Joseph\\Desktop\\projects\\sign_to_text\\ensemble\\fold_2.pth"}
2026-05-10 23:00:12,959 | INFO |    F2 Ep   8 | tr  74.7% | va  70.6% | lr 2.0e-04 | 229.9s *
2026-05-10 23:03:52,360 | INFO | {"event": "kfold_fold_epoch_end", "timestamp": "2026-05-10T23:03:52", "fold": 2, "epoch": 9, "train_loss": 1.274156, "train_acc": 78.115, "val_loss": 1.733611, "val_acc": 70.842, "lr": 0.000177683, "elapsed_sec": 219.401, "best_val_acc": 70.556}
2026-05-10 23:03:52,382 | INFO | {"event": "kfold_fold_best_checkpoint", "timestamp": "2026-05-10T23:03:52", "fold": 2, "epoch": 9, "val_acc": 70.842, "model_path": "C:\\Users\\Joseph\\Desktop\\projects\\sign_to_text\\ensemble\\fold_2.pth"}
2026-05-10 23:03:52,383 | INFO |    F2 Ep   9 | tr  78.1% | va  70.8% | lr 1.8e-04 | 219.4s *
2026-05-10 23:07:45,637 | INFO | {"event": "kfold_fold_epoch_end", "timestamp": "2026-05-10T23:07:45", "fold": 2, "epoch": 10, "train_loss": 1.241192, "train_acc": 79.698, "val_loss": 1.590582, "val_acc": 73.409, "lr": 0.000155, "elapsed_sec": 233.25, "best_val_acc": 70.842}
2026-05-10 23:07:45,659 | INFO | {"event": "kfold_fold_best_checkpoint", "timestamp": "2026-05-10T23:07:45", "fold": 2, "epoch": 10, "val_acc": 73.409, "model_path": "C:\\Users\\Joseph\\Desktop\\projects\\sign_to_text\\ensemble\\fold_2.pth"}
2026-05-10 23:07:45,660 | INFO |    F2 Ep  10 | tr  79.7% | va  73.4% | lr 1.5e-04 | 233.3s *
2026-05-10 23:11:32,238 | INFO | {"event": "kfold_fold_epoch_end", "timestamp": "2026-05-10T23:11:32", "fold": 2, "epoch": 11, "train_loss": 1.202923, "train_acc": 81.456, "val_loss": 1.53334, "val_acc": 75.321, "lr": 0.000132317, "elapsed_sec": 226.578, "best_val_acc": 73.409}
2026-05-10 23:11:32,275 | INFO | {"event": "kfold_fold_best_checkpoint", "timestamp": "2026-05-10T23:11:32", "fold": 2, "epoch": 11, "val_acc": 75.321, "model_path": "C:\\Users\\Joseph\\Desktop\\projects\\sign_to_text\\ensemble\\fold_2.pth"}
2026-05-10 23:11:32,276 | INFO |    F2 Ep  11 | tr  81.5% | va  75.3% | lr 1.3e-04 | 226.6s *
2026-05-10 23:15:36,607 | INFO | {"event": "kfold_fold_epoch_end", "timestamp": "2026-05-10T23:15:36", "fold": 2, "epoch": 12, "train_loss": 1.193866, "train_acc": 82.148, "val_loss": 1.549985, "val_acc": 75.036, "lr": 0.0001101925, "elapsed_sec": 244.329, "best_val_acc": 75.321}
2026-05-10 23:19:28,695 | INFO | {"event": "kfold_fold_epoch_end", "timestamp": "2026-05-10T23:19:28", "fold": 2, "epoch": 13, "train_loss": 1.118708, "train_acc": 84.177, "val_loss": 1.566255, "val_acc": 75.036, "lr": 8.91714e-05, "elapsed_sec": 232.084, "best_val_acc": 75.321}
2026-05-10 23:23:11,048 | INFO | {"event": "kfold_fold_epoch_end", "timestamp": "2026-05-10T23:23:11", "fold": 2, "epoch": 14, "train_loss": 1.135737, "train_acc": 84.149, "val_loss": 1.517421, "val_acc": 77.603, "lr": 6.97711e-05, "elapsed_sec": 222.35, "best_val_acc": 75.321}
2026-05-10 23:23:11,085 | INFO | {"event": "kfold_fold_best_checkpoint", "timestamp": "2026-05-10T23:23:11", "fold": 2, "epoch": 14, "val_acc": 77.603, "model_path": "C:\\Users\\Joseph\\Desktop\\projects\\sign_to_text\\ensemble\\fold_2.pth"}
2026-05-10 23:23:11,086 | INFO |    F2 Ep  14 | tr  84.1% | va  77.6% | lr 7.0e-05 | 222.3s *
2026-05-10 23:26:51,849 | INFO | {"event": "kfold_fold_epoch_end", "timestamp": "2026-05-10T23:26:51", "fold": 2, "epoch": 15, "train_loss": 1.117215, "train_acc": 84.84, "val_loss": 1.511232, "val_acc": 76.89, "lr": 5.24695e-05, "elapsed_sec": 220.762, "best_val_acc": 77.603}
2026-05-10 23:30:16,044 | INFO | {"event": "kfold_fold_epoch_end", "timestamp": "2026-05-10T23:30:16", "fold": 2, "epoch": 16, "train_loss": 1.102904, "train_acc": 85.568, "val_loss": 1.455877, "val_acc": 76.805, "lr": 3.76925e-05, "elapsed_sec": 204.193, "best_val_acc": 77.603}
2026-05-10 23:33:44,337 | INFO | {"event": "kfold_fold_epoch_end", "timestamp": "2026-05-10T23:33:44", "fold": 2, "epoch": 17, "train_loss": 1.060694, "train_acc": 86.593, "val_loss": 1.470796, "val_acc": 77.318, "lr": 2.58041e-05, "elapsed_sec": 208.285, "best_val_acc": 77.603}
2026-05-10 23:37:11,600 | INFO | {"event": "kfold_fold_epoch_end", "timestamp": "2026-05-10T23:37:11", "fold": 2, "epoch": 18, "train_loss": 1.074313, "train_acc": 86.45, "val_loss": 1.447361, "val_acc": 77.546, "lr": 1.70968e-05, "elapsed_sec": 207.26, "best_val_acc": 77.603}
2026-05-10 23:40:52,472 | INFO | {"event": "kfold_fold_epoch_end", "timestamp": "2026-05-10T23:40:52", "fold": 2, "epoch": 19, "train_loss": 1.062187, "train_acc": 86.649, "val_loss": 1.451075, "val_acc": 77.689, "lr": 1.17852e-05, "elapsed_sec": 220.869, "best_val_acc": 77.603}
2026-05-10 23:40:52,506 | INFO | {"event": "kfold_fold_best_checkpoint", "timestamp": "2026-05-10T23:40:52", "fold": 2, "epoch": 19, "val_acc": 77.689, "model_path": "C:\\Users\\Joseph\\Desktop\\projects\\sign_to_text\\ensemble\\fold_2.pth"}
2026-05-10 23:40:52,507 | INFO |    F2 Ep  19 | tr  86.6% | va  77.7% | lr 1.2e-05 | 220.9s *
2026-05-10 23:44:25,846 | INFO | {"event": "kfold_fold_epoch_end", "timestamp": "2026-05-10T23:44:25", "fold": 2, "epoch": 20, "train_loss": 1.063358, "train_acc": 86.739, "val_loss": 1.458142, "val_acc": 77.746, "lr": 0.0003, "elapsed_sec": 213.337, "best_val_acc": 77.689}
2026-05-10 23:44:25,867 | INFO | {"event": "kfold_fold_best_checkpoint", "timestamp": "2026-05-10T23:44:25", "fold": 2, "epoch": 20, "val_acc": 77.746, "model_path": "C:\\Users\\Joseph\\Desktop\\projects\\sign_to_text\\ensemble\\fold_2.pth"}
2026-05-10 23:44:25,867 | INFO |    F2 Ep  20 | tr  86.7% | va  77.7% | lr 3.0e-04 | 213.3s *
2026-05-10 23:48:01,680 | INFO | {"event": "kfold_fold_epoch_end", "timestamp": "2026-05-10T23:48:01", "fold": 2, "epoch": 21, "train_loss": 1.197392, "train_acc": 81.556, "val_loss": 1.557393, "val_acc": 74.95, "lr": 0.000299553, "elapsed_sec": 215.812, "best_val_acc": 77.746}
2026-05-10 23:51:32,851 | INFO | {"event": "kfold_fold_epoch_end", "timestamp": "2026-05-10T23:51:32", "fold": 2, "epoch": 22, "train_loss": 1.195522, "train_acc": 82.035, "val_loss": 1.655023, "val_acc": 75.578, "lr": 0.0002982148, "elapsed_sec": 211.17, "best_val_acc": 77.746}
2026-05-10 23:56:27,820 | INFO | {"event": "kfold_fold_epoch_end", "timestamp": "2026-05-10T23:56:27", "fold": 2, "epoch": 23, "train_loss": 1.166099, "train_acc": 82.802, "val_loss": 1.613606, "val_acc": 75.093, "lr": 0.0002959936, "elapsed_sec": 294.962, "best_val_acc": 77.746}
2026-05-11 00:00:40,402 | INFO | {"event": "kfold_fold_epoch_end", "timestamp": "2026-05-11T00:00:40", "fold": 2, "epoch": 24, "train_loss": 1.183762, "train_acc": 82.832, "val_loss": 1.545828, "val_acc": 76.32, "lr": 0.0002929032, "elapsed_sec": 252.568, "best_val_acc": 77.746}
2026-05-11 00:04:25,106 | INFO | {"event": "kfold_fold_epoch_end", "timestamp": "2026-05-11T00:04:25", "fold": 2, "epoch": 25, "train_loss": 1.097985, "train_acc": 85.132, "val_loss": 1.618671, "val_acc": 75.178, "lr": 0.0002889625, "elapsed_sec": 224.69, "best_val_acc": 77.746}
2026-05-11 00:08:03,405 | INFO | {"event": "kfold_fold_epoch_end", "timestamp": "2026-05-11T00:08:03", "fold": 2, "epoch": 26, "train_loss": 1.09315, "train_acc": 85.393, "val_loss": 1.52354, "val_acc": 76.519, "lr": 0.0002841959, "elapsed_sec": 218.292, "best_val_acc": 77.746}
2026-05-11 00:11:41,541 | INFO | {"event": "kfold_fold_epoch_end", "timestamp": "2026-05-11T00:11:41", "fold": 2, "epoch": 27, "train_loss": 1.080033, "train_acc": 85.774, "val_loss": 1.546139, "val_acc": 77.603, "lr": 0.0002786328, "elapsed_sec": 218.13, "best_val_acc": 77.746}
2026-05-11 00:15:01,172 | INFO | {"event": "kfold_fold_epoch_end", "timestamp": "2026-05-11T00:15:01", "fold": 2, "epoch": 28, "train_loss": 1.065766, "train_acc": 86.258, "val_loss": 1.492174, "val_acc": 78.003, "lr": 0.0002723075, "elapsed_sec": 199.627, "best_val_acc": 77.746}
2026-05-11 00:15:01,224 | INFO | {"event": "kfold_fold_best_checkpoint", "timestamp": "2026-05-11T00:15:01", "fold": 2, "epoch": 28, "val_acc": 78.003, "model_path": "C:\\Users\\Joseph\\Desktop\\projects\\sign_to_text\\ensemble\\fold_2.pth"}
2026-05-11 00:15:01,226 | INFO |    F2 Ep  28 | tr  86.3% | va  78.0% | lr 2.7e-04 | 199.6s *
2026-05-11 00:18:39,467 | INFO | {"event": "kfold_fold_epoch_end", "timestamp": "2026-05-11T00:18:39", "fold": 2, "epoch": 29, "train_loss": 1.055139, "train_acc": 86.642, "val_loss": 1.460137, "val_acc": 78.146, "lr": 0.0002652589, "elapsed_sec": 218.241, "best_val_acc": 78.003}
2026-05-11 00:18:39,484 | INFO | {"event": "kfold_fold_best_checkpoint", "timestamp": "2026-05-11T00:18:39", "fold": 2, "epoch": 29, "val_acc": 78.146, "model_path": "C:\\Users\\Joseph\\Desktop\\projects\\sign_to_text\\ensemble\\fold_2.pth"}
2026-05-11 00:18:39,485 | INFO |    F2 Ep  29 | tr  86.6% | va  78.1% | lr 2.7e-04 | 218.2s *
2026-05-11 00:22:26,490 | INFO | {"event": "kfold_fold_epoch_end", "timestamp": "2026-05-11T00:22:26", "fold": 2, "epoch": 30, "train_loss": 1.042257, "train_acc": 87.221, "val_loss": 1.443765, "val_acc": 78.573, "lr": 0.0002575305, "elapsed_sec": 227.005, "best_val_acc": 78.146}
2026-05-11 00:22:26,513 | INFO | {"event": "kfold_fold_best_checkpoint", "timestamp": "2026-05-11T00:22:26", "fold": 2, "epoch": 30, "val_acc": 78.573, "model_path": "C:\\Users\\Joseph\\Desktop\\projects\\sign_to_text\\ensemble\\fold_2.pth"}
2026-05-11 00:22:26,513 | INFO |    F2 Ep  30 | tr  87.2% | va  78.6% | lr 2.6e-04 | 227.0s *
2026-05-11 00:26:00,932 | INFO | {"event": "kfold_fold_epoch_end", "timestamp": "2026-05-11T00:26:00", "fold": 2, "epoch": 31, "train_loss": 1.043326, "train_acc": 87.227, "val_loss": 1.484073, "val_acc": 78.688, "lr": 0.00024917, "elapsed_sec": 214.419, "best_val_acc": 78.573}
2026-05-11 00:26:00,948 | INFO | {"event": "kfold_fold_best_checkpoint", "timestamp": "2026-05-11T00:26:00", "fold": 2, "epoch": 31, "val_acc": 78.688, "model_path": "C:\\Users\\Joseph\\Desktop\\projects\\sign_to_text\\ensemble\\fold_2.pth"}
2026-05-11 00:26:00,949 | INFO |    F2 Ep  31 | tr  87.2% | va  78.7% | lr 2.5e-04 | 214.4s *
2026-05-11 00:29:33,169 | INFO | {"event": "kfold_fold_epoch_end", "timestamp": "2026-05-11T00:29:33", "fold": 2, "epoch": 32, "train_loss": 1.057312, "train_acc": 86.944, "val_loss": 1.500306, "val_acc": 79.544, "lr": 0.0002402289, "elapsed_sec": 212.219, "best_val_acc": 78.688}
2026-05-11 00:29:33,186 | INFO | {"event": "kfold_fold_best_checkpoint", "timestamp": "2026-05-11T00:29:33", "fold": 2, "epoch": 32, "val_acc": 79.544, "model_path": "C:\\Users\\Joseph\\Desktop\\projects\\sign_to_text\\ensemble\\fold_2.pth"}
2026-05-11 00:29:33,187 | INFO |    F2 Ep  32 | tr  86.9% | va  79.5% | lr 2.4e-04 | 212.2s *
2026-05-11 00:33:09,476 | INFO | {"event": "kfold_fold_epoch_end", "timestamp": "2026-05-11T00:33:09", "fold": 2, "epoch": 33, "train_loss": 1.03186, "train_acc": 87.803, "val_loss": 1.504874, "val_acc": 79.087, "lr": 0.0002307623, "elapsed_sec": 216.289, "best_val_acc": 79.544}
2026-05-11 00:36:44,211 | INFO | {"event": "kfold_fold_epoch_end", "timestamp": "2026-05-11T00:36:44", "fold": 2, "epoch": 34, "train_loss": 1.029996, "train_acc": 87.779, "val_loss": 1.464216, "val_acc": 79.686, "lr": 0.0002208286, "elapsed_sec": 214.733, "best_val_acc": 79.544}
2026-05-11 00:36:44,227 | INFO | {"event": "kfold_fold_best_checkpoint", "timestamp": "2026-05-11T00:36:44", "fold": 2, "epoch": 34, "val_acc": 79.686, "model_path": "C:\\Users\\Joseph\\Desktop\\projects\\sign_to_text\\ensemble\\fold_2.pth"}
2026-05-11 00:36:44,227 | INFO |    F2 Ep  34 | tr  87.8% | va  79.7% | lr 2.2e-04 | 214.7s *
2026-05-11 00:40:25,388 | INFO | {"event": "kfold_fold_epoch_end", "timestamp": "2026-05-11T00:40:25", "fold": 2, "epoch": 35, "train_loss": 1.0578, "train_acc": 87.401, "val_loss": 1.368491, "val_acc": 80.285, "lr": 0.0002104891, "elapsed_sec": 221.16, "best_val_acc": 79.686}
2026-05-11 00:40:25,422 | INFO | {"event": "kfold_fold_best_checkpoint", "timestamp": "2026-05-11T00:40:25", "fold": 2, "epoch": 35, "val_acc": 80.285, "model_path": "C:\\Users\\Joseph\\Desktop\\projects\\sign_to_text\\ensemble\\fold_2.pth"}
2026-05-11 00:40:25,422 | INFO |    F2 Ep  35 | tr  87.4% | va  80.3% | lr 2.1e-04 | 221.2s *
2026-05-11 00:44:00,108 | INFO | {"event": "kfold_fold_epoch_end", "timestamp": "2026-05-11T00:44:00", "fold": 2, "epoch": 36, "train_loss": 0.986023, "train_acc": 88.888, "val_loss": 1.406026, "val_acc": 80.228, "lr": 0.0001998075, "elapsed_sec": 214.686, "best_val_acc": 80.285}
2026-05-11 00:47:28,130 | INFO | {"event": "kfold_fold_epoch_end", "timestamp": "2026-05-11T00:47:28", "fold": 2, "epoch": 37, "train_loss": 0.999184, "train_acc": 89.052, "val_loss": 1.423217, "val_acc": 80.742, "lr": 0.0001888496, "elapsed_sec": 208.018, "best_val_acc": 80.285}
2026-05-11 00:47:28,147 | INFO | {"event": "kfold_fold_best_checkpoint", "timestamp": "2026-05-11T00:47:28", "fold": 2, "epoch": 37, "val_acc": 80.742, "model_path": "C:\\Users\\Joseph\\Desktop\\projects\\sign_to_text\\ensemble\\fold_2.pth"}
2026-05-11 00:47:28,147 | INFO |    F2 Ep  37 | tr  89.1% | va  80.7% | lr 1.9e-04 | 208.0s *
2026-05-11 00:51:07,268 | INFO | {"event": "kfold_fold_epoch_end", "timestamp": "2026-05-11T00:51:07", "fold": 2, "epoch": 38, "train_loss": 1.003779, "train_acc": 88.647, "val_loss": 1.391849, "val_acc": 81.027, "lr": 0.000177683, "elapsed_sec": 219.12, "best_val_acc": 80.742}
2026-05-11 00:51:07,285 | INFO | {"event": "kfold_fold_best_checkpoint", "timestamp": "2026-05-11T00:51:07", "fold": 2, "epoch": 38, "val_acc": 81.027, "model_path": "C:\\Users\\Joseph\\Desktop\\projects\\sign_to_text\\ensemble\\fold_2.pth"}
2026-05-11 00:51:07,286 | INFO |    F2 Ep  38 | tr  88.6% | va  81.0% | lr 1.8e-04 | 219.1s *
2026-05-11 00:54:49,233 | INFO | {"event": "kfold_fold_epoch_end", "timestamp": "2026-05-11T00:54:49", "fold": 2, "epoch": 39, "train_loss": 0.965511, "train_acc": 89.587, "val_loss": 1.378634, "val_acc": 81.455, "lr": 0.0001663766, "elapsed_sec": 221.947, "best_val_acc": 81.027}
2026-05-11 00:54:49,253 | INFO | {"event": "kfold_fold_best_checkpoint", "timestamp": "2026-05-11T00:54:49", "fold": 2, "epoch": 39, "val_acc": 81.455, "model_path": "C:\\Users\\Joseph\\Desktop\\projects\\sign_to_text\\ensemble\\fold_2.pth"}
2026-05-11 00:54:49,253 | INFO |    F2 Ep  39 | tr  89.6% | va  81.5% | lr 1.7e-04 | 221.9s *
2026-05-11 00:58:31,864 | INFO | {"event": "kfold_fold_epoch_end", "timestamp": "2026-05-11T00:58:31", "fold": 2, "epoch": 40, "train_loss": 0.973769, "train_acc": 89.368, "val_loss": 1.413425, "val_acc": 81.027, "lr": 0.000155, "elapsed_sec": 222.61, "best_val_acc": 81.455}
2026-05-11 00:58:31,865 | INFO |    F2 Ep  40 | tr  89.4% | va  81.0% | lr 1.5e-04 | 222.6s
2026-05-11 01:02:14,127 | INFO | {"event": "kfold_fold_epoch_end", "timestamp": "2026-05-11T01:02:14", "fold": 2, "epoch": 41, "train_loss": 1.004742, "train_acc": 88.795, "val_loss": 1.41327, "val_acc": 80.856, "lr": 0.0001436234, "elapsed_sec": 222.262, "best_val_acc": 81.455}
2026-05-11 01:05:54,823 | INFO | {"event": "kfold_fold_epoch_end", "timestamp": "2026-05-11T01:05:54", "fold": 2, "epoch": 42, "train_loss": 0.965114, "train_acc": 89.856, "val_loss": 1.386119, "val_acc": 81.569, "lr": 0.000132317, "elapsed_sec": 220.695, "best_val_acc": 81.455}
2026-05-11 01:05:54,852 | INFO | {"event": "kfold_fold_best_checkpoint", "timestamp": "2026-05-11T01:05:54", "fold": 2, "epoch": 42, "val_acc": 81.569, "model_path": "C:\\Users\\Joseph\\Desktop\\projects\\sign_to_text\\ensemble\\fold_2.pth"}
2026-05-11 01:05:54,853 | INFO |    F2 Ep  42 | tr  89.9% | va  81.6% | lr 1.3e-04 | 220.7s *
2026-05-11 01:09:33,461 | INFO | {"event": "kfold_fold_epoch_end", "timestamp": "2026-05-11T01:09:33", "fold": 2, "epoch": 43, "train_loss": 0.933834, "train_acc": 90.3, "val_loss": 1.359297, "val_acc": 81.683, "lr": 0.0001211504, "elapsed_sec": 218.608, "best_val_acc": 81.569}
2026-05-11 01:09:33,477 | INFO | {"event": "kfold_fold_best_checkpoint", "timestamp": "2026-05-11T01:09:33", "fold": 2, "epoch": 43, "val_acc": 81.683, "model_path": "C:\\Users\\Joseph\\Desktop\\projects\\sign_to_text\\ensemble\\fold_2.pth"}
2026-05-11 01:09:33,477 | INFO |    F2 Ep  43 | tr  90.3% | va  81.7% | lr 1.2e-04 | 218.6s *
2026-05-11 01:13:05,410 | INFO | {"event": "kfold_fold_epoch_end", "timestamp": "2026-05-11T01:13:05", "fold": 2, "epoch": 44, "train_loss": 0.933973, "train_acc": 90.359, "val_loss": 1.424237, "val_acc": 80.999, "lr": 0.0001101925, "elapsed_sec": 211.932, "best_val_acc": 81.683}
2026-05-11 01:16:44,606 | INFO | {"event": "kfold_fold_epoch_end", "timestamp": "2026-05-11T01:16:44", "fold": 2, "epoch": 45, "train_loss": 0.920359, "train_acc": 90.719, "val_loss": 1.392049, "val_acc": 81.312, "lr": 9.95109e-05, "elapsed_sec": 219.196, "best_val_acc": 81.683}
2026-05-11 01:20:25,421 | INFO | {"event": "kfold_fold_epoch_end", "timestamp": "2026-05-11T01:20:25", "fold": 2, "epoch": 46, "train_loss": 0.916052, "train_acc": 90.702, "val_loss": 1.411386, "val_acc": 81.541, "lr": 8.91714e-05, "elapsed_sec": 220.813, "best_val_acc": 81.683}
2026-05-11 01:24:14,519 | INFO | {"event": "kfold_fold_epoch_end", "timestamp": "2026-05-11T01:24:14", "fold": 2, "epoch": 47, "train_loss": 0.959246, "train_acc": 89.983, "val_loss": 1.360584, "val_acc": 81.598, "lr": 7.92377e-05, "elapsed_sec": 229.095, "best_val_acc": 81.683}
2026-05-11 01:27:50,662 | INFO | {"event": "kfold_fold_epoch_end", "timestamp": "2026-05-11T01:27:50", "fold": 2, "epoch": 48, "train_loss": 0.913393, "train_acc": 90.984, "val_loss": 1.333144, "val_acc": 82.682, "lr": 6.97711e-05, "elapsed_sec": 216.142, "best_val_acc": 81.683}
2026-05-11 01:27:50,690 | INFO | {"event": "kfold_fold_best_checkpoint", "timestamp": "2026-05-11T01:27:50", "fold": 2, "epoch": 48, "val_acc": 82.682, "model_path": "C:\\Users\\Joseph\\Desktop\\projects\\sign_to_text\\ensemble\\fold_2.pth"}
2026-05-11 01:27:50,690 | INFO |    F2 Ep  48 | tr  91.0% | va  82.7% | lr 7.0e-05 | 216.1s *
2026-05-11 01:31:25,272 | INFO | {"event": "kfold_fold_epoch_end", "timestamp": "2026-05-11T01:31:25", "fold": 2, "epoch": 49, "train_loss": 0.927467, "train_acc": 90.82, "val_loss": 1.370942, "val_acc": 82.596, "lr": 6.083e-05, "elapsed_sec": 214.581, "best_val_acc": 82.682}
2026-05-11 01:35:39,872 | INFO | {"event": "kfold_fold_epoch_end", "timestamp": "2026-05-11T01:35:39", "fold": 2, "epoch": 50, "train_loss": 0.914036, "train_acc": 90.943, "val_loss": 1.311713, "val_acc": 83.281, "lr": 5.24695e-05, "elapsed_sec": 254.597, "best_val_acc": 82.682}
2026-05-11 01:35:39,901 | INFO | {"event": "kfold_fold_best_checkpoint", "timestamp": "2026-05-11T01:35:39", "fold": 2, "epoch": 50, "val_acc": 83.281, "model_path": "C:\\Users\\Joseph\\Desktop\\projects\\sign_to_text\\ensemble\\fold_2.pth"}
2026-05-11 01:35:39,902 | INFO |    F2 Ep  50 | tr  90.9% | va  83.3% | lr 5.2e-05 | 254.6s *
2026-05-11 01:40:50,758 | INFO | {"event": "kfold_fold_epoch_end", "timestamp": "2026-05-11T01:40:50", "fold": 2, "epoch": 51, "train_loss": 0.90987, "train_acc": 91.136, "val_loss": 1.356684, "val_acc": 81.912, "lr": 4.47411e-05, "elapsed_sec": 310.854, "best_val_acc": 83.281}
2026-05-11 01:45:46,960 | INFO | {"event": "kfold_fold_epoch_end", "timestamp": "2026-05-11T01:45:46", "fold": 2, "epoch": 52, "train_loss": 0.902946, "train_acc": 91.136, "val_loss": 1.32989, "val_acc": 83.053, "lr": 3.76925e-05, "elapsed_sec": 296.199, "best_val_acc": 83.281}
2026-05-11 01:50:35,140 | INFO | {"event": "kfold_fold_epoch_end", "timestamp": "2026-05-11T01:50:35", "fold": 2, "epoch": 53, "train_loss": 0.924377, "train_acc": 90.72, "val_loss": 1.351756, "val_acc": 82.71, "lr": 3.13672e-05, "elapsed_sec": 288.175, "best_val_acc": 83.281}
2026-05-11 01:55:31,147 | INFO | {"event": "kfold_fold_epoch_end", "timestamp": "2026-05-11T01:55:31", "fold": 2, "epoch": 54, "train_loss": 0.91736, "train_acc": 90.949, "val_loss": 1.36222, "val_acc": 82.397, "lr": 2.58041e-05, "elapsed_sec": 296.002, "best_val_acc": 83.281}
2026-05-11 02:00:17,248 | INFO | {"event": "kfold_fold_epoch_end", "timestamp": "2026-05-11T02:00:17", "fold": 2, "epoch": 55, "train_loss": 0.88705, "train_acc": 91.673, "val_loss": 1.354485, "val_acc": 82.454, "lr": 2.10375e-05, "elapsed_sec": 286.096, "best_val_acc": 83.281}
2026-05-11 02:05:03,558 | INFO | {"event": "kfold_fold_epoch_end", "timestamp": "2026-05-11T02:05:03", "fold": 2, "epoch": 56, "train_loss": 0.920122, "train_acc": 90.897, "val_loss": 1.330983, "val_acc": 82.996, "lr": 1.70968e-05, "elapsed_sec": 286.305, "best_val_acc": 83.281}
2026-05-11 02:09:59,614 | INFO | {"event": "kfold_fold_epoch_end", "timestamp": "2026-05-11T02:09:59", "fold": 2, "epoch": 57, "train_loss": 0.917429, "train_acc": 90.946, "val_loss": 1.354356, "val_acc": 82.653, "lr": 1.40064e-05, "elapsed_sec": 296.05, "best_val_acc": 83.281}
2026-05-11 02:14:46,778 | INFO | {"event": "kfold_fold_epoch_end", "timestamp": "2026-05-11T02:14:46", "fold": 2, "epoch": 58, "train_loss": 0.927874, "train_acc": 90.829, "val_loss": 1.337994, "val_acc": 83.081, "lr": 1.17852e-05, "elapsed_sec": 287.16, "best_val_acc": 83.281}
2026-05-11 02:19:39,150 | INFO | {"event": "kfold_fold_epoch_end", "timestamp": "2026-05-11T02:19:39", "fold": 2, "epoch": 59, "train_loss": 0.919164, "train_acc": 90.979, "val_loss": 1.339335, "val_acc": 82.739, "lr": 1.0447e-05, "elapsed_sec": 292.363, "best_val_acc": 83.281}
2026-05-11 02:24:39,968 | INFO | {"event": "kfold_fold_epoch_end", "timestamp": "2026-05-11T02:24:39", "fold": 2, "epoch": 60, "train_loss": 0.873139, "train_acc": 91.908, "val_loss": 1.338165, "val_acc": 82.939, "lr": 0.0003, "elapsed_sec": 300.806, "best_val_acc": 83.281}
2026-05-11 02:24:39,986 | INFO |    F2 Ep  60 | tr  91.9% | va  82.9% | lr 3.0e-04 | 300.8s
2026-05-11 02:24:39,987 | INFO |    F2 Early stop at epoch 60
2026-05-11 02:24:39,987 | INFO | {"event": "kfold_fold_early_stop", "timestamp": "2026-05-11T02:24:39", "fold": 2, "epoch": 60, "patience": 10, "best_val_acc": 83.281}
2026-05-11 02:24:39,988 | INFO | {"event": "kfold_fold_end", "timestamp": "2026-05-11T02:24:39", "fold": 2, "best_val_acc": 83.281, "model_path": "C:\\Users\\Joseph\\Desktop\\projects\\sign_to_text\\ensemble\\fold_2.pth"}
2026-05-11 02:24:40,002 | INFO |    Fold 2 best val acc: 83.28%
2026-05-11 02:24:40,002 | INFO | --- Fold 3 ---  train=14018  val=3489
2026-05-11 02:24:40,030 | INFO | [BalancedAug] 14018 -> 19578 samples (oversampled)
2026-05-11 02:24:40,031 | INFO | [BalancedAug] Per class: {0: 251, 1: 251, 2: 251, 3: 251, 4: 251, 5: 251, 6: 251, 7: 251, 8: 251, 9: 251, 10: 251, 11: 251, 12: 251, 13: 251, 14: 251, 15: 251, 16: 251, 17: 251, 18: 251, 19: 251, 20: 251, 21: 251, 22: 251, 23: 251, 24: 251, 25: 251, 26: 251, 27: 251, 28: 251, 29: 251, 30: 251, 31: 251, 32: 251, 33: 251, 34: 251, 35: 251, 36: 251, 37: 251, 38: 251, 39: 251, 40: 251, 41: 251, 42: 251, 43: 251, 44: 251, 45: 251, 46: 251, 47: 251, 48: 251, 49: 251, 50: 251, 51: 251, 52: 251, 53: 251, 54: 251, 55: 251, 56: 251, 57: 251, 58: 251, 59: 251, 60: 251, 61: 251, 62: 251, 63: 251, 64: 251, 65: 251, 66: 251, 67: 251, 68: 251, 69: 251, 70: 251, 71: 251, 72: 251, 73: 251, 74: 251, 75: 251, 76: 251, 77: 251}
2026-05-11 02:24:40,040 | INFO | {"event": "kfold_fold_start", "timestamp": "2026-05-11T02:24:40", "fold": 3, "train_size": 14018, "val_size": 3489, "train_class_counts": {"0": 58, "1": 223, "2": 235, "3": 191, "4": 235, "5": 179, "6": 177, "7": 58, "8": 235, "9": 235, "10": 170, "11": 58, "12": 179, "13": 58, "14": 58, "15": 131, "16": 170, "17": 154, "18": 235, "19": 162, "20": 170, "21": 219, "22": 223, "23": 232, "24": 223, "25": 223, "26": 179, "27": 58, "28": 223, "29": 236, "30": 58, "31": 219, "32": 210, "33": 235, "34": 219, "35": 219, "36": 104, "37": 223, "38": 162, "39": 235, "40": 163, "41": 192, "42": 58, "43": 162, "44": 179, "45": 107, "46": 235, "47": 235, "48": 153, "49": 242, "50": 223, "51": 167, "52": 181, "53": 171, "54": 179, "55": 58, "56": 223, "57": 235, "58": 131, "59": 235, "60": 235, "61": 58, "62": 58, "63": 235, "64": 219, "65": 223, "66": 171, "67": 138, "68": 171, "69": 199, "70": 243, "71": 223, "72": 58, "73": 235, "74": 251, "75": 235, "76": 223, "77": 243}, "val_class_counts": {"0": 14, "1": 55, "2": 59, "3": 48, "4": 59, "5": 45, "6": 44, "7": 14, "8": 59, "9": 59, "10": 42, "11": 14, "12": 45, "13": 14, "14": 14, "15": 33, "16": 42, "17": 38, "18": 59, "19": 40, "20": 42, "21": 55, "22": 55, "23": 58, "24": 55, "25": 55, "26": 45, "27": 14, "28": 55, "29": 59, "30": 14, "31": 54, "32": 52, "33": 59, "34": 54, "35": 54, "36": 26, "37": 55, "38": 40, "39": 59, "40": 41, "41": 48, "42": 14, "43": 40, "44": 45, "45": 27, "46": 59, "47": 59, "48": 38, "49": 60, "50": 55, "51": 42, "52": 45, "53": 43, "54": 45, "55": 14, "56": 55, "57": 59, "58": 33, "59": 59, "60": 59, "61": 14, "62": 14, "63": 59, "64": 54, "65": 55, "66": 43, "67": 34, "68": 43, "69": 50, "70": 61, "71": 55, "72": 14, "73": 59, "74": 63, "75": 58, "76": 55, "77": 61}}
2026-05-11 02:29:58,415 | INFO | {"event": "kfold_fold_epoch_end", "timestamp": "2026-05-11T02:29:58", "fold": 3, "epoch": 1, "train_loss": 3.637454, "train_acc": 8.383, "val_loss": 3.650555, "val_acc": 13.815, "lr": 0.0002982148, "elapsed_sec": 318.322, "best_val_acc": 0.0}
2026-05-11 02:29:58,469 | INFO | {"event": "kfold_fold_best_checkpoint", "timestamp": "2026-05-11T02:29:58", "fold": 3, "epoch": 1, "val_acc": 13.815, "model_path": "C:\\Users\\Joseph\\Desktop\\projects\\sign_to_text\\ensemble\\fold_3.pth"}
2026-05-11 02:29:58,471 | INFO |    F3 Ep   1 | tr   8.4% | va  13.8% | lr 3.0e-04 | 318.3s *
2026-05-11 02:35:14,981 | INFO | {"event": "kfold_fold_epoch_end", "timestamp": "2026-05-11T02:35:14", "fold": 3, "epoch": 2, "train_loss": 2.732375, "train_acc": 23.405, "val_loss": 3.076622, "val_acc": 25.853, "lr": 0.0002929032, "elapsed_sec": 316.504, "best_val_acc": 13.815}
2026-05-11 02:35:15,020 | INFO | {"event": "kfold_fold_best_checkpoint", "timestamp": "2026-05-11T02:35:15", "fold": 3, "epoch": 2, "val_acc": 25.853, "model_path": "C:\\Users\\Joseph\\Desktop\\projects\\sign_to_text\\ensemble\\fold_3.pth"}
2026-05-11 02:35:15,021 | INFO |    F3 Ep   2 | tr  23.4% | va  25.9% | lr 2.9e-04 | 316.5s *
2026-05-11 02:40:31,456 | INFO | {"event": "kfold_fold_epoch_end", "timestamp": "2026-05-11T02:40:31", "fold": 3, "epoch": 3, "train_loss": 2.253419, "train_acc": 37.87, "val_loss": 2.472403, "val_acc": 40.47, "lr": 0.0002841959, "elapsed_sec": 316.433, "best_val_acc": 25.853}
2026-05-11 02:40:31,501 | INFO | {"event": "kfold_fold_best_checkpoint", "timestamp": "2026-05-11T02:40:31", "fold": 3, "epoch": 3, "val_acc": 40.47, "model_path": "C:\\Users\\Joseph\\Desktop\\projects\\sign_to_text\\ensemble\\fold_3.pth"}
2026-05-11 02:40:31,502 | INFO |    F3 Ep   3 | tr  37.9% | va  40.5% | lr 2.8e-04 | 316.4s *
2026-05-11 02:45:38,736 | INFO | {"event": "kfold_fold_epoch_end", "timestamp": "2026-05-11T02:45:38", "fold": 3, "epoch": 4, "train_loss": 1.926327, "train_acc": 50.264, "val_loss": 2.132498, "val_acc": 51.591, "lr": 0.0002723075, "elapsed_sec": 307.227, "best_val_acc": 40.47}
2026-05-11 02:45:38,784 | INFO | {"event": "kfold_fold_best_checkpoint", "timestamp": "2026-05-11T02:45:38", "fold": 3, "epoch": 4, "val_acc": 51.591, "model_path": "C:\\Users\\Joseph\\Desktop\\projects\\sign_to_text\\ensemble\\fold_3.pth"}
2026-05-11 02:45:38,785 | INFO |    F3 Ep   4 | tr  50.3% | va  51.6% | lr 2.7e-04 | 307.2s *
2026-05-11 02:50:43,418 | INFO | {"event": "kfold_fold_epoch_end", "timestamp": "2026-05-11T02:50:43", "fold": 3, "epoch": 5, "train_loss": 1.723602, "train_acc": 58.941, "val_loss": 1.761608, "val_acc": 66.065, "lr": 0.0002575305, "elapsed_sec": 304.627, "best_val_acc": 51.591}
2026-05-11 02:50:43,455 | INFO | {"event": "kfold_fold_best_checkpoint", "timestamp": "2026-05-11T02:50:43", "fold": 3, "epoch": 5, "val_acc": 66.065, "model_path": "C:\\Users\\Joseph\\Desktop\\projects\\sign_to_text\\ensemble\\fold_3.pth"}
2026-05-11 02:50:43,457 | INFO |    F3 Ep   5 | tr  58.9% | va  66.1% | lr 2.6e-04 | 304.6s *
