2026-05-11 14:52:30,207 | INFO | Logger initialized for kfold
2026-05-11 14:52:30,208 | INFO | Log file: logs\kfold_20260511_145230.log
2026-05-11 14:52:30,208 | INFO | {"event": "kfold_start", "timestamp": "2026-05-11T14:52:30", "processed_dir": "C:\\Users\\Joseph\\Desktop\\projects\\sign_to_text\\processed"}
2026-05-11 14:52:30,209 | INFO | ============================================================
2026-05-11 14:52:30,209 | INFO |   K-Fold Word Ensemble Training
2026-05-11 14:52:30,209 | INFO | ============================================================
2026-05-11 14:52:52,156 | INFO | [Dataset] 17507 samples, 78 classes (augment=False, oversample=False)
2026-05-11 14:52:52,157 | INFO | [Dataset] Distribution: alive=72, alright=278, bad=294, beautiful=239, big_large=294, blind=224, cheap=221, clean=72, cold=294, cool=294, curved=212, dead=72, deaf=224, deep=72, dirty=72, dry=164, expensive=212, famous=192, fast=294, female=202, flat=212, good=274, good_afternoon=278, good_evening=290, good_morning=278, good_night=278, happy=224, hard=72, he=278, healthy=295, heavy=72, hello=273, high=262, hot=294, how_are_you=273, i=273, idle=130, it=278, light=202, long=294, loose=204, loud=240, low=72, male=202, mean=224, morning=134, narrow=294, new=294, nice=191, old=302, pleased=278, poor=209, quiet=226, rich=214, sad=224, shallow=72, she=278, short=294, sick=164, slow=294, small_little=294, soft=72, strong=72, tall=294, thank_you=273, they=278, thick=214, thin=172, tight=214, ugly=249, warm=304, we=278, weak=72, wet=294, wide=314, you=293, you_all=278, young=304
2026-05-11 14:52:52,318 | INFO | [KFold] Using source-aware K-fold (num_folds=5)
2026-05-11 14:52:52,319 | INFO | ============================================================
2026-05-11 14:52:52,319 | INFO |   K-Fold Cross-Validation (5 folds)
2026-05-11 14:52:52,319 | INFO |   Dataset: 17507 samples, 78 classes
2026-05-11 14:52:52,320 | INFO | ============================================================
2026-05-11 14:52:52,320 | INFO | {"event": "kfold_start", "timestamp": "2026-05-11T14:52:52", "num_folds": 5, "dataset_size": 17507, "num_classes": 78}
2026-05-11 14:52:52,366 | INFO | [Model] Params per fold: 1,169,589
2026-05-11 14:52:52,366 | INFO | --- Fold 0 ---  train=13977  val=3530
2026-05-11 14:52:52,372 | INFO | [BalancedAug] 13977 -> 19578 samples (oversampled)
2026-05-11 14:52:52,372 | INFO | [BalancedAug] Per class: {0: 251, 1: 251, 2: 251, 3: 251, 4: 251, 5: 251, 6: 251, 7: 251, 8: 251, 9: 251, 10: 251, 11: 251, 12: 251, 13: 251, 14: 251, 15: 251, 16: 251, 17: 251, 18: 251, 19: 251, 20: 251, 21: 251, 22: 251, 23: 251, 24: 251, 25: 251, 26: 251, 27: 251, 28: 251, 29: 251, 30: 251, 31: 251, 32: 251, 33: 251, 34: 251, 35: 251, 36: 251, 37: 251, 38: 251, 39: 251, 40: 251, 41: 251, 42: 251, 43: 251, 44: 251, 45: 251, 46: 251, 47: 251, 48: 251, 49: 251, 50: 251, 51: 251, 52: 251, 53: 251, 54: 251, 55: 251, 56: 251, 57: 251, 58: 251, 59: 251, 60: 251, 61: 251, 62: 251, 63: 251, 64: 251, 65: 251, 66: 251, 67: 251, 68: 251, 69: 251, 70: 251, 71: 251, 72: 251, 73: 251, 74: 251, 75: 251, 76: 251, 77: 251}
2026-05-11 14:52:52,377 | INFO | {"event": "kfold_fold_start", "timestamp": "2026-05-11T14:52:52", "fold": 0, "train_size": 13977, "val_size": 3530, "train_class_counts": {"0": 57, "1": 222, "2": 235, "3": 191, "4": 235, "5": 179, "6": 176, "7": 57, "8": 235, "9": 235, "10": 169, "11": 57, "12": 179, "13": 57, "14": 57, "15": 131, "16": 169, "17": 153, "18": 235, "19": 161, "20": 169, "21": 219, "22": 222, "23": 232, "24": 222, "25": 222, "26": 179, "27": 57, "28": 222, "29": 236, "30": 57, "31": 218, "32": 209, "33": 235, "34": 218, "35": 218, "36": 104, "37": 222, "38": 161, "39": 235, "40": 163, "41": 192, "42": 57, "43": 161, "44": 179, "45": 107, "46": 235, "47": 235, "48": 152, "49": 241, "50": 222, "51": 167, "52": 180, "53": 171, "54": 179, "55": 57, "56": 222, "57": 235, "58": 131, "59": 235, "60": 235, "61": 57, "62": 57, "63": 235, "64": 218, "65": 222, "66": 171, "67": 137, "68": 171, "69": 199, "70": 243, "71": 222, "72": 57, "73": 235, "74": 251, "75": 234, "76": 222, "77": 243}, "val_class_counts": {"0": 15, "1": 56, "2": 59, "3": 48, "4": 59, "5": 45, "6": 45, "7": 15, "8": 59, "9": 59, "10": 43, "11": 15, "12": 45, "13": 15, "14": 15, "15": 33, "16": 43, "17": 39, "18": 59, "19": 41, "20": 43, "21": 55, "22": 56, "23": 58, "24": 56, "25": 56, "26": 45, "27": 15, "28": 56, "29": 59, "30": 15, "31": 55, "32": 53, "33": 59, "34": 55, "35": 55, "36": 26, "37": 56, "38": 41, "39": 59, "40": 41, "41": 48, "42": 15, "43": 41, "44": 45, "45": 27, "46": 59, "47": 59, "48": 39, "49": 61, "50": 56, "51": 42, "52": 46, "53": 43, "54": 45, "55": 15, "56": 56, "57": 59, "58": 33, "59": 59, "60": 59, "61": 15, "62": 15, "63": 59, "64": 55, "65": 56, "66": 43, "67": 35, "68": 43, "69": 50, "70": 61, "71": 56, "72": 15, "73": 59, "74": 63, "75": 59, "76": 56, "77": 61}}
2026-05-11 14:57:40,597 | INFO | {"event": "kfold_fold_epoch_end", "timestamp": "2026-05-11T14:57:40", "fold": 0, "epoch": 1, "train_loss": 3.291966, "train_acc": 14.263, "val_loss": 3.480613, "val_acc": 12.805, "lr": 0.0002982148, "elapsed_sec": 286.148, "best_val_acc": 0.0}
2026-05-11 14:57:40,710 | INFO | {"event": "kfold_fold_best_checkpoint", "timestamp": "2026-05-11T14:57:40", "fold": 0, "epoch": 1, "val_acc": 12.805, "model_path": "C:\\Users\\Joseph\\Desktop\\projects\\sign_to_text\\ensemble\\fold_0.pth"}
2026-05-11 14:57:40,712 | INFO |    F0 Ep   1 | tr  14.3% | va  12.8% | lr 3.0e-04 | 286.1s *
2026-05-11 15:02:16,713 | INFO | {"event": "kfold_fold_epoch_end", "timestamp": "2026-05-11T15:02:16", "fold": 0, "epoch": 2, "train_loss": 2.375158, "train_acc": 34.83, "val_loss": 2.666005, "val_acc": 35.354, "lr": 0.0002929032, "elapsed_sec": 275.97, "best_val_acc": 12.805}
2026-05-11 15:02:16,787 | INFO | {"event": "kfold_fold_best_checkpoint", "timestamp": "2026-05-11T15:02:16", "fold": 0, "epoch": 2, "val_acc": 35.354, "model_path": "C:\\Users\\Joseph\\Desktop\\projects\\sign_to_text\\ensemble\\fold_0.pth"}
2026-05-11 15:02:16,791 | INFO |    F0 Ep   2 | tr  34.8% | va  35.4% | lr 2.9e-04 | 276.0s *
2026-05-11 15:05:43,367 | INFO | {"event": "kfold_fold_epoch_end", "timestamp": "2026-05-11T15:05:43", "fold": 0, "epoch": 3, "train_loss": 1.955281, "train_acc": 49.709, "val_loss": 2.21783, "val_acc": 49.547, "lr": 0.0002841959, "elapsed_sec": 206.575, "best_val_acc": 35.354}
2026-05-11 15:05:43,383 | INFO | {"event": "kfold_fold_best_checkpoint", "timestamp": "2026-05-11T15:05:43", "fold": 0, "epoch": 3, "val_acc": 49.547, "model_path": "C:\\Users\\Joseph\\Desktop\\projects\\sign_to_text\\ensemble\\fold_0.pth"}
2026-05-11 15:05:43,383 | INFO |    F0 Ep   3 | tr  49.7% | va  49.5% | lr 2.8e-04 | 206.6s *
2026-05-11 15:08:54,350 | INFO | {"event": "kfold_fold_epoch_end", "timestamp": "2026-05-11T15:08:54", "fold": 0, "epoch": 4, "train_loss": 1.692284, "train_acc": 60.309, "val_loss": 1.814988, "val_acc": 58.754, "lr": 0.0002723075, "elapsed_sec": 190.964, "best_val_acc": 49.547}
2026-05-11 15:08:54,364 | INFO | {"event": "kfold_fold_best_checkpoint", "timestamp": "2026-05-11T15:08:54", "fold": 0, "epoch": 4, "val_acc": 58.754, "model_path": "C:\\Users\\Joseph\\Desktop\\projects\\sign_to_text\\ensemble\\fold_0.pth"}
2026-05-11 15:08:54,364 | INFO |    F0 Ep   4 | tr  60.3% | va  58.8% | lr 2.7e-04 | 191.0s *
2026-05-11 15:12:25,748 | INFO | {"event": "kfold_fold_epoch_end", "timestamp": "2026-05-11T15:12:25", "fold": 0, "epoch": 5, "train_loss": 1.537365, "train_acc": 67.198, "val_loss": 1.525682, "val_acc": 70.51, "lr": 0.0002575305, "elapsed_sec": 211.384, "best_val_acc": 58.754}
2026-05-11 15:12:25,771 | INFO | {"event": "kfold_fold_best_checkpoint", "timestamp": "2026-05-11T15:12:25", "fold": 0, "epoch": 5, "val_acc": 70.51, "model_path": "C:\\Users\\Joseph\\Desktop\\projects\\sign_to_text\\ensemble\\fold_0.pth"}
2026-05-11 15:12:25,771 | INFO |    F0 Ep   5 | tr  67.2% | va  70.5% | lr 2.6e-04 | 211.4s *
2026-05-11 15:15:45,773 | INFO | {"event": "kfold_fold_epoch_end", "timestamp": "2026-05-11T15:15:45", "fold": 0, "epoch": 6, "train_loss": 1.435622, "train_acc": 71.899, "val_loss": 1.336366, "val_acc": 77.309, "lr": 0.0002402289, "elapsed_sec": 200.002, "best_val_acc": 70.51}
2026-05-11 15:15:45,790 | INFO | {"event": "kfold_fold_best_checkpoint", "timestamp": "2026-05-11T15:15:45", "fold": 0, "epoch": 6, "val_acc": 77.309, "model_path": "C:\\Users\\Joseph\\Desktop\\projects\\sign_to_text\\ensemble\\fold_0.pth"}
2026-05-11 15:15:45,790 | INFO |    F0 Ep   6 | tr  71.9% | va  77.3% | lr 2.4e-04 | 200.0s *
2026-05-11 15:18:59,319 | INFO | {"event": "kfold_fold_epoch_end", "timestamp": "2026-05-11T15:18:59", "fold": 0, "epoch": 7, "train_loss": 1.31208, "train_acc": 75.809, "val_loss": 1.26106, "val_acc": 80.595, "lr": 0.0002208286, "elapsed_sec": 193.529, "best_val_acc": 77.309}
2026-05-11 15:18:59,335 | INFO | {"event": "kfold_fold_best_checkpoint", "timestamp": "2026-05-11T15:18:59", "fold": 0, "epoch": 7, "val_acc": 80.595, "model_path": "C:\\Users\\Joseph\\Desktop\\projects\\sign_to_text\\ensemble\\fold_0.pth"}
2026-05-11 15:18:59,335 | INFO |    F0 Ep   7 | tr  75.8% | va  80.6% | lr 2.2e-04 | 193.5s *
2026-05-11 15:22:18,801 | INFO | {"event": "kfold_fold_epoch_end", "timestamp": "2026-05-11T15:22:18", "fold": 0, "epoch": 8, "train_loss": 1.315032, "train_acc": 76.99, "val_loss": 1.238364, "val_acc": 81.076, "lr": 0.0001998075, "elapsed_sec": 199.464, "best_val_acc": 80.595}
2026-05-11 15:22:18,817 | INFO | {"event": "kfold_fold_best_checkpoint", "timestamp": "2026-05-11T15:22:18", "fold": 0, "epoch": 8, "val_acc": 81.076, "model_path": "C:\\Users\\Joseph\\Desktop\\projects\\sign_to_text\\ensemble\\fold_0.pth"}
2026-05-11 15:22:18,817 | INFO |    F0 Ep   8 | tr  77.0% | va  81.1% | lr 2.0e-04 | 199.5s *
2026-05-11 15:25:43,275 | INFO | {"event": "kfold_fold_epoch_end", "timestamp": "2026-05-11T15:25:43", "fold": 0, "epoch": 9, "train_loss": 1.274971, "train_acc": 78.433, "val_loss": 1.165764, "val_acc": 83.314, "lr": 0.000177683, "elapsed_sec": 204.456, "best_val_acc": 81.076}
2026-05-11 15:25:43,290 | INFO | {"event": "kfold_fold_best_checkpoint", "timestamp": "2026-05-11T15:25:43", "fold": 0, "epoch": 9, "val_acc": 83.314, "model_path": "C:\\Users\\Joseph\\Desktop\\projects\\sign_to_text\\ensemble\\fold_0.pth"}
2026-05-11 15:25:43,290 | INFO |    F0 Ep   9 | tr  78.4% | va  83.3% | lr 1.8e-04 | 204.5s *
2026-05-11 15:29:04,475 | INFO | {"event": "kfold_fold_epoch_end", "timestamp": "2026-05-11T15:29:04", "fold": 0, "epoch": 10, "train_loss": 1.17745, "train_acc": 81.611, "val_loss": 1.104613, "val_acc": 84.448, "lr": 0.000155, "elapsed_sec": 201.185, "best_val_acc": 83.314}
2026-05-11 15:29:04,489 | INFO | {"event": "kfold_fold_best_checkpoint", "timestamp": "2026-05-11T15:29:04", "fold": 0, "epoch": 10, "val_acc": 84.448, "model_path": "C:\\Users\\Joseph\\Desktop\\projects\\sign_to_text\\ensemble\\fold_0.pth"}
2026-05-11 15:29:04,489 | INFO |    F0 Ep  10 | tr  81.6% | va  84.4% | lr 1.5e-04 | 201.2s *
2026-05-11 15:32:51,764 | INFO | {"event": "kfold_fold_epoch_end", "timestamp": "2026-05-11T15:32:51", "fold": 0, "epoch": 11, "train_loss": 1.175798, "train_acc": 81.896, "val_loss": 1.043609, "val_acc": 86.459, "lr": 0.000132317, "elapsed_sec": 227.271, "best_val_acc": 84.448}
2026-05-11 15:32:51,793 | INFO | {"event": "kfold_fold_best_checkpoint", "timestamp": "2026-05-11T15:32:51", "fold": 0, "epoch": 11, "val_acc": 86.459, "model_path": "C:\\Users\\Joseph\\Desktop\\projects\\sign_to_text\\ensemble\\fold_0.pth"}
2026-05-11 15:32:51,794 | INFO |    F0 Ep  11 | tr  81.9% | va  86.5% | lr 1.3e-04 | 227.3s *
2026-05-11 15:36:40,755 | INFO | {"event": "kfold_fold_epoch_end", "timestamp": "2026-05-11T15:36:40", "fold": 0, "epoch": 12, "train_loss": 1.091963, "train_acc": 84.234, "val_loss": 0.972759, "val_acc": 88.64, "lr": 0.0001101925, "elapsed_sec": 228.96, "best_val_acc": 86.459}
2026-05-11 15:36:40,772 | INFO | {"event": "kfold_fold_best_checkpoint", "timestamp": "2026-05-11T15:36:40", "fold": 0, "epoch": 12, "val_acc": 88.64, "model_path": "C:\\Users\\Joseph\\Desktop\\projects\\sign_to_text\\ensemble\\fold_0.pth"}
2026-05-11 15:36:40,773 | INFO |    F0 Ep  12 | tr  84.2% | va  88.6% | lr 1.1e-04 | 229.0s *
2026-05-11 15:40:58,919 | INFO | {"event": "kfold_fold_epoch_end", "timestamp": "2026-05-11T15:40:58", "fold": 0, "epoch": 13, "train_loss": 1.107212, "train_acc": 84.362, "val_loss": 0.962645, "val_acc": 89.575, "lr": 8.91714e-05, "elapsed_sec": 258.143, "best_val_acc": 88.64}
2026-05-11 15:40:58,938 | INFO | {"event": "kfold_fold_best_checkpoint", "timestamp": "2026-05-11T15:40:58", "fold": 0, "epoch": 13, "val_acc": 89.575, "model_path": "C:\\Users\\Joseph\\Desktop\\projects\\sign_to_text\\ensemble\\fold_0.pth"}
2026-05-11 15:40:58,938 | INFO |    F0 Ep  13 | tr  84.4% | va  89.6% | lr 8.9e-05 | 258.1s *
2026-05-11 15:44:36,710 | INFO | {"event": "kfold_fold_epoch_end", "timestamp": "2026-05-11T15:44:36", "fold": 0, "epoch": 14, "train_loss": 1.05679, "train_acc": 85.636, "val_loss": 0.976634, "val_acc": 89.66, "lr": 6.97711e-05, "elapsed_sec": 217.772, "best_val_acc": 89.575}
2026-05-11 15:44:36,729 | INFO | {"event": "kfold_fold_best_checkpoint", "timestamp": "2026-05-11T15:44:36", "fold": 0, "epoch": 14, "val_acc": 89.66, "model_path": "C:\\Users\\Joseph\\Desktop\\projects\\sign_to_text\\ensemble\\fold_0.pth"}
2026-05-11 15:44:36,729 | INFO |    F0 Ep  14 | tr  85.6% | va  89.7% | lr 7.0e-05 | 217.8s *
2026-05-11 15:48:27,058 | INFO | {"event": "kfold_fold_epoch_end", "timestamp": "2026-05-11T15:48:27", "fold": 0, "epoch": 15, "train_loss": 1.047634, "train_acc": 86.159, "val_loss": 0.933477, "val_acc": 90.567, "lr": 5.24695e-05, "elapsed_sec": 230.33, "best_val_acc": 89.66}
2026-05-11 15:48:27,075 | INFO | {"event": "kfold_fold_best_checkpoint", "timestamp": "2026-05-11T15:48:27", "fold": 0, "epoch": 15, "val_acc": 90.567, "model_path": "C:\\Users\\Joseph\\Desktop\\projects\\sign_to_text\\ensemble\\fold_0.pth"}
2026-05-11 15:48:27,075 | INFO |    F0 Ep  15 | tr  86.2% | va  90.6% | lr 5.2e-05 | 230.3s *
2026-05-11 15:52:34,666 | INFO | {"event": "kfold_fold_epoch_end", "timestamp": "2026-05-11T15:52:34", "fold": 0, "epoch": 16, "train_loss": 1.05217, "train_acc": 86.235, "val_loss": 0.925222, "val_acc": 90.765, "lr": 3.76925e-05, "elapsed_sec": 247.591, "best_val_acc": 90.567}
2026-05-11 15:52:34,683 | INFO | {"event": "kfold_fold_best_checkpoint", "timestamp": "2026-05-11T15:52:34", "fold": 0, "epoch": 16, "val_acc": 90.765, "model_path": "C:\\Users\\Joseph\\Desktop\\projects\\sign_to_text\\ensemble\\fold_0.pth"}
2026-05-11 15:52:34,683 | INFO |    F0 Ep  16 | tr  86.2% | va  90.8% | lr 3.8e-05 | 247.6s *
2026-05-11 15:56:36,587 | INFO | {"event": "kfold_fold_epoch_end", "timestamp": "2026-05-11T15:56:36", "fold": 0, "epoch": 17, "train_loss": 1.03842, "train_acc": 86.845, "val_loss": 0.911358, "val_acc": 90.907, "lr": 2.58041e-05, "elapsed_sec": 241.901, "best_val_acc": 90.765}
2026-05-11 15:56:36,605 | INFO | {"event": "kfold_fold_best_checkpoint", "timestamp": "2026-05-11T15:56:36", "fold": 0, "epoch": 17, "val_acc": 90.907, "model_path": "C:\\Users\\Joseph\\Desktop\\projects\\sign_to_text\\ensemble\\fold_0.pth"}
2026-05-11 15:56:36,606 | INFO |    F0 Ep  17 | tr  86.8% | va  90.9% | lr 2.6e-05 | 241.9s *
2026-05-11 16:00:25,709 | INFO | {"event": "kfold_fold_epoch_end", "timestamp": "2026-05-11T16:00:25", "fold": 0, "epoch": 18, "train_loss": 1.017011, "train_acc": 87.247, "val_loss": 0.904107, "val_acc": 91.501, "lr": 1.70968e-05, "elapsed_sec": 229.1, "best_val_acc": 90.907}
2026-05-11 16:00:25,724 | INFO | {"event": "kfold_fold_best_checkpoint", "timestamp": "2026-05-11T16:00:25", "fold": 0, "epoch": 18, "val_acc": 91.501, "model_path": "C:\\Users\\Joseph\\Desktop\\projects\\sign_to_text\\ensemble\\fold_0.pth"}
2026-05-11 16:00:25,724 | INFO |    F0 Ep  18 | tr  87.2% | va  91.5% | lr 1.7e-05 | 229.1s *
2026-05-11 16:04:31,369 | INFO | {"event": "kfold_fold_epoch_end", "timestamp": "2026-05-11T16:04:31", "fold": 0, "epoch": 19, "train_loss": 1.010247, "train_acc": 87.696, "val_loss": 0.897326, "val_acc": 91.615, "lr": 1.17852e-05, "elapsed_sec": 245.643, "best_val_acc": 91.501}
2026-05-11 16:04:31,387 | INFO | {"event": "kfold_fold_best_checkpoint", "timestamp": "2026-05-11T16:04:31", "fold": 0, "epoch": 19, "val_acc": 91.615, "model_path": "C:\\Users\\Joseph\\Desktop\\projects\\sign_to_text\\ensemble\\fold_0.pth"}
2026-05-11 16:04:31,388 | INFO |    F0 Ep  19 | tr  87.7% | va  91.6% | lr 1.2e-05 | 245.6s *
2026-05-11 16:08:37,578 | INFO | {"event": "kfold_fold_epoch_end", "timestamp": "2026-05-11T16:08:37", "fold": 0, "epoch": 20, "train_loss": 1.024187, "train_acc": 87.188, "val_loss": 0.890128, "val_acc": 91.558, "lr": 0.0003, "elapsed_sec": 246.187, "best_val_acc": 91.615}
2026-05-11 16:08:37,581 | INFO |    F0 Ep  20 | tr  87.2% | va  91.6% | lr 3.0e-04 | 246.2s
2026-05-11 16:12:45,563 | INFO | {"event": "kfold_fold_epoch_end", "timestamp": "2026-05-11T16:12:45", "fold": 0, "epoch": 21, "train_loss": 1.120599, "train_acc": 83.33, "val_loss": 1.051552, "val_acc": 86.147, "lr": 0.000299553, "elapsed_sec": 247.981, "best_val_acc": 91.615}
2026-05-11 16:16:47,848 | INFO | {"event": "kfold_fold_epoch_end", "timestamp": "2026-05-11T16:16:47", "fold": 0, "epoch": 22, "train_loss": 1.106162, "train_acc": 83.581, "val_loss": 1.06649, "val_acc": 85.836, "lr": 0.0002982148, "elapsed_sec": 242.284, "best_val_acc": 91.615}
2026-05-11 16:20:41,844 | INFO | {"event": "kfold_fold_epoch_end", "timestamp": "2026-05-11T16:20:41", "fold": 0, "epoch": 23, "train_loss": 1.121584, "train_acc": 83.912, "val_loss": 1.005445, "val_acc": 88.499, "lr": 0.0002959936, "elapsed_sec": 233.996, "best_val_acc": 91.615}
2026-05-11 16:24:50,273 | INFO | {"event": "kfold_fold_epoch_end", "timestamp": "2026-05-11T16:24:50", "fold": 0, "epoch": 24, "train_loss": 1.088287, "train_acc": 84.592, "val_loss": 0.96139, "val_acc": 89.745, "lr": 0.0002929032, "elapsed_sec": 248.429, "best_val_acc": 91.615}
2026-05-11 16:29:02,597 | INFO | {"event": "kfold_fold_epoch_end", "timestamp": "2026-05-11T16:29:02", "fold": 0, "epoch": 25, "train_loss": 1.090541, "train_acc": 84.827, "val_loss": 0.947483, "val_acc": 89.717, "lr": 0.0002889625, "elapsed_sec": 252.322, "best_val_acc": 91.615}
2026-05-11 16:33:15,167 | INFO | {"event": "kfold_fold_epoch_end", "timestamp": "2026-05-11T16:33:15", "fold": 0, "epoch": 26, "train_loss": 1.052813, "train_acc": 86.066, "val_loss": 0.996388, "val_acc": 88.924, "lr": 0.0002841959, "elapsed_sec": 252.567, "best_val_acc": 91.615}
2026-05-11 16:37:21,120 | INFO | {"event": "kfold_fold_epoch_end", "timestamp": "2026-05-11T16:37:21", "fold": 0, "epoch": 27, "train_loss": 1.061462, "train_acc": 85.647, "val_loss": 0.929278, "val_acc": 90.878, "lr": 0.0002786328, "elapsed_sec": 245.951, "best_val_acc": 91.615}
2026-05-11 16:41:32,738 | INFO | {"event": "kfold_fold_epoch_end", "timestamp": "2026-05-11T16:41:32", "fold": 0, "epoch": 28, "train_loss": 1.052323, "train_acc": 86.229, "val_loss": 0.939634, "val_acc": 89.972, "lr": 0.0002723075, "elapsed_sec": 251.618, "best_val_acc": 91.615}
2026-05-11 16:45:55,875 | INFO | {"event": "kfold_fold_epoch_end", "timestamp": "2026-05-11T16:45:55", "fold": 0, "epoch": 29, "train_loss": 1.030184, "train_acc": 86.803, "val_loss": 0.964598, "val_acc": 90.028, "lr": 0.0002652589, "elapsed_sec": 263.137, "best_val_acc": 91.615}
2026-05-11 16:45:55,878 | INFO |    F0 Early stop at epoch 29
2026-05-11 16:45:55,878 | INFO | {"event": "kfold_fold_early_stop", "timestamp": "2026-05-11T16:45:55", "fold": 0, "epoch": 29, "patience": 10, "best_val_acc": 91.615}
2026-05-11 16:45:55,879 | INFO | {"event": "kfold_fold_end", "timestamp": "2026-05-11T16:45:55", "fold": 0, "best_val_acc": 91.615, "model_path": "C:\\Users\\Joseph\\Desktop\\projects\\sign_to_text\\ensemble\\fold_0.pth"}
2026-05-11 16:45:55,913 | INFO |    Fold 0 best val acc: 91.61%
2026-05-11 16:45:55,914 | INFO | --- Fold 1 ---  train=13980  val=3527
2026-05-11 16:45:55,941 | INFO | [BalancedAug] 13980 -> 19578 samples (oversampled)
2026-05-11 16:45:55,941 | INFO | [BalancedAug] Per class: {0: 251, 1: 251, 2: 251, 3: 251, 4: 251, 5: 251, 6: 251, 7: 251, 8: 251, 9: 251, 10: 251, 11: 251, 12: 251, 13: 251, 14: 251, 15: 251, 16: 251, 17: 251, 18: 251, 19: 251, 20: 251, 21: 251, 22: 251, 23: 251, 24: 251, 25: 251, 26: 251, 27: 251, 28: 251, 29: 251, 30: 251, 31: 251, 32: 251, 33: 251, 34: 251, 35: 251, 36: 251, 37: 251, 38: 251, 39: 251, 40: 251, 41: 251, 42: 251, 43: 251, 44: 251, 45: 251, 46: 251, 47: 251, 48: 251, 49: 251, 50: 251, 51: 251, 52: 251, 53: 251, 54: 251, 55: 251, 56: 251, 57: 251, 58: 251, 59: 251, 60: 251, 61: 251, 62: 251, 63: 251, 64: 251, 65: 251, 66: 251, 67: 251, 68: 251, 69: 251, 70: 251, 71: 251, 72: 251, 73: 251, 74: 251, 75: 251, 76: 251, 77: 251}
2026-05-11 16:45:55,950 | INFO | {"event": "kfold_fold_start", "timestamp": "2026-05-11T16:45:55", "fold": 1, "train_size": 13980, "val_size": 3527, "train_class_counts": {"0": 57, "1": 222, "2": 235, "3": 191, "4": 235, "5": 179, "6": 177, "7": 57, "8": 235, "9": 235, "10": 169, "11": 57, "12": 179, "13": 57, "14": 57, "15": 131, "16": 169, "17": 153, "18": 235, "19": 161, "20": 169, "21": 219, "22": 222, "23": 232, "24": 222, "25": 222, "26": 179, "27": 57, "28": 222, "29": 236, "30": 57, "31": 218, "32": 209, "33": 235, "34": 218, "35": 218, "36": 104, "37": 222, "38": 161, "39": 235, "40": 163, "41": 192, "42": 57, "43": 161, "44": 179, "45": 107, "46": 235, "47": 235, "48": 153, "49": 241, "50": 222, "51": 167, "52": 181, "53": 171, "54": 179, "55": 57, "56": 222, "57": 235, "58": 131, "59": 235, "60": 235, "61": 57, "62": 57, "63": 235, "64": 218, "65": 222, "66": 171, "67": 137, "68": 171, "69": 199, "70": 243, "71": 222, "72": 57, "73": 235, "74": 251, "75": 234, "76": 222, "77": 243}, "val_class_counts": {"0": 15, "1": 56, "2": 59, "3": 48, "4": 59, "5": 45, "6": 44, "7": 15, "8": 59, "9": 59, "10": 43, "11": 15, "12": 45, "13": 15, "14": 15, "15": 33, "16": 43, "17": 39, "18": 59, "19": 41, "20": 43, "21": 55, "22": 56, "23": 58, "24": 56, "25": 56, "26": 45, "27": 15, "28": 56, "29": 59, "30": 15, "31": 55, "32": 53, "33": 59, "34": 55, "35": 55, "36": 26, "37": 56, "38": 41, "39": 59, "40": 41, "41": 48, "42": 15, "43": 41, "44": 45, "45": 27, "46": 59, "47": 59, "48": 38, "49": 61, "50": 56, "51": 42, "52": 45, "53": 43, "54": 45, "55": 15, "56": 56, "57": 59, "58": 33, "59": 59, "60": 59, "61": 15, "62": 15, "63": 59, "64": 55, "65": 56, "66": 43, "67": 35, "68": 43, "69": 50, "70": 61, "71": 56, "72": 15, "73": 59, "74": 63, "75": 59, "76": 56, "77": 61}}
2026-05-11 16:50:09,706 | INFO | {"event": "kfold_fold_epoch_end", "timestamp": "2026-05-11T16:50:09", "fold": 1, "epoch": 1, "train_loss": 3.380813, "train_acc": 12.951, "val_loss": 3.179581, "val_acc": 19.422, "lr": 0.0002982148, "elapsed_sec": 253.692, "best_val_acc": 0.0}
2026-05-11 16:50:09,738 | INFO | {"event": "kfold_fold_best_checkpoint", "timestamp": "2026-05-11T16:50:09", "fold": 1, "epoch": 1, "val_acc": 19.422, "model_path": "C:\\Users\\Joseph\\Desktop\\projects\\sign_to_text\\ensemble\\fold_1.pth"}
2026-05-11 16:50:09,738 | INFO |    F1 Ep   1 | tr  13.0% | va  19.4% | lr 3.0e-04 | 253.7s *
2026-05-11 16:54:28,922 | INFO | {"event": "kfold_fold_epoch_end", "timestamp": "2026-05-11T16:54:28", "fold": 1, "epoch": 2, "train_loss": 2.329068, "train_acc": 35.599, "val_loss": 2.492524, "val_acc": 39.41, "lr": 0.0002929032, "elapsed_sec": 259.184, "best_val_acc": 19.422}
2026-05-11 16:54:28,940 | INFO | {"event": "kfold_fold_best_checkpoint", "timestamp": "2026-05-11T16:54:28", "fold": 1, "epoch": 2, "val_acc": 39.41, "model_path": "C:\\Users\\Joseph\\Desktop\\projects\\sign_to_text\\ensemble\\fold_1.pth"}
2026-05-11 16:54:28,940 | INFO |    F1 Ep   2 | tr  35.6% | va  39.4% | lr 2.9e-04 | 259.2s *
2026-05-11 16:59:21,854 | INFO | {"event": "kfold_fold_epoch_end", "timestamp": "2026-05-11T16:59:21", "fold": 1, "epoch": 3, "train_loss": 1.86846, "train_acc": 52.174, "val_loss": 1.966161, "val_acc": 57.754, "lr": 0.0002841959, "elapsed_sec": 292.91, "best_val_acc": 39.41}
2026-05-11 16:59:21,888 | INFO | {"event": "kfold_fold_best_checkpoint", "timestamp": "2026-05-11T16:59:21", "fold": 1, "epoch": 3, "val_acc": 57.754, "model_path": "C:\\Users\\Joseph\\Desktop\\projects\\sign_to_text\\ensemble\\fold_1.pth"}
2026-05-11 16:59:21,888 | INFO |    F1 Ep   3 | tr  52.2% | va  57.8% | lr 2.8e-04 | 292.9s *
2026-05-11 17:04:15,743 | INFO | {"event": "kfold_fold_epoch_end", "timestamp": "2026-05-11T17:04:15", "fold": 1, "epoch": 4, "train_loss": 1.591077, "train_acc": 63.285, "val_loss": 1.645941, "val_acc": 65.835, "lr": 0.0002723075, "elapsed_sec": 293.851, "best_val_acc": 57.754}
2026-05-11 17:04:15,777 | INFO | {"event": "kfold_fold_best_checkpoint", "timestamp": "2026-05-11T17:04:15", "fold": 1, "epoch": 4, "val_acc": 65.835, "model_path": "C:\\Users\\Joseph\\Desktop\\projects\\sign_to_text\\ensemble\\fold_1.pth"}
2026-05-11 17:04:15,777 | INFO |    F1 Ep   4 | tr  63.3% | va  65.8% | lr 2.7e-04 | 293.9s *
2026-05-11 17:08:15,875 | INFO | {"event": "kfold_fold_epoch_end", "timestamp": "2026-05-11T17:08:15", "fold": 1, "epoch": 5, "train_loss": 1.440297, "train_acc": 69.832, "val_loss": 1.442913, "val_acc": 74.681, "lr": 0.0002575305, "elapsed_sec": 240.097, "best_val_acc": 65.835}
2026-05-11 17:08:15,891 | INFO | {"event": "kfold_fold_best_checkpoint", "timestamp": "2026-05-11T17:08:15", "fold": 1, "epoch": 5, "val_acc": 74.681, "model_path": "C:\\Users\\Joseph\\Desktop\\projects\\sign_to_text\\ensemble\\fold_1.pth"}
2026-05-11 17:08:15,892 | INFO |    F1 Ep   5 | tr  69.8% | va  74.7% | lr 2.6e-04 | 240.1s *
2026-05-11 17:12:33,459 | INFO | {"event": "kfold_fold_epoch_end", "timestamp": "2026-05-11T17:12:33", "fold": 1, "epoch": 6, "train_loss": 1.362729, "train_acc": 73.575, "val_loss": 1.433684, "val_acc": 74.369, "lr": 0.0002402289, "elapsed_sec": 257.568, "best_val_acc": 74.681}
2026-05-11 17:16:26,946 | INFO | {"event": "kfold_fold_epoch_end", "timestamp": "2026-05-11T17:16:26", "fold": 1, "epoch": 7, "train_loss": 1.316747, "train_acc": 76.218, "val_loss": 1.327359, "val_acc": 77.942, "lr": 0.0002208286, "elapsed_sec": 233.483, "best_val_acc": 74.681}
2026-05-11 17:16:26,969 | INFO | {"event": "kfold_fold_best_checkpoint", "timestamp": "2026-05-11T17:16:26", "fold": 1, "epoch": 7, "val_acc": 77.942, "model_path": "C:\\Users\\Joseph\\Desktop\\projects\\sign_to_text\\ensemble\\fold_1.pth"}
2026-05-11 17:16:26,970 | INFO |    F1 Ep   7 | tr  76.2% | va  77.9% | lr 2.2e-04 | 233.5s *
2026-05-11 17:20:18,002 | INFO | {"event": "kfold_fold_epoch_end", "timestamp": "2026-05-11T17:20:17", "fold": 1, "epoch": 8, "train_loss": 1.212003, "train_acc": 79.71, "val_loss": 1.226521, "val_acc": 81.401, "lr": 0.0001998075, "elapsed_sec": 231.024, "best_val_acc": 77.942}
2026-05-11 17:20:18,049 | INFO | {"event": "kfold_fold_best_checkpoint", "timestamp": "2026-05-11T17:20:18", "fold": 1, "epoch": 8, "val_acc": 81.401, "model_path": "C:\\Users\\Joseph\\Desktop\\projects\\sign_to_text\\ensemble\\fold_1.pth"}
2026-05-11 17:20:18,051 | INFO |    F1 Ep   8 | tr  79.7% | va  81.4% | lr 2.0e-04 | 231.0s *
2026-05-11 17:24:21,304 | INFO | {"event": "kfold_fold_epoch_end", "timestamp": "2026-05-11T17:24:21", "fold": 1, "epoch": 9, "train_loss": 1.208384, "train_acc": 80.467, "val_loss": 1.12857, "val_acc": 83.896, "lr": 0.000177683, "elapsed_sec": 243.253, "best_val_acc": 81.401}
2026-05-11 17:24:21,322 | INFO | {"event": "kfold_fold_best_checkpoint", "timestamp": "2026-05-11T17:24:21", "fold": 1, "epoch": 9, "val_acc": 83.896, "model_path": "C:\\Users\\Joseph\\Desktop\\projects\\sign_to_text\\ensemble\\fold_1.pth"}
2026-05-11 17:24:21,322 | INFO |    F1 Ep   9 | tr  80.5% | va  83.9% | lr 1.8e-04 | 243.3s *
2026-05-11 17:28:32,613 | INFO | {"event": "kfold_fold_epoch_end", "timestamp": "2026-05-11T17:28:32", "fold": 1, "epoch": 10, "train_loss": 1.168149, "train_acc": 81.756, "val_loss": 1.152983, "val_acc": 82.988, "lr": 0.000155, "elapsed_sec": 251.286, "best_val_acc": 83.896}
2026-05-11 17:28:32,621 | INFO |    F1 Ep  10 | tr  81.8% | va  83.0% | lr 1.5e-04 | 251.3s
2026-05-11 17:32:52,303 | INFO | {"event": "kfold_fold_epoch_end", "timestamp": "2026-05-11T17:32:52", "fold": 1, "epoch": 11, "train_loss": 1.16916, "train_acc": 82.484, "val_loss": 1.073522, "val_acc": 85.512, "lr": 0.000132317, "elapsed_sec": 259.68, "best_val_acc": 83.896}
2026-05-11 17:32:52,343 | INFO | {"event": "kfold_fold_best_checkpoint", "timestamp": "2026-05-11T17:32:52", "fold": 1, "epoch": 11, "val_acc": 85.512, "model_path": "C:\\Users\\Joseph\\Desktop\\projects\\sign_to_text\\ensemble\\fold_1.pth"}
2026-05-11 17:32:52,344 | INFO |    F1 Ep  11 | tr  82.5% | va  85.5% | lr 1.3e-04 | 259.7s *
2026-05-11 17:37:53,334 | INFO | {"event": "kfold_fold_epoch_end", "timestamp": "2026-05-11T17:37:53", "fold": 1, "epoch": 12, "train_loss": 1.097602, "train_acc": 84.491, "val_loss": 1.052088, "val_acc": 86.391, "lr": 0.0001101925, "elapsed_sec": 300.986, "best_val_acc": 85.512}
2026-05-11 17:37:53,361 | INFO | {"event": "kfold_fold_best_checkpoint", "timestamp": "2026-05-11T17:37:53", "fold": 1, "epoch": 12, "val_acc": 86.391, "model_path": "C:\\Users\\Joseph\\Desktop\\projects\\sign_to_text\\ensemble\\fold_1.pth"}
2026-05-11 17:37:53,362 | INFO |    F1 Ep  12 | tr  84.5% | va  86.4% | lr 1.1e-04 | 301.0s *
2026-05-11 17:42:34,331 | INFO | {"event": "kfold_fold_epoch_end", "timestamp": "2026-05-11T17:42:34", "fold": 1, "epoch": 13, "train_loss": 1.03658, "train_acc": 86.02, "val_loss": 1.040129, "val_acc": 87.156, "lr": 8.91714e-05, "elapsed_sec": 280.967, "best_val_acc": 86.391}
2026-05-11 17:42:34,353 | INFO | {"event": "kfold_fold_best_checkpoint", "timestamp": "2026-05-11T17:42:34", "fold": 1, "epoch": 13, "val_acc": 87.156, "model_path": "C:\\Users\\Joseph\\Desktop\\projects\\sign_to_text\\ensemble\\fold_1.pth"}
2026-05-11 17:42:34,353 | INFO |    F1 Ep  13 | tr  86.0% | va  87.2% | lr 8.9e-05 | 281.0s *
2026-05-11 17:46:50,993 | INFO | {"event": "kfold_fold_epoch_end", "timestamp": "2026-05-11T17:46:50", "fold": 1, "epoch": 14, "train_loss": 1.071069, "train_acc": 85.501, "val_loss": 1.01604, "val_acc": 88.035, "lr": 6.97711e-05, "elapsed_sec": 256.64, "best_val_acc": 87.156}
2026-05-11 17:46:51,016 | INFO | {"event": "kfold_fold_best_checkpoint", "timestamp": "2026-05-11T17:46:51", "fold": 1, "epoch": 14, "val_acc": 88.035, "model_path": "C:\\Users\\Joseph\\Desktop\\projects\\sign_to_text\\ensemble\\fold_1.pth"}
2026-05-11 17:46:51,016 | INFO |    F1 Ep  14 | tr  85.5% | va  88.0% | lr 7.0e-05 | 256.6s *
2026-05-11 17:50:59,232 | INFO | {"event": "kfold_fold_epoch_end", "timestamp": "2026-05-11T17:50:59", "fold": 1, "epoch": 15, "train_loss": 1.028147, "train_acc": 86.925, "val_loss": 0.991074, "val_acc": 88.319, "lr": 5.24695e-05, "elapsed_sec": 248.213, "best_val_acc": 88.035}
2026-05-11 17:50:59,252 | INFO | {"event": "kfold_fold_best_checkpoint", "timestamp": "2026-05-11T17:50:59", "fold": 1, "epoch": 15, "val_acc": 88.319, "model_path": "C:\\Users\\Joseph\\Desktop\\projects\\sign_to_text\\ensemble\\fold_1.pth"}
2026-05-11 17:50:59,253 | INFO |    F1 Ep  15 | tr  86.9% | va  88.3% | lr 5.2e-05 | 248.2s *
2026-05-11 17:55:18,562 | INFO | {"event": "kfold_fold_epoch_end", "timestamp": "2026-05-11T17:55:18", "fold": 1, "epoch": 16, "train_loss": 1.00095, "train_acc": 87.501, "val_loss": 0.983319, "val_acc": 88.942, "lr": 3.76925e-05, "elapsed_sec": 259.309, "best_val_acc": 88.319}
2026-05-11 17:55:18,585 | INFO | {"event": "kfold_fold_best_checkpoint", "timestamp": "2026-05-11T17:55:18", "fold": 1, "epoch": 16, "val_acc": 88.942, "model_path": "C:\\Users\\Joseph\\Desktop\\projects\\sign_to_text\\ensemble\\fold_1.pth"}
2026-05-11 17:55:18,586 | INFO |    F1 Ep  16 | tr  87.5% | va  88.9% | lr 3.8e-05 | 259.3s *
2026-05-11 17:59:31,916 | INFO | {"event": "kfold_fold_epoch_end", "timestamp": "2026-05-11T17:59:31", "fold": 1, "epoch": 17, "train_loss": 1.004532, "train_acc": 87.811, "val_loss": 0.976814, "val_acc": 89.283, "lr": 2.58041e-05, "elapsed_sec": 253.33, "best_val_acc": 88.942}
2026-05-11 17:59:31,936 | INFO | {"event": "kfold_fold_best_checkpoint", "timestamp": "2026-05-11T17:59:31", "fold": 1, "epoch": 17, "val_acc": 89.283, "model_path": "C:\\Users\\Joseph\\Desktop\\projects\\sign_to_text\\ensemble\\fold_1.pth"}
2026-05-11 17:59:31,937 | INFO |    F1 Ep  17 | tr  87.8% | va  89.3% | lr 2.6e-05 | 253.3s *
2026-05-11 18:03:58,126 | INFO | {"event": "kfold_fold_epoch_end", "timestamp": "2026-05-11T18:03:58", "fold": 1, "epoch": 18, "train_loss": 0.974314, "train_acc": 88.334, "val_loss": 0.966433, "val_acc": 89.283, "lr": 1.70968e-05, "elapsed_sec": 266.188, "best_val_acc": 89.283}
2026-05-11 18:08:15,542 | INFO | {"event": "kfold_fold_epoch_end", "timestamp": "2026-05-11T18:08:15", "fold": 1, "epoch": 19, "train_loss": 1.026315, "train_acc": 87.379, "val_loss": 0.970202, "val_acc": 89.283, "lr": 1.17852e-05, "elapsed_sec": 257.413, "best_val_acc": 89.283}
2026-05-11 18:12:27,086 | INFO | {"event": "kfold_fold_epoch_end", "timestamp": "2026-05-11T18:12:27", "fold": 1, "epoch": 20, "train_loss": 1.027624, "train_acc": 87.32, "val_loss": 0.969823, "val_acc": 89.283, "lr": 0.0003, "elapsed_sec": 251.541, "best_val_acc": 89.283}
2026-05-11 18:12:27,089 | INFO |    F1 Ep  20 | tr  87.3% | va  89.3% | lr 3.0e-04 | 251.5s
2026-05-11 18:16:42,701 | INFO | {"event": "kfold_fold_epoch_end", "timestamp": "2026-05-11T18:16:42", "fold": 1, "epoch": 21, "train_loss": 1.150988, "train_acc": 82.825, "val_loss": 1.135565, "val_acc": 84.803, "lr": 0.000299553, "elapsed_sec": 255.612, "best_val_acc": 89.283}
2026-05-11 18:20:56,044 | INFO | {"event": "kfold_fold_epoch_end", "timestamp": "2026-05-11T18:20:56", "fold": 1, "epoch": 22, "train_loss": 1.122191, "train_acc": 83.703, "val_loss": 1.152146, "val_acc": 83.981, "lr": 0.0002982148, "elapsed_sec": 253.339, "best_val_acc": 89.283}
2026-05-11 18:25:27,644 | INFO | {"event": "kfold_fold_epoch_end", "timestamp": "2026-05-11T18:25:27", "fold": 1, "epoch": 23, "train_loss": 1.099625, "train_acc": 84.464, "val_loss": 1.062729, "val_acc": 86.391, "lr": 0.0002959936, "elapsed_sec": 271.599, "best_val_acc": 89.283}
2026-05-11 18:30:52,039 | INFO | {"event": "kfold_fold_epoch_end", "timestamp": "2026-05-11T18:30:52", "fold": 1, "epoch": 24, "train_loss": 1.092708, "train_acc": 84.558, "val_loss": 1.02165, "val_acc": 88.007, "lr": 0.0002929032, "elapsed_sec": 324.392, "best_val_acc": 89.283}
2026-05-11 18:36:57,310 | INFO | {"event": "kfold_fold_epoch_end", "timestamp": "2026-05-11T18:36:57", "fold": 1, "epoch": 25, "train_loss": 1.103614, "train_acc": 84.884, "val_loss": 1.002724, "val_acc": 87.752, "lr": 0.0002889625, "elapsed_sec": 365.266, "best_val_acc": 89.283}
2026-05-11 18:42:48,358 | INFO | {"event": "kfold_fold_epoch_end", "timestamp": "2026-05-11T18:42:48", "fold": 1, "epoch": 26, "train_loss": 1.037303, "train_acc": 86.191, "val_loss": 1.028257, "val_acc": 87.837, "lr": 0.0002841959, "elapsed_sec": 351.042, "best_val_acc": 89.283}
2026-05-11 18:48:12,166 | INFO | {"event": "kfold_fold_epoch_end", "timestamp": "2026-05-11T18:48:12", "fold": 1, "epoch": 27, "train_loss": 1.035146, "train_acc": 86.376, "val_loss": 1.062669, "val_acc": 86.022, "lr": 0.0002786328, "elapsed_sec": 323.805, "best_val_acc": 89.283}
2026-05-11 18:48:12,169 | INFO |    F1 Early stop at epoch 27
2026-05-11 18:48:12,169 | INFO | {"event": "kfold_fold_early_stop", "timestamp": "2026-05-11T18:48:12", "fold": 1, "epoch": 27, "patience": 10, "best_val_acc": 89.283}
2026-05-11 18:48:12,169 | INFO | {"event": "kfold_fold_end", "timestamp": "2026-05-11T18:48:12", "fold": 1, "best_val_acc": 89.283, "model_path": "C:\\Users\\Joseph\\Desktop\\projects\\sign_to_text\\ensemble\\fold_1.pth"}
2026-05-11 18:48:12,185 | INFO |    Fold 1 best val acc: 89.28%
2026-05-11 18:48:12,186 | INFO | --- Fold 2 ---  train=14002  val=3505
2026-05-11 18:48:12,207 | INFO | [BalancedAug] 14002 -> 19578 samples (oversampled)
2026-05-11 18:48:12,208 | INFO | [BalancedAug] Per class: {0: 251, 1: 251, 2: 251, 3: 251, 4: 251, 5: 251, 6: 251, 7: 251, 8: 251, 9: 251, 10: 251, 11: 251, 12: 251, 13: 251, 14: 251, 15: 251, 16: 251, 17: 251, 18: 251, 19: 251, 20: 251, 21: 251, 22: 251, 23: 251, 24: 251, 25: 251, 26: 251, 27: 251, 28: 251, 29: 251, 30: 251, 31: 251, 32: 251, 33: 251, 34: 251, 35: 251, 36: 251, 37: 251, 38: 251, 39: 251, 40: 251, 41: 251, 42: 251, 43: 251, 44: 251, 45: 251, 46: 251, 47: 251, 48: 251, 49: 251, 50: 251, 51: 251, 52: 251, 53: 251, 54: 251, 55: 251, 56: 251, 57: 251, 58: 251, 59: 251, 60: 251, 61: 251, 62: 251, 63: 251, 64: 251, 65: 251, 66: 251, 67: 251, 68: 251, 69: 251, 70: 251, 71: 251, 72: 251, 73: 251, 74: 251, 75: 251, 76: 251, 77: 251}
2026-05-11 18:48:12,217 | INFO | {"event": "kfold_fold_start", "timestamp": "2026-05-11T18:48:12", "fold": 2, "train_size": 14002, "val_size": 3505, "train_class_counts": {"0": 58, "1": 222, "2": 235, "3": 191, "4": 235, "5": 179, "6": 177, "7": 58, "8": 235, "9": 235, "10": 170, "11": 58, "12": 179, "13": 58, "14": 58, "15": 131, "16": 170, "17": 154, "18": 235, "19": 162, "20": 170, "21": 219, "22": 222, "23": 232, "24": 222, "25": 222, "26": 179, "27": 58, "28": 222, "29": 236, "30": 58, "31": 218, "32": 210, "33": 235, "34": 218, "35": 218, "36": 104, "37": 222, "38": 162, "39": 235, "40": 163, "41": 192, "42": 58, "43": 162, "44": 179, "45": 107, "46": 235, "47": 235, "48": 153, "49": 242, "50": 222, "51": 167, "52": 181, "53": 171, "54": 179, "55": 58, "56": 222, "57": 235, "58": 131, "59": 235, "60": 235, "61": 58, "62": 58, "63": 235, "64": 218, "65": 222, "66": 171, "67": 138, "68": 171, "69": 199, "70": 243, "71": 222, "72": 58, "73": 235, "74": 251, "75": 234, "76": 222, "77": 243}, "val_class_counts": {"0": 14, "1": 56, "2": 59, "3": 48, "4": 59, "5": 45, "6": 44, "7": 14, "8": 59, "9": 59, "10": 42, "11": 14, "12": 45, "13": 14, "14": 14, "15": 33, "16": 42, "17": 38, "18": 59, "19": 40, "20": 42, "21": 55, "22": 56, "23": 58, "24": 56, "25": 56, "26": 45, "27": 14, "28": 56, "29": 59, "30": 14, "31": 55, "32": 52, "33": 59, "34": 55, "35": 55, "36": 26, "37": 56, "38": 40, "39": 59, "40": 41, "41": 48, "42": 14, "43": 40, "44": 45, "45": 27, "46": 59, "47": 59, "48": 38, "49": 60, "50": 56, "51": 42, "52": 45, "53": 43, "54": 45, "55": 14, "56": 56, "57": 59, "58": 33, "59": 59, "60": 59, "61": 14, "62": 14, "63": 59, "64": 55, "65": 56, "66": 43, "67": 34, "68": 43, "69": 50, "70": 61, "71": 56, "72": 14, "73": 59, "74": 63, "75": 59, "76": 56, "77": 61}}
2026-05-11 18:53:39,819 | INFO | {"event": "kfold_fold_epoch_end", "timestamp": "2026-05-11T18:53:39", "fold": 2, "epoch": 1, "train_loss": 3.430528, "train_acc": 11.747, "val_loss": 3.426935, "val_acc": 21.341, "lr": 0.0002982148, "elapsed_sec": 327.539, "best_val_acc": 0.0}
2026-05-11 18:53:39,857 | INFO | {"event": "kfold_fold_best_checkpoint", "timestamp": "2026-05-11T18:53:39", "fold": 2, "epoch": 1, "val_acc": 21.341, "model_path": "C:\\Users\\Joseph\\Desktop\\projects\\sign_to_text\\ensemble\\fold_2.pth"}
2026-05-11 18:53:39,858 | INFO |    F2 Ep   1 | tr  11.7% | va  21.3% | lr 3.0e-04 | 327.5s *
2026-05-11 18:58:58,314 | INFO | {"event": "kfold_fold_epoch_end", "timestamp": "2026-05-11T18:58:58", "fold": 2, "epoch": 2, "train_loss": 2.380442, "train_acc": 32.898, "val_loss": 2.760841, "val_acc": 37.261, "lr": 0.0002929032, "elapsed_sec": 318.446, "best_val_acc": 21.341}
2026-05-11 18:58:58,370 | INFO | {"event": "kfold_fold_best_checkpoint", "timestamp": "2026-05-11T18:58:58", "fold": 2, "epoch": 2, "val_acc": 37.261, "model_path": "C:\\Users\\Joseph\\Desktop\\projects\\sign_to_text\\ensemble\\fold_2.pth"}
2026-05-11 18:58:58,373 | INFO |    F2 Ep   2 | tr  32.9% | va  37.3% | lr 2.9e-04 | 318.4s *
2026-05-11 19:03:06,523 | INFO | {"event": "kfold_fold_epoch_end", "timestamp": "2026-05-11T19:03:06", "fold": 2, "epoch": 3, "train_loss": 1.948525, "train_acc": 49.247, "val_loss": 2.28369, "val_acc": 53.552, "lr": 0.0002841959, "elapsed_sec": 248.148, "best_val_acc": 37.261}
2026-05-11 19:03:06,547 | INFO | {"event": "kfold_fold_best_checkpoint", "timestamp": "2026-05-11T19:03:06", "fold": 2, "epoch": 3, "val_acc": 53.552, "model_path": "C:\\Users\\Joseph\\Desktop\\projects\\sign_to_text\\ensemble\\fold_2.pth"}
2026-05-11 19:03:06,548 | INFO |    F2 Ep   3 | tr  49.2% | va  53.6% | lr 2.8e-04 | 248.1s *
2026-05-11 19:07:12,566 | INFO | {"event": "kfold_fold_epoch_end", "timestamp": "2026-05-11T19:07:12", "fold": 2, "epoch": 4, "train_loss": 1.632334, "train_acc": 61.519, "val_loss": 2.077611, "val_acc": 59.144, "lr": 0.0002723075, "elapsed_sec": 246.015, "best_val_acc": 53.552}
2026-05-11 19:07:12,586 | INFO | {"event": "kfold_fold_best_checkpoint", "timestamp": "2026-05-11T19:07:12", "fold": 2, "epoch": 4, "val_acc": 59.144, "model_path": "C:\\Users\\Joseph\\Desktop\\projects\\sign_to_text\\ensemble\\fold_2.pth"}
2026-05-11 19:07:12,587 | INFO |    F2 Ep   4 | tr  61.5% | va  59.1% | lr 2.7e-04 | 246.0s *
2026-05-11 19:11:24,542 | INFO | {"event": "kfold_fold_epoch_end", "timestamp": "2026-05-11T19:11:24", "fold": 2, "epoch": 5, "train_loss": 1.461921, "train_acc": 69.639, "val_loss": 1.869713, "val_acc": 65.735, "lr": 0.0002575305, "elapsed_sec": 251.955, "best_val_acc": 59.144}
2026-05-11 19:11:24,562 | INFO | {"event": "kfold_fold_best_checkpoint", "timestamp": "2026-05-11T19:11:24", "fold": 2, "epoch": 5, "val_acc": 65.735, "model_path": "C:\\Users\\Joseph\\Desktop\\projects\\sign_to_text\\ensemble\\fold_2.pth"}
2026-05-11 19:11:24,562 | INFO |    F2 Ep   5 | tr  69.6% | va  65.7% | lr 2.6e-04 | 252.0s *
2026-05-11 19:15:28,646 | INFO | {"event": "kfold_fold_epoch_end", "timestamp": "2026-05-11T19:15:28", "fold": 2, "epoch": 6, "train_loss": 1.365487, "train_acc": 74.094, "val_loss": 1.702544, "val_acc": 69.13, "lr": 0.0002402289, "elapsed_sec": 244.083, "best_val_acc": 65.735}
2026-05-11 19:15:28,669 | INFO | {"event": "kfold_fold_best_checkpoint", "timestamp": "2026-05-11T19:15:28", "fold": 2, "epoch": 6, "val_acc": 69.13, "model_path": "C:\\Users\\Joseph\\Desktop\\projects\\sign_to_text\\ensemble\\fold_2.pth"}
2026-05-11 19:15:28,670 | INFO |    F2 Ep   6 | tr  74.1% | va  69.1% | lr 2.4e-04 | 244.1s *
2026-05-11 19:19:38,759 | INFO | {"event": "kfold_fold_epoch_end", "timestamp": "2026-05-11T19:19:38", "fold": 2, "epoch": 7, "train_loss": 1.285165, "train_acc": 77.863, "val_loss": 1.696798, "val_acc": 71.213, "lr": 0.0002208286, "elapsed_sec": 250.088, "best_val_acc": 69.13}
2026-05-11 19:19:38,781 | INFO | {"event": "kfold_fold_best_checkpoint", "timestamp": "2026-05-11T19:19:38", "fold": 2, "epoch": 7, "val_acc": 71.213, "model_path": "C:\\Users\\Joseph\\Desktop\\projects\\sign_to_text\\ensemble\\fold_2.pth"}
2026-05-11 19:19:38,781 | INFO |    F2 Ep   7 | tr  77.9% | va  71.2% | lr 2.2e-04 | 250.1s *
2026-05-11 19:23:45,930 | INFO | {"event": "kfold_fold_epoch_end", "timestamp": "2026-05-11T19:23:45", "fold": 2, "epoch": 8, "train_loss": 1.241437, "train_acc": 79.606, "val_loss": 1.498872, "val_acc": 75.521, "lr": 0.0001998075, "elapsed_sec": 247.148, "best_val_acc": 71.213}
2026-05-11 19:23:45,948 | INFO | {"event": "kfold_fold_best_checkpoint", "timestamp": "2026-05-11T19:23:45", "fold": 2, "epoch": 8, "val_acc": 75.521, "model_path": "C:\\Users\\Joseph\\Desktop\\projects\\sign_to_text\\ensemble\\fold_2.pth"}
2026-05-11 19:23:45,948 | INFO |    F2 Ep   8 | tr  79.6% | va  75.5% | lr 2.0e-04 | 247.1s *
2026-05-11 19:27:58,150 | INFO | {"event": "kfold_fold_epoch_end", "timestamp": "2026-05-11T19:27:58", "fold": 2, "epoch": 9, "train_loss": 1.170557, "train_acc": 82.138, "val_loss": 1.452206, "val_acc": 77.004, "lr": 0.000177683, "elapsed_sec": 252.2, "best_val_acc": 75.521}
2026-05-11 19:27:58,181 | INFO | {"event": "kfold_fold_best_checkpoint", "timestamp": "2026-05-11T19:27:58", "fold": 2, "epoch": 9, "val_acc": 77.004, "model_path": "C:\\Users\\Joseph\\Desktop\\projects\\sign_to_text\\ensemble\\fold_2.pth"}
2026-05-11 19:27:58,182 | INFO |    F2 Ep   9 | tr  82.1% | va  77.0% | lr 1.8e-04 | 252.2s *
2026-05-11 19:32:23,983 | INFO | {"event": "kfold_fold_epoch_end", "timestamp": "2026-05-11T19:32:23", "fold": 2, "epoch": 10, "train_loss": 1.132659, "train_acc": 83.327, "val_loss": 1.504468, "val_acc": 76.662, "lr": 0.000155, "elapsed_sec": 265.801, "best_val_acc": 77.004}
2026-05-11 19:32:23,984 | INFO |    F2 Ep  10 | tr  83.3% | va  76.7% | lr 1.5e-04 | 265.8s
2026-05-11 19:36:32,745 | INFO | {"event": "kfold_fold_epoch_end", "timestamp": "2026-05-11T19:36:32", "fold": 2, "epoch": 11, "train_loss": 1.111205, "train_acc": 84.626, "val_loss": 1.529911, "val_acc": 75.692, "lr": 0.000132317, "elapsed_sec": 248.761, "best_val_acc": 77.004}
2026-05-11 19:40:54,636 | INFO | {"event": "kfold_fold_epoch_end", "timestamp": "2026-05-11T19:40:54", "fold": 2, "epoch": 12, "train_loss": 1.113546, "train_acc": 84.81, "val_loss": 1.424664, "val_acc": 78.402, "lr": 0.0001101925, "elapsed_sec": 261.888, "best_val_acc": 77.004}
2026-05-11 19:40:54,660 | INFO | {"event": "kfold_fold_best_checkpoint", "timestamp": "2026-05-11T19:40:54", "fold": 2, "epoch": 12, "val_acc": 78.402, "model_path": "C:\\Users\\Joseph\\Desktop\\projects\\sign_to_text\\ensemble\\fold_2.pth"}
2026-05-11 19:40:54,660 | INFO |    F2 Ep  12 | tr  84.8% | va  78.4% | lr 1.1e-04 | 261.9s *
2026-05-11 19:45:10,179 | INFO | {"event": "kfold_fold_epoch_end", "timestamp": "2026-05-11T19:45:10", "fold": 2, "epoch": 13, "train_loss": 1.045781, "train_acc": 86.659, "val_loss": 1.388996, "val_acc": 79.03, "lr": 8.91714e-05, "elapsed_sec": 255.517, "best_val_acc": 78.402}
2026-05-11 19:45:10,202 | INFO | {"event": "kfold_fold_best_checkpoint", "timestamp": "2026-05-11T19:45:10", "fold": 2, "epoch": 13, "val_acc": 79.03, "model_path": "C:\\Users\\Joseph\\Desktop\\projects\\sign_to_text\\ensemble\\fold_2.pth"}
2026-05-11 19:45:10,203 | INFO |    F2 Ep  13 | tr  86.7% | va  79.0% | lr 8.9e-05 | 255.5s *
2026-05-11 19:49:27,915 | INFO | {"event": "kfold_fold_epoch_end", "timestamp": "2026-05-11T19:49:27", "fold": 2, "epoch": 14, "train_loss": 1.072196, "train_acc": 86.552, "val_loss": 1.428123, "val_acc": 78.716, "lr": 6.97711e-05, "elapsed_sec": 257.712, "best_val_acc": 79.03}
2026-05-11 19:53:46,468 | INFO | {"event": "kfold_fold_epoch_end", "timestamp": "2026-05-11T19:53:46", "fold": 2, "epoch": 15, "train_loss": 1.036392, "train_acc": 87.476, "val_loss": 1.422827, "val_acc": 79.458, "lr": 5.24695e-05, "elapsed_sec": 258.551, "best_val_acc": 79.03}
2026-05-11 19:53:46,499 | INFO | {"event": "kfold_fold_best_checkpoint", "timestamp": "2026-05-11T19:53:46", "fold": 2, "epoch": 15, "val_acc": 79.458, "model_path": "C:\\Users\\Joseph\\Desktop\\projects\\sign_to_text\\ensemble\\fold_2.pth"}
2026-05-11 19:53:46,499 | INFO |    F2 Ep  15 | tr  87.5% | va  79.5% | lr 5.2e-05 | 258.6s *
2026-05-11 19:57:51,723 | INFO | {"event": "kfold_fold_epoch_end", "timestamp": "2026-05-11T19:57:51", "fold": 2, "epoch": 16, "train_loss": 1.030036, "train_acc": 87.51, "val_loss": 1.379936, "val_acc": 80.428, "lr": 3.76925e-05, "elapsed_sec": 245.223, "best_val_acc": 79.458}
2026-05-11 19:57:51,740 | INFO | {"event": "kfold_fold_best_checkpoint", "timestamp": "2026-05-11T19:57:51", "fold": 2, "epoch": 16, "val_acc": 80.428, "model_path": "C:\\Users\\Joseph\\Desktop\\projects\\sign_to_text\\ensemble\\fold_2.pth"}
2026-05-11 19:57:51,741 | INFO |    F2 Ep  16 | tr  87.5% | va  80.4% | lr 3.8e-05 | 245.2s *
2026-05-11 20:02:05,393 | INFO | {"event": "kfold_fold_epoch_end", "timestamp": "2026-05-11T20:02:05", "fold": 2, "epoch": 17, "train_loss": 1.02991, "train_acc": 87.805, "val_loss": 1.399276, "val_acc": 79.829, "lr": 2.58041e-05, "elapsed_sec": 253.652, "best_val_acc": 80.428}
2026-05-11 20:06:11,567 | INFO | {"event": "kfold_fold_epoch_end", "timestamp": "2026-05-11T20:06:11", "fold": 2, "epoch": 18, "train_loss": 1.014092, "train_acc": 88.313, "val_loss": 1.396673, "val_acc": 80.285, "lr": 1.70968e-05, "elapsed_sec": 246.172, "best_val_acc": 80.428}
2026-05-11 20:10:53,489 | INFO | {"event": "kfold_fold_epoch_end", "timestamp": "2026-05-11T20:10:53", "fold": 2, "epoch": 19, "train_loss": 1.019032, "train_acc": 88.029, "val_loss": 1.380991, "val_acc": 80.514, "lr": 1.17852e-05, "elapsed_sec": 281.921, "best_val_acc": 80.428}
2026-05-11 20:10:53,521 | INFO | {"event": "kfold_fold_best_checkpoint", "timestamp": "2026-05-11T20:10:53", "fold": 2, "epoch": 19, "val_acc": 80.514, "model_path": "C:\\Users\\Joseph\\Desktop\\projects\\sign_to_text\\ensemble\\fold_2.pth"}
2026-05-11 20:10:53,522 | INFO |    F2 Ep  19 | tr  88.0% | va  80.5% | lr 1.2e-05 | 281.9s *
2026-05-11 20:15:44,962 | INFO | {"event": "kfold_fold_epoch_end", "timestamp": "2026-05-11T20:15:44", "fold": 2, "epoch": 20, "train_loss": 1.013427, "train_acc": 88.292, "val_loss": 1.388793, "val_acc": 80.143, "lr": 0.0003, "elapsed_sec": 291.439, "best_val_acc": 80.514}
2026-05-11 20:15:44,965 | INFO |    F2 Ep  20 | tr  88.3% | va  80.1% | lr 3.0e-04 | 291.4s
2026-05-11 20:20:15,283 | INFO | {"event": "kfold_fold_epoch_end", "timestamp": "2026-05-11T20:20:15", "fold": 2, "epoch": 21, "train_loss": 1.14099, "train_acc": 84.113, "val_loss": 1.467203, "val_acc": 77.946, "lr": 0.000299553, "elapsed_sec": 270.316, "best_val_acc": 80.514}
2026-05-11 20:24:44,620 | INFO | {"event": "kfold_fold_epoch_end", "timestamp": "2026-05-11T20:24:44", "fold": 2, "epoch": 22, "train_loss": 1.07124, "train_acc": 85.33, "val_loss": 1.47367, "val_acc": 78.031, "lr": 0.0002982148, "elapsed_sec": 269.333, "best_val_acc": 80.514}
2026-05-11 20:29:32,144 | INFO | {"event": "kfold_fold_epoch_end", "timestamp": "2026-05-11T20:29:32", "fold": 2, "epoch": 23, "train_loss": 1.085589, "train_acc": 85.352, "val_loss": 1.478658, "val_acc": 78.488, "lr": 0.0002959936, "elapsed_sec": 287.518, "best_val_acc": 80.514}
2026-05-11 20:34:06,835 | INFO | {"event": "kfold_fold_epoch_end", "timestamp": "2026-05-11T20:34:06", "fold": 2, "epoch": 24, "train_loss": 1.070251, "train_acc": 86.286, "val_loss": 1.428359, "val_acc": 79.058, "lr": 0.0002929032, "elapsed_sec": 274.673, "best_val_acc": 80.514}
2026-05-11 20:38:11,582 | INFO | {"event": "kfold_fold_epoch_end", "timestamp": "2026-05-11T20:38:11", "fold": 2, "epoch": 25, "train_loss": 1.045804, "train_acc": 86.546, "val_loss": 1.547334, "val_acc": 76.548, "lr": 0.0002889625, "elapsed_sec": 244.729, "best_val_acc": 80.514}
2026-05-11 20:42:11,349 | INFO | {"event": "kfold_fold_epoch_end", "timestamp": "2026-05-11T20:42:11", "fold": 2, "epoch": 26, "train_loss": 1.060653, "train_acc": 86.56, "val_loss": 1.465932, "val_acc": 79.686, "lr": 0.0002841959, "elapsed_sec": 239.765, "best_val_acc": 80.514}
2026-05-11 20:46:19,363 | INFO | {"event": "kfold_fold_epoch_end", "timestamp": "2026-05-11T20:46:19", "fold": 2, "epoch": 27, "train_loss": 1.022653, "train_acc": 87.435, "val_loss": 1.502308, "val_acc": 78.859, "lr": 0.0002786328, "elapsed_sec": 247.961, "best_val_acc": 80.514}
2026-05-11 20:50:41,050 | INFO | {"event": "kfold_fold_epoch_end", "timestamp": "2026-05-11T20:50:41", "fold": 2, "epoch": 28, "train_loss": 1.043887, "train_acc": 87.067, "val_loss": 1.455749, "val_acc": 78.602, "lr": 0.0002723075, "elapsed_sec": 261.684, "best_val_acc": 80.514}
2026-05-11 20:55:07,462 | INFO | {"event": "kfold_fold_epoch_end", "timestamp": "2026-05-11T20:55:07", "fold": 2, "epoch": 29, "train_loss": 1.019365, "train_acc": 87.923, "val_loss": 1.453301, "val_acc": 79.886, "lr": 0.0002652589, "elapsed_sec": 266.407, "best_val_acc": 80.514}
2026-05-11 20:55:07,464 | INFO |    F2 Early stop at epoch 29
2026-05-11 20:55:07,464 | INFO | {"event": "kfold_fold_early_stop", "timestamp": "2026-05-11T20:55:07", "fold": 2, "epoch": 29, "patience": 10, "best_val_acc": 80.514}
2026-05-11 20:55:07,464 | INFO | {"event": "kfold_fold_end", "timestamp": "2026-05-11T20:55:07", "fold": 2, "best_val_acc": 80.514, "model_path": "C:\\Users\\Joseph\\Desktop\\projects\\sign_to_text\\ensemble\\fold_2.pth"}
2026-05-11 20:55:07,478 | INFO |    Fold 2 best val acc: 80.51%
2026-05-11 20:55:07,479 | INFO | --- Fold 3 ---  train=14018  val=3489
2026-05-11 20:55:07,502 | INFO | [BalancedAug] 14018 -> 19578 samples (oversampled)
2026-05-11 20:55:07,503 | INFO | [BalancedAug] Per class: {0: 251, 1: 251, 2: 251, 3: 251, 4: 251, 5: 251, 6: 251, 7: 251, 8: 251, 9: 251, 10: 251, 11: 251, 12: 251, 13: 251, 14: 251, 15: 251, 16: 251, 17: 251, 18: 251, 19: 251, 20: 251, 21: 251, 22: 251, 23: 251, 24: 251, 25: 251, 26: 251, 27: 251, 28: 251, 29: 251, 30: 251, 31: 251, 32: 251, 33: 251, 34: 251, 35: 251, 36: 251, 37: 251, 38: 251, 39: 251, 40: 251, 41: 251, 42: 251, 43: 251, 44: 251, 45: 251, 46: 251, 47: 251, 48: 251, 49: 251, 50: 251, 51: 251, 52: 251, 53: 251, 54: 251, 55: 251, 56: 251, 57: 251, 58: 251, 59: 251, 60: 251, 61: 251, 62: 251, 63: 251, 64: 251, 65: 251, 66: 251, 67: 251, 68: 251, 69: 251, 70: 251, 71: 251, 72: 251, 73: 251, 74: 251, 75: 251, 76: 251, 77: 251}
2026-05-11 20:55:07,510 | INFO | {"event": "kfold_fold_start", "timestamp": "2026-05-11T20:55:07", "fold": 3, "train_size": 14018, "val_size": 3489, "train_class_counts": {"0": 58, "1": 223, "2": 235, "3": 191, "4": 235, "5": 179, "6": 177, "7": 58, "8": 235, "9": 235, "10": 170, "11": 58, "12": 179, "13": 58, "14": 58, "15": 131, "16": 170, "17": 154, "18": 235, "19": 162, "20": 170, "21": 219, "22": 223, "23": 232, "24": 223, "25": 223, "26": 179, "27": 58, "28": 223, "29": 236, "30": 58, "31": 219, "32": 210, "33": 235, "34": 219, "35": 219, "36": 104, "37": 223, "38": 162, "39": 235, "40": 163, "41": 192, "42": 58, "43": 162, "44": 179, "45": 107, "46": 235, "47": 235, "48": 153, "49": 242, "50": 223, "51": 167, "52": 181, "53": 171, "54": 179, "55": 58, "56": 223, "57": 235, "58": 131, "59": 235, "60": 235, "61": 58, "62": 58, "63": 235, "64": 219, "65": 223, "66": 171, "67": 138, "68": 171, "69": 199, "70": 243, "71": 223, "72": 58, "73": 235, "74": 251, "75": 235, "76": 223, "77": 243}, "val_class_counts": {"0": 14, "1": 55, "2": 59, "3": 48, "4": 59, "5": 45, "6": 44, "7": 14, "8": 59, "9": 59, "10": 42, "11": 14, "12": 45, "13": 14, "14": 14, "15": 33, "16": 42, "17": 38, "18": 59, "19": 40, "20": 42, "21": 55, "22": 55, "23": 58, "24": 55, "25": 55, "26": 45, "27": 14, "28": 55, "29": 59, "30": 14, "31": 54, "32": 52, "33": 59, "34": 54, "35": 54, "36": 26, "37": 55, "38": 40, "39": 59, "40": 41, "41": 48, "42": 14, "43": 40, "44": 45, "45": 27, "46": 59, "47": 59, "48": 38, "49": 60, "50": 55, "51": 42, "52": 45, "53": 43, "54": 45, "55": 14, "56": 55, "57": 59, "58": 33, "59": 59, "60": 59, "61": 14, "62": 14, "63": 59, "64": 54, "65": 55, "66": 43, "67": 34, "68": 43, "69": 50, "70": 61, "71": 55, "72": 14, "73": 59, "74": 63, "75": 58, "76": 55, "77": 61}}
2026-05-11 20:59:53,854 | INFO | {"event": "kfold_fold_epoch_end", "timestamp": "2026-05-11T20:59:53", "fold": 3, "epoch": 1, "train_loss": 3.429456, "train_acc": 11.571, "val_loss": 3.266667, "val_acc": 18.515, "lr": 0.0002982148, "elapsed_sec": 286.304, "best_val_acc": 0.0}
2026-05-11 20:59:53,971 | INFO | {"event": "kfold_fold_best_checkpoint", "timestamp": "2026-05-11T20:59:53", "fold": 3, "epoch": 1, "val_acc": 18.515, "model_path": "C:\\Users\\Joseph\\Desktop\\projects\\sign_to_text\\ensemble\\fold_3.pth"}
2026-05-11 20:59:53,973 | INFO |    F3 Ep   1 | tr  11.6% | va  18.5% | lr 3.0e-04 | 286.3s *
2026-05-11 21:04:36,113 | INFO | {"event": "kfold_fold_epoch_end", "timestamp": "2026-05-11T21:04:36", "fold": 3, "epoch": 2, "train_loss": 2.447719, "train_acc": 31.101, "val_loss": 2.575342, "val_acc": 39.954, "lr": 0.0002929032, "elapsed_sec": 282.137, "best_val_acc": 18.515}
2026-05-11 21:04:36,140 | INFO | {"event": "kfold_fold_best_checkpoint", "timestamp": "2026-05-11T21:04:36", "fold": 3, "epoch": 2, "val_acc": 39.954, "model_path": "C:\\Users\\Joseph\\Desktop\\projects\\sign_to_text\\ensemble\\fold_3.pth"}
2026-05-11 21:04:36,141 | INFO |    F3 Ep   2 | tr  31.1% | va  40.0% | lr 2.9e-04 | 282.1s *
2026-05-11 21:08:45,646 | INFO | {"event": "kfold_fold_epoch_end", "timestamp": "2026-05-11T21:08:45", "fold": 3, "epoch": 3, "train_loss": 1.960504, "train_acc": 48.643, "val_loss": 1.883039, "val_acc": 60.275, "lr": 0.0002841959, "elapsed_sec": 249.504, "best_val_acc": 39.954}
2026-05-11 21:08:45,666 | INFO | {"event": "kfold_fold_best_checkpoint", "timestamp": "2026-05-11T21:08:45", "fold": 3, "epoch": 3, "val_acc": 60.275, "model_path": "C:\\Users\\Joseph\\Desktop\\projects\\sign_to_text\\ensemble\\fold_3.pth"}
2026-05-11 21:08:45,667 | INFO |    F3 Ep   3 | tr  48.6% | va  60.3% | lr 2.8e-04 | 249.5s *
2026-05-11 21:12:39,740 | INFO | {"event": "kfold_fold_epoch_end", "timestamp": "2026-05-11T21:12:39", "fold": 3, "epoch": 4, "train_loss": 1.689183, "train_acc": 60.031, "val_loss": 1.645469, "val_acc": 68.501, "lr": 0.0002723075, "elapsed_sec": 234.064, "best_val_acc": 60.275}
2026-05-11 21:12:39,796 | INFO | {"event": "kfold_fold_best_checkpoint", "timestamp": "2026-05-11T21:12:39", "fold": 3, "epoch": 4, "val_acc": 68.501, "model_path": "C:\\Users\\Joseph\\Desktop\\projects\\sign_to_text\\ensemble\\fold_3.pth"}
2026-05-11 21:12:39,798 | INFO |    F3 Ep   4 | tr  60.0% | va  68.5% | lr 2.7e-04 | 234.1s *
2026-05-11 21:16:04,460 | INFO | {"event": "kfold_fold_epoch_end", "timestamp": "2026-05-11T21:16:04", "fold": 3, "epoch": 5, "train_loss": 1.497154, "train_acc": 68.074, "val_loss": 1.411683, "val_acc": 75.924, "lr": 0.0002575305, "elapsed_sec": 204.661, "best_val_acc": 68.501}
2026-05-11 21:16:04,476 | INFO | {"event": "kfold_fold_best_checkpoint", "timestamp": "2026-05-11T21:16:04", "fold": 3, "epoch": 5, "val_acc": 75.924, "model_path": "C:\\Users\\Joseph\\Desktop\\projects\\sign_to_text\\ensemble\\fold_3.pth"}
2026-05-11 21:16:04,476 | INFO |    F3 Ep   5 | tr  68.1% | va  75.9% | lr 2.6e-04 | 204.7s *
2026-05-11 21:20:03,243 | INFO | {"event": "kfold_fold_epoch_end", "timestamp": "2026-05-11T21:20:03", "fold": 3, "epoch": 6, "train_loss": 1.414657, "train_acc": 72.093, "val_loss": 1.262768, "val_acc": 79.822, "lr": 0.0002402289, "elapsed_sec": 238.766, "best_val_acc": 75.924}
2026-05-11 21:20:03,260 | INFO | {"event": "kfold_fold_best_checkpoint", "timestamp": "2026-05-11T21:20:03", "fold": 3, "epoch": 6, "val_acc": 79.822, "model_path": "C:\\Users\\Joseph\\Desktop\\projects\\sign_to_text\\ensemble\\fold_3.pth"}
2026-05-11 21:20:03,261 | INFO |    F3 Ep   6 | tr  72.1% | va  79.8% | lr 2.4e-04 | 238.8s *
2026-05-11 21:24:01,628 | INFO | {"event": "kfold_fold_epoch_end", "timestamp": "2026-05-11T21:24:01", "fold": 3, "epoch": 7, "train_loss": 1.331822, "train_acc": 75.632, "val_loss": 1.226684, "val_acc": 80.625, "lr": 0.0002208286, "elapsed_sec": 238.366, "best_val_acc": 79.822}
2026-05-11 21:24:01,650 | INFO | {"event": "kfold_fold_best_checkpoint", "timestamp": "2026-05-11T21:24:01", "fold": 3, "epoch": 7, "val_acc": 80.625, "model_path": "C:\\Users\\Joseph\\Desktop\\projects\\sign_to_text\\ensemble\\fold_3.pth"}
2026-05-11 21:24:01,651 | INFO |    F3 Ep   7 | tr  75.6% | va  80.6% | lr 2.2e-04 | 238.4s *
2026-05-11 21:27:56,910 | INFO | {"event": "kfold_fold_epoch_end", "timestamp": "2026-05-11T21:27:56", "fold": 3, "epoch": 8, "train_loss": 1.252069, "train_acc": 78.934, "val_loss": 1.141291, "val_acc": 83.835, "lr": 0.0001998075, "elapsed_sec": 235.259, "best_val_acc": 80.625}
2026-05-11 21:27:56,933 | INFO | {"event": "kfold_fold_best_checkpoint", "timestamp": "2026-05-11T21:27:56", "fold": 3, "epoch": 8, "val_acc": 83.835, "model_path": "C:\\Users\\Joseph\\Desktop\\projects\\sign_to_text\\ensemble\\fold_3.pth"}
2026-05-11 21:27:56,933 | INFO |    F3 Ep   8 | tr  78.9% | va  83.8% | lr 2.0e-04 | 235.3s *
2026-05-11 21:31:50,635 | INFO | {"event": "kfold_fold_epoch_end", "timestamp": "2026-05-11T21:31:50", "fold": 3, "epoch": 9, "train_loss": 1.229746, "train_acc": 79.673, "val_loss": 1.098581, "val_acc": 85.153, "lr": 0.000177683, "elapsed_sec": 233.7, "best_val_acc": 83.835}
2026-05-11 21:31:50,650 | INFO | {"event": "kfold_fold_best_checkpoint", "timestamp": "2026-05-11T21:31:50", "fold": 3, "epoch": 9, "val_acc": 85.153, "model_path": "C:\\Users\\Joseph\\Desktop\\projects\\sign_to_text\\ensemble\\fold_3.pth"}
2026-05-11 21:31:50,650 | INFO |    F3 Ep   9 | tr  79.7% | va  85.2% | lr 1.8e-04 | 233.7s *
2026-05-11 21:35:58,228 | INFO | {"event": "kfold_fold_epoch_end", "timestamp": "2026-05-11T21:35:58", "fold": 3, "epoch": 10, "train_loss": 1.171855, "train_acc": 81.918, "val_loss": 1.094723, "val_acc": 84.723, "lr": 0.000155, "elapsed_sec": 247.578, "best_val_acc": 85.153}
2026-05-11 21:35:58,229 | INFO |    F3 Ep  10 | tr  81.9% | va  84.7% | lr 1.5e-04 | 247.6s
2026-05-11 21:40:52,345 | INFO | {"event": "kfold_fold_epoch_end", "timestamp": "2026-05-11T21:40:52", "fold": 3, "epoch": 11, "train_loss": 1.159508, "train_acc": 82.586, "val_loss": 1.042331, "val_acc": 86.758, "lr": 0.000132317, "elapsed_sec": 294.114, "best_val_acc": 85.153}
2026-05-11 21:40:52,379 | INFO | {"event": "kfold_fold_best_checkpoint", "timestamp": "2026-05-11T21:40:52", "fold": 3, "epoch": 11, "val_acc": 86.758, "model_path": "C:\\Users\\Joseph\\Desktop\\projects\\sign_to_text\\ensemble\\fold_3.pth"}
2026-05-11 21:40:52,380 | INFO |    F3 Ep  11 | tr  82.6% | va  86.8% | lr 1.3e-04 | 294.1s *
2026-05-11 21:45:05,100 | INFO | {"event": "kfold_fold_epoch_end", "timestamp": "2026-05-11T21:45:05", "fold": 3, "epoch": 12, "train_loss": 1.154897, "train_acc": 82.998, "val_loss": 1.003136, "val_acc": 87.819, "lr": 0.0001101925, "elapsed_sec": 252.719, "best_val_acc": 86.758}
2026-05-11 21:45:05,121 | INFO | {"event": "kfold_fold_best_checkpoint", "timestamp": "2026-05-11T21:45:05", "fold": 3, "epoch": 12, "val_acc": 87.819, "model_path": "C:\\Users\\Joseph\\Desktop\\projects\\sign_to_text\\ensemble\\fold_3.pth"}
2026-05-11 21:45:05,121 | INFO |    F3 Ep  12 | tr  83.0% | va  87.8% | lr 1.1e-04 | 252.7s *
2026-05-11 21:49:11,934 | INFO | {"event": "kfold_fold_epoch_end", "timestamp": "2026-05-11T21:49:11", "fold": 3, "epoch": 13, "train_loss": 1.0612, "train_acc": 85.614, "val_loss": 0.959142, "val_acc": 89.682, "lr": 8.91714e-05, "elapsed_sec": 246.811, "best_val_acc": 87.819}
2026-05-11 21:49:11,959 | INFO | {"event": "kfold_fold_best_checkpoint", "timestamp": "2026-05-11T21:49:11", "fold": 3, "epoch": 13, "val_acc": 89.682, "model_path": "C:\\Users\\Joseph\\Desktop\\projects\\sign_to_text\\ensemble\\fold_3.pth"}
2026-05-11 21:49:11,960 | INFO |    F3 Ep  13 | tr  85.6% | va  89.7% | lr 8.9e-05 | 246.8s *
2026-05-11 21:53:45,260 | INFO | {"event": "kfold_fold_epoch_end", "timestamp": "2026-05-11T21:53:45", "fold": 3, "epoch": 14, "train_loss": 1.045987, "train_acc": 86.065, "val_loss": 0.931324, "val_acc": 89.739, "lr": 6.97711e-05, "elapsed_sec": 273.297, "best_val_acc": 89.682}
2026-05-11 21:53:45,289 | INFO | {"event": "kfold_fold_best_checkpoint", "timestamp": "2026-05-11T21:53:45", "fold": 3, "epoch": 14, "val_acc": 89.739, "model_path": "C:\\Users\\Joseph\\Desktop\\projects\\sign_to_text\\ensemble\\fold_3.pth"}
2026-05-11 21:53:45,289 | INFO |    F3 Ep  14 | tr  86.1% | va  89.7% | lr 7.0e-05 | 273.3s *
2026-05-11 21:58:53,476 | INFO | {"event": "kfold_fold_epoch_end", "timestamp": "2026-05-11T21:58:53", "fold": 3, "epoch": 15, "train_loss": 1.065832, "train_acc": 85.906, "val_loss": 0.921464, "val_acc": 89.997, "lr": 5.24695e-05, "elapsed_sec": 308.183, "best_val_acc": 89.739}
2026-05-11 21:58:53,512 | INFO | {"event": "kfold_fold_best_checkpoint", "timestamp": "2026-05-11T21:58:53", "fold": 3, "epoch": 15, "val_acc": 89.997, "model_path": "C:\\Users\\Joseph\\Desktop\\projects\\sign_to_text\\ensemble\\fold_3.pth"}
2026-05-11 21:58:53,513 | INFO |    F3 Ep  15 | tr  85.9% | va  90.0% | lr 5.2e-05 | 308.2s *
2026-05-11 22:03:23,435 | INFO | {"event": "kfold_fold_epoch_end", "timestamp": "2026-05-11T22:03:23", "fold": 3, "epoch": 16, "train_loss": 1.044423, "train_acc": 86.646, "val_loss": 0.903844, "val_acc": 90.599, "lr": 3.76925e-05, "elapsed_sec": 269.92, "best_val_acc": 89.997}
2026-05-11 22:03:23,466 | INFO | {"event": "kfold_fold_best_checkpoint", "timestamp": "2026-05-11T22:03:23", "fold": 3, "epoch": 16, "val_acc": 90.599, "model_path": "C:\\Users\\Joseph\\Desktop\\projects\\sign_to_text\\ensemble\\fold_3.pth"}
2026-05-11 22:03:23,466 | INFO |    F3 Ep  16 | tr  86.6% | va  90.6% | lr 3.8e-05 | 269.9s *
2026-05-11 22:07:39,038 | INFO | {"event": "kfold_fold_epoch_end", "timestamp": "2026-05-11T22:07:39", "fold": 3, "epoch": 17, "train_loss": 1.051735, "train_acc": 86.747, "val_loss": 0.892651, "val_acc": 91.574, "lr": 2.58041e-05, "elapsed_sec": 255.57, "best_val_acc": 90.599}
2026-05-11 22:07:39,063 | INFO | {"event": "kfold_fold_best_checkpoint", "timestamp": "2026-05-11T22:07:39", "fold": 3, "epoch": 17, "val_acc": 91.574, "model_path": "C:\\Users\\Joseph\\Desktop\\projects\\sign_to_text\\ensemble\\fold_3.pth"}
2026-05-11 22:07:39,064 | INFO |    F3 Ep  17 | tr  86.7% | va  91.6% | lr 2.6e-05 | 255.6s *
2026-05-11 22:12:12,454 | INFO | {"event": "kfold_fold_epoch_end", "timestamp": "2026-05-11T22:12:12", "fold": 3, "epoch": 18, "train_loss": 1.005093, "train_acc": 87.636, "val_loss": 0.891514, "val_acc": 90.828, "lr": 1.70968e-05, "elapsed_sec": 273.39, "best_val_acc": 91.574}
2026-05-11 22:16:58,265 | INFO | {"event": "kfold_fold_epoch_end", "timestamp": "2026-05-11T22:16:58", "fold": 3, "epoch": 19, "train_loss": 1.025574, "train_acc": 87.098, "val_loss": 0.875276, "val_acc": 91.344, "lr": 1.17852e-05, "elapsed_sec": 285.806, "best_val_acc": 91.574}
2026-05-11 22:21:37,597 | INFO | {"event": "kfold_fold_epoch_end", "timestamp": "2026-05-11T22:21:37", "fold": 3, "epoch": 20, "train_loss": 0.994223, "train_acc": 87.947, "val_loss": 0.874673, "val_acc": 91.545, "lr": 0.0003, "elapsed_sec": 279.312, "best_val_acc": 91.574}
2026-05-11 22:21:37,627 | INFO |    F3 Ep  20 | tr  87.9% | va  91.5% | lr 3.0e-04 | 279.3s
2026-05-11 22:27:57,420 | INFO | {"event": "kfold_fold_epoch_end", "timestamp": "2026-05-11T22:27:57", "fold": 3, "epoch": 21, "train_loss": 1.140837, "train_acc": 83.038, "val_loss": 0.976156, "val_acc": 88.879, "lr": 0.000299553, "elapsed_sec": 379.788, "best_val_acc": 91.574}
2026-05-11 22:34:19,306 | INFO | {"event": "kfold_fold_epoch_end", "timestamp": "2026-05-11T22:34:19", "fold": 3, "epoch": 22, "train_loss": 1.116744, "train_acc": 83.377, "val_loss": 1.000253, "val_acc": 88.306, "lr": 0.0002982148, "elapsed_sec": 381.867, "best_val_acc": 91.574}
2026-05-11 22:39:40,422 | INFO | {"event": "kfold_fold_epoch_end", "timestamp": "2026-05-11T22:39:40", "fold": 3, "epoch": 23, "train_loss": 1.082997, "train_acc": 84.531, "val_loss": 0.998321, "val_acc": 88.019, "lr": 0.0002959936, "elapsed_sec": 321.09, "best_val_acc": 91.574}
2026-05-11 22:44:31,928 | INFO | {"event": "kfold_fold_epoch_end", "timestamp": "2026-05-11T22:44:31", "fold": 3, "epoch": 24, "train_loss": 1.102091, "train_acc": 84.452, "val_loss": 0.943031, "val_acc": 89.653, "lr": 0.0002929032, "elapsed_sec": 291.494, "best_val_acc": 91.574}
2026-05-11 22:50:01,431 | INFO | {"event": "kfold_fold_epoch_end", "timestamp": "2026-05-11T22:50:01", "fold": 3, "epoch": 25, "train_loss": 1.064925, "train_acc": 85.479, "val_loss": 0.944588, "val_acc": 89.166, "lr": 0.0002889625, "elapsed_sec": 329.475, "best_val_acc": 91.574}
2026-05-11 22:55:38,266 | INFO | {"event": "kfold_fold_epoch_end", "timestamp": "2026-05-11T22:55:38", "fold": 3, "epoch": 26, "train_loss": 1.056417, "train_acc": 85.704, "val_loss": 0.934939, "val_acc": 90.14, "lr": 0.0002841959, "elapsed_sec": 336.801, "best_val_acc": 91.574}
2026-05-11 23:02:42,462 | INFO | {"event": "kfold_fold_epoch_end", "timestamp": "2026-05-11T23:02:42", "fold": 3, "epoch": 27, "train_loss": 1.049204, "train_acc": 86.401, "val_loss": 0.977398, "val_acc": 88.22, "lr": 0.0002786328, "elapsed_sec": 424.167, "best_val_acc": 91.574}
2026-05-11 23:02:42,486 | INFO |    F3 Early stop at epoch 27
2026-05-11 23:02:42,487 | INFO | {"event": "kfold_fold_early_stop", "timestamp": "2026-05-11T23:02:42", "fold": 3, "epoch": 27, "patience": 10, "best_val_acc": 91.574}
2026-05-11 23:02:42,487 | INFO | {"event": "kfold_fold_end", "timestamp": "2026-05-11T23:02:42", "fold": 3, "best_val_acc": 91.574, "model_path": "C:\\Users\\Joseph\\Desktop\\projects\\sign_to_text\\ensemble\\fold_3.pth"}
2026-05-11 23:02:42,552 | INFO |    Fold 3 best val acc: 91.57%
2026-05-11 23:02:42,555 | INFO | --- Fold 4 ---  train=14051  val=3456
2026-05-11 23:02:42,609 | INFO | [BalancedAug] 14051 -> 19656 samples (oversampled)
2026-05-11 23:02:42,610 | INFO | [BalancedAug] Per class: {0: 252, 1: 252, 2: 252, 3: 252, 4: 252, 5: 252, 6: 252, 7: 252, 8: 252, 9: 252, 10: 252, 11: 252, 12: 252, 13: 252, 14: 252, 15: 252, 16: 252, 17: 252, 18: 252, 19: 252, 20: 252, 21: 252, 22: 252, 23: 252, 24: 252, 25: 252, 26: 252, 27: 252, 28: 252, 29: 252, 30: 252, 31: 252, 32: 252, 33: 252, 34: 252, 35: 252, 36: 252, 37: 252, 38: 252, 39: 252, 40: 252, 41: 252, 42: 252, 43: 252, 44: 252, 45: 252, 46: 252, 47: 252, 48: 252, 49: 252, 50: 252, 51: 252, 52: 252, 53: 252, 54: 252, 55: 252, 56: 252, 57: 252, 58: 252, 59: 252, 60: 252, 61: 252, 62: 252, 63: 252, 64: 252, 65: 252, 66: 252, 67: 252, 68: 252, 69: 252, 70: 252, 71: 252, 72: 252, 73: 252, 74: 252, 75: 252, 76: 252, 77: 252}
2026-05-11 23:02:42,619 | INFO | {"event": "kfold_fold_start", "timestamp": "2026-05-11T23:02:42", "fold": 4, "train_size": 14051, "val_size": 3456, "train_class_counts": {"0": 58, "1": 223, "2": 236, "3": 192, "4": 236, "5": 180, "6": 177, "7": 58, "8": 236, "9": 236, "10": 170, "11": 58, "12": 180, "13": 58, "14": 58, "15": 132, "16": 170, "17": 154, "18": 236, "19": 162, "20": 170, "21": 220, "22": 223, "23": 232, "24": 223, "25": 223, "26": 180, "27": 58, "28": 223, "29": 236, "30": 58, "31": 219, "32": 210, "33": 236, "34": 219, "35": 219, "36": 104, "37": 223, "38": 162, "39": 236, "40": 164, "41": 192, "42": 58, "43": 162, "44": 180, "45": 108, "46": 236, "47": 236, "48": 153, "49": 242, "50": 223, "51": 168, "52": 181, "53": 172, "54": 180, "55": 58, "56": 223, "57": 236, "58": 132, "59": 236, "60": 236, "61": 58, "62": 58, "63": 236, "64": 219, "65": 223, "66": 172, "67": 138, "68": 172, "69": 200, "70": 244, "71": 223, "72": 58, "73": 236, "74": 252, "75": 235, "76": 223, "77": 244}, "val_class_counts": {"0": 14, "1": 55, "2": 58, "3": 47, "4": 58, "5": 44, "6": 44, "7": 14, "8": 58, "9": 58, "10": 42, "11": 14, "12": 44, "13": 14, "14": 14, "15": 32, "16": 42, "17": 38, "18": 58, "19": 40, "20": 42, "21": 54, "22": 55, "23": 58, "24": 55, "25": 55, "26": 44, "27": 14, "28": 55, "29": 59, "30": 14, "31": 54, "32": 52, "33": 58, "34": 54, "35": 54, "36": 26, "37": 55, "38": 40, "39": 58, "40": 40, "41": 48, "42": 14, "43": 40, "44": 44, "45": 26, "46": 58, "47": 58, "48": 38, "49": 60, "50": 55, "51": 41, "52": 45, "53": 42, "54": 44, "55": 14, "56": 55, "57": 58, "58": 32, "59": 58, "60": 58, "61": 14, "62": 14, "63": 58, "64": 54, "65": 55, "66": 42, "67": 34, "68": 42, "69": 49, "70": 60, "71": 55, "72": 14, "73": 58, "74": 62, "75": 58, "76": 55, "77": 60}}
2026-05-11 23:06:57,685 | INFO | {"event": "kfold_fold_epoch_end", "timestamp": "2026-05-11T23:06:57", "fold": 4, "epoch": 1, "train_loss": 3.420336, "train_acc": 11.44, "val_loss": 3.411113, "val_acc": 18.721, "lr": 0.0002982148, "elapsed_sec": 254.919, "best_val_acc": 0.0}
2026-05-11 23:06:57,820 | INFO | {"event": "kfold_fold_best_checkpoint", "timestamp": "2026-05-11T23:06:57", "fold": 4, "epoch": 1, "val_acc": 18.721, "model_path": "C:\\Users\\Joseph\\Desktop\\projects\\sign_to_text\\ensemble\\fold_4.pth"}
2026-05-11 23:06:57,823 | INFO |    F4 Ep   1 | tr  11.4% | va  18.7% | lr 3.0e-04 | 254.9s *
2026-05-11 23:11:22,791 | INFO | {"event": "kfold_fold_epoch_end", "timestamp": "2026-05-11T23:11:22", "fold": 4, "epoch": 2, "train_loss": 2.408862, "train_acc": 31.391, "val_loss": 2.617373, "val_acc": 39.497, "lr": 0.0002929032, "elapsed_sec": 264.966, "best_val_acc": 18.721}
2026-05-11 23:11:22,821 | INFO | {"event": "kfold_fold_best_checkpoint", "timestamp": "2026-05-11T23:11:22", "fold": 4, "epoch": 2, "val_acc": 39.497, "model_path": "C:\\Users\\Joseph\\Desktop\\projects\\sign_to_text\\ensemble\\fold_4.pth"}
2026-05-11 23:11:22,822 | INFO |    F4 Ep   2 | tr  31.4% | va  39.5% | lr 2.9e-04 | 265.0s *
2026-05-11 23:16:44,130 | INFO | {"event": "kfold_fold_epoch_end", "timestamp": "2026-05-11T23:16:44", "fold": 4, "epoch": 3, "train_loss": 1.963931, "train_acc": 47.184, "val_loss": 1.969257, "val_acc": 61.661, "lr": 0.0002841959, "elapsed_sec": 321.298, "best_val_acc": 39.497}
2026-05-11 23:16:44,199 | INFO | {"event": "kfold_fold_best_checkpoint", "timestamp": "2026-05-11T23:16:44", "fold": 4, "epoch": 3, "val_acc": 61.661, "model_path": "C:\\Users\\Joseph\\Desktop\\projects\\sign_to_text\\ensemble\\fold_4.pth"}
2026-05-11 23:16:44,201 | INFO |    F4 Ep   3 | tr  47.2% | va  61.7% | lr 2.8e-04 | 321.3s *
2026-05-11 23:20:49,598 | INFO | {"event": "kfold_fold_epoch_end", "timestamp": "2026-05-11T23:20:49", "fold": 4, "epoch": 4, "train_loss": 1.665887, "train_acc": 60.068, "val_loss": 1.640921, "val_acc": 70.515, "lr": 0.0002723075, "elapsed_sec": 245.388, "best_val_acc": 61.661}
2026-05-11 23:20:49,677 | INFO | {"event": "kfold_fold_best_checkpoint", "timestamp": "2026-05-11T23:20:49", "fold": 4, "epoch": 4, "val_acc": 70.515, "model_path": "C:\\Users\\Joseph\\Desktop\\projects\\sign_to_text\\ensemble\\fold_4.pth"}
2026-05-11 23:20:49,679 | INFO |    F4 Ep   4 | tr  60.1% | va  70.5% | lr 2.7e-04 | 245.4s *
2026-05-11 23:24:26,789 | INFO | {"event": "kfold_fold_epoch_end", "timestamp": "2026-05-11T23:24:26", "fold": 4, "epoch": 5, "train_loss": 1.518228, "train_acc": 67.139, "val_loss": 1.434594, "val_acc": 76.62, "lr": 0.0002575305, "elapsed_sec": 217.11, "best_val_acc": 70.515}
2026-05-11 23:24:26,806 | INFO | {"event": "kfold_fold_best_checkpoint", "timestamp": "2026-05-11T23:24:26", "fold": 4, "epoch": 5, "val_acc": 76.62, "model_path": "C:\\Users\\Joseph\\Desktop\\projects\\sign_to_text\\ensemble\\fold_4.pth"}
2026-05-11 23:24:26,806 | INFO |    F4 Ep   5 | tr  67.1% | va  76.6% | lr 2.6e-04 | 217.1s *
2026-05-11 23:28:05,268 | INFO | {"event": "kfold_fold_epoch_end", "timestamp": "2026-05-11T23:28:05", "fold": 4, "epoch": 6, "train_loss": 1.396362, "train_acc": 71.697, "val_loss": 1.342011, "val_acc": 77.98, "lr": 0.0002402289, "elapsed_sec": 218.462, "best_val_acc": 76.62}
2026-05-11 23:28:05,285 | INFO | {"event": "kfold_fold_best_checkpoint", "timestamp": "2026-05-11T23:28:05", "fold": 4, "epoch": 6, "val_acc": 77.98, "model_path": "C:\\Users\\Joseph\\Desktop\\projects\\sign_to_text\\ensemble\\fold_4.pth"}
2026-05-11 23:28:05,286 | INFO |    F4 Ep   6 | tr  71.7% | va  78.0% | lr 2.4e-04 | 218.5s *
2026-05-11 23:32:01,868 | INFO | {"event": "kfold_fold_epoch_end", "timestamp": "2026-05-11T23:32:01", "fold": 4, "epoch": 7, "train_loss": 1.284796, "train_acc": 76.135, "val_loss": 1.193844, "val_acc": 83.073, "lr": 0.0002208286, "elapsed_sec": 236.581, "best_val_acc": 77.98}
2026-05-11 23:32:01,901 | INFO | {"event": "kfold_fold_best_checkpoint", "timestamp": "2026-05-11T23:32:01", "fold": 4, "epoch": 7, "val_acc": 83.073, "model_path": "C:\\Users\\Joseph\\Desktop\\projects\\sign_to_text\\ensemble\\fold_4.pth"}
2026-05-11 23:32:01,902 | INFO |    F4 Ep   7 | tr  76.1% | va  83.1% | lr 2.2e-04 | 236.6s *
2026-05-11 23:35:52,815 | INFO | {"event": "kfold_fold_epoch_end", "timestamp": "2026-05-11T23:35:52", "fold": 4, "epoch": 8, "train_loss": 1.214075, "train_acc": 78.909, "val_loss": 1.16062, "val_acc": 84.144, "lr": 0.0001998075, "elapsed_sec": 230.912, "best_val_acc": 83.073}
2026-05-11 23:35:52,832 | INFO | {"event": "kfold_fold_best_checkpoint", "timestamp": "2026-05-11T23:35:52", "fold": 4, "epoch": 8, "val_acc": 84.144, "model_path": "C:\\Users\\Joseph\\Desktop\\projects\\sign_to_text\\ensemble\\fold_4.pth"}
2026-05-11 23:35:52,833 | INFO |    F4 Ep   8 | tr  78.9% | va  84.1% | lr 2.0e-04 | 230.9s *
2026-05-11 23:39:45,418 | INFO | {"event": "kfold_fold_epoch_end", "timestamp": "2026-05-11T23:39:45", "fold": 4, "epoch": 9, "train_loss": 1.223101, "train_acc": 79.76, "val_loss": 1.092912, "val_acc": 85.995, "lr": 0.000177683, "elapsed_sec": 232.576, "best_val_acc": 84.144}
2026-05-11 23:39:45,476 | INFO | {"event": "kfold_fold_best_checkpoint", "timestamp": "2026-05-11T23:39:45", "fold": 4, "epoch": 9, "val_acc": 85.995, "model_path": "C:\\Users\\Joseph\\Desktop\\projects\\sign_to_text\\ensemble\\fold_4.pth"}
2026-05-11 23:39:45,478 | INFO |    F4 Ep   9 | tr  79.8% | va  86.0% | lr 1.8e-04 | 232.6s *
2026-05-11 23:43:29,949 | INFO | {"event": "kfold_fold_epoch_end", "timestamp": "2026-05-11T23:43:29", "fold": 4, "epoch": 10, "train_loss": 1.161503, "train_acc": 81.483, "val_loss": 1.062438, "val_acc": 86.487, "lr": 0.000155, "elapsed_sec": 224.471, "best_val_acc": 85.995}
2026-05-11 23:43:29,966 | INFO | {"event": "kfold_fold_best_checkpoint", "timestamp": "2026-05-11T23:43:29", "fold": 4, "epoch": 10, "val_acc": 86.487, "model_path": "C:\\Users\\Joseph\\Desktop\\projects\\sign_to_text\\ensemble\\fold_4.pth"}
2026-05-11 23:43:29,966 | INFO |    F4 Ep  10 | tr  81.5% | va  86.5% | lr 1.5e-04 | 224.5s *
2026-05-11 23:48:11,236 | INFO | {"event": "kfold_fold_epoch_end", "timestamp": "2026-05-11T23:48:11", "fold": 4, "epoch": 11, "train_loss": 1.090884, "train_acc": 83.812, "val_loss": 1.03646, "val_acc": 87.674, "lr": 0.000132317, "elapsed_sec": 281.269, "best_val_acc": 86.487}
2026-05-11 23:48:11,254 | INFO | {"event": "kfold_fold_best_checkpoint", "timestamp": "2026-05-11T23:48:11", "fold": 4, "epoch": 11, "val_acc": 87.674, "model_path": "C:\\Users\\Joseph\\Desktop\\projects\\sign_to_text\\ensemble\\fold_4.pth"}
2026-05-11 23:48:11,254 | INFO |    F4 Ep  11 | tr  83.8% | va  87.7% | lr 1.3e-04 | 281.3s *
2026-05-11 23:54:02,591 | INFO | {"event": "kfold_fold_epoch_end", "timestamp": "2026-05-11T23:54:02", "fold": 4, "epoch": 12, "train_loss": 1.065444, "train_acc": 84.694, "val_loss": 1.016192, "val_acc": 88.108, "lr": 0.0001101925, "elapsed_sec": 351.33, "best_val_acc": 87.674}
2026-05-11 23:54:02,631 | INFO | {"event": "kfold_fold_best_checkpoint", "timestamp": "2026-05-11T23:54:02", "fold": 4, "epoch": 12, "val_acc": 88.108, "model_path": "C:\\Users\\Joseph\\Desktop\\projects\\sign_to_text\\ensemble\\fold_4.pth"}
2026-05-11 23:54:02,633 | INFO |    F4 Ep  12 | tr  84.7% | va  88.1% | lr 1.1e-04 | 351.3s *
2026-05-12 00:01:23,948 | INFO | {"event": "kfold_fold_epoch_end", "timestamp": "2026-05-12T00:01:23", "fold": 4, "epoch": 13, "train_loss": 1.059017, "train_acc": 85.272, "val_loss": 0.979694, "val_acc": 89.786, "lr": 8.91714e-05, "elapsed_sec": 441.309, "best_val_acc": 88.108}
2026-05-12 00:01:23,989 | INFO | {"event": "kfold_fold_best_checkpoint", "timestamp": "2026-05-12T00:01:23", "fold": 4, "epoch": 13, "val_acc": 89.786, "model_path": "C:\\Users\\Joseph\\Desktop\\projects\\sign_to_text\\ensemble\\fold_4.pth"}
2026-05-12 00:01:23,989 | INFO |    F4 Ep  13 | tr  85.3% | va  89.8% | lr 8.9e-05 | 441.3s *
2026-05-12 00:08:00,337 | INFO | {"event": "kfold_fold_epoch_end", "timestamp": "2026-05-12T00:08:00", "fold": 4, "epoch": 14, "train_loss": 1.044238, "train_acc": 85.837, "val_loss": 0.984751, "val_acc": 89.525, "lr": 6.97711e-05, "elapsed_sec": 396.346, "best_val_acc": 89.786}
2026-05-12 00:14:49,238 | INFO | {"event": "kfold_fold_epoch_end", "timestamp": "2026-05-12T00:14:49", "fold": 4, "epoch": 15, "train_loss": 1.041041, "train_acc": 86.254, "val_loss": 0.963706, "val_acc": 90.046, "lr": 5.24695e-05, "elapsed_sec": 408.893, "best_val_acc": 89.786}
2026-05-12 00:14:49,288 | INFO | {"event": "kfold_fold_best_checkpoint", "timestamp": "2026-05-12T00:14:49", "fold": 4, "epoch": 15, "val_acc": 90.046, "model_path": "C:\\Users\\Joseph\\Desktop\\projects\\sign_to_text\\ensemble\\fold_4.pth"}
2026-05-12 00:14:49,289 | INFO |    F4 Ep  15 | tr  86.3% | va  90.0% | lr 5.2e-05 | 408.9s *
2026-05-12 00:20:51,437 | INFO | {"event": "kfold_fold_epoch_end", "timestamp": "2026-05-12T00:20:51", "fold": 4, "epoch": 16, "train_loss": 1.002273, "train_acc": 87.085, "val_loss": 0.949373, "val_acc": 90.278, "lr": 3.76925e-05, "elapsed_sec": 362.143, "best_val_acc": 90.046}
2026-05-12 00:20:51,480 | INFO | {"event": "kfold_fold_best_checkpoint", "timestamp": "2026-05-12T00:20:51", "fold": 4, "epoch": 16, "val_acc": 90.278, "model_path": "C:\\Users\\Joseph\\Desktop\\projects\\sign_to_text\\ensemble\\fold_4.pth"}
2026-05-12 00:20:51,481 | INFO |    F4 Ep  16 | tr  87.1% | va  90.3% | lr 3.8e-05 | 362.1s *
2026-05-12 00:26:49,729 | INFO | {"event": "kfold_fold_epoch_end", "timestamp": "2026-05-12T00:26:49", "fold": 4, "epoch": 17, "train_loss": 1.023569, "train_acc": 86.752, "val_loss": 0.956812, "val_acc": 90.654, "lr": 2.58041e-05, "elapsed_sec": 358.242, "best_val_acc": 90.278}
2026-05-12 00:26:49,783 | INFO | {"event": "kfold_fold_best_checkpoint", "timestamp": "2026-05-12T00:26:49", "fold": 4, "epoch": 17, "val_acc": 90.654, "model_path": "C:\\Users\\Joseph\\Desktop\\projects\\sign_to_text\\ensemble\\fold_4.pth"}
2026-05-12 00:26:49,784 | INFO |    F4 Ep  17 | tr  86.8% | va  90.7% | lr 2.6e-05 | 358.2s *
2026-05-12 00:32:58,106 | INFO | {"event": "kfold_fold_epoch_end", "timestamp": "2026-05-12T00:32:58", "fold": 4, "epoch": 18, "train_loss": 1.010497, "train_acc": 87.108, "val_loss": 0.94983, "val_acc": 90.712, "lr": 1.70968e-05, "elapsed_sec": 368.32, "best_val_acc": 90.654}
2026-05-12 00:32:58,151 | INFO | {"event": "kfold_fold_best_checkpoint", "timestamp": "2026-05-12T00:32:58", "fold": 4, "epoch": 18, "val_acc": 90.712, "model_path": "C:\\Users\\Joseph\\Desktop\\projects\\sign_to_text\\ensemble\\fold_4.pth"}
2026-05-12 00:32:58,152 | INFO |    F4 Ep  18 | tr  87.1% | va  90.7% | lr 1.7e-05 | 368.3s *
2026-05-12 00:38:48,002 | INFO | {"event": "kfold_fold_epoch_end", "timestamp": "2026-05-12T00:38:48", "fold": 4, "epoch": 19, "train_loss": 1.001243, "train_acc": 87.723, "val_loss": 0.945172, "val_acc": 90.654, "lr": 1.17852e-05, "elapsed_sec": 349.851, "best_val_acc": 90.712}
2026-05-12 00:44:42,436 | INFO | {"event": "kfold_fold_epoch_end", "timestamp": "2026-05-12T00:44:42", "fold": 4, "epoch": 20, "train_loss": 1.009814, "train_acc": 87.149, "val_loss": 0.941929, "val_acc": 90.828, "lr": 0.0003, "elapsed_sec": 354.422, "best_val_acc": 90.712}
2026-05-12 00:44:42,491 | INFO | {"event": "kfold_fold_best_checkpoint", "timestamp": "2026-05-12T00:44:42", "fold": 4, "epoch": 20, "val_acc": 90.828, "model_path": "C:\\Users\\Joseph\\Desktop\\projects\\sign_to_text\\ensemble\\fold_4.pth"}
2026-05-12 00:44:42,492 | INFO |    F4 Ep  20 | tr  87.1% | va  90.8% | lr 3.0e-04 | 354.4s *
2026-05-12 00:50:44,091 | INFO | {"event": "kfold_fold_epoch_end", "timestamp": "2026-05-12T00:50:44", "fold": 4, "epoch": 21, "train_loss": 1.115325, "train_acc": 83.204, "val_loss": 1.091905, "val_acc": 86.429, "lr": 0.000299553, "elapsed_sec": 361.597, "best_val_acc": 90.828}
2026-05-12 00:56:56,926 | INFO | {"event": "kfold_fold_epoch_end", "timestamp": "2026-05-12T00:56:56", "fold": 4, "epoch": 22, "train_loss": 1.14814, "train_acc": 82.583, "val_loss": 1.043317, "val_acc": 86.979, "lr": 0.0002982148, "elapsed_sec": 372.829, "best_val_acc": 90.828}
2026-05-12 01:03:14,064 | INFO | {"event": "kfold_fold_epoch_end", "timestamp": "2026-05-12T01:03:14", "fold": 4, "epoch": 23, "train_loss": 1.072509, "train_acc": 84.457, "val_loss": 1.008915, "val_acc": 88.802, "lr": 0.0002959936, "elapsed_sec": 377.128, "best_val_acc": 90.828}
2026-05-12 01:08:43,705 | INFO | {"event": "kfold_fold_epoch_end", "timestamp": "2026-05-12T01:08:43", "fold": 4, "epoch": 24, "train_loss": 1.073055, "train_acc": 84.704, "val_loss": 1.040118, "val_acc": 87.963, "lr": 0.0002929032, "elapsed_sec": 329.633, "best_val_acc": 90.828}
2026-05-12 01:14:25,453 | INFO | {"event": "kfold_fold_epoch_end", "timestamp": "2026-05-12T01:14:25", "fold": 4, "epoch": 25, "train_loss": 1.089341, "train_acc": 84.643, "val_loss": 0.972521, "val_acc": 89.988, "lr": 0.0002889625, "elapsed_sec": 341.746, "best_val_acc": 90.828}
2026-05-12 01:20:15,683 | INFO | {"event": "kfold_fold_epoch_end", "timestamp": "2026-05-12T01:20:15", "fold": 4, "epoch": 26, "train_loss": 1.071674, "train_acc": 85.269, "val_loss": 0.97085, "val_acc": 89.265, "lr": 0.0002841959, "elapsed_sec": 350.229, "best_val_acc": 90.828}
