2026-05-12 07:58:50,015 | INFO | Logger initialized for kfold_resume
2026-05-12 07:58:50,015 | INFO | Log file: logs\kfold_resume_20260512_075850.log
2026-05-12 07:58:50,016 | INFO | {"event": "kfold_resume_start", "timestamp": "2026-05-12T07:58:50", "start_fold": 4, "num_folds": 5}
2026-05-12 07:58:50,016 | INFO | ============================================================
2026-05-12 07:58:50,016 | INFO |   K-Fold Training (Resume)
2026-05-12 07:58:50,016 | INFO |   Starting from fold 4 of 5
2026-05-12 07:58:50,017 | INFO | ============================================================
2026-05-12 07:59:05,102 | INFO | [Dataset] 17507 samples, 78 classes (augment=False, oversample=False)
2026-05-12 07:59:05,102 | INFO | [Dataset] Distribution: alive=72, alright=278, bad=294, beautiful=239, big_large=294, blind=224, cheap=221, clean=72, cold=294, cool=294, curved=212, dead=72, deaf=224, deep=72, dirty=72, dry=164, expensive=212, famous=192, fast=294, female=202, flat=212, good=274, good_afternoon=278, good_evening=290, good_morning=278, good_night=278, happy=224, hard=72, he=278, healthy=295, heavy=72, hello=273, high=262, hot=294, how_are_you=273, i=273, idle=130, it=278, light=202, long=294, loose=204, loud=240, low=72, male=202, mean=224, morning=134, narrow=294, new=294, nice=191, old=302, pleased=278, poor=209, quiet=226, rich=214, sad=224, shallow=72, she=278, short=294, sick=164, slow=294, small_little=294, soft=72, strong=72, tall=294, thank_you=273, they=278, thick=214, thin=172, tight=214, ugly=249, warm=304, we=278, weak=72, wet=294, wide=314, you=293, you_all=278, young=304
2026-05-12 07:59:05,303 | INFO | [KFold] Using source-aware K-fold (num_folds=5)
2026-05-12 07:59:05,303 | INFO | ============================================================
2026-05-12 07:59:05,303 | INFO |   K-Fold Cross-Validation (5 folds)
2026-05-12 07:59:05,304 | INFO |   Dataset: 17507 samples, 78 classes
2026-05-12 07:59:05,304 | INFO | ============================================================
2026-05-12 07:59:05,304 | INFO | {"event": "kfold_start", "timestamp": "2026-05-12T07:59:05", "num_folds": 5, "dataset_size": 17507, "num_classes": 78}
2026-05-12 07:59:05,347 | INFO | [Model] Params per fold: 1,169,589
2026-05-12 07:59:05,347 | INFO | --- Fold 4 ---  train=14051  val=3456
2026-05-12 07:59:05,352 | INFO | [BalancedAug] 14051 -> 19656 samples (oversampled)
2026-05-12 07:59:05,352 | INFO | [BalancedAug] Per class: {0: 252, 1: 252, 2: 252, 3: 252, 4: 252, 5: 252, 6: 252, 7: 252, 8: 252, 9: 252, 10: 252, 11: 252, 12: 252, 13: 252, 14: 252, 15: 252, 16: 252, 17: 252, 18: 252, 19: 252, 20: 252, 21: 252, 22: 252, 23: 252, 24: 252, 25: 252, 26: 252, 27: 252, 28: 252, 29: 252, 30: 252, 31: 252, 32: 252, 33: 252, 34: 252, 35: 252, 36: 252, 37: 252, 38: 252, 39: 252, 40: 252, 41: 252, 42: 252, 43: 252, 44: 252, 45: 252, 46: 252, 47: 252, 48: 252, 49: 252, 50: 252, 51: 252, 52: 252, 53: 252, 54: 252, 55: 252, 56: 252, 57: 252, 58: 252, 59: 252, 60: 252, 61: 252, 62: 252, 63: 252, 64: 252, 65: 252, 66: 252, 67: 252, 68: 252, 69: 252, 70: 252, 71: 252, 72: 252, 73: 252, 74: 252, 75: 252, 76: 252, 77: 252}
2026-05-12 07:59:05,361 | INFO | {"event": "kfold_fold_start", "timestamp": "2026-05-12T07:59:05", "fold": 4, "train_size": 14051, "val_size": 3456, "train_class_counts": {"0": 58, "1": 223, "2": 236, "3": 192, "4": 236, "5": 180, "6": 177, "7": 58, "8": 236, "9": 236, "10": 170, "11": 58, "12": 180, "13": 58, "14": 58, "15": 132, "16": 170, "17": 154, "18": 236, "19": 162, "20": 170, "21": 220, "22": 223, "23": 232, "24": 223, "25": 223, "26": 180, "27": 58, "28": 223, "29": 236, "30": 58, "31": 219, "32": 210, "33": 236, "34": 219, "35": 219, "36": 104, "37": 223, "38": 162, "39": 236, "40": 164, "41": 192, "42": 58, "43": 162, "44": 180, "45": 108, "46": 236, "47": 236, "48": 153, "49": 242, "50": 223, "51": 168, "52": 181, "53": 172, "54": 180, "55": 58, "56": 223, "57": 236, "58": 132, "59": 236, "60": 236, "61": 58, "62": 58, "63": 236, "64": 219, "65": 223, "66": 172, "67": 138, "68": 172, "69": 200, "70": 244, "71": 223, "72": 58, "73": 236, "74": 252, "75": 235, "76": 223, "77": 244}, "val_class_counts": {"0": 14, "1": 55, "2": 58, "3": 47, "4": 58, "5": 44, "6": 44, "7": 14, "8": 58, "9": 58, "10": 42, "11": 14, "12": 44, "13": 14, "14": 14, "15": 32, "16": 42, "17": 38, "18": 58, "19": 40, "20": 42, "21": 54, "22": 55, "23": 58, "24": 55, "25": 55, "26": 44, "27": 14, "28": 55, "29": 59, "30": 14, "31": 54, "32": 52, "33": 58, "34": 54, "35": 54, "36": 26, "37": 55, "38": 40, "39": 58, "40": 40, "41": 48, "42": 14, "43": 40, "44": 44, "45": 26, "46": 58, "47": 58, "48": 38, "49": 60, "50": 55, "51": 41, "52": 45, "53": 42, "54": 44, "55": 14, "56": 55, "57": 58, "58": 32, "59": 58, "60": 58, "61": 14, "62": 14, "63": 58, "64": 54, "65": 55, "66": 42, "67": 34, "68": 42, "69": 49, "70": 60, "71": 55, "72": 14, "73": 58, "74": 62, "75": 58, "76": 55, "77": 60}}
2026-05-12 08:01:40,907 | INFO | {"event": "kfold_fold_epoch_end", "timestamp": "2026-05-12T08:01:40", "fold": 4, "epoch": 1, "train_loss": 3.388129, "train_acc": 12.57, "val_loss": 3.460657, "val_acc": 16.117, "lr": 0.0002982148, "elapsed_sec": 153.85, "best_val_acc": 0.0}
2026-05-12 08:01:40,930 | INFO | {"event": "kfold_fold_best_checkpoint", "timestamp": "2026-05-12T08:01:40", "fold": 4, "epoch": 1, "val_acc": 16.117, "model_path": "C:\\Users\\Joseph\\Desktop\\projects\\sign_to_text\\ensemble\\fold_4.pth"}
2026-05-12 08:01:40,930 | INFO |    F4 Ep   1 | tr  12.6% | va  16.1% | lr 3.0e-04 | 153.8s *
2026-05-12 08:04:18,463 | INFO | {"event": "kfold_fold_epoch_end", "timestamp": "2026-05-12T08:04:18", "fold": 4, "epoch": 2, "train_loss": 2.388113, "train_acc": 31.796, "val_loss": 2.579491, "val_acc": 40.133, "lr": 0.0002929032, "elapsed_sec": 157.532, "best_val_acc": 16.117}
2026-05-12 08:04:18,475 | INFO | {"event": "kfold_fold_best_checkpoint", "timestamp": "2026-05-12T08:04:18", "fold": 4, "epoch": 2, "val_acc": 40.133, "model_path": "C:\\Users\\Joseph\\Desktop\\projects\\sign_to_text\\ensemble\\fold_4.pth"}
2026-05-12 08:04:18,476 | INFO |    F4 Ep   2 | tr  31.8% | va  40.1% | lr 2.9e-04 | 157.5s *
2026-05-12 08:07:08,210 | INFO | {"event": "kfold_fold_epoch_end", "timestamp": "2026-05-12T08:07:08", "fold": 4, "epoch": 3, "train_loss": 1.950591, "train_acc": 46.92, "val_loss": 2.063258, "val_acc": 52.546, "lr": 0.0002841959, "elapsed_sec": 169.734, "best_val_acc": 40.133}
2026-05-12 08:07:08,223 | INFO | {"event": "kfold_fold_best_checkpoint", "timestamp": "2026-05-12T08:07:08", "fold": 4, "epoch": 3, "val_acc": 52.546, "model_path": "C:\\Users\\Joseph\\Desktop\\projects\\sign_to_text\\ensemble\\fold_4.pth"}
2026-05-12 08:07:08,223 | INFO |    F4 Ep   3 | tr  46.9% | va  52.5% | lr 2.8e-04 | 169.7s *
2026-05-12 08:10:00,503 | INFO | {"event": "kfold_fold_epoch_end", "timestamp": "2026-05-12T08:10:00", "fold": 4, "epoch": 4, "train_loss": 1.710472, "train_acc": 58.628, "val_loss": 1.713694, "val_acc": 67.708, "lr": 0.0002723075, "elapsed_sec": 172.28, "best_val_acc": 52.546}
2026-05-12 08:10:00,516 | INFO | {"event": "kfold_fold_best_checkpoint", "timestamp": "2026-05-12T08:10:00", "fold": 4, "epoch": 4, "val_acc": 67.708, "model_path": "C:\\Users\\Joseph\\Desktop\\projects\\sign_to_text\\ensemble\\fold_4.pth"}
2026-05-12 08:10:00,516 | INFO |    F4 Ep   4 | tr  58.6% | va  67.7% | lr 2.7e-04 | 172.3s *
2026-05-12 08:12:58,334 | INFO | {"event": "kfold_fold_epoch_end", "timestamp": "2026-05-12T08:12:58", "fold": 4, "epoch": 5, "train_loss": 1.530086, "train_acc": 66.404, "val_loss": 1.518334, "val_acc": 70.833, "lr": 0.0002575305, "elapsed_sec": 177.817, "best_val_acc": 67.708}
2026-05-12 08:12:58,348 | INFO | {"event": "kfold_fold_best_checkpoint", "timestamp": "2026-05-12T08:12:58", "fold": 4, "epoch": 5, "val_acc": 70.833, "model_path": "C:\\Users\\Joseph\\Desktop\\projects\\sign_to_text\\ensemble\\fold_4.pth"}
2026-05-12 08:12:58,349 | INFO |    F4 Ep   5 | tr  66.4% | va  70.8% | lr 2.6e-04 | 177.8s *
2026-05-12 08:15:50,579 | INFO | {"event": "kfold_fold_epoch_end", "timestamp": "2026-05-12T08:15:50", "fold": 4, "epoch": 6, "train_loss": 1.376005, "train_acc": 72.034, "val_loss": 1.276515, "val_acc": 80.382, "lr": 0.0002402289, "elapsed_sec": 172.23, "best_val_acc": 70.833}
2026-05-12 08:15:50,592 | INFO | {"event": "kfold_fold_best_checkpoint", "timestamp": "2026-05-12T08:15:50", "fold": 4, "epoch": 6, "val_acc": 80.382, "model_path": "C:\\Users\\Joseph\\Desktop\\projects\\sign_to_text\\ensemble\\fold_4.pth"}
2026-05-12 08:15:50,593 | INFO |    F4 Ep   6 | tr  72.0% | va  80.4% | lr 2.4e-04 | 172.2s *
2026-05-12 08:18:45,192 | INFO | {"event": "kfold_fold_epoch_end", "timestamp": "2026-05-12T08:18:45", "fold": 4, "epoch": 7, "train_loss": 1.302089, "train_acc": 76.087, "val_loss": 1.243416, "val_acc": 79.89, "lr": 0.0002208286, "elapsed_sec": 174.599, "best_val_acc": 80.382}
2026-05-12 08:21:41,364 | INFO | {"event": "kfold_fold_epoch_end", "timestamp": "2026-05-12T08:21:41", "fold": 4, "epoch": 8, "train_loss": 1.249142, "train_acc": 78.047, "val_loss": 1.135318, "val_acc": 84.809, "lr": 0.0001998075, "elapsed_sec": 176.171, "best_val_acc": 80.382}
2026-05-12 08:21:41,378 | INFO | {"event": "kfold_fold_best_checkpoint", "timestamp": "2026-05-12T08:21:41", "fold": 4, "epoch": 8, "val_acc": 84.809, "model_path": "C:\\Users\\Joseph\\Desktop\\projects\\sign_to_text\\ensemble\\fold_4.pth"}
2026-05-12 08:21:41,378 | INFO |    F4 Ep   8 | tr  78.0% | va  84.8% | lr 2.0e-04 | 176.2s *
2026-05-12 08:24:38,010 | INFO | {"event": "kfold_fold_epoch_end", "timestamp": "2026-05-12T08:24:38", "fold": 4, "epoch": 9, "train_loss": 1.220906, "train_acc": 79.527, "val_loss": 1.116439, "val_acc": 84.722, "lr": 0.000177683, "elapsed_sec": 176.632, "best_val_acc": 84.809}
2026-05-12 08:27:47,457 | INFO | {"event": "kfold_fold_epoch_end", "timestamp": "2026-05-12T08:27:47", "fold": 4, "epoch": 10, "train_loss": 1.202388, "train_acc": 80.851, "val_loss": 1.116512, "val_acc": 85.475, "lr": 0.000155, "elapsed_sec": 189.448, "best_val_acc": 84.809}
2026-05-12 08:27:47,473 | INFO | {"event": "kfold_fold_best_checkpoint", "timestamp": "2026-05-12T08:27:47", "fold": 4, "epoch": 10, "val_acc": 85.475, "model_path": "C:\\Users\\Joseph\\Desktop\\projects\\sign_to_text\\ensemble\\fold_4.pth"}
2026-05-12 08:27:47,473 | INFO |    F4 Ep  10 | tr  80.9% | va  85.5% | lr 1.5e-04 | 189.4s *
2026-05-12 08:30:42,946 | INFO | {"event": "kfold_fold_epoch_end", "timestamp": "2026-05-12T08:30:42", "fold": 4, "epoch": 11, "train_loss": 1.150883, "train_acc": 82.373, "val_loss": 1.038352, "val_acc": 87.095, "lr": 0.000132317, "elapsed_sec": 175.473, "best_val_acc": 85.475}
2026-05-12 08:30:42,959 | INFO | {"event": "kfold_fold_best_checkpoint", "timestamp": "2026-05-12T08:30:42", "fold": 4, "epoch": 11, "val_acc": 87.095, "model_path": "C:\\Users\\Joseph\\Desktop\\projects\\sign_to_text\\ensemble\\fold_4.pth"}
2026-05-12 08:30:42,959 | INFO |    F4 Ep  11 | tr  82.4% | va  87.1% | lr 1.3e-04 | 175.5s *
2026-05-12 08:33:34,021 | INFO | {"event": "kfold_fold_epoch_end", "timestamp": "2026-05-12T08:33:34", "fold": 4, "epoch": 12, "train_loss": 1.120194, "train_acc": 83.56, "val_loss": 1.021333, "val_acc": 88.108, "lr": 0.0001101925, "elapsed_sec": 171.061, "best_val_acc": 87.095}
2026-05-12 08:33:34,034 | INFO | {"event": "kfold_fold_best_checkpoint", "timestamp": "2026-05-12T08:33:34", "fold": 4, "epoch": 12, "val_acc": 88.108, "model_path": "C:\\Users\\Joseph\\Desktop\\projects\\sign_to_text\\ensemble\\fold_4.pth"}
2026-05-12 08:33:34,034 | INFO |    F4 Ep  12 | tr  83.6% | va  88.1% | lr 1.1e-04 | 171.1s *
2026-05-12 08:36:22,636 | INFO | {"event": "kfold_fold_epoch_end", "timestamp": "2026-05-12T08:36:22", "fold": 4, "epoch": 13, "train_loss": 1.072491, "train_acc": 84.581, "val_loss": 0.979995, "val_acc": 89.641, "lr": 8.91714e-05, "elapsed_sec": 168.602, "best_val_acc": 88.108}
2026-05-12 08:36:22,649 | INFO | {"event": "kfold_fold_best_checkpoint", "timestamp": "2026-05-12T08:36:22", "fold": 4, "epoch": 13, "val_acc": 89.641, "model_path": "C:\\Users\\Joseph\\Desktop\\projects\\sign_to_text\\ensemble\\fold_4.pth"}
2026-05-12 08:36:22,651 | INFO |    F4 Ep  13 | tr  84.6% | va  89.6% | lr 8.9e-05 | 168.6s *
2026-05-12 08:39:15,784 | INFO | {"event": "kfold_fold_epoch_end", "timestamp": "2026-05-12T08:39:15", "fold": 4, "epoch": 14, "train_loss": 1.038666, "train_acc": 86.013, "val_loss": 0.965454, "val_acc": 90.046, "lr": 6.97711e-05, "elapsed_sec": 173.133, "best_val_acc": 89.641}
2026-05-12 08:39:15,798 | INFO | {"event": "kfold_fold_best_checkpoint", "timestamp": "2026-05-12T08:39:15", "fold": 4, "epoch": 14, "val_acc": 90.046, "model_path": "C:\\Users\\Joseph\\Desktop\\projects\\sign_to_text\\ensemble\\fold_4.pth"}
2026-05-12 08:39:15,798 | INFO |    F4 Ep  14 | tr  86.0% | va  90.0% | lr 7.0e-05 | 173.1s *
2026-05-12 08:42:15,948 | INFO | {"event": "kfold_fold_epoch_end", "timestamp": "2026-05-12T08:42:15", "fold": 4, "epoch": 15, "train_loss": 1.023834, "train_acc": 86.656, "val_loss": 0.942503, "val_acc": 90.654, "lr": 5.24695e-05, "elapsed_sec": 180.15, "best_val_acc": 90.046}
2026-05-12 08:42:15,962 | INFO | {"event": "kfold_fold_best_checkpoint", "timestamp": "2026-05-12T08:42:15", "fold": 4, "epoch": 15, "val_acc": 90.654, "model_path": "C:\\Users\\Joseph\\Desktop\\projects\\sign_to_text\\ensemble\\fold_4.pth"}
2026-05-12 08:42:15,963 | INFO |    F4 Ep  15 | tr  86.7% | va  90.7% | lr 5.2e-05 | 180.2s *
2026-05-12 08:45:13,516 | INFO | {"event": "kfold_fold_epoch_end", "timestamp": "2026-05-12T08:45:13", "fold": 4, "epoch": 16, "train_loss": 1.031797, "train_acc": 86.34, "val_loss": 0.938834, "val_acc": 90.336, "lr": 3.76925e-05, "elapsed_sec": 177.552, "best_val_acc": 90.654}
2026-05-12 08:48:03,123 | INFO | {"event": "kfold_fold_epoch_end", "timestamp": "2026-05-12T08:48:03", "fold": 4, "epoch": 17, "train_loss": 1.007061, "train_acc": 87.359, "val_loss": 0.934353, "val_acc": 91.001, "lr": 2.58041e-05, "elapsed_sec": 169.606, "best_val_acc": 90.654}
2026-05-12 08:48:03,137 | INFO | {"event": "kfold_fold_best_checkpoint", "timestamp": "2026-05-12T08:48:03", "fold": 4, "epoch": 17, "val_acc": 91.001, "model_path": "C:\\Users\\Joseph\\Desktop\\projects\\sign_to_text\\ensemble\\fold_4.pth"}
2026-05-12 08:48:03,137 | INFO |    F4 Ep  17 | tr  87.4% | va  91.0% | lr 2.6e-05 | 169.6s *
2026-05-12 08:50:52,932 | INFO | {"event": "kfold_fold_epoch_end", "timestamp": "2026-05-12T08:50:52", "fold": 4, "epoch": 18, "train_loss": 1.026785, "train_acc": 86.488, "val_loss": 0.930233, "val_acc": 91.175, "lr": 1.70968e-05, "elapsed_sec": 169.795, "best_val_acc": 91.001}
2026-05-12 08:50:52,946 | INFO | {"event": "kfold_fold_best_checkpoint", "timestamp": "2026-05-12T08:50:52", "fold": 4, "epoch": 18, "val_acc": 91.175, "model_path": "C:\\Users\\Joseph\\Desktop\\projects\\sign_to_text\\ensemble\\fold_4.pth"}
2026-05-12 08:50:52,946 | INFO |    F4 Ep  18 | tr  86.5% | va  91.2% | lr 1.7e-05 | 169.8s *
2026-05-12 08:53:41,710 | INFO | {"event": "kfold_fold_epoch_end", "timestamp": "2026-05-12T08:53:41", "fold": 4, "epoch": 19, "train_loss": 0.987258, "train_acc": 87.748, "val_loss": 0.932261, "val_acc": 90.828, "lr": 1.17852e-05, "elapsed_sec": 168.764, "best_val_acc": 91.175}
2026-05-12 08:56:34,268 | INFO | {"event": "kfold_fold_epoch_end", "timestamp": "2026-05-12T08:56:34", "fold": 4, "epoch": 20, "train_loss": 1.032992, "train_acc": 86.914, "val_loss": 0.923825, "val_acc": 91.146, "lr": 0.0003, "elapsed_sec": 172.556, "best_val_acc": 91.175}
2026-05-12 08:56:34,268 | INFO |    F4 Ep  20 | tr  86.9% | va  91.1% | lr 3.0e-04 | 172.6s
2026-05-12 08:59:27,976 | INFO | {"event": "kfold_fold_epoch_end", "timestamp": "2026-05-12T08:59:27", "fold": 4, "epoch": 21, "train_loss": 1.123109, "train_acc": 83.017, "val_loss": 0.981231, "val_acc": 89.034, "lr": 0.000299553, "elapsed_sec": 173.708, "best_val_acc": 91.175}
2026-05-12 09:02:20,352 | INFO | {"event": "kfold_fold_epoch_end", "timestamp": "2026-05-12T09:02:20", "fold": 4, "epoch": 22, "train_loss": 1.10383, "train_acc": 83.398, "val_loss": 1.007721, "val_acc": 88.542, "lr": 0.0002982148, "elapsed_sec": 172.377, "best_val_acc": 91.175}
2026-05-12 09:05:06,992 | INFO | {"event": "kfold_fold_epoch_end", "timestamp": "2026-05-12T09:05:06", "fold": 4, "epoch": 23, "train_loss": 1.099355, "train_acc": 84.09, "val_loss": 1.032733, "val_acc": 88.252, "lr": 0.0002959936, "elapsed_sec": 166.639, "best_val_acc": 91.175}
2026-05-12 09:07:58,311 | INFO | {"event": "kfold_fold_epoch_end", "timestamp": "2026-05-12T09:07:58", "fold": 4, "epoch": 24, "train_loss": 1.072472, "train_acc": 84.53, "val_loss": 1.032711, "val_acc": 88.223, "lr": 0.0002929032, "elapsed_sec": 171.318, "best_val_acc": 91.175}
2026-05-12 09:10:50,162 | INFO | {"event": "kfold_fold_epoch_end", "timestamp": "2026-05-12T09:10:50", "fold": 4, "epoch": 25, "train_loss": 1.075751, "train_acc": 84.826, "val_loss": 1.008738, "val_acc": 89.12, "lr": 0.0002889625, "elapsed_sec": 171.851, "best_val_acc": 91.175}
2026-05-12 09:13:44,604 | INFO | {"event": "kfold_fold_epoch_end", "timestamp": "2026-05-12T09:13:44", "fold": 4, "epoch": 26, "train_loss": 1.058829, "train_acc": 85.65, "val_loss": 0.98608, "val_acc": 88.744, "lr": 0.0002841959, "elapsed_sec": 174.442, "best_val_acc": 91.175}
2026-05-12 09:17:06,384 | INFO | {"event": "kfold_fold_epoch_end", "timestamp": "2026-05-12T09:17:06", "fold": 4, "epoch": 27, "train_loss": 1.062433, "train_acc": 85.669, "val_loss": 0.998528, "val_acc": 89.149, "lr": 0.0002786328, "elapsed_sec": 201.779, "best_val_acc": 91.175}
2026-05-12 09:21:02,811 | INFO | {"event": "kfold_fold_epoch_end", "timestamp": "2026-05-12T09:21:02", "fold": 4, "epoch": 28, "train_loss": 1.032192, "train_acc": 86.248, "val_loss": 0.965255, "val_acc": 90.249, "lr": 0.0002723075, "elapsed_sec": 236.426, "best_val_acc": 91.175}
2026-05-12 09:21:02,811 | INFO |    F4 Early stop at epoch 28
2026-05-12 09:21:02,812 | INFO | {"event": "kfold_fold_early_stop", "timestamp": "2026-05-12T09:21:02", "fold": 4, "epoch": 28, "patience": 10, "best_val_acc": 91.175}
2026-05-12 09:21:02,812 | INFO | {"event": "kfold_fold_end", "timestamp": "2026-05-12T09:21:02", "fold": 4, "best_val_acc": 91.175, "model_path": "C:\\Users\\Joseph\\Desktop\\projects\\sign_to_text\\ensemble\\fold_4.pth"}
2026-05-12 09:21:02,819 | INFO |    Fold 4 best val acc: 91.17%
2026-05-12 09:21:02,820 | INFO | ============================================================
2026-05-12 09:21:02,820 | INFO |   K-Fold Results
2026-05-12 09:21:02,820 | INFO |   Per-fold accuracies: ['91.2%']
2026-05-12 09:21:02,821 | INFO |   Mean accuracy:       91.17%
2026-05-12 09:21:02,821 | INFO |   Overall accuracy:    91.17%  (3151/3456)
2026-05-12 09:21:02,822 | INFO |   Models saved to:     C:\Users\Joseph\Desktop\projects\sign_to_text\ensemble/
2026-05-12 09:21:02,822 | INFO | ============================================================
2026-05-12 09:21:02,823 | INFO | {"event": "kfold_end", "timestamp": "2026-05-12T09:21:02", "fold_accuracies": [91.175], "mean_accuracy": 91.175, "overall_accuracy": 91.175}
2026-05-12 09:21:02,827 | INFO | {"event": "kfold_resume_end", "timestamp": "2026-05-12T09:21:02", "fold_accuracies": [91.17476851851852], "folds": 1}
