2026-05-11 11:20:33,498 | INFO | Logger initialized for kfold_resume
2026-05-11 11:20:33,498 | INFO | Log file: logs\kfold_resume_20260511_112033.log
2026-05-11 11:20:33,499 | INFO | {"event": "kfold_resume_start", "timestamp": "2026-05-11T11:20:33", "start_fold": 3, "num_folds": 5}
2026-05-11 11:20:33,499 | INFO | ============================================================
2026-05-11 11:20:33,499 | INFO |   K-Fold Training (Resume)
2026-05-11 11:20:33,499 | INFO |   Starting from fold 3 of 5
2026-05-11 11:20:33,501 | INFO | ============================================================
2026-05-11 11:21:05,223 | INFO | [Dataset] 17507 samples, 78 classes (augment=False, oversample=False)
2026-05-11 11:21:05,223 | INFO | [Dataset] Distribution: alive=72, alright=278, bad=294, beautiful=239, big_large=294, blind=224, cheap=221, clean=72, cold=294, cool=294, curved=212, dead=72, deaf=224, deep=72, dirty=72, dry=164, expensive=212, famous=192, fast=294, female=202, flat=212, good=274, good_afternoon=278, good_evening=290, good_morning=278, good_night=278, happy=224, hard=72, he=278, healthy=295, heavy=72, hello=273, high=262, hot=294, how_are_you=273, i=273, idle=130, it=278, light=202, long=294, loose=204, loud=240, low=72, male=202, mean=224, morning=134, narrow=294, new=294, nice=191, old=302, pleased=278, poor=209, quiet=226, rich=214, sad=224, shallow=72, she=278, short=294, sick=164, slow=294, small_little=294, soft=72, strong=72, tall=294, thank_you=273, they=278, thick=214, thin=172, tight=214, ugly=249, warm=304, we=278, weak=72, wet=294, wide=314, you=293, you_all=278, young=304
2026-05-11 11:21:05,584 | INFO | [KFold] Using source-aware K-fold (num_folds=5)
2026-05-11 11:21:05,584 | INFO | ============================================================
2026-05-11 11:21:05,585 | INFO |   K-Fold Cross-Validation (5 folds)
2026-05-11 11:21:05,585 | INFO |   Dataset: 17507 samples, 78 classes
2026-05-11 11:21:05,585 | INFO | ============================================================
2026-05-11 11:21:05,585 | INFO | {"event": "kfold_start", "timestamp": "2026-05-11T11:21:05", "num_folds": 5, "dataset_size": 17507, "num_classes": 78}
2026-05-11 11:21:05,685 | INFO | [Model] Params per fold: 1,362,101
2026-05-11 11:21:05,686 | INFO | --- Fold 3 ---  train=14018  val=3489
2026-05-11 11:21:05,696 | INFO | [BalancedAug] 14018 -> 19578 samples (oversampled)
2026-05-11 11:21:05,697 | INFO | [BalancedAug] Per class: {0: 251, 1: 251, 2: 251, 3: 251, 4: 251, 5: 251, 6: 251, 7: 251, 8: 251, 9: 251, 10: 251, 11: 251, 12: 251, 13: 251, 14: 251, 15: 251, 16: 251, 17: 251, 18: 251, 19: 251, 20: 251, 21: 251, 22: 251, 23: 251, 24: 251, 25: 251, 26: 251, 27: 251, 28: 251, 29: 251, 30: 251, 31: 251, 32: 251, 33: 251, 34: 251, 35: 251, 36: 251, 37: 251, 38: 251, 39: 251, 40: 251, 41: 251, 42: 251, 43: 251, 44: 251, 45: 251, 46: 251, 47: 251, 48: 251, 49: 251, 50: 251, 51: 251, 52: 251, 53: 251, 54: 251, 55: 251, 56: 251, 57: 251, 58: 251, 59: 251, 60: 251, 61: 251, 62: 251, 63: 251, 64: 251, 65: 251, 66: 251, 67: 251, 68: 251, 69: 251, 70: 251, 71: 251, 72: 251, 73: 251, 74: 251, 75: 251, 76: 251, 77: 251}
2026-05-11 11:21:05,705 | INFO | {"event": "kfold_fold_start", "timestamp": "2026-05-11T11:21:05", "fold": 3, "train_size": 14018, "val_size": 3489, "train_class_counts": {"0": 58, "1": 223, "2": 235, "3": 191, "4": 235, "5": 179, "6": 177, "7": 58, "8": 235, "9": 235, "10": 170, "11": 58, "12": 179, "13": 58, "14": 58, "15": 131, "16": 170, "17": 154, "18": 235, "19": 162, "20": 170, "21": 219, "22": 223, "23": 232, "24": 223, "25": 223, "26": 179, "27": 58, "28": 223, "29": 236, "30": 58, "31": 219, "32": 210, "33": 235, "34": 219, "35": 219, "36": 104, "37": 223, "38": 162, "39": 235, "40": 163, "41": 192, "42": 58, "43": 162, "44": 179, "45": 107, "46": 235, "47": 235, "48": 153, "49": 242, "50": 223, "51": 167, "52": 181, "53": 171, "54": 179, "55": 58, "56": 223, "57": 235, "58": 131, "59": 235, "60": 235, "61": 58, "62": 58, "63": 235, "64": 219, "65": 223, "66": 171, "67": 138, "68": 171, "69": 199, "70": 243, "71": 223, "72": 58, "73": 235, "74": 251, "75": 235, "76": 223, "77": 243}, "val_class_counts": {"0": 14, "1": 55, "2": 59, "3": 48, "4": 59, "5": 45, "6": 44, "7": 14, "8": 59, "9": 59, "10": 42, "11": 14, "12": 45, "13": 14, "14": 14, "15": 33, "16": 42, "17": 38, "18": 59, "19": 40, "20": 42, "21": 55, "22": 55, "23": 58, "24": 55, "25": 55, "26": 45, "27": 14, "28": 55, "29": 59, "30": 14, "31": 54, "32": 52, "33": 59, "34": 54, "35": 54, "36": 26, "37": 55, "38": 40, "39": 59, "40": 41, "41": 48, "42": 14, "43": 40, "44": 45, "45": 27, "46": 59, "47": 59, "48": 38, "49": 60, "50": 55, "51": 42, "52": 45, "53": 43, "54": 45, "55": 14, "56": 55, "57": 59, "58": 33, "59": 59, "60": 59, "61": 14, "62": 14, "63": 59, "64": 54, "65": 55, "66": 43, "67": 34, "68": 43, "69": 50, "70": 61, "71": 55, "72": 14, "73": 59, "74": 63, "75": 58, "76": 55, "77": 61}}
2026-05-11 11:28:15,176 | INFO | {"event": "kfold_fold_epoch_end", "timestamp": "2026-05-11T11:28:15", "fold": 3, "epoch": 1, "train_loss": 3.587978, "train_acc": 9.44, "val_loss": 3.619265, "val_acc": 11.751, "lr": 0.0002982148, "elapsed_sec": 425.728, "best_val_acc": 0.0}
2026-05-11 11:28:15,391 | INFO | {"event": "kfold_fold_best_checkpoint", "timestamp": "2026-05-11T11:28:15", "fold": 3, "epoch": 1, "val_acc": 11.751, "model_path": "C:\\Users\\Joseph\\Desktop\\projects\\sign_to_text\\ensemble\\fold_3.pth"}
2026-05-11 11:28:15,396 | INFO |    F3 Ep   1 | tr   9.4% | va  11.8% | lr 3.0e-04 | 425.7s *
2026-05-11 11:34:50,822 | INFO | {"event": "kfold_fold_epoch_end", "timestamp": "2026-05-11T11:34:50", "fold": 3, "epoch": 2, "train_loss": 2.672648, "train_acc": 24.995, "val_loss": 2.976724, "val_acc": 27.085, "lr": 0.0002929032, "elapsed_sec": 395.415, "best_val_acc": 11.751}
2026-05-11 11:34:50,892 | INFO | {"event": "kfold_fold_best_checkpoint", "timestamp": "2026-05-11T11:34:50", "fold": 3, "epoch": 2, "val_acc": 27.085, "model_path": "C:\\Users\\Joseph\\Desktop\\projects\\sign_to_text\\ensemble\\fold_3.pth"}
2026-05-11 11:34:50,895 | INFO |    F3 Ep   2 | tr  25.0% | va  27.1% | lr 2.9e-04 | 395.4s *
2026-05-11 11:41:01,838 | INFO | {"event": "kfold_fold_epoch_end", "timestamp": "2026-05-11T11:41:01", "fold": 3, "epoch": 3, "train_loss": 2.184428, "train_acc": 39.155, "val_loss": 2.428337, "val_acc": 43.25, "lr": 0.0002841959, "elapsed_sec": 370.933, "best_val_acc": 27.085}
2026-05-11 11:41:01,892 | INFO | {"event": "kfold_fold_best_checkpoint", "timestamp": "2026-05-11T11:41:01", "fold": 3, "epoch": 3, "val_acc": 43.25, "model_path": "C:\\Users\\Joseph\\Desktop\\projects\\sign_to_text\\ensemble\\fold_3.pth"}
2026-05-11 11:41:01,894 | INFO |    F3 Ep   3 | tr  39.2% | va  43.3% | lr 2.8e-04 | 370.9s *
2026-05-11 11:45:23,178 | INFO | {"event": "kfold_fold_epoch_end", "timestamp": "2026-05-11T11:45:23", "fold": 3, "epoch": 4, "train_loss": 1.895113, "train_acc": 51.133, "val_loss": 1.975561, "val_acc": 57.008, "lr": 0.0002723075, "elapsed_sec": 261.283, "best_val_acc": 43.25}
2026-05-11 11:45:23,200 | INFO | {"event": "kfold_fold_best_checkpoint", "timestamp": "2026-05-11T11:45:23", "fold": 3, "epoch": 4, "val_acc": 57.008, "model_path": "C:\\Users\\Joseph\\Desktop\\projects\\sign_to_text\\ensemble\\fold_3.pth"}
2026-05-11 11:45:23,200 | INFO |    F3 Ep   4 | tr  51.1% | va  57.0% | lr 2.7e-04 | 261.3s *
2026-05-11 11:49:59,028 | INFO | {"event": "kfold_fold_epoch_end", "timestamp": "2026-05-11T11:49:59", "fold": 3, "epoch": 5, "train_loss": 1.713829, "train_acc": 59.11, "val_loss": 1.694706, "val_acc": 66.552, "lr": 0.0002575305, "elapsed_sec": 275.819, "best_val_acc": 57.008}
2026-05-11 11:49:59,087 | INFO | {"event": "kfold_fold_best_checkpoint", "timestamp": "2026-05-11T11:49:59", "fold": 3, "epoch": 5, "val_acc": 66.552, "model_path": "C:\\Users\\Joseph\\Desktop\\projects\\sign_to_text\\ensemble\\fold_3.pth"}
2026-05-11 11:49:59,089 | INFO |    F3 Ep   5 | tr  59.1% | va  66.6% | lr 2.6e-04 | 275.8s *
2026-05-11 11:54:21,932 | INFO | {"event": "kfold_fold_epoch_end", "timestamp": "2026-05-11T11:54:21", "fold": 3, "epoch": 6, "train_loss": 1.556674, "train_acc": 65.734, "val_loss": 1.518862, "val_acc": 73.144, "lr": 0.0002402289, "elapsed_sec": 262.837, "best_val_acc": 66.552}
2026-05-11 11:54:21,982 | INFO | {"event": "kfold_fold_best_checkpoint", "timestamp": "2026-05-11T11:54:21", "fold": 3, "epoch": 6, "val_acc": 73.144, "model_path": "C:\\Users\\Joseph\\Desktop\\projects\\sign_to_text\\ensemble\\fold_3.pth"}
2026-05-11 11:54:21,985 | INFO |    F3 Ep   6 | tr  65.7% | va  73.1% | lr 2.4e-04 | 262.8s *
2026-05-11 11:58:37,926 | INFO | {"event": "kfold_fold_epoch_end", "timestamp": "2026-05-11T11:58:37", "fold": 3, "epoch": 7, "train_loss": 1.459571, "train_acc": 69.593, "val_loss": 1.401256, "val_acc": 75.81, "lr": 0.0002208286, "elapsed_sec": 255.941, "best_val_acc": 73.144}
2026-05-11 11:58:37,947 | INFO | {"event": "kfold_fold_best_checkpoint", "timestamp": "2026-05-11T11:58:37", "fold": 3, "epoch": 7, "val_acc": 75.81, "model_path": "C:\\Users\\Joseph\\Desktop\\projects\\sign_to_text\\ensemble\\fold_3.pth"}
2026-05-11 11:58:37,947 | INFO |    F3 Ep   7 | tr  69.6% | va  75.8% | lr 2.2e-04 | 255.9s *
2026-05-11 12:02:50,941 | INFO | {"event": "kfold_fold_epoch_end", "timestamp": "2026-05-11T12:02:50", "fold": 3, "epoch": 8, "train_loss": 1.404005, "train_acc": 72.823, "val_loss": 1.300643, "val_acc": 79.02, "lr": 0.0001998075, "elapsed_sec": 252.992, "best_val_acc": 75.81}
2026-05-11 12:02:50,961 | INFO | {"event": "kfold_fold_best_checkpoint", "timestamp": "2026-05-11T12:02:50", "fold": 3, "epoch": 8, "val_acc": 79.02, "model_path": "C:\\Users\\Joseph\\Desktop\\projects\\sign_to_text\\ensemble\\fold_3.pth"}
2026-05-11 12:02:50,961 | INFO |    F3 Ep   8 | tr  72.8% | va  79.0% | lr 2.0e-04 | 253.0s *
2026-05-11 12:06:33,530 | INFO | {"event": "kfold_fold_epoch_end", "timestamp": "2026-05-11T12:06:33", "fold": 3, "epoch": 9, "train_loss": 1.331277, "train_acc": 76.032, "val_loss": 1.254562, "val_acc": 80.109, "lr": 0.000177683, "elapsed_sec": 222.569, "best_val_acc": 79.02}
2026-05-11 12:06:33,546 | INFO | {"event": "kfold_fold_best_checkpoint", "timestamp": "2026-05-11T12:06:33", "fold": 3, "epoch": 9, "val_acc": 80.109, "model_path": "C:\\Users\\Joseph\\Desktop\\projects\\sign_to_text\\ensemble\\fold_3.pth"}
2026-05-11 12:06:33,547 | INFO |    F3 Ep   9 | tr  76.0% | va  80.1% | lr 1.8e-04 | 222.6s *
2026-05-11 12:10:01,523 | INFO | {"event": "kfold_fold_epoch_end", "timestamp": "2026-05-11T12:10:01", "fold": 3, "epoch": 10, "train_loss": 1.259096, "train_acc": 78.405, "val_loss": 1.177844, "val_acc": 82.574, "lr": 0.000155, "elapsed_sec": 207.976, "best_val_acc": 80.109}
2026-05-11 12:10:01,541 | INFO | {"event": "kfold_fold_best_checkpoint", "timestamp": "2026-05-11T12:10:01", "fold": 3, "epoch": 10, "val_acc": 82.574, "model_path": "C:\\Users\\Joseph\\Desktop\\projects\\sign_to_text\\ensemble\\fold_3.pth"}
2026-05-11 12:10:01,541 | INFO |    F3 Ep  10 | tr  78.4% | va  82.6% | lr 1.5e-04 | 208.0s *
2026-05-11 12:13:35,881 | INFO | {"event": "kfold_fold_epoch_end", "timestamp": "2026-05-11T12:13:35", "fold": 3, "epoch": 11, "train_loss": 1.23849, "train_acc": 79.925, "val_loss": 1.155873, "val_acc": 83.806, "lr": 0.000132317, "elapsed_sec": 214.323, "best_val_acc": 82.574}
2026-05-11 12:13:35,963 | INFO | {"event": "kfold_fold_best_checkpoint", "timestamp": "2026-05-11T12:13:35", "fold": 3, "epoch": 11, "val_acc": 83.806, "model_path": "C:\\Users\\Joseph\\Desktop\\projects\\sign_to_text\\ensemble\\fold_3.pth"}
2026-05-11 12:13:35,966 | INFO |    F3 Ep  11 | tr  79.9% | va  83.8% | lr 1.3e-04 | 214.3s *
2026-05-11 12:17:03,732 | INFO | {"event": "kfold_fold_epoch_end", "timestamp": "2026-05-11T12:17:03", "fold": 3, "epoch": 12, "train_loss": 1.225086, "train_acc": 80.892, "val_loss": 1.092681, "val_acc": 85.669, "lr": 0.0001101925, "elapsed_sec": 207.764, "best_val_acc": 83.806}
2026-05-11 12:17:03,751 | INFO | {"event": "kfold_fold_best_checkpoint", "timestamp": "2026-05-11T12:17:03", "fold": 3, "epoch": 12, "val_acc": 85.669, "model_path": "C:\\Users\\Joseph\\Desktop\\projects\\sign_to_text\\ensemble\\fold_3.pth"}
2026-05-11 12:17:03,751 | INFO |    F3 Ep  12 | tr  80.9% | va  85.7% | lr 1.1e-04 | 207.8s *
2026-05-11 12:20:17,578 | INFO | {"event": "kfold_fold_epoch_end", "timestamp": "2026-05-11T12:20:17", "fold": 3, "epoch": 13, "train_loss": 1.184586, "train_acc": 81.927, "val_loss": 1.03708, "val_acc": 87.418, "lr": 8.91714e-05, "elapsed_sec": 193.826, "best_val_acc": 85.669}
2026-05-11 12:20:17,595 | INFO | {"event": "kfold_fold_best_checkpoint", "timestamp": "2026-05-11T12:20:17", "fold": 3, "epoch": 13, "val_acc": 87.418, "model_path": "C:\\Users\\Joseph\\Desktop\\projects\\sign_to_text\\ensemble\\fold_3.pth"}
2026-05-11 12:20:17,595 | INFO |    F3 Ep  13 | tr  81.9% | va  87.4% | lr 8.9e-05 | 193.8s *
2026-05-11 12:23:38,327 | INFO | {"event": "kfold_fold_epoch_end", "timestamp": "2026-05-11T12:23:38", "fold": 3, "epoch": 14, "train_loss": 1.169042, "train_acc": 82.606, "val_loss": 1.047197, "val_acc": 86.242, "lr": 6.97711e-05, "elapsed_sec": 200.732, "best_val_acc": 87.418}
2026-05-11 12:27:04,830 | INFO | {"event": "kfold_fold_epoch_end", "timestamp": "2026-05-11T12:27:04", "fold": 3, "epoch": 15, "train_loss": 1.118089, "train_acc": 84.006, "val_loss": 1.030776, "val_acc": 87.188, "lr": 5.24695e-05, "elapsed_sec": 206.504, "best_val_acc": 87.418}
2026-05-11 12:30:18,976 | INFO | {"event": "kfold_fold_epoch_end", "timestamp": "2026-05-11T12:30:18", "fold": 3, "epoch": 16, "train_loss": 1.10755, "train_acc": 84.25, "val_loss": 1.015561, "val_acc": 88.077, "lr": 3.76925e-05, "elapsed_sec": 194.144, "best_val_acc": 87.418}
2026-05-11 12:30:19,007 | INFO | {"event": "kfold_fold_best_checkpoint", "timestamp": "2026-05-11T12:30:19", "fold": 3, "epoch": 16, "val_acc": 88.077, "model_path": "C:\\Users\\Joseph\\Desktop\\projects\\sign_to_text\\ensemble\\fold_3.pth"}
2026-05-11 12:30:19,008 | INFO |    F3 Ep  16 | tr  84.2% | va  88.1% | lr 3.8e-05 | 194.1s *
2026-05-11 12:33:29,500 | INFO | {"event": "kfold_fold_epoch_end", "timestamp": "2026-05-11T12:33:29", "fold": 3, "epoch": 17, "train_loss": 1.101799, "train_acc": 85.234, "val_loss": 0.98537, "val_acc": 88.793, "lr": 2.58041e-05, "elapsed_sec": 190.491, "best_val_acc": 88.077}
2026-05-11 12:33:29,515 | INFO | {"event": "kfold_fold_best_checkpoint", "timestamp": "2026-05-11T12:33:29", "fold": 3, "epoch": 17, "val_acc": 88.793, "model_path": "C:\\Users\\Joseph\\Desktop\\projects\\sign_to_text\\ensemble\\fold_3.pth"}
2026-05-11 12:33:29,515 | INFO |    F3 Ep  17 | tr  85.2% | va  88.8% | lr 2.6e-05 | 190.5s *
2026-05-11 12:36:41,650 | INFO | {"event": "kfold_fold_epoch_end", "timestamp": "2026-05-11T12:36:41", "fold": 3, "epoch": 18, "train_loss": 1.142563, "train_acc": 84.127, "val_loss": 0.973038, "val_acc": 88.965, "lr": 1.70968e-05, "elapsed_sec": 192.134, "best_val_acc": 88.793}
2026-05-11 12:36:41,665 | INFO | {"event": "kfold_fold_best_checkpoint", "timestamp": "2026-05-11T12:36:41", "fold": 3, "epoch": 18, "val_acc": 88.965, "model_path": "C:\\Users\\Joseph\\Desktop\\projects\\sign_to_text\\ensemble\\fold_3.pth"}
2026-05-11 12:36:41,666 | INFO |    F3 Ep  18 | tr  84.1% | va  89.0% | lr 1.7e-05 | 192.1s *
2026-05-11 12:40:00,491 | INFO | {"event": "kfold_fold_epoch_end", "timestamp": "2026-05-11T12:40:00", "fold": 3, "epoch": 19, "train_loss": 1.133377, "train_acc": 84.625, "val_loss": 0.967797, "val_acc": 88.994, "lr": 1.17852e-05, "elapsed_sec": 198.825, "best_val_acc": 88.965}
2026-05-11 12:40:00,507 | INFO | {"event": "kfold_fold_best_checkpoint", "timestamp": "2026-05-11T12:40:00", "fold": 3, "epoch": 19, "val_acc": 88.994, "model_path": "C:\\Users\\Joseph\\Desktop\\projects\\sign_to_text\\ensemble\\fold_3.pth"}
2026-05-11 12:40:00,508 | INFO |    F3 Ep  19 | tr  84.6% | va  89.0% | lr 1.2e-05 | 198.8s *
2026-05-11 12:43:15,934 | INFO | {"event": "kfold_fold_epoch_end", "timestamp": "2026-05-11T12:43:15", "fold": 3, "epoch": 20, "train_loss": 1.049611, "train_acc": 86.447, "val_loss": 0.968371, "val_acc": 89.023, "lr": 0.0003, "elapsed_sec": 195.426, "best_val_acc": 88.994}
2026-05-11 12:43:15,950 | INFO | {"event": "kfold_fold_best_checkpoint", "timestamp": "2026-05-11T12:43:15", "fold": 3, "epoch": 20, "val_acc": 89.023, "model_path": "C:\\Users\\Joseph\\Desktop\\projects\\sign_to_text\\ensemble\\fold_3.pth"}
2026-05-11 12:43:15,951 | INFO |    F3 Ep  20 | tr  86.4% | va  89.0% | lr 3.0e-04 | 195.4s *
2026-05-11 12:46:51,385 | INFO | {"event": "kfold_fold_epoch_end", "timestamp": "2026-05-11T12:46:51", "fold": 3, "epoch": 21, "train_loss": 1.195213, "train_acc": 80.951, "val_loss": 1.113315, "val_acc": 84.58, "lr": 0.000299553, "elapsed_sec": 215.433, "best_val_acc": 89.023}
