2026-05-19 19:21:15,232 | INFO | Logger initialized for kfold
2026-05-19 19:21:15,232 | INFO | Log file: logs\kfold_20260519_192115.log
2026-05-19 19:21:15,233 | INFO | {"event": "kfold_start", "timestamp": "2026-05-19T19:21:15", "processed_dir": "C:\\Users\\Joseph\\Desktop\\projects\\sign_to_text\\processed"}
2026-05-19 19:21:15,233 | INFO | ============================================================
2026-05-19 19:21:15,233 | INFO |   K-Fold Word Ensemble Training
2026-05-19 19:21:15,233 | INFO | ============================================================
2026-05-19 19:21:55,217 | INFO | [Dataset] 38691 samples, 78 classes (augment=False, oversample=False)
2026-05-19 19:21:55,217 | INFO | [Dataset] Distribution: alive=500, alright=500, bad=500, beautiful=500, big_large=500, blind=500, cheap=500, clean=500, cold=500, cool=500, curved=500, dead=500, deaf=500, deep=500, dirty=500, dry=500, expensive=500, famous=500, fast=500, female=500, flat=500, good=500, good_afternoon=500, good_evening=500, good_morning=500, good_night=500, happy=500, hard=500, he=500, healthy=500, heavy=500, hello=500, high=500, hot=500, how_are_you=500, i=500, idle=253, it=500, light=500, long=500, loose=500, loud=500, low=500, male=500, mean=500, morning=438, narrow=500, new=500, nice=500, old=500, pleased=500, poor=500, quiet=500, rich=500, sad=500, shallow=500, she=500, short=500, sick=500, slow=500, small_little=500, soft=500, strong=500, tall=500, thank_you=500, they=500, thick=500, thin=500, tight=500, ugly=500, warm=500, we=500, weak=500, wet=500, wide=500, you=500, you_all=500, young=500
2026-05-19 19:21:55,537 | INFO | [KFold] Using source-aware K-fold (num_folds=5)
2026-05-19 19:21:55,537 | INFO | ============================================================
2026-05-19 19:21:55,537 | INFO |   K-Fold Cross-Validation (5 folds)
2026-05-19 19:21:55,537 | INFO |   Dataset: 38691 samples, 78 classes
2026-05-19 19:21:55,538 | INFO | ============================================================
2026-05-19 19:21:55,538 | INFO | {"event": "kfold_start", "timestamp": "2026-05-19T19:21:55", "num_folds": 5, "dataset_size": 38691, "num_classes": 78}
2026-05-19 19:21:55,590 | INFO | [Model] Params per fold: 464,725
2026-05-19 19:21:55,590 | INFO | --- Fold 0 ---  train=30952  val=7739
2026-05-19 19:21:55,603 | INFO | [BalancedAug] 30952 -> 31200 samples (oversampled)
2026-05-19 19:21:55,604 | INFO | [BalancedAug] Per class: {0: 400, 1: 400, 2: 400, 3: 400, 4: 400, 5: 400, 6: 400, 7: 400, 8: 400, 9: 400, 10: 400, 11: 400, 12: 400, 13: 400, 14: 400, 15: 400, 16: 400, 17: 400, 18: 400, 19: 400, 20: 400, 21: 400, 22: 400, 23: 400, 24: 400, 25: 400, 26: 400, 27: 400, 28: 400, 29: 400, 30: 400, 31: 400, 32: 400, 33: 400, 34: 400, 35: 400, 36: 400, 37: 400, 38: 400, 39: 400, 40: 400, 41: 400, 42: 400, 43: 400, 44: 400, 45: 400, 46: 400, 47: 400, 48: 400, 49: 400, 50: 400, 51: 400, 52: 400, 53: 400, 54: 400, 55: 400, 56: 400, 57: 400, 58: 400, 59: 400, 60: 400, 61: 400, 62: 400, 63: 400, 64: 400, 65: 400, 66: 400, 67: 400, 68: 400, 69: 400, 70: 400, 71: 400, 72: 400, 73: 400, 74: 400, 75: 400, 76: 400, 77: 400}
2026-05-19 19:21:55,623 | INFO | {"event": "kfold_fold_start", "timestamp": "2026-05-19T19:21:55", "fold": 0, "train_size": 30952, "val_size": 7739, "train_class_counts": {"0": 400, "1": 400, "2": 400, "3": 400, "4": 400, "5": 400, "6": 400, "7": 400, "8": 400, "9": 400, "10": 400, "11": 400, "12": 400, "13": 400, "14": 400, "15": 400, "16": 400, "17": 400, "18": 400, "19": 400, "20": 400, "21": 400, "22": 400, "23": 400, "24": 400, "25": 400, "26": 400, "27": 400, "28": 400, "29": 400, "30": 400, "31": 400, "32": 400, "33": 400, "34": 400, "35": 400, "36": 202, "37": 400, "38": 400, "39": 400, "40": 400, "41": 400, "42": 400, "43": 400, "44": 400, "45": 350, "46": 400, "47": 400, "48": 400, "49": 400, "50": 400, "51": 400, "52": 400, "53": 400, "54": 400, "55": 400, "56": 400, "57": 400, "58": 400, "59": 400, "60": 400, "61": 400, "62": 400, "63": 400, "64": 400, "65": 400, "66": 400, "67": 400, "68": 400, "69": 400, "70": 400, "71": 400, "72": 400, "73": 400, "74": 400, "75": 400, "76": 400, "77": 400}, "val_class_counts": {"0": 100, "1": 100, "2": 100, "3": 100, "4": 100, "5": 100, "6": 100, "7": 100, "8": 100, "9": 100, "10": 100, "11": 100, "12": 100, "13": 100, "14": 100, "15": 100, "16": 100, "17": 100, "18": 100, "19": 100, "20": 100, "21": 100, "22": 100, "23": 100, "24": 100, "25": 100, "26": 100, "27": 100, "28": 100, "29": 100, "30": 100, "31": 100, "32": 100, "33": 100, "34": 100, "35": 100, "36": 51, "37": 100, "38": 100, "39": 100, "40": 100, "41": 100, "42": 100, "43": 100, "44": 100, "45": 88, "46": 100, "47": 100, "48": 100, "49": 100, "50": 100, "51": 100, "52": 100, "53": 100, "54": 100, "55": 100, "56": 100, "57": 100, "58": 100, "59": 100, "60": 100, "61": 100, "62": 100, "63": 100, "64": 100, "65": 100, "66": 100, "67": 100, "68": 100, "69": 100, "70": 100, "71": 100, "72": 100, "73": 100, "74": 100, "75": 100, "76": 100, "77": 100}}
2026-05-19 19:30:19,528 | INFO | {"event": "kfold_fold_epoch_end", "timestamp": "2026-05-19T19:30:19", "fold": 0, "epoch": 1, "train_loss": 2.921987, "train_acc": 32.268, "val_loss": 3.104959, "val_acc": 25.649, "lr": 0.0002982148, "elapsed_sec": 501.943, "best_val_acc": 0.0}
2026-05-19 19:30:19,558 | INFO | {"event": "kfold_fold_best_checkpoint", "timestamp": "2026-05-19T19:30:19", "fold": 0, "epoch": 1, "val_acc": 25.649, "model_path": "C:\\Users\\Joseph\\Desktop\\projects\\sign_to_text\\ensemble\\fold_0.pth"}
2026-05-19 19:30:19,559 | INFO |    F0 Ep   1 | tr  32.3% | va  25.6% | lr 3.0e-04 | 501.9s *
