2026-05-13 19:16:52,409 | INFO | Logger initialized for preprocess
2026-05-13 19:16:52,409 | INFO | Log file: logs\preprocess_20260513_191652.log
2026-05-13 19:16:52,410 | INFO | {"event": "preprocess_pipeline_start", "timestamp": "2026-05-13T19:16:52", "source_dir": "augmented_dataset"}
2026-05-13 19:16:52,410 | INFO | ============================================================
2026-05-13 19:16:52,410 | INFO |   Preprocessing Videos -> Landmarks (.npy)
2026-05-13 19:16:52,411 | INFO | ============================================================
2026-05-13 19:16:52,411 | INFO |   Source: augmented_dataset
2026-05-13 19:16:52,412 | INFO | {"event": "preprocess_start", "timestamp": "2026-05-13T19:16:52", "input_dir": "augmented_dataset", "output_dir": "C:\\Users\\Joseph\\Desktop\\projects\\sign_to_text\\processed"}
2026-05-13 19:16:52,427 | INFO | [Preprocess] Found 79 classes: ['1. loud', '10. Mean', '11. rich', '12. poor', '13. thick', '14. thin', '15. expensive', '16. cheap', '17. flat', '18. curved', '19. male', '2. quiet', '20. female', '21. tight', '22. loose', '23. high', '24. low', '25. soft', '26. hard', '27. deep', '28. shallow', '29. clean', '3. happy', '30. dirty', '31. strong', '32. weak', '33. dead', '34. alive', '35. heavy', '36. light', '39. famous', '4. sad', '40. I', '42. he', '43. she', '44. it', '45. we', '45. you', '46. you_all', '47. they', '48. Hello', '49. How_are_you', '5. Beautiful', '50. Alright', '51. Good_Morning', '52. Good_afternoon', '53. Good_evening', '54. Good_night', '55. Thank_you', '56. Pleased', '57. Good', '58. Idle', '59. Morning', '6. Ugly', '7. Deaf', '78. long', '79. short', '8. Blind', '80. tall', '81. wide', '82. narrow', '83. big_large', '84. small_little', '85. slow', '86. fast', '87. hot', '88. cold', '89. warm', '9. Nice', '90. cool', '91. new', '92. old', '93. young', '94. good', '95. bad', '96. wet', '97. dry', '98. sick', '99. healthy']
2026-05-13 19:16:52,427 | INFO | [Preprocess] Reading videos from: C:\Users\Joseph\Desktop\projects\sign_to_text\augmented_dataset
2026-05-13 19:16:52,428 | INFO | {"event": "preprocess_classes_discovered", "timestamp": "2026-05-13T19:16:52", "num_classes": 79, "class_list": ["1. loud", "10. Mean", "11. rich", "12. poor", "13. thick", "14. thin", "15. expensive", "16. cheap", "17. flat", "18. curved", "19. male", "2. quiet", "20. female", "21. tight", "22. loose", "23. high", "24. low", "25. soft", "26. hard", "27. deep", "28. shallow", "29. clean", "3. happy", "30. dirty", "31. strong", "32. weak", "33. dead", "34. alive", "35. heavy", "36. light", "39. famous", "4. sad", "40. I", "42. he", "43. she", "44. it", "45. we", "45. you", "46. you_all", "47. they", "48. Hello", "49. How_are_you", "5. Beautiful", "50. Alright", "51. Good_Morning", "52. Good_afternoon", "53. Good_evening", "54. Good_night", "55. Thank_you", "56. Pleased", "57. Good", "58. Idle", "59. Morning", "6. Ugly", "7. Deaf", "78. long", "79. short", "8. Blind", "80. tall", "81. wide", "82. narrow", "83. big_large", "84. small_little", "85. slow", "86. fast", "87. hot", "88. cold", "89. warm", "9. Nice", "90. cool", "91. new", "92. old", "93. young", "94. good", "95. bad", "96. wet", "97. dry", "98. sick", "99. healthy"]}
2026-05-13 19:16:52,478 | INFO |   Class 'loud': 340 videos
2026-05-13 19:16:53,733 | INFO | {"event": "preprocess_file_saved", "timestamp": "2026-05-13T19:16:53", "class_name": "loud", "video_file": "How to sign the word loud in ISL #isl #deaf #hearingaids #india #bengaluru #mumbai #world #usa.publer.com.mp4", "npy_file": "How to sign the word loud in ISL #isl #deaf #hearingaids #india #bengaluru #mumbai #world #usa.publer.com.npy", "sequence_shape": "(20, 506)"}
2026-05-13 19:16:55,010 | INFO | {"event": "preprocess_file_saved", "timestamp": "2026-05-13T19:16:55", "class_name": "loud", "video_file": "How to sign the word loud in ISL #isl #deaf #hearingaids #india #bengaluru #mumbai #world #usa.publer.com_aug1.mp4", "npy_file": "How to sign the word loud in ISL #isl #deaf #hearingaids #india #bengaluru #mumbai #world #usa.publer.com_aug1.npy", "sequence_shape": "(20, 506)"}
2026-05-13 19:16:56,167 | INFO | {"event": "preprocess_file_saved", "timestamp": "2026-05-13T19:16:56", "class_name": "loud", "video_file": "How to sign the word loud in ISL #isl #deaf #hearingaids #india #bengaluru #mumbai #world #usa.publer.com_aug10.mp4", "npy_file": "How to sign the word loud in ISL #isl #deaf #hearingaids #india #bengaluru #mumbai #world #usa.publer.com_aug10.npy", "sequence_shape": "(20, 506)"}
2026-05-13 19:16:57,272 | INFO | {"event": "preprocess_file_saved", "timestamp": "2026-05-13T19:16:57", "class_name": "loud", "video_file": "How to sign the word loud in ISL #isl #deaf #hearingaids #india #bengaluru #mumbai #world #usa.publer.com_aug11.mp4", "npy_file": "How to sign the word loud in ISL #isl #deaf #hearingaids #india #bengaluru #mumbai #world #usa.publer.com_aug11.npy", "sequence_shape": "(20, 506)"}
2026-05-13 19:16:58,211 | INFO | {"event": "preprocess_file_saved", "timestamp": "2026-05-13T19:16:58", "class_name": "loud", "video_file": "How to sign the word loud in ISL #isl #deaf #hearingaids #india #bengaluru #mumbai #world #usa.publer.com_aug12.mp4", "npy_file": "How to sign the word loud in ISL #isl #deaf #hearingaids #india #bengaluru #mumbai #world #usa.publer.com_aug12.npy", "sequence_shape": "(20, 506)"}
2026-05-13 19:16:59,351 | INFO | {"event": "preprocess_file_saved", "timestamp": "2026-05-13T19:16:59", "class_name": "loud", "video_file": "How to sign the word loud in ISL #isl #deaf #hearingaids #india #bengaluru #mumbai #world #usa.publer.com_aug13.mp4", "npy_file": "How to sign the word loud in ISL #isl #deaf #hearingaids #india #bengaluru #mumbai #world #usa.publer.com_aug13.npy", "sequence_shape": "(20, 506)"}
2026-05-13 19:17:00,568 | INFO | {"event": "preprocess_file_saved", "timestamp": "2026-05-13T19:17:00", "class_name": "loud", "video_file": "How to sign the word loud in ISL #isl #deaf #hearingaids #india #bengaluru #mumbai #world #usa.publer.com_aug14.mp4", "npy_file": "How to sign the word loud in ISL #isl #deaf #hearingaids #india #bengaluru #mumbai #world #usa.publer.com_aug14.npy", "sequence_shape": "(20, 506)"}
2026-05-13 19:17:01,657 | INFO | {"event": "preprocess_file_saved", "timestamp": "2026-05-13T19:17:01", "class_name": "loud", "video_file": "How to sign the word loud in ISL #isl #deaf #hearingaids #india #bengaluru #mumbai #world #usa.publer.com_aug15.mp4", "npy_file": "How to sign the word loud in ISL #isl #deaf #hearingaids #india #bengaluru #mumbai #world #usa.publer.com_aug15.npy", "sequence_shape": "(20, 506)"}
2026-05-13 19:17:02,709 | INFO | {"event": "preprocess_file_saved", "timestamp": "2026-05-13T19:17:02", "class_name": "loud", "video_file": "How to sign the word loud in ISL #isl #deaf #hearingaids #india #bengaluru #mumbai #world #usa.publer.com_aug16.mp4", "npy_file": "How to sign the word loud in ISL #isl #deaf #hearingaids #india #bengaluru #mumbai #world #usa.publer.com_aug16.npy", "sequence_shape": "(20, 506)"}
2026-05-13 19:17:03,675 | INFO | {"event": "preprocess_file_saved", "timestamp": "2026-05-13T19:17:03", "class_name": "loud", "video_file": "How to sign the word loud in ISL #isl #deaf #hearingaids #india #bengaluru #mumbai #world #usa.publer.com_aug17.mp4", "npy_file": "How to sign the word loud in ISL #isl #deaf #hearingaids #india #bengaluru #mumbai #world #usa.publer.com_aug17.npy", "sequence_shape": "(20, 506)"}
2026-05-13 19:17:04,737 | INFO | {"event": "preprocess_file_saved", "timestamp": "2026-05-13T19:17:04", "class_name": "loud", "video_file": "How to sign the word loud in ISL #isl #deaf #hearingaids #india #bengaluru #mumbai #world #usa.publer.com_aug18.mp4", "npy_file": "How to sign the word loud in ISL #isl #deaf #hearingaids #india #bengaluru #mumbai #world #usa.publer.com_aug18.npy", "sequence_shape": "(20, 506)"}
2026-05-13 19:17:05,826 | INFO | {"event": "preprocess_file_saved", "timestamp": "2026-05-13T19:17:05", "class_name": "loud", "video_file": "How to sign the word loud in ISL #isl #deaf #hearingaids #india #bengaluru #mumbai #world #usa.publer.com_aug19.mp4", "npy_file": "How to sign the word loud in ISL #isl #deaf #hearingaids #india #bengaluru #mumbai #world #usa.publer.com_aug19.npy", "sequence_shape": "(20, 506)"}
2026-05-13 19:17:06,946 | INFO | {"event": "preprocess_file_saved", "timestamp": "2026-05-13T19:17:06", "class_name": "loud", "video_file": "How to sign the word loud in ISL #isl #deaf #hearingaids #india #bengaluru #mumbai #world #usa.publer.com_aug2.mp4", "npy_file": "How to sign the word loud in ISL #isl #deaf #hearingaids #india #bengaluru #mumbai #world #usa.publer.com_aug2.npy", "sequence_shape": "(20, 506)"}
2026-05-13 19:17:07,950 | INFO | {"event": "preprocess_file_saved", "timestamp": "2026-05-13T19:17:07", "class_name": "loud", "video_file": "How to sign the word loud in ISL #isl #deaf #hearingaids #india #bengaluru #mumbai #world #usa.publer.com_aug20.mp4", "npy_file": "How to sign the word loud in ISL #isl #deaf #hearingaids #india #bengaluru #mumbai #world #usa.publer.com_aug20.npy", "sequence_shape": "(20, 506)"}
2026-05-13 19:17:09,034 | INFO | {"event": "preprocess_file_saved", "timestamp": "2026-05-13T19:17:09", "class_name": "loud", "video_file": "How to sign the word loud in ISL #isl #deaf #hearingaids #india #bengaluru #mumbai #world #usa.publer.com_aug21.mp4", "npy_file": "How to sign the word loud in ISL #isl #deaf #hearingaids #india #bengaluru #mumbai #world #usa.publer.com_aug21.npy", "sequence_shape": "(20, 506)"}
2026-05-13 19:17:09,985 | INFO | {"event": "preprocess_file_saved", "timestamp": "2026-05-13T19:17:09", "class_name": "loud", "video_file": "How to sign the word loud in ISL #isl #deaf #hearingaids #india #bengaluru #mumbai #world #usa.publer.com_aug22.mp4", "npy_file": "How to sign the word loud in ISL #isl #deaf #hearingaids #india #bengaluru #mumbai #world #usa.publer.com_aug22.npy", "sequence_shape": "(20, 506)"}
2026-05-13 19:17:11,091 | INFO | {"event": "preprocess_file_saved", "timestamp": "2026-05-13T19:17:11", "class_name": "loud", "video_file": "How to sign the word loud in ISL #isl #deaf #hearingaids #india #bengaluru #mumbai #world #usa.publer.com_aug23.mp4", "npy_file": "How to sign the word loud in ISL #isl #deaf #hearingaids #india #bengaluru #mumbai #world #usa.publer.com_aug23.npy", "sequence_shape": "(20, 506)"}
2026-05-13 19:17:12,287 | INFO | {"event": "preprocess_file_saved", "timestamp": "2026-05-13T19:17:12", "class_name": "loud", "video_file": "How to sign the word loud in ISL #isl #deaf #hearingaids #india #bengaluru #mumbai #world #usa.publer.com_aug24.mp4", "npy_file": "How to sign the word loud in ISL #isl #deaf #hearingaids #india #bengaluru #mumbai #world #usa.publer.com_aug24.npy", "sequence_shape": "(20, 506)"}
2026-05-13 19:17:14,032 | INFO | {"event": "preprocess_file_saved", "timestamp": "2026-05-13T19:17:14", "class_name": "loud", "video_file": "How to sign the word loud in ISL #isl #deaf #hearingaids #india #bengaluru #mumbai #world #usa.publer.com_aug25.mp4", "npy_file": "How to sign the word loud in ISL #isl #deaf #hearingaids #india #bengaluru #mumbai #world #usa.publer.com_aug25.npy", "sequence_shape": "(20, 506)"}
2026-05-13 19:17:16,268 | INFO | {"event": "preprocess_file_saved", "timestamp": "2026-05-13T19:17:16", "class_name": "loud", "video_file": "How to sign the word loud in ISL #isl #deaf #hearingaids #india #bengaluru #mumbai #world #usa.publer.com_aug26.mp4", "npy_file": "How to sign the word loud in ISL #isl #deaf #hearingaids #india #bengaluru #mumbai #world #usa.publer.com_aug26.npy", "sequence_shape": "(20, 506)"}
2026-05-13 19:17:18,292 | INFO | {"event": "preprocess_file_saved", "timestamp": "2026-05-13T19:17:18", "class_name": "loud", "video_file": "How to sign the word loud in ISL #isl #deaf #hearingaids #india #bengaluru #mumbai #world #usa.publer.com_aug27.mp4", "npy_file": "How to sign the word loud in ISL #isl #deaf #hearingaids #india #bengaluru #mumbai #world #usa.publer.com_aug27.npy", "sequence_shape": "(20, 506)"}
2026-05-13 19:17:20,491 | INFO | {"event": "preprocess_file_saved", "timestamp": "2026-05-13T19:17:20", "class_name": "loud", "video_file": "How to sign the word loud in ISL #isl #deaf #hearingaids #india #bengaluru #mumbai #world #usa.publer.com_aug28.mp4", "npy_file": "How to sign the word loud in ISL #isl #deaf #hearingaids #india #bengaluru #mumbai #world #usa.publer.com_aug28.npy", "sequence_shape": "(20, 506)"}
2026-05-13 19:17:22,699 | INFO | {"event": "preprocess_file_saved", "timestamp": "2026-05-13T19:17:22", "class_name": "loud", "video_file": "How to sign the word loud in ISL #isl #deaf #hearingaids #india #bengaluru #mumbai #world #usa.publer.com_aug29.mp4", "npy_file": "How to sign the word loud in ISL #isl #deaf #hearingaids #india #bengaluru #mumbai #world #usa.publer.com_aug29.npy", "sequence_shape": "(20, 506)"}
2026-05-13 19:17:24,905 | INFO | {"event": "preprocess_file_saved", "timestamp": "2026-05-13T19:17:24", "class_name": "loud", "video_file": "How to sign the word loud in ISL #isl #deaf #hearingaids #india #bengaluru #mumbai #world #usa.publer.com_aug3.mp4", "npy_file": "How to sign the word loud in ISL #isl #deaf #hearingaids #india #bengaluru #mumbai #world #usa.publer.com_aug3.npy", "sequence_shape": "(20, 506)"}
2026-05-13 19:17:26,781 | INFO | {"event": "preprocess_file_saved", "timestamp": "2026-05-13T19:17:26", "class_name": "loud", "video_file": "How to sign the word loud in ISL #isl #deaf #hearingaids #india #bengaluru #mumbai #world #usa.publer.com_aug30.mp4", "npy_file": "How to sign the word loud in ISL #isl #deaf #hearingaids #india #bengaluru #mumbai #world #usa.publer.com_aug30.npy", "sequence_shape": "(20, 506)"}
2026-05-13 19:17:28,888 | INFO | {"event": "preprocess_file_saved", "timestamp": "2026-05-13T19:17:28", "class_name": "loud", "video_file": "How to sign the word loud in ISL #isl #deaf #hearingaids #india #bengaluru #mumbai #world #usa.publer.com_aug31.mp4", "npy_file": "How to sign the word loud in ISL #isl #deaf #hearingaids #india #bengaluru #mumbai #world #usa.publer.com_aug31.npy", "sequence_shape": "(20, 506)"}
2026-05-13 19:17:30,710 | INFO | {"event": "preprocess_file_saved", "timestamp": "2026-05-13T19:17:30", "class_name": "loud", "video_file": "How to sign the word loud in ISL #isl #deaf #hearingaids #india #bengaluru #mumbai #world #usa.publer.com_aug32.mp4", "npy_file": "How to sign the word loud in ISL #isl #deaf #hearingaids #india #bengaluru #mumbai #world #usa.publer.com_aug32.npy", "sequence_shape": "(20, 506)"}
2026-05-13 19:17:32,640 | INFO | {"event": "preprocess_file_saved", "timestamp": "2026-05-13T19:17:32", "class_name": "loud", "video_file": "How to sign the word loud in ISL #isl #deaf #hearingaids #india #bengaluru #mumbai #world #usa.publer.com_aug33.mp4", "npy_file": "How to sign the word loud in ISL #isl #deaf #hearingaids #india #bengaluru #mumbai #world #usa.publer.com_aug33.npy", "sequence_shape": "(20, 506)"}
2026-05-13 19:17:34,745 | INFO | {"event": "preprocess_file_saved", "timestamp": "2026-05-13T19:17:34", "class_name": "loud", "video_file": "How to sign the word loud in ISL #isl #deaf #hearingaids #india #bengaluru #mumbai #world #usa.publer.com_aug4.mp4", "npy_file": "How to sign the word loud in ISL #isl #deaf #hearingaids #india #bengaluru #mumbai #world #usa.publer.com_aug4.npy", "sequence_shape": "(20, 506)"}
2026-05-13 19:17:36,929 | INFO | {"event": "preprocess_file_saved", "timestamp": "2026-05-13T19:17:36", "class_name": "loud", "video_file": "How to sign the word loud in ISL #isl #deaf #hearingaids #india #bengaluru #mumbai #world #usa.publer.com_aug5.mp4", "npy_file": "How to sign the word loud in ISL #isl #deaf #hearingaids #india #bengaluru #mumbai #world #usa.publer.com_aug5.npy", "sequence_shape": "(20, 506)"}
2026-05-13 19:17:38,908 | INFO | {"event": "preprocess_file_saved", "timestamp": "2026-05-13T19:17:38", "class_name": "loud", "video_file": "How to sign the word loud in ISL #isl #deaf #hearingaids #india #bengaluru #mumbai #world #usa.publer.com_aug6.mp4", "npy_file": "How to sign the word loud in ISL #isl #deaf #hearingaids #india #bengaluru #mumbai #world #usa.publer.com_aug6.npy", "sequence_shape": "(20, 506)"}
2026-05-13 19:17:40,678 | INFO | {"event": "preprocess_file_saved", "timestamp": "2026-05-13T19:17:40", "class_name": "loud", "video_file": "How to sign the word loud in ISL #isl #deaf #hearingaids #india #bengaluru #mumbai #world #usa.publer.com_aug7.mp4", "npy_file": "How to sign the word loud in ISL #isl #deaf #hearingaids #india #bengaluru #mumbai #world #usa.publer.com_aug7.npy", "sequence_shape": "(20, 506)"}
2026-05-13 19:17:42,761 | INFO | {"event": "preprocess_file_saved", "timestamp": "2026-05-13T19:17:42", "class_name": "loud", "video_file": "How to sign the word loud in ISL #isl #deaf #hearingaids #india #bengaluru #mumbai #world #usa.publer.com_aug8.mp4", "npy_file": "How to sign the word loud in ISL #isl #deaf #hearingaids #india #bengaluru #mumbai #world #usa.publer.com_aug8.npy", "sequence_shape": "(20, 506)"}
2026-05-13 19:17:45,013 | INFO | {"event": "preprocess_file_saved", "timestamp": "2026-05-13T19:17:45", "class_name": "loud", "video_file": "How to sign the word loud in ISL #isl #deaf #hearingaids #india #bengaluru #mumbai #world #usa.publer.com_aug9.mp4", "npy_file": "How to sign the word loud in ISL #isl #deaf #hearingaids #india #bengaluru #mumbai #world #usa.publer.com_aug9.npy", "sequence_shape": "(20, 506)"}
2026-05-13 19:17:47,362 | INFO | {"event": "preprocess_file_saved", "timestamp": "2026-05-13T19:17:47", "class_name": "loud", "video_file": "loud.publer.com.mp4", "npy_file": "loud.publer.com.npy", "sequence_shape": "(20, 506)"}
2026-05-13 19:17:49,552 | INFO | {"event": "preprocess_file_saved", "timestamp": "2026-05-13T19:17:49", "class_name": "loud", "video_file": "loud.publer.com_aug1.mp4", "npy_file": "loud.publer.com_aug1.npy", "sequence_shape": "(20, 506)"}
2026-05-13 19:17:51,713 | INFO | {"event": "preprocess_file_saved", "timestamp": "2026-05-13T19:17:51", "class_name": "loud", "video_file": "loud.publer.com_aug10.mp4", "npy_file": "loud.publer.com_aug10.npy", "sequence_shape": "(20, 506)"}
2026-05-13 19:17:54,003 | INFO | {"event": "preprocess_file_saved", "timestamp": "2026-05-13T19:17:54", "class_name": "loud", "video_file": "loud.publer.com_aug11.mp4", "npy_file": "loud.publer.com_aug11.npy", "sequence_shape": "(20, 506)"}
2026-05-13 19:17:56,213 | INFO | {"event": "preprocess_file_saved", "timestamp": "2026-05-13T19:17:56", "class_name": "loud", "video_file": "loud.publer.com_aug12.mp4", "npy_file": "loud.publer.com_aug12.npy", "sequence_shape": "(20, 506)"}
2026-05-13 19:17:57,288 | INFO | {"event": "preprocess_file_saved", "timestamp": "2026-05-13T19:17:57", "class_name": "loud", "video_file": "loud.publer.com_aug13.mp4", "npy_file": "loud.publer.com_aug13.npy", "sequence_shape": "(20, 506)"}
2026-05-13 19:17:58,333 | INFO | {"event": "preprocess_file_saved", "timestamp": "2026-05-13T19:17:58", "class_name": "loud", "video_file": "loud.publer.com_aug14.mp4", "npy_file": "loud.publer.com_aug14.npy", "sequence_shape": "(20, 506)"}
2026-05-13 19:17:59,379 | INFO | {"event": "preprocess_file_saved", "timestamp": "2026-05-13T19:17:59", "class_name": "loud", "video_file": "loud.publer.com_aug15.mp4", "npy_file": "loud.publer.com_aug15.npy", "sequence_shape": "(20, 506)"}
2026-05-13 19:18:00,445 | INFO | {"event": "preprocess_file_saved", "timestamp": "2026-05-13T19:18:00", "class_name": "loud", "video_file": "loud.publer.com_aug16.mp4", "npy_file": "loud.publer.com_aug16.npy", "sequence_shape": "(20, 506)"}
2026-05-13 19:18:01,564 | INFO | {"event": "preprocess_file_saved", "timestamp": "2026-05-13T19:18:01", "class_name": "loud", "video_file": "loud.publer.com_aug17.mp4", "npy_file": "loud.publer.com_aug17.npy", "sequence_shape": "(20, 506)"}
2026-05-13 19:18:02,589 | INFO | {"event": "preprocess_file_saved", "timestamp": "2026-05-13T19:18:02", "class_name": "loud", "video_file": "loud.publer.com_aug18.mp4", "npy_file": "loud.publer.com_aug18.npy", "sequence_shape": "(20, 506)"}
2026-05-13 19:18:03,638 | INFO | {"event": "preprocess_file_saved", "timestamp": "2026-05-13T19:18:03", "class_name": "loud", "video_file": "loud.publer.com_aug19.mp4", "npy_file": "loud.publer.com_aug19.npy", "sequence_shape": "(20, 506)"}
2026-05-13 19:18:04,657 | INFO | {"event": "preprocess_file_saved", "timestamp": "2026-05-13T19:18:04", "class_name": "loud", "video_file": "loud.publer.com_aug2.mp4", "npy_file": "loud.publer.com_aug2.npy", "sequence_shape": "(20, 506)"}
2026-05-13 19:18:05,694 | INFO | {"event": "preprocess_file_saved", "timestamp": "2026-05-13T19:18:05", "class_name": "loud", "video_file": "loud.publer.com_aug20.mp4", "npy_file": "loud.publer.com_aug20.npy", "sequence_shape": "(20, 506)"}
2026-05-13 19:18:06,724 | INFO | {"event": "preprocess_file_saved", "timestamp": "2026-05-13T19:18:06", "class_name": "loud", "video_file": "loud.publer.com_aug21.mp4", "npy_file": "loud.publer.com_aug21.npy", "sequence_shape": "(20, 506)"}
2026-05-13 19:18:07,948 | INFO | {"event": "preprocess_file_saved", "timestamp": "2026-05-13T19:18:07", "class_name": "loud", "video_file": "loud.publer.com_aug22.mp4", "npy_file": "loud.publer.com_aug22.npy", "sequence_shape": "(20, 506)"}
2026-05-13 19:18:08,970 | INFO | {"event": "preprocess_file_saved", "timestamp": "2026-05-13T19:18:08", "class_name": "loud", "video_file": "loud.publer.com_aug23.mp4", "npy_file": "loud.publer.com_aug23.npy", "sequence_shape": "(20, 506)"}
2026-05-13 19:18:10,041 | INFO | {"event": "preprocess_file_saved", "timestamp": "2026-05-13T19:18:10", "class_name": "loud", "video_file": "loud.publer.com_aug24.mp4", "npy_file": "loud.publer.com_aug24.npy", "sequence_shape": "(20, 506)"}
2026-05-13 19:18:11,113 | INFO | {"event": "preprocess_file_saved", "timestamp": "2026-05-13T19:18:11", "class_name": "loud", "video_file": "loud.publer.com_aug25.mp4", "npy_file": "loud.publer.com_aug25.npy", "sequence_shape": "(20, 506)"}
2026-05-13 19:18:12,263 | INFO | {"event": "preprocess_file_saved", "timestamp": "2026-05-13T19:18:12", "class_name": "loud", "video_file": "loud.publer.com_aug26.mp4", "npy_file": "loud.publer.com_aug26.npy", "sequence_shape": "(20, 506)"}
2026-05-13 19:18:13,496 | INFO | {"event": "preprocess_file_saved", "timestamp": "2026-05-13T19:18:13", "class_name": "loud", "video_file": "loud.publer.com_aug27.mp4", "npy_file": "loud.publer.com_aug27.npy", "sequence_shape": "(20, 506)"}
2026-05-13 19:18:14,581 | INFO | {"event": "preprocess_file_saved", "timestamp": "2026-05-13T19:18:14", "class_name": "loud", "video_file": "loud.publer.com_aug28.mp4", "npy_file": "loud.publer.com_aug28.npy", "sequence_shape": "(20, 506)"}
2026-05-13 19:18:15,688 | INFO | {"event": "preprocess_file_saved", "timestamp": "2026-05-13T19:18:15", "class_name": "loud", "video_file": "loud.publer.com_aug29.mp4", "npy_file": "loud.publer.com_aug29.npy", "sequence_shape": "(20, 506)"}
2026-05-13 19:18:16,766 | INFO | {"event": "preprocess_file_saved", "timestamp": "2026-05-13T19:18:16", "class_name": "loud", "video_file": "loud.publer.com_aug3.mp4", "npy_file": "loud.publer.com_aug3.npy", "sequence_shape": "(20, 506)"}
2026-05-13 19:18:17,983 | INFO | {"event": "preprocess_file_saved", "timestamp": "2026-05-13T19:18:17", "class_name": "loud", "video_file": "loud.publer.com_aug30.mp4", "npy_file": "loud.publer.com_aug30.npy", "sequence_shape": "(20, 506)"}
2026-05-13 19:18:19,107 | INFO | {"event": "preprocess_file_saved", "timestamp": "2026-05-13T19:18:19", "class_name": "loud", "video_file": "loud.publer.com_aug31.mp4", "npy_file": "loud.publer.com_aug31.npy", "sequence_shape": "(20, 506)"}
2026-05-13 19:18:20,362 | INFO | {"event": "preprocess_file_saved", "timestamp": "2026-05-13T19:18:20", "class_name": "loud", "video_file": "loud.publer.com_aug32.mp4", "npy_file": "loud.publer.com_aug32.npy", "sequence_shape": "(20, 506)"}
2026-05-13 19:18:21,445 | INFO | {"event": "preprocess_file_saved", "timestamp": "2026-05-13T19:18:21", "class_name": "loud", "video_file": "loud.publer.com_aug33.mp4", "npy_file": "loud.publer.com_aug33.npy", "sequence_shape": "(20, 506)"}
2026-05-13 19:18:22,520 | INFO | {"event": "preprocess_file_saved", "timestamp": "2026-05-13T19:18:22", "class_name": "loud", "video_file": "loud.publer.com_aug4.mp4", "npy_file": "loud.publer.com_aug4.npy", "sequence_shape": "(20, 506)"}
2026-05-13 19:18:23,577 | INFO | {"event": "preprocess_file_saved", "timestamp": "2026-05-13T19:18:23", "class_name": "loud", "video_file": "loud.publer.com_aug5.mp4", "npy_file": "loud.publer.com_aug5.npy", "sequence_shape": "(20, 506)"}
2026-05-13 19:18:24,671 | INFO | {"event": "preprocess_file_saved", "timestamp": "2026-05-13T19:18:24", "class_name": "loud", "video_file": "loud.publer.com_aug6.mp4", "npy_file": "loud.publer.com_aug6.npy", "sequence_shape": "(20, 506)"}
2026-05-13 19:18:25,953 | INFO | {"event": "preprocess_file_saved", "timestamp": "2026-05-13T19:18:25", "class_name": "loud", "video_file": "loud.publer.com_aug7.mp4", "npy_file": "loud.publer.com_aug7.npy", "sequence_shape": "(20, 506)"}
2026-05-13 19:18:27,012 | INFO | {"event": "preprocess_file_saved", "timestamp": "2026-05-13T19:18:27", "class_name": "loud", "video_file": "loud.publer.com_aug8.mp4", "npy_file": "loud.publer.com_aug8.npy", "sequence_shape": "(20, 506)"}
2026-05-13 19:18:28,187 | INFO | {"event": "preprocess_file_saved", "timestamp": "2026-05-13T19:18:28", "class_name": "loud", "video_file": "loud.publer.com_aug9.mp4", "npy_file": "loud.publer.com_aug9.npy", "sequence_shape": "(20, 506)"}
2026-05-13 19:18:29,287 | INFO | {"event": "preprocess_file_saved", "timestamp": "2026-05-13T19:18:29", "class_name": "loud", "video_file": "MVI_5177.MOV", "npy_file": "MVI_5177.npy", "sequence_shape": "(20, 506)"}
2026-05-13 19:18:30,657 | INFO | {"event": "preprocess_file_saved", "timestamp": "2026-05-13T19:18:30", "class_name": "loud", "video_file": "MVI_5177_aug1.mp4", "npy_file": "MVI_5177_aug1.npy", "sequence_shape": "(20, 506)"}
2026-05-13 19:18:32,012 | INFO | {"event": "preprocess_file_saved", "timestamp": "2026-05-13T19:18:32", "class_name": "loud", "video_file": "MVI_5177_aug10.mp4", "npy_file": "MVI_5177_aug10.npy", "sequence_shape": "(20, 506)"}
2026-05-13 19:18:33,433 | INFO | {"event": "preprocess_file_saved", "timestamp": "2026-05-13T19:18:33", "class_name": "loud", "video_file": "MVI_5177_aug11.mp4", "npy_file": "MVI_5177_aug11.npy", "sequence_shape": "(20, 506)"}
2026-05-13 19:18:34,767 | INFO | {"event": "preprocess_file_saved", "timestamp": "2026-05-13T19:18:34", "class_name": "loud", "video_file": "MVI_5177_aug12.mp4", "npy_file": "MVI_5177_aug12.npy", "sequence_shape": "(20, 506)"}
2026-05-13 19:18:36,026 | INFO | {"event": "preprocess_file_saved", "timestamp": "2026-05-13T19:18:36", "class_name": "loud", "video_file": "MVI_5177_aug13.mp4", "npy_file": "MVI_5177_aug13.npy", "sequence_shape": "(20, 506)"}
2026-05-13 19:18:37,291 | INFO | {"event": "preprocess_file_saved", "timestamp": "2026-05-13T19:18:37", "class_name": "loud", "video_file": "MVI_5177_aug14.mp4", "npy_file": "MVI_5177_aug14.npy", "sequence_shape": "(20, 506)"}
2026-05-13 19:18:38,520 | INFO | {"event": "preprocess_file_saved", "timestamp": "2026-05-13T19:18:38", "class_name": "loud", "video_file": "MVI_5177_aug15.mp4", "npy_file": "MVI_5177_aug15.npy", "sequence_shape": "(20, 506)"}
2026-05-13 19:18:39,762 | INFO | {"event": "preprocess_file_saved", "timestamp": "2026-05-13T19:18:39", "class_name": "loud", "video_file": "MVI_5177_aug16.mp4", "npy_file": "MVI_5177_aug16.npy", "sequence_shape": "(20, 506)"}
2026-05-13 19:18:40,935 | INFO | {"event": "preprocess_file_saved", "timestamp": "2026-05-13T19:18:40", "class_name": "loud", "video_file": "MVI_5177_aug17.mp4", "npy_file": "MVI_5177_aug17.npy", "sequence_shape": "(20, 506)"}
2026-05-13 19:18:42,200 | INFO | {"event": "preprocess_file_saved", "timestamp": "2026-05-13T19:18:42", "class_name": "loud", "video_file": "MVI_5177_aug18.mp4", "npy_file": "MVI_5177_aug18.npy", "sequence_shape": "(20, 506)"}
2026-05-13 19:18:43,437 | INFO | {"event": "preprocess_file_saved", "timestamp": "2026-05-13T19:18:43", "class_name": "loud", "video_file": "MVI_5177_aug19.mp4", "npy_file": "MVI_5177_aug19.npy", "sequence_shape": "(20, 506)"}
2026-05-13 19:18:44,696 | INFO | {"event": "preprocess_file_saved", "timestamp": "2026-05-13T19:18:44", "class_name": "loud", "video_file": "MVI_5177_aug2.mp4", "npy_file": "MVI_5177_aug2.npy", "sequence_shape": "(20, 506)"}
2026-05-13 19:18:45,944 | INFO | {"event": "preprocess_file_saved", "timestamp": "2026-05-13T19:18:45", "class_name": "loud", "video_file": "MVI_5177_aug20.mp4", "npy_file": "MVI_5177_aug20.npy", "sequence_shape": "(20, 506)"}
2026-05-13 19:18:47,271 | INFO | {"event": "preprocess_file_saved", "timestamp": "2026-05-13T19:18:47", "class_name": "loud", "video_file": "MVI_5177_aug21.mp4", "npy_file": "MVI_5177_aug21.npy", "sequence_shape": "(20, 506)"}
2026-05-13 19:18:48,495 | INFO | {"event": "preprocess_file_saved", "timestamp": "2026-05-13T19:18:48", "class_name": "loud", "video_file": "MVI_5177_aug22.mp4", "npy_file": "MVI_5177_aug22.npy", "sequence_shape": "(20, 506)"}
2026-05-13 19:18:49,797 | INFO | {"event": "preprocess_file_saved", "timestamp": "2026-05-13T19:18:49", "class_name": "loud", "video_file": "MVI_5177_aug23.mp4", "npy_file": "MVI_5177_aug23.npy", "sequence_shape": "(20, 506)"}
2026-05-13 19:18:51,137 | INFO | {"event": "preprocess_file_saved", "timestamp": "2026-05-13T19:18:51", "class_name": "loud", "video_file": "MVI_5177_aug24.mp4", "npy_file": "MVI_5177_aug24.npy", "sequence_shape": "(20, 506)"}
2026-05-13 19:18:52,412 | INFO | {"event": "preprocess_file_saved", "timestamp": "2026-05-13T19:18:52", "class_name": "loud", "video_file": "MVI_5177_aug25.mp4", "npy_file": "MVI_5177_aug25.npy", "sequence_shape": "(20, 506)"}
2026-05-13 19:18:53,664 | INFO | {"event": "preprocess_file_saved", "timestamp": "2026-05-13T19:18:53", "class_name": "loud", "video_file": "MVI_5177_aug26.mp4", "npy_file": "MVI_5177_aug26.npy", "sequence_shape": "(20, 506)"}
2026-05-13 19:18:54,959 | INFO | {"event": "preprocess_file_saved", "timestamp": "2026-05-13T19:18:54", "class_name": "loud", "video_file": "MVI_5177_aug27.mp4", "npy_file": "MVI_5177_aug27.npy", "sequence_shape": "(20, 506)"}
2026-05-13 19:18:56,238 | INFO | {"event": "preprocess_file_saved", "timestamp": "2026-05-13T19:18:56", "class_name": "loud", "video_file": "MVI_5177_aug28.mp4", "npy_file": "MVI_5177_aug28.npy", "sequence_shape": "(20, 506)"}
2026-05-13 19:18:57,545 | INFO | {"event": "preprocess_file_saved", "timestamp": "2026-05-13T19:18:57", "class_name": "loud", "video_file": "MVI_5177_aug29.mp4", "npy_file": "MVI_5177_aug29.npy", "sequence_shape": "(20, 506)"}
2026-05-13 19:18:58,788 | INFO | {"event": "preprocess_file_saved", "timestamp": "2026-05-13T19:18:58", "class_name": "loud", "video_file": "MVI_5177_aug3.mp4", "npy_file": "MVI_5177_aug3.npy", "sequence_shape": "(20, 506)"}
2026-05-13 19:19:00,023 | INFO | {"event": "preprocess_file_saved", "timestamp": "2026-05-13T19:19:00", "class_name": "loud", "video_file": "MVI_5177_aug30.mp4", "npy_file": "MVI_5177_aug30.npy", "sequence_shape": "(20, 506)"}
2026-05-13 19:19:01,352 | INFO | {"event": "preprocess_file_saved", "timestamp": "2026-05-13T19:19:01", "class_name": "loud", "video_file": "MVI_5177_aug31.mp4", "npy_file": "MVI_5177_aug31.npy", "sequence_shape": "(20, 506)"}
2026-05-13 19:19:02,627 | INFO | {"event": "preprocess_file_saved", "timestamp": "2026-05-13T19:19:02", "class_name": "loud", "video_file": "MVI_5177_aug32.mp4", "npy_file": "MVI_5177_aug32.npy", "sequence_shape": "(20, 506)"}
2026-05-13 19:19:03,930 | INFO | {"event": "preprocess_file_saved", "timestamp": "2026-05-13T19:19:03", "class_name": "loud", "video_file": "MVI_5177_aug33.mp4", "npy_file": "MVI_5177_aug33.npy", "sequence_shape": "(20, 506)"}
2026-05-13 19:19:05,309 | INFO | {"event": "preprocess_file_saved", "timestamp": "2026-05-13T19:19:05", "class_name": "loud", "video_file": "MVI_5177_aug4.mp4", "npy_file": "MVI_5177_aug4.npy", "sequence_shape": "(20, 506)"}
2026-05-13 19:19:06,679 | INFO | {"event": "preprocess_file_saved", "timestamp": "2026-05-13T19:19:06", "class_name": "loud", "video_file": "MVI_5177_aug5.mp4", "npy_file": "MVI_5177_aug5.npy", "sequence_shape": "(20, 506)"}
2026-05-13 19:19:07,912 | INFO | {"event": "preprocess_file_saved", "timestamp": "2026-05-13T19:19:07", "class_name": "loud", "video_file": "MVI_5177_aug6.mp4", "npy_file": "MVI_5177_aug6.npy", "sequence_shape": "(20, 506)"}
2026-05-13 19:19:09,180 | INFO | {"event": "preprocess_file_saved", "timestamp": "2026-05-13T19:19:09", "class_name": "loud", "video_file": "MVI_5177_aug7.mp4", "npy_file": "MVI_5177_aug7.npy", "sequence_shape": "(20, 506)"}
2026-05-13 19:19:10,424 | INFO | {"event": "preprocess_file_saved", "timestamp": "2026-05-13T19:19:10", "class_name": "loud", "video_file": "MVI_5177_aug8.mp4", "npy_file": "MVI_5177_aug8.npy", "sequence_shape": "(20, 506)"}
2026-05-13 19:19:11,790 | INFO | {"event": "preprocess_file_saved", "timestamp": "2026-05-13T19:19:11", "class_name": "loud", "video_file": "MVI_5177_aug9.mp4", "npy_file": "MVI_5177_aug9.npy", "sequence_shape": "(20, 506)"}
2026-05-13 19:19:12,938 | INFO | {"event": "preprocess_file_saved", "timestamp": "2026-05-13T19:19:12", "class_name": "loud", "video_file": "MVI_5178.MOV", "npy_file": "MVI_5178.npy", "sequence_shape": "(20, 506)"}
2026-05-13 19:19:14,406 | INFO | {"event": "preprocess_file_saved", "timestamp": "2026-05-13T19:19:14", "class_name": "loud", "video_file": "MVI_5178_aug1.mp4", "npy_file": "MVI_5178_aug1.npy", "sequence_shape": "(20, 506)"}
2026-05-13 19:19:15,722 | INFO | {"event": "preprocess_file_saved", "timestamp": "2026-05-13T19:19:15", "class_name": "loud", "video_file": "MVI_5178_aug10.mp4", "npy_file": "MVI_5178_aug10.npy", "sequence_shape": "(20, 506)"}
2026-05-13 19:19:17,064 | INFO | {"event": "preprocess_file_saved", "timestamp": "2026-05-13T19:19:17", "class_name": "loud", "video_file": "MVI_5178_aug11.mp4", "npy_file": "MVI_5178_aug11.npy", "sequence_shape": "(20, 506)"}
2026-05-13 19:19:18,336 | INFO | {"event": "preprocess_file_saved", "timestamp": "2026-05-13T19:19:18", "class_name": "loud", "video_file": "MVI_5178_aug12.mp4", "npy_file": "MVI_5178_aug12.npy", "sequence_shape": "(20, 506)"}
2026-05-13 19:19:19,667 | INFO | {"event": "preprocess_file_saved", "timestamp": "2026-05-13T19:19:19", "class_name": "loud", "video_file": "MVI_5178_aug13.mp4", "npy_file": "MVI_5178_aug13.npy", "sequence_shape": "(20, 506)"}
2026-05-13 19:19:20,993 | INFO | {"event": "preprocess_file_saved", "timestamp": "2026-05-13T19:19:20", "class_name": "loud", "video_file": "MVI_5178_aug14.mp4", "npy_file": "MVI_5178_aug14.npy", "sequence_shape": "(20, 506)"}
2026-05-13 19:19:22,312 | INFO | {"event": "preprocess_file_saved", "timestamp": "2026-05-13T19:19:22", "class_name": "loud", "video_file": "MVI_5178_aug15.mp4", "npy_file": "MVI_5178_aug15.npy", "sequence_shape": "(20, 506)"}
2026-05-13 19:19:23,825 | INFO | {"event": "preprocess_file_saved", "timestamp": "2026-05-13T19:19:23", "class_name": "loud", "video_file": "MVI_5178_aug16.mp4", "npy_file": "MVI_5178_aug16.npy", "sequence_shape": "(20, 506)"}
2026-05-13 19:19:25,042 | INFO | {"event": "preprocess_file_saved", "timestamp": "2026-05-13T19:19:25", "class_name": "loud", "video_file": "MVI_5178_aug17.mp4", "npy_file": "MVI_5178_aug17.npy", "sequence_shape": "(20, 506)"}
2026-05-13 19:19:26,296 | INFO | {"event": "preprocess_file_saved", "timestamp": "2026-05-13T19:19:26", "class_name": "loud", "video_file": "MVI_5178_aug18.mp4", "npy_file": "MVI_5178_aug18.npy", "sequence_shape": "(20, 506)"}
2026-05-13 19:19:27,569 | INFO | {"event": "preprocess_file_saved", "timestamp": "2026-05-13T19:19:27", "class_name": "loud", "video_file": "MVI_5178_aug19.mp4", "npy_file": "MVI_5178_aug19.npy", "sequence_shape": "(20, 506)"}
2026-05-13 19:19:28,822 | INFO | {"event": "preprocess_file_saved", "timestamp": "2026-05-13T19:19:28", "class_name": "loud", "video_file": "MVI_5178_aug2.mp4", "npy_file": "MVI_5178_aug2.npy", "sequence_shape": "(20, 506)"}
2026-05-13 19:19:30,082 | INFO | {"event": "preprocess_file_saved", "timestamp": "2026-05-13T19:19:30", "class_name": "loud", "video_file": "MVI_5178_aug20.mp4", "npy_file": "MVI_5178_aug20.npy", "sequence_shape": "(20, 506)"}
2026-05-13 19:19:31,377 | INFO | {"event": "preprocess_file_saved", "timestamp": "2026-05-13T19:19:31", "class_name": "loud", "video_file": "MVI_5178_aug21.mp4", "npy_file": "MVI_5178_aug21.npy", "sequence_shape": "(20, 506)"}
2026-05-13 19:19:32,663 | INFO | {"event": "preprocess_file_saved", "timestamp": "2026-05-13T19:19:32", "class_name": "loud", "video_file": "MVI_5178_aug22.mp4", "npy_file": "MVI_5178_aug22.npy", "sequence_shape": "(20, 506)"}
2026-05-13 19:19:33,922 | INFO | {"event": "preprocess_file_saved", "timestamp": "2026-05-13T19:19:33", "class_name": "loud", "video_file": "MVI_5178_aug23.mp4", "npy_file": "MVI_5178_aug23.npy", "sequence_shape": "(20, 506)"}
2026-05-13 19:19:35,165 | INFO | {"event": "preprocess_file_saved", "timestamp": "2026-05-13T19:19:35", "class_name": "loud", "video_file": "MVI_5178_aug24.mp4", "npy_file": "MVI_5178_aug24.npy", "sequence_shape": "(20, 506)"}
2026-05-13 19:19:36,404 | INFO | {"event": "preprocess_file_saved", "timestamp": "2026-05-13T19:19:36", "class_name": "loud", "video_file": "MVI_5178_aug25.mp4", "npy_file": "MVI_5178_aug25.npy", "sequence_shape": "(20, 506)"}
2026-05-13 19:19:37,641 | INFO | {"event": "preprocess_file_saved", "timestamp": "2026-05-13T19:19:37", "class_name": "loud", "video_file": "MVI_5178_aug26.mp4", "npy_file": "MVI_5178_aug26.npy", "sequence_shape": "(20, 506)"}
2026-05-13 19:19:38,888 | INFO | {"event": "preprocess_file_saved", "timestamp": "2026-05-13T19:19:38", "class_name": "loud", "video_file": "MVI_5178_aug27.mp4", "npy_file": "MVI_5178_aug27.npy", "sequence_shape": "(20, 506)"}
2026-05-13 19:19:40,096 | INFO | {"event": "preprocess_file_saved", "timestamp": "2026-05-13T19:19:40", "class_name": "loud", "video_file": "MVI_5178_aug28.mp4", "npy_file": "MVI_5178_aug28.npy", "sequence_shape": "(20, 506)"}
2026-05-13 19:19:41,350 | INFO | {"event": "preprocess_file_saved", "timestamp": "2026-05-13T19:19:41", "class_name": "loud", "video_file": "MVI_5178_aug29.mp4", "npy_file": "MVI_5178_aug29.npy", "sequence_shape": "(20, 506)"}
2026-05-13 19:19:42,567 | INFO | {"event": "preprocess_file_saved", "timestamp": "2026-05-13T19:19:42", "class_name": "loud", "video_file": "MVI_5178_aug3.mp4", "npy_file": "MVI_5178_aug3.npy", "sequence_shape": "(20, 506)"}
2026-05-13 19:19:43,896 | INFO | {"event": "preprocess_file_saved", "timestamp": "2026-05-13T19:19:43", "class_name": "loud", "video_file": "MVI_5178_aug30.mp4", "npy_file": "MVI_5178_aug30.npy", "sequence_shape": "(20, 506)"}
2026-05-13 19:19:45,129 | INFO | {"event": "preprocess_file_saved", "timestamp": "2026-05-13T19:19:45", "class_name": "loud", "video_file": "MVI_5178_aug31.mp4", "npy_file": "MVI_5178_aug31.npy", "sequence_shape": "(20, 506)"}
2026-05-13 19:19:46,379 | INFO | {"event": "preprocess_file_saved", "timestamp": "2026-05-13T19:19:46", "class_name": "loud", "video_file": "MVI_5178_aug32.mp4", "npy_file": "MVI_5178_aug32.npy", "sequence_shape": "(20, 506)"}
2026-05-13 19:19:47,605 | INFO | {"event": "preprocess_file_saved", "timestamp": "2026-05-13T19:19:47", "class_name": "loud", "video_file": "MVI_5178_aug33.mp4", "npy_file": "MVI_5178_aug33.npy", "sequence_shape": "(20, 506)"}
2026-05-13 19:19:48,924 | INFO | {"event": "preprocess_file_saved", "timestamp": "2026-05-13T19:19:48", "class_name": "loud", "video_file": "MVI_5178_aug4.mp4", "npy_file": "MVI_5178_aug4.npy", "sequence_shape": "(20, 506)"}
2026-05-13 19:19:50,190 | INFO | {"event": "preprocess_file_saved", "timestamp": "2026-05-13T19:19:50", "class_name": "loud", "video_file": "MVI_5178_aug5.mp4", "npy_file": "MVI_5178_aug5.npy", "sequence_shape": "(20, 506)"}
2026-05-13 19:19:51,462 | INFO | {"event": "preprocess_file_saved", "timestamp": "2026-05-13T19:19:51", "class_name": "loud", "video_file": "MVI_5178_aug6.mp4", "npy_file": "MVI_5178_aug6.npy", "sequence_shape": "(20, 506)"}
2026-05-13 19:19:52,686 | INFO | {"event": "preprocess_file_saved", "timestamp": "2026-05-13T19:19:52", "class_name": "loud", "video_file": "MVI_5178_aug7.mp4", "npy_file": "MVI_5178_aug7.npy", "sequence_shape": "(20, 506)"}
2026-05-13 19:19:53,930 | INFO | {"event": "preprocess_file_saved", "timestamp": "2026-05-13T19:19:53", "class_name": "loud", "video_file": "MVI_5178_aug8.mp4", "npy_file": "MVI_5178_aug8.npy", "sequence_shape": "(20, 506)"}
2026-05-13 19:19:55,164 | INFO | {"event": "preprocess_file_saved", "timestamp": "2026-05-13T19:19:55", "class_name": "loud", "video_file": "MVI_5178_aug9.mp4", "npy_file": "MVI_5178_aug9.npy", "sequence_shape": "(20, 506)"}
2026-05-13 19:19:56,264 | INFO | {"event": "preprocess_file_saved", "timestamp": "2026-05-13T19:19:56", "class_name": "loud", "video_file": "MVI_5179.MOV", "npy_file": "MVI_5179.npy", "sequence_shape": "(20, 506)"}
2026-05-13 19:19:57,573 | INFO | {"event": "preprocess_file_saved", "timestamp": "2026-05-13T19:19:57", "class_name": "loud", "video_file": "MVI_5179_aug1.mp4", "npy_file": "MVI_5179_aug1.npy", "sequence_shape": "(20, 506)"}
2026-05-13 19:19:58,823 | INFO | {"event": "preprocess_file_saved", "timestamp": "2026-05-13T19:19:58", "class_name": "loud", "video_file": "MVI_5179_aug10.mp4", "npy_file": "MVI_5179_aug10.npy", "sequence_shape": "(20, 506)"}
2026-05-13 19:20:00,271 | INFO | {"event": "preprocess_file_saved", "timestamp": "2026-05-13T19:20:00", "class_name": "loud", "video_file": "MVI_5179_aug11.mp4", "npy_file": "MVI_5179_aug11.npy", "sequence_shape": "(20, 506)"}
2026-05-13 19:20:01,648 | INFO | {"event": "preprocess_file_saved", "timestamp": "2026-05-13T19:20:01", "class_name": "loud", "video_file": "MVI_5179_aug12.mp4", "npy_file": "MVI_5179_aug12.npy", "sequence_shape": "(20, 506)"}
2026-05-13 19:20:02,922 | INFO | {"event": "preprocess_file_saved", "timestamp": "2026-05-13T19:20:02", "class_name": "loud", "video_file": "MVI_5179_aug13.mp4", "npy_file": "MVI_5179_aug13.npy", "sequence_shape": "(20, 506)"}
2026-05-13 19:20:04,211 | INFO | {"event": "preprocess_file_saved", "timestamp": "2026-05-13T19:20:04", "class_name": "loud", "video_file": "MVI_5179_aug14.mp4", "npy_file": "MVI_5179_aug14.npy", "sequence_shape": "(20, 506)"}
2026-05-13 19:20:05,558 | INFO | {"event": "preprocess_file_saved", "timestamp": "2026-05-13T19:20:05", "class_name": "loud", "video_file": "MVI_5179_aug15.mp4", "npy_file": "MVI_5179_aug15.npy", "sequence_shape": "(20, 506)"}
2026-05-13 19:20:06,821 | INFO | {"event": "preprocess_file_saved", "timestamp": "2026-05-13T19:20:06", "class_name": "loud", "video_file": "MVI_5179_aug16.mp4", "npy_file": "MVI_5179_aug16.npy", "sequence_shape": "(20, 506)"}
2026-05-13 19:20:08,045 | INFO | {"event": "preprocess_file_saved", "timestamp": "2026-05-13T19:20:08", "class_name": "loud", "video_file": "MVI_5179_aug17.mp4", "npy_file": "MVI_5179_aug17.npy", "sequence_shape": "(20, 506)"}
2026-05-13 19:20:09,307 | INFO | {"event": "preprocess_file_saved", "timestamp": "2026-05-13T19:20:09", "class_name": "loud", "video_file": "MVI_5179_aug18.mp4", "npy_file": "MVI_5179_aug18.npy", "sequence_shape": "(20, 506)"}
2026-05-13 19:20:10,541 | INFO | {"event": "preprocess_file_saved", "timestamp": "2026-05-13T19:20:10", "class_name": "loud", "video_file": "MVI_5179_aug19.mp4", "npy_file": "MVI_5179_aug19.npy", "sequence_shape": "(20, 506)"}
2026-05-13 19:20:11,836 | INFO | {"event": "preprocess_file_saved", "timestamp": "2026-05-13T19:20:11", "class_name": "loud", "video_file": "MVI_5179_aug2.mp4", "npy_file": "MVI_5179_aug2.npy", "sequence_shape": "(20, 506)"}
2026-05-13 19:20:13,106 | INFO | {"event": "preprocess_file_saved", "timestamp": "2026-05-13T19:20:13", "class_name": "loud", "video_file": "MVI_5179_aug20.mp4", "npy_file": "MVI_5179_aug20.npy", "sequence_shape": "(20, 506)"}
2026-05-13 19:20:14,312 | INFO | {"event": "preprocess_file_saved", "timestamp": "2026-05-13T19:20:14", "class_name": "loud", "video_file": "MVI_5179_aug21.mp4", "npy_file": "MVI_5179_aug21.npy", "sequence_shape": "(20, 506)"}
2026-05-13 19:20:15,527 | INFO | {"event": "preprocess_file_saved", "timestamp": "2026-05-13T19:20:15", "class_name": "loud", "video_file": "MVI_5179_aug22.mp4", "npy_file": "MVI_5179_aug22.npy", "sequence_shape": "(20, 506)"}
2026-05-13 19:20:16,739 | INFO | {"event": "preprocess_file_saved", "timestamp": "2026-05-13T19:20:16", "class_name": "loud", "video_file": "MVI_5179_aug23.mp4", "npy_file": "MVI_5179_aug23.npy", "sequence_shape": "(20, 506)"}
2026-05-13 19:20:17,983 | INFO | {"event": "preprocess_file_saved", "timestamp": "2026-05-13T19:20:17", "class_name": "loud", "video_file": "MVI_5179_aug24.mp4", "npy_file": "MVI_5179_aug24.npy", "sequence_shape": "(20, 506)"}
2026-05-13 19:20:19,205 | INFO | {"event": "preprocess_file_saved", "timestamp": "2026-05-13T19:20:19", "class_name": "loud", "video_file": "MVI_5179_aug25.mp4", "npy_file": "MVI_5179_aug25.npy", "sequence_shape": "(20, 506)"}
2026-05-13 19:20:20,430 | INFO | {"event": "preprocess_file_saved", "timestamp": "2026-05-13T19:20:20", "class_name": "loud", "video_file": "MVI_5179_aug26.mp4", "npy_file": "MVI_5179_aug26.npy", "sequence_shape": "(20, 506)"}
2026-05-13 19:20:21,677 | INFO | {"event": "preprocess_file_saved", "timestamp": "2026-05-13T19:20:21", "class_name": "loud", "video_file": "MVI_5179_aug27.mp4", "npy_file": "MVI_5179_aug27.npy", "sequence_shape": "(20, 506)"}
2026-05-13 19:20:22,908 | INFO | {"event": "preprocess_file_saved", "timestamp": "2026-05-13T19:20:22", "class_name": "loud", "video_file": "MVI_5179_aug28.mp4", "npy_file": "MVI_5179_aug28.npy", "sequence_shape": "(20, 506)"}
2026-05-13 19:20:24,153 | INFO | {"event": "preprocess_file_saved", "timestamp": "2026-05-13T19:20:24", "class_name": "loud", "video_file": "MVI_5179_aug29.mp4", "npy_file": "MVI_5179_aug29.npy", "sequence_shape": "(20, 506)"}
2026-05-13 19:20:25,476 | INFO | {"event": "preprocess_file_saved", "timestamp": "2026-05-13T19:20:25", "class_name": "loud", "video_file": "MVI_5179_aug3.mp4", "npy_file": "MVI_5179_aug3.npy", "sequence_shape": "(20, 506)"}
2026-05-13 19:20:26,838 | INFO | {"event": "preprocess_file_saved", "timestamp": "2026-05-13T19:20:26", "class_name": "loud", "video_file": "MVI_5179_aug30.mp4", "npy_file": "MVI_5179_aug30.npy", "sequence_shape": "(20, 506)"}
2026-05-13 19:20:28,124 | INFO | {"event": "preprocess_file_saved", "timestamp": "2026-05-13T19:20:28", "class_name": "loud", "video_file": "MVI_5179_aug31.mp4", "npy_file": "MVI_5179_aug31.npy", "sequence_shape": "(20, 506)"}
2026-05-13 19:20:29,553 | INFO | {"event": "preprocess_file_saved", "timestamp": "2026-05-13T19:20:29", "class_name": "loud", "video_file": "MVI_5179_aug32.mp4", "npy_file": "MVI_5179_aug32.npy", "sequence_shape": "(20, 506)"}
