2026-05-11 11:10:01,386 | INFO | Logger initialized for preprocess
2026-05-11 11:10:01,387 | INFO | Log file: logs\preprocess_20260511_111001.log
2026-05-11 11:10:01,387 | INFO | {"event": "preprocess_pipeline_start", "timestamp": "2026-05-11T11:10:01", "source_dir": "C:\\Users\\Joseph\\Desktop\\projects\\sign_to_text\\Dataset"}
2026-05-11 11:10:01,388 | INFO | ============================================================
2026-05-11 11:10:01,389 | INFO |   Preprocessing Videos -> Landmarks (.npy)
2026-05-11 11:10:01,389 | INFO | ============================================================
2026-05-11 11:10:01,390 | INFO |   Source: C:\Users\Joseph\Desktop\projects\sign_to_text\Dataset
2026-05-11 11:10:01,390 | INFO | {"event": "preprocess_start", "timestamp": "2026-05-11T11:10:01", "input_dir": "C:\\Users\\Joseph\\Desktop\\projects\\sign_to_text\\Dataset", "output_dir": "C:\\Users\\Joseph\\Desktop\\projects\\sign_to_text\\processed"}
2026-05-11 11:10:01,415 | INFO | [Preprocess] Found 79 classes: ['1. loud', '10. Mean', '11. rich', '12. poor', '13. thick', '14. thin', '15. expensive', '16. cheap', '17. flat', '18. curved', '19. male', '2. quiet', '20. female', '21. tight', '22. loose', '23. high', '24. low', '25. soft', '26. hard', '27. deep', '28. shallow', '29. clean', '3. happy', '30. dirty', '31. strong', '32. weak', '33. dead', '34. alive', '35. heavy', '36. light', '39. famous', '4. sad', '40. I', '42. he', '43. she', '44. it', '45. we', '45. you', '46. you_all', '47. they', '48. Hello', '49. How_are_you', '5. Beautiful', '50. Alright', '51. Good_Morning', '52. Good_afternoon', '53. Good_evening', '54. Good_night', '55. Thank_you', '56. Pleased', '57. Good', '58. Idle', '59. Morning', '6. Ugly', '7. Deaf', '78. long', '79. short', '8. Blind', '80. tall', '81. wide', '82. narrow', '83. big_large', '84. small_little', '85. slow', '86. fast', '87. hot', '88. cold', '89. warm', '9. Nice', '90. cool', '91. new', '92. old', '93. young', '94. good', '95. bad', '96. wet', '97. dry', '98. sick', '99. healthy']
2026-05-11 11:10:01,416 | INFO | [Preprocess] Reading videos from: C:\Users\Joseph\Desktop\projects\sign_to_text\Dataset
2026-05-11 11:10:01,416 | INFO | {"event": "preprocess_classes_discovered", "timestamp": "2026-05-11T11:10:01", "num_classes": 79, "class_list": ["1. loud", "10. Mean", "11. rich", "12. poor", "13. thick", "14. thin", "15. expensive", "16. cheap", "17. flat", "18. curved", "19. male", "2. quiet", "20. female", "21. tight", "22. loose", "23. high", "24. low", "25. soft", "26. hard", "27. deep", "28. shallow", "29. clean", "3. happy", "30. dirty", "31. strong", "32. weak", "33. dead", "34. alive", "35. heavy", "36. light", "39. famous", "4. sad", "40. I", "42. he", "43. she", "44. it", "45. we", "45. you", "46. you_all", "47. they", "48. Hello", "49. How_are_you", "5. Beautiful", "50. Alright", "51. Good_Morning", "52. Good_afternoon", "53. Good_evening", "54. Good_night", "55. Thank_you", "56. Pleased", "57. Good", "58. Idle", "59. Morning", "6. Ugly", "7. Deaf", "78. long", "79. short", "8. Blind", "80. tall", "81. wide", "82. narrow", "83. big_large", "84. small_little", "85. slow", "86. fast", "87. hot", "88. cold", "89. warm", "9. Nice", "90. cool", "91. new", "92. old", "93. young", "94. good", "95. bad", "96. wet", "97. dry", "98. sick", "99. healthy"]}
2026-05-11 11:10:01,417 | INFO |   Class 'loud': 10 videos
2026-05-11 11:10:04,363 | INFO | {"event": "preprocess_file_saved", "timestamp": "2026-05-11T11:10:04", "class_name": "loud", "video_file": "How to sign the word loud in ISL #isl #deaf #hearingaids #india #bengaluru #mumbai #world #usa.publer.com.mp4", "npy_file": "How to sign the word loud in ISL #isl #deaf #hearingaids #india #bengaluru #mumbai #world #usa.publer.com.npy", "sequence_shape": "(20, 506)"}
2026-05-11 11:10:06,700 | INFO | {"event": "preprocess_file_saved", "timestamp": "2026-05-11T11:10:06", "class_name": "loud", "video_file": "loud.publer.com.mp4", "npy_file": "loud.publer.com.npy", "sequence_shape": "(20, 506)"}
2026-05-11 11:10:08,766 | INFO | {"event": "preprocess_file_saved", "timestamp": "2026-05-11T11:10:08", "class_name": "loud", "video_file": "MVI_5177.MOV", "npy_file": "MVI_5177.npy", "sequence_shape": "(20, 506)"}
2026-05-11 11:10:10,908 | INFO | {"event": "preprocess_file_saved", "timestamp": "2026-05-11T11:10:10", "class_name": "loud", "video_file": "MVI_5178.MOV", "npy_file": "MVI_5178.npy", "sequence_shape": "(20, 506)"}
2026-05-11 11:10:12,943 | INFO | {"event": "preprocess_file_saved", "timestamp": "2026-05-11T11:10:12", "class_name": "loud", "video_file": "MVI_5179.MOV", "npy_file": "MVI_5179.npy", "sequence_shape": "(20, 506)"}
2026-05-11 11:10:14,681 | INFO | {"event": "preprocess_file_saved", "timestamp": "2026-05-11T11:10:14", "class_name": "loud", "video_file": "MVI_5257.MOV", "npy_file": "MVI_5257.npy", "sequence_shape": "(20, 506)"}
2026-05-11 11:10:17,071 | INFO | {"event": "preprocess_file_saved", "timestamp": "2026-05-11T11:10:17", "class_name": "loud", "video_file": "MVI_5258.MOV", "npy_file": "MVI_5258.npy", "sequence_shape": "(20, 506)"}
2026-05-11 11:10:19,598 | INFO | {"event": "preprocess_file_saved", "timestamp": "2026-05-11T11:10:19", "class_name": "loud", "video_file": "MVI_5259.MOV", "npy_file": "MVI_5259.npy", "sequence_shape": "(20, 506)"}
2026-05-11 11:10:22,089 | INFO | {"event": "preprocess_file_saved", "timestamp": "2026-05-11T11:10:22", "class_name": "loud", "video_file": "MVI_5335.MOV", "npy_file": "MVI_5335.npy", "sequence_shape": "(20, 506)"}
2026-05-11 11:10:24,296 | INFO | {"event": "preprocess_file_saved", "timestamp": "2026-05-11T11:10:24", "class_name": "loud", "video_file": "MVI_5336.MOV", "npy_file": "MVI_5336.npy", "sequence_shape": "(20, 506)"}
2026-05-11 11:10:24,296 | INFO | {"event": "preprocess_class_complete", "timestamp": "2026-05-11T11:10:24", "class_name": "loud", "video_count": 10}
2026-05-11 11:10:24,298 | INFO |   Class 'mean': 8 videos
2026-05-11 11:10:27,170 | INFO | {"event": "preprocess_file_saved", "timestamp": "2026-05-11T11:10:27", "class_name": "mean", "video_file": "MVI_9592.MOV", "npy_file": "MVI_9592.npy", "sequence_shape": "(20, 506)"}
2026-05-11 11:10:29,240 | INFO | {"event": "preprocess_file_saved", "timestamp": "2026-05-11T11:10:29", "class_name": "mean", "video_file": "MVI_9593.MOV", "npy_file": "MVI_9593.npy", "sequence_shape": "(20, 506)"}
2026-05-11 11:10:30,973 | INFO | {"event": "preprocess_file_saved", "timestamp": "2026-05-11T11:10:30", "class_name": "mean", "video_file": "MVI_9594.MOV", "npy_file": "MVI_9594.npy", "sequence_shape": "(20, 506)"}
2026-05-11 11:10:32,859 | INFO | {"event": "preprocess_file_saved", "timestamp": "2026-05-11T11:10:32", "class_name": "mean", "video_file": "MVI_9595.MOV", "npy_file": "MVI_9595.npy", "sequence_shape": "(20, 506)"}
2026-05-11 11:10:34,849 | INFO | {"event": "preprocess_file_saved", "timestamp": "2026-05-11T11:10:34", "class_name": "mean", "video_file": "MVI_9729.MOV", "npy_file": "MVI_9729.npy", "sequence_shape": "(20, 506)"}
2026-05-11 11:10:36,651 | INFO | {"event": "preprocess_file_saved", "timestamp": "2026-05-11T11:10:36", "class_name": "mean", "video_file": "MVI_9730.MOV", "npy_file": "MVI_9730.npy", "sequence_shape": "(20, 506)"}
2026-05-11 11:10:38,861 | INFO | {"event": "preprocess_file_saved", "timestamp": "2026-05-11T11:10:38", "class_name": "mean", "video_file": "MVI_9731.MOV", "npy_file": "MVI_9731.npy", "sequence_shape": "(20, 506)"}
2026-05-11 11:10:40,465 | INFO | {"event": "preprocess_file_saved", "timestamp": "2026-05-11T11:10:40", "class_name": "mean", "video_file": "MVI_9732.MOV", "npy_file": "MVI_9732.npy", "sequence_shape": "(20, 506)"}
2026-05-11 11:10:40,466 | INFO | {"event": "preprocess_class_complete", "timestamp": "2026-05-11T11:10:40", "class_name": "mean", "video_count": 8}
2026-05-11 11:10:40,468 | INFO |   Class 'rich': 8 videos
2026-05-11 11:10:42,202 | INFO | {"event": "preprocess_file_saved", "timestamp": "2026-05-11T11:10:42", "class_name": "rich", "video_file": "MVI_9596.MOV", "npy_file": "MVI_9596.npy", "sequence_shape": "(20, 506)"}
2026-05-11 11:10:44,540 | INFO | {"event": "preprocess_file_saved", "timestamp": "2026-05-11T11:10:44", "class_name": "rich", "video_file": "MVI_9597.MOV", "npy_file": "MVI_9597.npy", "sequence_shape": "(20, 506)"}
2026-05-11 11:10:46,660 | INFO | {"event": "preprocess_file_saved", "timestamp": "2026-05-11T11:10:46", "class_name": "rich", "video_file": "MVI_9598.MOV", "npy_file": "MVI_9598.npy", "sequence_shape": "(20, 506)"}
2026-05-11 11:10:48,455 | INFO | {"event": "preprocess_file_saved", "timestamp": "2026-05-11T11:10:48", "class_name": "rich", "video_file": "MVI_9599.MOV", "npy_file": "MVI_9599.npy", "sequence_shape": "(20, 506)"}
2026-05-11 11:10:50,514 | INFO | {"event": "preprocess_file_saved", "timestamp": "2026-05-11T11:10:50", "class_name": "rich", "video_file": "MVI_9733.MOV", "npy_file": "MVI_9733.npy", "sequence_shape": "(20, 506)"}
2026-05-11 11:10:53,077 | INFO | {"event": "preprocess_file_saved", "timestamp": "2026-05-11T11:10:53", "class_name": "rich", "video_file": "MVI_9734.MOV", "npy_file": "MVI_9734.npy", "sequence_shape": "(20, 506)"}
2026-05-11 11:10:55,097 | INFO | {"event": "preprocess_file_saved", "timestamp": "2026-05-11T11:10:55", "class_name": "rich", "video_file": "MVI_9735.MOV", "npy_file": "MVI_9735.npy", "sequence_shape": "(20, 506)"}
2026-05-11 11:10:57,368 | INFO | {"event": "preprocess_file_saved", "timestamp": "2026-05-11T11:10:57", "class_name": "rich", "video_file": "MVI_9736.MOV", "npy_file": "MVI_9736.npy", "sequence_shape": "(20, 506)"}
2026-05-11 11:10:57,369 | INFO | {"event": "preprocess_class_complete", "timestamp": "2026-05-11T11:10:57", "class_name": "rich", "video_count": 8}
2026-05-11 11:10:57,370 | INFO |   Class 'poor': 8 videos
2026-05-11 11:10:59,029 | INFO | {"event": "preprocess_file_saved", "timestamp": "2026-05-11T11:10:59", "class_name": "poor", "video_file": "MVI_9600.MOV", "npy_file": "MVI_9600.npy", "sequence_shape": "(20, 506)"}
2026-05-11 11:11:01,027 | INFO | {"event": "preprocess_file_saved", "timestamp": "2026-05-11T11:11:01", "class_name": "poor", "video_file": "MVI_9601.MOV", "npy_file": "MVI_9601.npy", "sequence_shape": "(20, 506)"}
2026-05-11 11:11:02,583 | INFO | {"event": "preprocess_file_saved", "timestamp": "2026-05-11T11:11:02", "class_name": "poor", "video_file": "MVI_9603.MOV", "npy_file": "MVI_9603.npy", "sequence_shape": "(20, 506)"}
2026-05-11 11:11:04,642 | INFO | {"event": "preprocess_file_saved", "timestamp": "2026-05-11T11:11:04", "class_name": "poor", "video_file": "MVI_9604.MOV", "npy_file": "MVI_9604.npy", "sequence_shape": "(20, 506)"}
2026-05-11 11:11:06,611 | INFO | {"event": "preprocess_file_saved", "timestamp": "2026-05-11T11:11:06", "class_name": "poor", "video_file": "MVI_9737.MOV", "npy_file": "MVI_9737.npy", "sequence_shape": "(20, 506)"}
2026-05-11 11:11:08,631 | INFO | {"event": "preprocess_file_saved", "timestamp": "2026-05-11T11:11:08", "class_name": "poor", "video_file": "MVI_9738.MOV", "npy_file": "MVI_9738.npy", "sequence_shape": "(20, 506)"}
2026-05-11 11:11:10,929 | INFO | {"event": "preprocess_file_saved", "timestamp": "2026-05-11T11:11:10", "class_name": "poor", "video_file": "MVI_9739.MOV", "npy_file": "MVI_9739.npy", "sequence_shape": "(20, 506)"}
2026-05-11 11:11:12,762 | INFO | {"event": "preprocess_file_saved", "timestamp": "2026-05-11T11:11:12", "class_name": "poor", "video_file": "MVI_9740.MOV", "npy_file": "MVI_9740.npy", "sequence_shape": "(20, 506)"}
2026-05-11 11:11:12,763 | INFO | {"event": "preprocess_class_complete", "timestamp": "2026-05-11T11:11:12", "class_name": "poor", "video_count": 8}
2026-05-11 11:11:12,764 | INFO |   Class 'thick': 8 videos
2026-05-11 11:11:14,502 | INFO | {"event": "preprocess_file_saved", "timestamp": "2026-05-11T11:11:14", "class_name": "thick", "video_file": "MVI_9605.MOV", "npy_file": "MVI_9605.npy", "sequence_shape": "(20, 506)"}
2026-05-11 11:11:16,398 | INFO | {"event": "preprocess_file_saved", "timestamp": "2026-05-11T11:11:16", "class_name": "thick", "video_file": "MVI_9606.MOV", "npy_file": "MVI_9606.npy", "sequence_shape": "(20, 506)"}
2026-05-11 11:11:18,643 | INFO | {"event": "preprocess_file_saved", "timestamp": "2026-05-11T11:11:18", "class_name": "thick", "video_file": "MVI_9607.MOV", "npy_file": "MVI_9607.npy", "sequence_shape": "(20, 506)"}
2026-05-11 11:11:20,860 | INFO | {"event": "preprocess_file_saved", "timestamp": "2026-05-11T11:11:20", "class_name": "thick", "video_file": "MVI_9608.MOV", "npy_file": "MVI_9608.npy", "sequence_shape": "(20, 506)"}
2026-05-11 11:11:23,388 | INFO | {"event": "preprocess_file_saved", "timestamp": "2026-05-11T11:11:23", "class_name": "thick", "video_file": "MVI_9742.MOV", "npy_file": "MVI_9742.npy", "sequence_shape": "(20, 506)"}
2026-05-11 11:11:25,566 | INFO | {"event": "preprocess_file_saved", "timestamp": "2026-05-11T11:11:25", "class_name": "thick", "video_file": "MVI_9743.MOV", "npy_file": "MVI_9743.npy", "sequence_shape": "(20, 506)"}
2026-05-11 11:11:27,627 | INFO | {"event": "preprocess_file_saved", "timestamp": "2026-05-11T11:11:27", "class_name": "thick", "video_file": "MVI_9744.MOV", "npy_file": "MVI_9744.npy", "sequence_shape": "(20, 506)"}
2026-05-11 11:11:30,008 | INFO | {"event": "preprocess_file_saved", "timestamp": "2026-05-11T11:11:30", "class_name": "thick", "video_file": "MVI_9745.MOV", "npy_file": "MVI_9745.npy", "sequence_shape": "(20, 506)"}
2026-05-11 11:11:30,008 | INFO | {"event": "preprocess_class_complete", "timestamp": "2026-05-11T11:11:30", "class_name": "thick", "video_count": 8}
2026-05-11 11:11:30,009 | INFO |   Class 'thin': 4 videos
2026-05-11 11:11:31,769 | INFO | {"event": "preprocess_file_saved", "timestamp": "2026-05-11T11:11:31", "class_name": "thin", "video_file": "MVI_9609.MOV", "npy_file": "MVI_9609.npy", "sequence_shape": "(20, 506)"}
2026-05-11 11:11:33,686 | INFO | {"event": "preprocess_file_saved", "timestamp": "2026-05-11T11:11:33", "class_name": "thin", "video_file": "MVI_9610.MOV", "npy_file": "MVI_9610.npy", "sequence_shape": "(20, 506)"}
2026-05-11 11:11:36,159 | INFO | {"event": "preprocess_file_saved", "timestamp": "2026-05-11T11:11:36", "class_name": "thin", "video_file": "MVI_9611.MOV", "npy_file": "MVI_9611.npy", "sequence_shape": "(20, 506)"}
2026-05-11 11:11:38,608 | INFO | {"event": "preprocess_file_saved", "timestamp": "2026-05-11T11:11:38", "class_name": "thin", "video_file": "MVI_9612.MOV", "npy_file": "MVI_9612.npy", "sequence_shape": "(20, 506)"}
2026-05-11 11:11:38,609 | INFO | {"event": "preprocess_class_complete", "timestamp": "2026-05-11T11:11:38", "class_name": "thin", "video_count": 4}
2026-05-11 11:11:38,611 | INFO |   Class 'expensive': 8 videos
2026-05-11 11:11:41,412 | INFO | {"event": "preprocess_file_saved", "timestamp": "2026-05-11T11:11:41", "class_name": "expensive", "video_file": "MVI_9613.MOV", "npy_file": "MVI_9613.npy", "sequence_shape": "(20, 506)"}
2026-05-11 11:11:44,412 | INFO | {"event": "preprocess_file_saved", "timestamp": "2026-05-11T11:11:44", "class_name": "expensive", "video_file": "MVI_9614.MOV", "npy_file": "MVI_9614.npy", "sequence_shape": "(20, 506)"}
2026-05-11 11:11:47,042 | INFO | {"event": "preprocess_file_saved", "timestamp": "2026-05-11T11:11:47", "class_name": "expensive", "video_file": "MVI_9615.MOV", "npy_file": "MVI_9615.npy", "sequence_shape": "(20, 506)"}
2026-05-11 11:11:49,509 | INFO | {"event": "preprocess_file_saved", "timestamp": "2026-05-11T11:11:49", "class_name": "expensive", "video_file": "MVI_9616.MOV", "npy_file": "MVI_9616.npy", "sequence_shape": "(20, 506)"}
2026-05-11 11:11:52,512 | INFO | {"event": "preprocess_file_saved", "timestamp": "2026-05-11T11:11:52", "class_name": "expensive", "video_file": "MVI_9746.MOV", "npy_file": "MVI_9746.npy", "sequence_shape": "(20, 506)"}
2026-05-11 11:11:55,817 | INFO | {"event": "preprocess_file_saved", "timestamp": "2026-05-11T11:11:55", "class_name": "expensive", "video_file": "MVI_9747.MOV", "npy_file": "MVI_9747.npy", "sequence_shape": "(20, 506)"}
2026-05-11 11:11:59,437 | INFO | {"event": "preprocess_file_saved", "timestamp": "2026-05-11T11:11:59", "class_name": "expensive", "video_file": "MVI_9748.MOV", "npy_file": "MVI_9748.npy", "sequence_shape": "(20, 506)"}
2026-05-11 11:12:02,720 | INFO | {"event": "preprocess_file_saved", "timestamp": "2026-05-11T11:12:02", "class_name": "expensive", "video_file": "MVI_9749.MOV", "npy_file": "MVI_9749.npy", "sequence_shape": "(20, 506)"}
2026-05-11 11:12:02,724 | INFO | {"event": "preprocess_class_complete", "timestamp": "2026-05-11T11:12:02", "class_name": "expensive", "video_count": 8}
2026-05-11 11:12:02,728 | INFO |   Class 'cheap': 8 videos
2026-05-11 11:12:05,653 | INFO | {"event": "preprocess_file_saved", "timestamp": "2026-05-11T11:12:05", "class_name": "cheap", "video_file": "MVI_9617.MOV", "npy_file": "MVI_9617.npy", "sequence_shape": "(20, 506)"}
2026-05-11 11:12:09,791 | INFO | {"event": "preprocess_file_saved", "timestamp": "2026-05-11T11:12:09", "class_name": "cheap", "video_file": "MVI_9618.MOV", "npy_file": "MVI_9618.npy", "sequence_shape": "(20, 506)"}
2026-05-11 11:12:12,831 | INFO | {"event": "preprocess_file_saved", "timestamp": "2026-05-11T11:12:12", "class_name": "cheap", "video_file": "MVI_9619.MOV", "npy_file": "MVI_9619.npy", "sequence_shape": "(20, 506)"}
2026-05-11 11:12:15,079 | INFO | {"event": "preprocess_file_saved", "timestamp": "2026-05-11T11:12:15", "class_name": "cheap", "video_file": "MVI_9620.MOV", "npy_file": "MVI_9620.npy", "sequence_shape": "(20, 506)"}
2026-05-11 11:12:17,867 | INFO | {"event": "preprocess_file_saved", "timestamp": "2026-05-11T11:12:17", "class_name": "cheap", "video_file": "MVI_9750.MOV", "npy_file": "MVI_9750.npy", "sequence_shape": "(20, 506)"}
2026-05-11 11:12:20,748 | INFO | {"event": "preprocess_file_saved", "timestamp": "2026-05-11T11:12:20", "class_name": "cheap", "video_file": "MVI_9751.MOV", "npy_file": "MVI_9751.npy", "sequence_shape": "(20, 506)"}
2026-05-11 11:12:23,256 | INFO | {"event": "preprocess_file_saved", "timestamp": "2026-05-11T11:12:23", "class_name": "cheap", "video_file": "MVI_9752.MOV", "npy_file": "MVI_9752.npy", "sequence_shape": "(20, 506)"}
2026-05-11 11:12:25,785 | INFO | {"event": "preprocess_file_saved", "timestamp": "2026-05-11T11:12:25", "class_name": "cheap", "video_file": "MVI_9754.MOV", "npy_file": "MVI_9754.npy", "sequence_shape": "(20, 506)"}
2026-05-11 11:12:25,785 | INFO | {"event": "preprocess_class_complete", "timestamp": "2026-05-11T11:12:25", "class_name": "cheap", "video_count": 8}
2026-05-11 11:12:25,790 | INFO |   Class 'flat': 8 videos
2026-05-11 11:12:28,485 | INFO | {"event": "preprocess_file_saved", "timestamp": "2026-05-11T11:12:28", "class_name": "flat", "video_file": "MVI_9621.MOV", "npy_file": "MVI_9621.npy", "sequence_shape": "(20, 506)"}
2026-05-11 11:12:31,054 | INFO | {"event": "preprocess_file_saved", "timestamp": "2026-05-11T11:12:31", "class_name": "flat", "video_file": "MVI_9622.MOV", "npy_file": "MVI_9622.npy", "sequence_shape": "(20, 506)"}
2026-05-11 11:12:33,354 | INFO | {"event": "preprocess_file_saved", "timestamp": "2026-05-11T11:12:33", "class_name": "flat", "video_file": "MVI_9623.MOV", "npy_file": "MVI_9623.npy", "sequence_shape": "(20, 506)"}
2026-05-11 11:12:36,561 | INFO | {"event": "preprocess_file_saved", "timestamp": "2026-05-11T11:12:36", "class_name": "flat", "video_file": "MVI_9624.MOV", "npy_file": "MVI_9624.npy", "sequence_shape": "(20, 506)"}
2026-05-11 11:12:39,308 | INFO | {"event": "preprocess_file_saved", "timestamp": "2026-05-11T11:12:39", "class_name": "flat", "video_file": "MVI_9755.MOV", "npy_file": "MVI_9755.npy", "sequence_shape": "(20, 506)"}
2026-05-11 11:12:41,452 | INFO | {"event": "preprocess_file_saved", "timestamp": "2026-05-11T11:12:41", "class_name": "flat", "video_file": "MVI_9756.MOV", "npy_file": "MVI_9756.npy", "sequence_shape": "(20, 506)"}
2026-05-11 11:12:44,440 | INFO | {"event": "preprocess_file_saved", "timestamp": "2026-05-11T11:12:44", "class_name": "flat", "video_file": "MVI_9757.MOV", "npy_file": "MVI_9757.npy", "sequence_shape": "(20, 506)"}
