2026-05-12 09:21:48,289 | INFO | Logger initialized for train
2026-05-12 09:21:48,290 | INFO | Log file: logs\train_20260512_092148.log
2026-05-12 09:21:48,290 | INFO | {"event": "train_start", "timestamp": "2026-05-12T09:21:48", "processed_dir": "C:\\Users\\Joseph\\Desktop\\projects\\sign_to_text\\processed"}
2026-05-12 09:21:48,291 | INFO | ============================================================
2026-05-12 09:21:48,291 | INFO |   Training Word Model (BiGRU + Attention)
2026-05-12 09:21:48,291 | INFO | ============================================================
2026-05-12 09:21:52,235 | INFO | [Dataset] 17507 samples, 78 classes (augment=False, oversample=False)
2026-05-12 09:21:52,235 | INFO | [Dataset] Distribution: alive=72, alright=278, bad=294, beautiful=239, big_large=294, blind=224, cheap=221, clean=72, cold=294, cool=294, curved=212, dead=72, deaf=224, deep=72, dirty=72, dry=164, expensive=212, famous=192, fast=294, female=202, flat=212, good=274, good_afternoon=278, good_evening=290, good_morning=278, good_night=278, happy=224, hard=72, he=278, healthy=295, heavy=72, hello=273, high=262, hot=294, how_are_you=273, i=273, idle=130, it=278, light=202, long=294, loose=204, loud=240, low=72, male=202, mean=224, morning=134, narrow=294, new=294, nice=191, old=302, pleased=278, poor=209, quiet=226, rich=214, sad=224, shallow=72, she=278, short=294, sick=164, slow=294, small_little=294, soft=72, strong=72, tall=294, thank_you=273, they=278, thick=214, thin=172, tight=214, ugly=249, warm=304, we=278, weak=72, wet=294, wide=314, you=293, you_all=278, young=304
2026-05-12 09:21:52,368 | INFO | [BalancedAug] 13120 -> 18408 samples (oversampled)
2026-05-12 09:21:52,368 | INFO | [BalancedAug] Per class: {0: 236, 1: 236, 2: 236, 3: 236, 4: 236, 5: 236, 6: 236, 7: 236, 8: 236, 9: 236, 10: 236, 11: 236, 12: 236, 13: 236, 14: 236, 15: 236, 16: 236, 17: 236, 18: 236, 19: 236, 20: 236, 21: 236, 22: 236, 23: 236, 24: 236, 25: 236, 26: 236, 27: 236, 28: 236, 29: 236, 30: 236, 31: 236, 32: 236, 33: 236, 34: 236, 35: 236, 36: 236, 37: 236, 38: 236, 39: 236, 40: 236, 41: 236, 42: 236, 43: 236, 44: 236, 45: 236, 46: 236, 47: 236, 48: 236, 49: 236, 50: 236, 51: 236, 52: 236, 53: 236, 54: 236, 55: 236, 56: 236, 57: 236, 58: 236, 59: 236, 60: 236, 61: 236, 62: 236, 63: 236, 64: 236, 65: 236, 66: 236, 67: 236, 68: 236, 69: 236, 70: 236, 71: 236, 72: 236, 73: 236, 74: 236, 75: 236, 76: 236, 77: 236}
2026-05-12 09:21:52,370 | INFO | [Data] Train: 18408 (balanced+aug) | Val: 4387
2026-05-12 09:21:52,370 | INFO | [Data] Class weights: ['2.47', '0.64', '0.61', '0.74', '0.61', '0.79', '0.80', '2.47', '0.61', '0.61', '0.84', '2.47', '0.79', '2.47', '2.47', '1.08', '0.84', '0.92', '0.61', '0.88', '0.84', '0.65', '0.64', '0.61', '0.64', '0.64', '0.79', '2.47', '0.64', '0.60', '2.47', '0.65', '0.68', '0.61', '0.65', '0.65', '1.36', '0.64', '0.88', '0.61', '0.87', '0.74', '2.47', '0.88', '0.79', '1.33', '0.61', '0.61', '0.93', '0.59', '0.64', '0.85', '0.78', '0.83', '0.79', '2.47', '0.64', '0.61', '1.08', '0.61', '0.61', '2.47', '2.47', '0.61', '0.65', '0.64', '0.83', '1.03', '0.83', '0.71', '0.58', '0.64', '2.47', '0.61', '0.56', '0.61', '0.64', '0.58']
2026-05-12 09:21:52,371 | INFO | {"event": "train_loop_start", "timestamp": "2026-05-12T09:21:52", "num_classes": 78, "train_batches": 1151, "val_batches": 275, "class_weights": [2.465447425842285, 0.6400681138038635, 0.6051552891731262, 0.7437662482261658, 0.6051552891731262, 0.7924652695655823, 0.8020130395889282, 2.465447425842285, 0.6051552891731262, 0.6051552891731262, 0.8373217582702637, 2.465447425842285, 0.7924652695655823, 2.465447425842285, 2.465447425842285, 1.082391619682312, 0.8373217582702637, 0.9245427846908569, 0.6051552891731262, 0.875882625579834, 0.8373217582702637, 0.6462823152542114, 0.6400681138038635, 0.61070716381073, 0.6400681138038635, 0.6400681138038635, 0.7924652695655823, 2.465447425842285, 0.6400681138038635, 0.6024170517921448, 2.465447425842285, 0.6494349241256714, 0.6792559623718262, 0.6051552891731262, 0.6494349241256714, 0.6494349241256714, 1.3585118055343628, 0.6400681138038635, 0.875882625579834, 0.6051552891731262, 0.8701578974723816, 0.7396342158317566, 2.465447425842285, 0.875882625579834, 0.7924652695655823, 1.3313416242599487, 0.6051552891731262, 0.6051552891731262, 0.9310081601142883, 0.5890892148017883, 0.6400681138038635, 0.8479883074760437, 0.7831421494483948, 0.8320885300636292, 0.7924652695655823, 2.465447425842285, 0.6400681138038635, 0.6051552891731262, 1.082391619682312, 0.6051552891731262, 0.6051552891731262, 2.465447425842285, 2.465447425842285, 0.6051552891731262, 0.6494349241256714, 0.6400681138038635, 0.8320885300636292, 1.0320477485656738, 0.8320885300636292, 0.7119473814964294, 0.5839217901229858, 0.6400681138038635, 2.465447425842285, 0.6051552891731262, 0.5641278028488159, 0.6051552891731262, 0.6400681138038635, 0.5839217901229858], "use_focal_loss": false}
2026-05-12 09:21:53,625 | INFO | [Model] Params: 1,169,589 | Trainable: 1,169,589
2026-05-12 09:21:53,626 | INFO | [Model] Architecture:
2026-05-12 09:21:53,626 | INFO | SignLanguageGRU(
2026-05-12 09:21:53,626 | INFO |   (conv_pw): Conv1d(506, 256, kernel_size=(1,), stride=(1,))
2026-05-12 09:21:53,627 | INFO |   (conv_dw): Conv1d(256, 256, kernel_size=(3,), stride=(1,), padding=(1,), groups=256, bias=False)
2026-05-12 09:21:53,627 | INFO |   (conv_pw2): Conv1d(256, 256, kernel_size=(1,), stride=(1,))
2026-05-12 09:21:53,627 | INFO |   (conv_norm): GroupNorm(8, 256, eps=1e-05, affine=True)
2026-05-12 09:21:53,627 | INFO |   (conv_act): ReLU()
2026-05-12 09:21:53,627 | INFO |   (conv_dropout): Dropout(p=0.1, inplace=False)
2026-05-12 09:21:53,627 | INFO |   (frame_weight_scorer): Sequential(
2026-05-12 09:21:53,627 | INFO |     (0): Linear(in_features=256, out_features=32, bias=True)
2026-05-12 09:21:53,629 | INFO |     (1): ReLU()
2026-05-12 09:21:53,629 | INFO |     (2): Linear(in_features=32, out_features=1, bias=True)
2026-05-12 09:21:53,629 | INFO |     (3): Sigmoid()
2026-05-12 09:21:53,629 | INFO |   )
2026-05-12 09:21:53,630 | INFO |   (input_proj): Sequential(
2026-05-12 09:21:53,630 | INFO |     (0): Linear(in_features=256, out_features=128, bias=True)
2026-05-12 09:21:53,630 | INFO |     (1): LayerNorm((128,), eps=1e-05, elementwise_affine=True)
2026-05-12 09:21:53,630 | INFO |     (2): ReLU()
2026-05-12 09:21:53,630 | INFO |     (3): Dropout(p=0.1, inplace=False)
2026-05-12 09:21:53,630 | INFO |   )
2026-05-12 09:21:53,631 | INFO |   (gru): GRU(128, 128, num_layers=3, batch_first=True, dropout=0.25, bidirectional=True)
2026-05-12 09:21:53,631 | INFO |   (layer_norm): LayerNorm((256,), eps=1e-05, elementwise_affine=True)
2026-05-12 09:21:53,631 | INFO |   (attention): HybridAttention(
2026-05-12 09:21:53,632 | INFO |     (score_nets): ModuleList(
2026-05-12 09:21:53,633 | INFO |       (0-3): 4 x Sequential(
2026-05-12 09:21:53,633 | INFO |         (0): Linear(in_features=64, out_features=32, bias=True)
2026-05-12 09:21:53,633 | INFO |         (1): Tanh()
2026-05-12 09:21:53,633 | INFO |         (2): Linear(in_features=32, out_features=1, bias=False)
2026-05-12 09:21:53,633 | INFO |       )
2026-05-12 09:21:53,634 | INFO |     )
2026-05-12 09:21:53,634 | INFO |     (temperatures): ParameterList(
2026-05-12 09:21:53,634 | INFO |         (0): Parameter containing: [torch.float32 of size ]
2026-05-12 09:21:53,634 | INFO |         (1): Parameter containing: [torch.float32 of size ]
2026-05-12 09:21:53,634 | INFO |         (2): Parameter containing: [torch.float32 of size ]
2026-05-12 09:21:53,636 | INFO |         (3): Parameter containing: [torch.float32 of size ]
2026-05-12 09:21:53,636 | INFO |     )
2026-05-12 09:21:53,636 | INFO |     (head_proj): Linear(in_features=256, out_features=256, bias=True)
2026-05-12 09:21:53,636 | INFO |   )
2026-05-12 09:21:53,637 | INFO |   (spatial_attention): SpatialAttention(
2026-05-12 09:21:53,637 | INFO |     (spatial_scorer): Sequential(
2026-05-12 09:21:53,638 | INFO |       (0): Linear(in_features=256, out_features=128, bias=True)
2026-05-12 09:21:53,639 | INFO |       (1): ReLU()
2026-05-12 09:21:53,639 | INFO |       (2): Linear(in_features=128, out_features=3, bias=False)
2026-05-12 09:21:53,639 | INFO |     )
2026-05-12 09:21:53,639 | INFO |   )
2026-05-12 09:21:53,640 | INFO |   (dropout): Dropout(p=0.25, inplace=False)
2026-05-12 09:21:53,640 | INFO |   (fc): Sequential(
2026-05-12 09:21:53,640 | INFO |     (0): Linear(in_features=256, out_features=96, bias=True)
2026-05-12 09:21:53,640 | INFO |     (1): ReLU()
2026-05-12 09:21:53,641 | INFO |     (2): Dropout(p=0.25, inplace=False)
2026-05-12 09:21:53,641 | INFO |     (3): Linear(in_features=96, out_features=78, bias=True)
2026-05-12 09:21:53,642 | INFO |   )
2026-05-12 09:21:53,642 | INFO | )
2026-05-12 09:21:53,642 | INFO |   Ep |  TrLoss |  TrAcc |  VaLoss |  VaAcc |       LR |    T
2026-05-12 09:21:53,642 | INFO | ------------------------------------------------------------
2026-05-12 09:25:13,184 | INFO | {"event": "train_epoch_end", "timestamp": "2026-05-12T09:25:13", "epoch": 1, "train_loss": 3.328171, "train_acc": 13.019, "val_loss": 4.105813, "val_acc": 10.372, "lr": 0.0003, "elapsed_sec": 199.54, "best_val_acc": 0.0}
2026-05-12 09:25:13,220 | INFO | {"event": "train_best_checkpoint", "timestamp": "2026-05-12T09:25:13", "epoch": 1, "val_acc": 10.372, "model_path": "C:\\Users\\Joseph\\Desktop\\projects\\sign_to_text\\model.pth"}
2026-05-12 09:25:13,220 | INFO |    1 |  3.3282 |  13.0% |  4.1058 |  10.4% | 3.0e-04 | 199.5s *
2026-05-12 09:27:48,449 | INFO | {"event": "train_epoch_end", "timestamp": "2026-05-12T09:27:48", "epoch": 2, "train_loss": 2.323619, "train_acc": 34.698, "val_loss": 3.349785, "val_acc": 20.492, "lr": 0.0003, "elapsed_sec": 155.228, "best_val_acc": 10.372}
2026-05-12 09:27:48,489 | INFO | {"event": "train_best_checkpoint", "timestamp": "2026-05-12T09:27:48", "epoch": 2, "val_acc": 20.492, "model_path": "C:\\Users\\Joseph\\Desktop\\projects\\sign_to_text\\model.pth"}
2026-05-12 09:27:48,490 | INFO |    2 |  2.3236 |  34.7% |  3.3498 |  20.5% | 3.0e-04 | 155.2s *
2026-05-12 09:30:42,723 | INFO | {"event": "train_epoch_end", "timestamp": "2026-05-12T09:30:42", "epoch": 3, "train_loss": 1.783254, "train_acc": 53.899, "val_loss": 2.708363, "val_acc": 37.771, "lr": 0.0003, "elapsed_sec": 174.233, "best_val_acc": 20.492}
2026-05-12 09:30:42,764 | INFO | {"event": "train_best_checkpoint", "timestamp": "2026-05-12T09:30:42", "epoch": 3, "val_acc": 37.771, "model_path": "C:\\Users\\Joseph\\Desktop\\projects\\sign_to_text\\model.pth"}
2026-05-12 09:30:42,764 | INFO |    3 |  1.7833 |  53.9% |  2.7084 |  37.8% | 3.0e-04 | 174.2s *
2026-05-12 09:33:34,955 | INFO | {"event": "train_epoch_end", "timestamp": "2026-05-12T09:33:34", "epoch": 4, "train_loss": 1.544153, "train_acc": 64.727, "val_loss": 2.53319, "val_acc": 46.889, "lr": 0.0003, "elapsed_sec": 172.19, "best_val_acc": 37.771}
2026-05-12 09:33:34,995 | INFO | {"event": "train_best_checkpoint", "timestamp": "2026-05-12T09:33:34", "epoch": 4, "val_acc": 46.889, "model_path": "C:\\Users\\Joseph\\Desktop\\projects\\sign_to_text\\model.pth"}
2026-05-12 09:33:34,996 | INFO |    4 |  1.5442 |  64.7% |  2.5332 |  46.9% | 3.0e-04 | 172.2s *
2026-05-12 09:36:29,266 | INFO | {"event": "train_epoch_end", "timestamp": "2026-05-12T09:36:29", "epoch": 5, "train_loss": 1.430227, "train_acc": 70.51, "val_loss": 2.234958, "val_acc": 55.87, "lr": 0.0003, "elapsed_sec": 174.27, "best_val_acc": 46.889}
2026-05-12 09:36:29,306 | INFO | {"event": "train_best_checkpoint", "timestamp": "2026-05-12T09:36:29", "epoch": 5, "val_acc": 55.87, "model_path": "C:\\Users\\Joseph\\Desktop\\projects\\sign_to_text\\model.pth"}
2026-05-12 09:36:29,307 | INFO |    5 |  1.4302 |  70.5% |  2.2350 |  55.9% | 3.0e-04 | 174.3s *
2026-05-12 09:39:24,782 | INFO | {"event": "train_epoch_end", "timestamp": "2026-05-12T09:39:24", "epoch": 6, "train_loss": 1.331301, "train_acc": 74.839, "val_loss": 2.1447, "val_acc": 58.354, "lr": 0.0003, "elapsed_sec": 175.475, "best_val_acc": 55.87}
2026-05-12 09:39:24,824 | INFO | {"event": "train_best_checkpoint", "timestamp": "2026-05-12T09:39:24", "epoch": 6, "val_acc": 58.354, "model_path": "C:\\Users\\Joseph\\Desktop\\projects\\sign_to_text\\model.pth"}
2026-05-12 09:39:24,824 | INFO |    6 |  1.3313 |  74.8% |  2.1447 |  58.4% | 3.0e-04 | 175.5s *
2026-05-12 09:42:21,363 | INFO | {"event": "train_epoch_end", "timestamp": "2026-05-12T09:42:21", "epoch": 7, "train_loss": 1.289284, "train_acc": 76.929, "val_loss": 2.026916, "val_acc": 62.799, "lr": 0.0003, "elapsed_sec": 176.539, "best_val_acc": 58.354}
2026-05-12 09:42:21,403 | INFO | {"event": "train_best_checkpoint", "timestamp": "2026-05-12T09:42:21", "epoch": 7, "val_acc": 62.799, "model_path": "C:\\Users\\Joseph\\Desktop\\projects\\sign_to_text\\model.pth"}
2026-05-12 09:42:21,404 | INFO |    7 |  1.2893 |  76.9% |  2.0269 |  62.8% | 3.0e-04 | 176.5s *
2026-05-12 09:45:17,996 | INFO | {"event": "train_epoch_end", "timestamp": "2026-05-12T09:45:17", "epoch": 8, "train_loss": 1.232795, "train_acc": 78.816, "val_loss": 1.984668, "val_acc": 64.44, "lr": 0.0003, "elapsed_sec": 176.592, "best_val_acc": 62.799}
2026-05-12 09:45:18,037 | INFO | {"event": "train_best_checkpoint", "timestamp": "2026-05-12T09:45:18", "epoch": 8, "val_acc": 64.44, "model_path": "C:\\Users\\Joseph\\Desktop\\projects\\sign_to_text\\model.pth"}
2026-05-12 09:45:18,038 | INFO |    8 |  1.2328 |  78.8% |  1.9847 |  64.4% | 3.0e-04 | 176.6s *
2026-05-12 09:48:13,439 | INFO | {"event": "train_epoch_end", "timestamp": "2026-05-12T09:48:13", "epoch": 9, "train_loss": 1.145452, "train_acc": 81.597, "val_loss": 1.890257, "val_acc": 67.563, "lr": 0.0003, "elapsed_sec": 175.401, "best_val_acc": 64.44}
2026-05-12 09:48:13,479 | INFO | {"event": "train_best_checkpoint", "timestamp": "2026-05-12T09:48:13", "epoch": 9, "val_acc": 67.563, "model_path": "C:\\Users\\Joseph\\Desktop\\projects\\sign_to_text\\model.pth"}
2026-05-12 09:48:13,479 | INFO |    9 |  1.1455 |  81.6% |  1.8903 |  67.6% | 3.0e-04 | 175.4s *
2026-05-12 09:51:09,674 | INFO | {"event": "train_epoch_end", "timestamp": "2026-05-12T09:51:09", "epoch": 10, "train_loss": 1.149983, "train_acc": 82.155, "val_loss": 1.826476, "val_acc": 70.367, "lr": 0.0003, "elapsed_sec": 176.193, "best_val_acc": 67.563}
2026-05-12 09:51:09,714 | INFO | {"event": "train_best_checkpoint", "timestamp": "2026-05-12T09:51:09", "epoch": 10, "val_acc": 70.367, "model_path": "C:\\Users\\Joseph\\Desktop\\projects\\sign_to_text\\model.pth"}
2026-05-12 09:51:09,714 | INFO |   10 |  1.1500 |  82.2% |  1.8265 |  70.4% | 3.0e-04 | 176.2s *
2026-05-12 09:54:19,043 | INFO | {"event": "train_epoch_end", "timestamp": "2026-05-12T09:54:19", "epoch": 11, "train_loss": 1.102039, "train_acc": 83.671, "val_loss": 1.839979, "val_acc": 69.774, "lr": 0.0003, "elapsed_sec": 189.328, "best_val_acc": 70.367}
2026-05-12 09:54:19,043 | INFO |   11 |  1.1020 |  83.7% |  1.8400 |  69.8% | 3.0e-04 | 189.3s
2026-05-12 09:57:20,068 | INFO | {"event": "train_epoch_end", "timestamp": "2026-05-12T09:57:20", "epoch": 12, "train_loss": 1.112647, "train_acc": 83.638, "val_loss": 1.790509, "val_acc": 71.005, "lr": 0.0003, "elapsed_sec": 181.024, "best_val_acc": 70.367}
2026-05-12 09:57:20,109 | INFO | {"event": "train_best_checkpoint", "timestamp": "2026-05-12T09:57:20", "epoch": 12, "val_acc": 71.005, "model_path": "C:\\Users\\Joseph\\Desktop\\projects\\sign_to_text\\model.pth"}
2026-05-12 09:57:20,109 | INFO |   12 |  1.1126 |  83.6% |  1.7905 |  71.0% | 3.0e-04 | 181.0s *
2026-05-12 10:00:15,541 | INFO | {"event": "train_epoch_end", "timestamp": "2026-05-12T10:00:15", "epoch": 13, "train_loss": 1.080963, "train_acc": 84.335, "val_loss": 1.76284, "val_acc": 71.78, "lr": 0.0003, "elapsed_sec": 175.431, "best_val_acc": 71.005}
2026-05-12 10:00:15,583 | INFO | {"event": "train_best_checkpoint", "timestamp": "2026-05-12T10:00:15", "epoch": 13, "val_acc": 71.78, "model_path": "C:\\Users\\Joseph\\Desktop\\projects\\sign_to_text\\model.pth"}
2026-05-12 10:00:15,584 | INFO |   13 |  1.0810 |  84.3% |  1.7628 |  71.8% | 3.0e-04 | 175.4s *
2026-05-12 10:03:10,107 | INFO | {"event": "train_epoch_end", "timestamp": "2026-05-12T10:03:10", "epoch": 14, "train_loss": 1.067313, "train_acc": 85.123, "val_loss": 1.826063, "val_acc": 70.481, "lr": 0.0003, "elapsed_sec": 174.523, "best_val_acc": 71.78}
2026-05-12 10:03:10,108 | INFO |   14 |  1.0673 |  85.1% |  1.8261 |  70.5% | 3.0e-04 | 174.5s
2026-05-12 10:06:02,044 | INFO | {"event": "train_epoch_end", "timestamp": "2026-05-12T10:06:02", "epoch": 15, "train_loss": 1.056746, "train_acc": 85.587, "val_loss": 1.77178, "val_acc": 72.419, "lr": 0.0003, "elapsed_sec": 171.936, "best_val_acc": 71.78}
2026-05-12 10:06:02,085 | INFO | {"event": "train_best_checkpoint", "timestamp": "2026-05-12T10:06:02", "epoch": 15, "val_acc": 72.419, "model_path": "C:\\Users\\Joseph\\Desktop\\projects\\sign_to_text\\model.pth"}
2026-05-12 10:06:02,086 | INFO |   15 |  1.0567 |  85.6% |  1.7718 |  72.4% | 3.0e-04 | 171.9s *
2026-05-12 10:08:57,467 | INFO | {"event": "train_epoch_end", "timestamp": "2026-05-12T10:08:57", "epoch": 16, "train_loss": 1.047972, "train_acc": 86.206, "val_loss": 1.794579, "val_acc": 71.598, "lr": 0.0003, "elapsed_sec": 175.381, "best_val_acc": 72.419}
2026-05-12 10:08:57,468 | INFO |   16 |  1.0480 |  86.2% |  1.7946 |  71.6% | 3.0e-04 | 175.4s
2026-05-12 10:11:50,194 | INFO | {"event": "train_epoch_end", "timestamp": "2026-05-12T10:11:50", "epoch": 17, "train_loss": 1.009919, "train_acc": 87.096, "val_loss": 1.848024, "val_acc": 71.552, "lr": 0.0003, "elapsed_sec": 172.726, "best_val_acc": 72.419}
2026-05-12 10:11:50,195 | INFO |   17 |  1.0099 |  87.1% |  1.8480 |  71.6% | 3.0e-04 | 172.7s
2026-05-12 10:14:45,441 | INFO | {"event": "train_epoch_end", "timestamp": "2026-05-12T10:14:45", "epoch": 18, "train_loss": 1.036065, "train_acc": 86.44, "val_loss": 1.696846, "val_acc": 74.242, "lr": 0.0003, "elapsed_sec": 175.246, "best_val_acc": 72.419}
2026-05-12 10:14:45,482 | INFO | {"event": "train_best_checkpoint", "timestamp": "2026-05-12T10:14:45", "epoch": 18, "val_acc": 74.242, "model_path": "C:\\Users\\Joseph\\Desktop\\projects\\sign_to_text\\model.pth"}
2026-05-12 10:14:45,482 | INFO |   18 |  1.0361 |  86.4% |  1.6968 |  74.2% | 3.0e-04 | 175.2s *
2026-05-12 10:17:41,303 | INFO | {"event": "train_epoch_end", "timestamp": "2026-05-12T10:17:41", "epoch": 19, "train_loss": 1.008097, "train_acc": 87.343, "val_loss": 1.710153, "val_acc": 74.926, "lr": 0.0003, "elapsed_sec": 175.82, "best_val_acc": 74.242}
2026-05-12 10:17:41,344 | INFO | {"event": "train_best_checkpoint", "timestamp": "2026-05-12T10:17:41", "epoch": 19, "val_acc": 74.926, "model_path": "C:\\Users\\Joseph\\Desktop\\projects\\sign_to_text\\model.pth"}
2026-05-12 10:17:41,344 | INFO |   19 |  1.0081 |  87.3% |  1.7102 |  74.9% | 3.0e-04 | 175.8s *
2026-05-12 10:20:37,058 | INFO | {"event": "train_epoch_end", "timestamp": "2026-05-12T10:20:37", "epoch": 20, "train_loss": 0.995636, "train_acc": 87.754, "val_loss": 1.738086, "val_acc": 74.424, "lr": 0.0003, "elapsed_sec": 175.714, "best_val_acc": 74.926}
2026-05-12 10:20:37,059 | INFO |   20 |  0.9956 |  87.8% |  1.7381 |  74.4% | 3.0e-04 | 175.7s
2026-05-12 10:23:32,407 | INFO | {"event": "train_epoch_end", "timestamp": "2026-05-12T10:23:32", "epoch": 21, "train_loss": 1.006152, "train_acc": 87.532, "val_loss": 1.72497, "val_acc": 74.972, "lr": 0.0003, "elapsed_sec": 175.348, "best_val_acc": 74.926}
2026-05-12 10:23:32,449 | INFO | {"event": "train_best_checkpoint", "timestamp": "2026-05-12T10:23:32", "epoch": 21, "val_acc": 74.972, "model_path": "C:\\Users\\Joseph\\Desktop\\projects\\sign_to_text\\model.pth"}
2026-05-12 10:23:32,449 | INFO |   21 |  1.0062 |  87.5% |  1.7250 |  75.0% | 3.0e-04 | 175.3s *
2026-05-12 10:26:27,747 | INFO | {"event": "train_epoch_end", "timestamp": "2026-05-12T10:26:27", "epoch": 22, "train_loss": 1.005991, "train_acc": 87.653, "val_loss": 1.728925, "val_acc": 74.972, "lr": 0.0003, "elapsed_sec": 175.298, "best_val_acc": 74.972}
2026-05-12 10:26:27,747 | INFO |   22 |  1.0060 |  87.7% |  1.7289 |  75.0% | 3.0e-04 | 175.3s
2026-05-12 10:29:17,624 | INFO | {"event": "train_epoch_end", "timestamp": "2026-05-12T10:29:17", "epoch": 23, "train_loss": 0.961606, "train_acc": 88.707, "val_loss": 1.720452, "val_acc": 75.154, "lr": 0.0003, "elapsed_sec": 169.877, "best_val_acc": 74.972}
2026-05-12 10:29:17,662 | INFO | {"event": "train_best_checkpoint", "timestamp": "2026-05-12T10:29:17", "epoch": 23, "val_acc": 75.154, "model_path": "C:\\Users\\Joseph\\Desktop\\projects\\sign_to_text\\model.pth"}
2026-05-12 10:29:17,662 | INFO |   23 |  0.9616 |  88.7% |  1.7205 |  75.2% | 3.0e-04 | 169.9s *
2026-05-12 10:31:58,905 | INFO | {"event": "train_epoch_end", "timestamp": "2026-05-12T10:31:58", "epoch": 24, "train_loss": 1.00342, "train_acc": 87.759, "val_loss": 1.708579, "val_acc": 75.154, "lr": 0.0003, "elapsed_sec": 161.243, "best_val_acc": 75.154}
2026-05-12 10:31:58,905 | INFO |   24 |  1.0034 |  87.8% |  1.7086 |  75.2% | 3.0e-04 | 161.2s
2026-05-12 10:34:45,137 | INFO | {"event": "train_epoch_end", "timestamp": "2026-05-12T10:34:45", "epoch": 25, "train_loss": 0.970705, "train_acc": 88.436, "val_loss": 1.679701, "val_acc": 75.815, "lr": 0.0003, "elapsed_sec": 166.231, "best_val_acc": 75.154}
2026-05-12 10:34:45,173 | INFO | {"event": "train_best_checkpoint", "timestamp": "2026-05-12T10:34:45", "epoch": 25, "val_acc": 75.815, "model_path": "C:\\Users\\Joseph\\Desktop\\projects\\sign_to_text\\model.pth"}
2026-05-12 10:34:45,174 | INFO |   25 |  0.9707 |  88.4% |  1.6797 |  75.8% | 3.0e-04 | 166.2s *
2026-05-12 10:37:25,750 | INFO | {"event": "train_epoch_end", "timestamp": "2026-05-12T10:37:25", "epoch": 26, "train_loss": 0.972509, "train_acc": 88.569, "val_loss": 1.710936, "val_acc": 74.174, "lr": 0.0003, "elapsed_sec": 160.576, "best_val_acc": 75.815}
2026-05-12 10:37:25,751 | INFO |   26 |  0.9725 |  88.6% |  1.7109 |  74.2% | 3.0e-04 | 160.6s
2026-05-12 10:40:03,586 | INFO | {"event": "train_epoch_end", "timestamp": "2026-05-12T10:40:03", "epoch": 27, "train_loss": 0.971582, "train_acc": 88.601, "val_loss": 1.713719, "val_acc": 75.45, "lr": 0.0003, "elapsed_sec": 157.835, "best_val_acc": 75.815}
2026-05-12 10:40:03,587 | INFO |   27 |  0.9716 |  88.6% |  1.7137 |  75.5% | 3.0e-04 | 157.8s
2026-05-12 10:42:49,776 | INFO | {"event": "train_epoch_end", "timestamp": "2026-05-12T10:42:49", "epoch": 28, "train_loss": 0.956253, "train_acc": 88.984, "val_loss": 1.703687, "val_acc": 75.108, "lr": 0.0003, "elapsed_sec": 166.189, "best_val_acc": 75.815}
2026-05-12 10:42:49,776 | INFO |   28 |  0.9563 |  89.0% |  1.7037 |  75.1% | 3.0e-04 | 166.2s
2026-05-12 10:45:32,835 | INFO | {"event": "train_epoch_end", "timestamp": "2026-05-12T10:45:32", "epoch": 29, "train_loss": 0.986987, "train_acc": 88.135, "val_loss": 1.69787, "val_acc": 75.997, "lr": 0.0003, "elapsed_sec": 163.059, "best_val_acc": 75.815}
2026-05-12 10:45:32,874 | INFO | {"event": "train_best_checkpoint", "timestamp": "2026-05-12T10:45:32", "epoch": 29, "val_acc": 75.997, "model_path": "C:\\Users\\Joseph\\Desktop\\projects\\sign_to_text\\model.pth"}
2026-05-12 10:45:32,874 | INFO |   29 |  0.9870 |  88.1% |  1.6979 |  76.0% | 3.0e-04 | 163.1s *
2026-05-12 10:48:09,250 | INFO | {"event": "train_epoch_end", "timestamp": "2026-05-12T10:48:09", "epoch": 30, "train_loss": 0.953918, "train_acc": 89.018, "val_loss": 1.729338, "val_acc": 75.792, "lr": 0.0003, "elapsed_sec": 156.376, "best_val_acc": 75.997}
2026-05-12 10:48:09,251 | INFO |   30 |  0.9539 |  89.0% |  1.7293 |  75.8% | 3.0e-04 | 156.4s
2026-05-12 10:50:52,647 | INFO | {"event": "train_epoch_end", "timestamp": "2026-05-12T10:50:52", "epoch": 31, "train_loss": 0.923167, "train_acc": 89.574, "val_loss": 1.677593, "val_acc": 76.043, "lr": 0.0003, "elapsed_sec": 163.394, "best_val_acc": 75.997}
2026-05-12 10:50:52,681 | INFO | {"event": "train_best_checkpoint", "timestamp": "2026-05-12T10:50:52", "epoch": 31, "val_acc": 76.043, "model_path": "C:\\Users\\Joseph\\Desktop\\projects\\sign_to_text\\model.pth"}
2026-05-12 10:50:52,681 | INFO |   31 |  0.9232 |  89.6% |  1.6776 |  76.0% | 3.0e-04 | 163.4s *
2026-05-12 10:53:37,406 | INFO | {"event": "train_epoch_end", "timestamp": "2026-05-12T10:53:37", "epoch": 32, "train_loss": 0.943363, "train_acc": 89.143, "val_loss": 1.773352, "val_acc": 76.111, "lr": 0.0003, "elapsed_sec": 164.725, "best_val_acc": 76.043}
2026-05-12 10:53:37,442 | INFO | {"event": "train_best_checkpoint", "timestamp": "2026-05-12T10:53:37", "epoch": 32, "val_acc": 76.111, "model_path": "C:\\Users\\Joseph\\Desktop\\projects\\sign_to_text\\model.pth"}
2026-05-12 10:53:37,442 | INFO |   32 |  0.9434 |  89.1% |  1.7734 |  76.1% | 3.0e-04 | 164.7s *
2026-05-12 10:56:19,102 | INFO | {"event": "train_epoch_end", "timestamp": "2026-05-12T10:56:19", "epoch": 33, "train_loss": 0.932299, "train_acc": 89.468, "val_loss": 1.723742, "val_acc": 75.633, "lr": 0.0003, "elapsed_sec": 161.659, "best_val_acc": 76.111}
2026-05-12 10:56:19,102 | INFO |   33 |  0.9323 |  89.5% |  1.7237 |  75.6% | 3.0e-04 | 161.7s
2026-05-12 10:58:56,528 | INFO | {"event": "train_epoch_end", "timestamp": "2026-05-12T10:58:56", "epoch": 34, "train_loss": 0.954634, "train_acc": 89.241, "val_loss": 1.700452, "val_acc": 76.271, "lr": 0.0003, "elapsed_sec": 157.424, "best_val_acc": 76.111}
2026-05-12 10:58:56,566 | INFO | {"event": "train_best_checkpoint", "timestamp": "2026-05-12T10:58:56", "epoch": 34, "val_acc": 76.271, "model_path": "C:\\Users\\Joseph\\Desktop\\projects\\sign_to_text\\model.pth"}
2026-05-12 10:58:56,566 | INFO |   34 |  0.9546 |  89.2% |  1.7005 |  76.3% | 3.0e-04 | 157.4s *
2026-05-12 11:01:48,836 | INFO | {"event": "train_epoch_end", "timestamp": "2026-05-12T11:01:48", "epoch": 35, "train_loss": 0.934543, "train_acc": 89.38, "val_loss": 1.677416, "val_acc": 76.134, "lr": 0.0003, "elapsed_sec": 172.269, "best_val_acc": 76.271}
2026-05-12 11:01:48,836 | INFO |   35 |  0.9345 |  89.4% |  1.6774 |  76.1% | 3.0e-04 | 172.3s
2026-05-12 11:04:40,863 | INFO | {"event": "train_epoch_end", "timestamp": "2026-05-12T11:04:40", "epoch": 36, "train_loss": 0.927434, "train_acc": 89.617, "val_loss": 1.630907, "val_acc": 76.476, "lr": 0.0003, "elapsed_sec": 172.027, "best_val_acc": 76.271}
2026-05-12 11:04:40,902 | INFO | {"event": "train_best_checkpoint", "timestamp": "2026-05-12T11:04:40", "epoch": 36, "val_acc": 76.476, "model_path": "C:\\Users\\Joseph\\Desktop\\projects\\sign_to_text\\model.pth"}
2026-05-12 11:04:40,902 | INFO |   36 |  0.9274 |  89.6% |  1.6309 |  76.5% | 3.0e-04 | 172.0s *
2026-05-12 11:07:32,852 | INFO | {"event": "train_epoch_end", "timestamp": "2026-05-12T11:07:32", "epoch": 37, "train_loss": 0.939547, "train_acc": 89.737, "val_loss": 1.687871, "val_acc": 76.362, "lr": 0.0003, "elapsed_sec": 171.949, "best_val_acc": 76.476}
2026-05-12 11:07:32,852 | INFO |   37 |  0.9395 |  89.7% |  1.6879 |  76.4% | 3.0e-04 | 171.9s
2026-05-12 11:10:26,327 | INFO | {"event": "train_epoch_end", "timestamp": "2026-05-12T11:10:26", "epoch": 38, "train_loss": 0.913739, "train_acc": 89.931, "val_loss": 1.650236, "val_acc": 76.841, "lr": 0.0003, "elapsed_sec": 173.474, "best_val_acc": 76.476}
2026-05-12 11:10:26,367 | INFO | {"event": "train_best_checkpoint", "timestamp": "2026-05-12T11:10:26", "epoch": 38, "val_acc": 76.841, "model_path": "C:\\Users\\Joseph\\Desktop\\projects\\sign_to_text\\model.pth"}
2026-05-12 11:10:26,367 | INFO |   38 |  0.9137 |  89.9% |  1.6502 |  76.8% | 3.0e-04 | 173.5s *
2026-05-12 11:13:22,012 | INFO | {"event": "train_epoch_end", "timestamp": "2026-05-12T11:13:22", "epoch": 39, "train_loss": 0.915557, "train_acc": 90.023, "val_loss": 1.679756, "val_acc": 75.997, "lr": 0.0003, "elapsed_sec": 175.643, "best_val_acc": 76.841}
2026-05-12 11:13:22,012 | INFO |   39 |  0.9156 |  90.0% |  1.6798 |  76.0% | 3.0e-04 | 175.6s
2026-05-12 11:16:11,140 | INFO | {"event": "train_epoch_end", "timestamp": "2026-05-12T11:16:11", "epoch": 40, "train_loss": 0.939716, "train_acc": 89.466, "val_loss": 1.653885, "val_acc": 77.365, "lr": 0.0003, "elapsed_sec": 169.128, "best_val_acc": 76.841}
2026-05-12 11:16:11,181 | INFO | {"event": "train_best_checkpoint", "timestamp": "2026-05-12T11:16:11", "epoch": 40, "val_acc": 77.365, "model_path": "C:\\Users\\Joseph\\Desktop\\projects\\sign_to_text\\model.pth"}
2026-05-12 11:16:11,181 | INFO |   40 |  0.9397 |  89.5% |  1.6539 |  77.4% | 3.0e-04 | 169.1s *
2026-05-12 11:18:48,205 | INFO | {"event": "train_epoch_end", "timestamp": "2026-05-12T11:18:48", "epoch": 41, "train_loss": 0.910629, "train_acc": 90.024, "val_loss": 1.710693, "val_acc": 76.339, "lr": 0.0003, "elapsed_sec": 157.024, "best_val_acc": 77.365}
2026-05-12 11:18:48,206 | INFO |   41 |  0.9106 |  90.0% |  1.7107 |  76.3% | 3.0e-04 | 157.0s
2026-05-12 11:21:36,914 | INFO | {"event": "train_epoch_end", "timestamp": "2026-05-12T11:21:36", "epoch": 42, "train_loss": 0.91707, "train_acc": 89.808, "val_loss": 1.660105, "val_acc": 77.297, "lr": 0.0003, "elapsed_sec": 168.708, "best_val_acc": 77.365}
2026-05-12 11:21:36,914 | INFO |   42 |  0.9171 |  89.8% |  1.6601 |  77.3% | 3.0e-04 | 168.7s
2026-05-12 11:24:28,647 | INFO | {"event": "train_epoch_end", "timestamp": "2026-05-12T11:24:28", "epoch": 43, "train_loss": 0.931929, "train_acc": 89.607, "val_loss": 1.671046, "val_acc": 76.613, "lr": 0.0003, "elapsed_sec": 171.734, "best_val_acc": 77.365}
2026-05-12 11:24:28,648 | INFO |   43 |  0.9319 |  89.6% |  1.6710 |  76.6% | 3.0e-04 | 171.7s
2026-05-12 11:27:26,933 | INFO | {"event": "train_epoch_end", "timestamp": "2026-05-12T11:27:26", "epoch": 44, "train_loss": 0.934409, "train_acc": 89.633, "val_loss": 1.646818, "val_acc": 77.183, "lr": 0.0003, "elapsed_sec": 178.284, "best_val_acc": 77.365}
2026-05-12 11:27:26,933 | INFO |   44 |  0.9344 |  89.6% |  1.6468 |  77.2% | 3.0e-04 | 178.3s
2026-05-12 11:30:11,958 | INFO | {"event": "train_epoch_end", "timestamp": "2026-05-12T11:30:11", "epoch": 45, "train_loss": 0.902346, "train_acc": 90.077, "val_loss": 1.616308, "val_acc": 77.091, "lr": 0.0003, "elapsed_sec": 165.025, "best_val_acc": 77.365}
2026-05-12 11:30:11,959 | INFO |   45 |  0.9023 |  90.1% |  1.6163 |  77.1% | 3.0e-04 | 165.0s
2026-05-12 11:32:54,990 | INFO | {"event": "train_epoch_end", "timestamp": "2026-05-12T11:32:54", "epoch": 46, "train_loss": 0.879422, "train_acc": 90.725, "val_loss": 1.650849, "val_acc": 77.638, "lr": 0.0003, "elapsed_sec": 163.031, "best_val_acc": 77.365}
2026-05-12 11:32:55,032 | INFO | {"event": "train_best_checkpoint", "timestamp": "2026-05-12T11:32:55", "epoch": 46, "val_acc": 77.638, "model_path": "C:\\Users\\Joseph\\Desktop\\projects\\sign_to_text\\model.pth"}
2026-05-12 11:32:55,032 | INFO |   46 |  0.8794 |  90.7% |  1.6508 |  77.6% | 3.0e-04 | 163.0s *
2026-05-12 11:35:29,981 | INFO | {"event": "train_epoch_end", "timestamp": "2026-05-12T11:35:29", "epoch": 47, "train_loss": 0.917175, "train_acc": 90.162, "val_loss": 1.627321, "val_acc": 77.912, "lr": 0.0003, "elapsed_sec": 154.949, "best_val_acc": 77.638}
2026-05-12 11:35:30,020 | INFO | {"event": "train_best_checkpoint", "timestamp": "2026-05-12T11:35:30", "epoch": 47, "val_acc": 77.912, "model_path": "C:\\Users\\Joseph\\Desktop\\projects\\sign_to_text\\model.pth"}
2026-05-12 11:35:30,020 | INFO |   47 |  0.9172 |  90.2% |  1.6273 |  77.9% | 3.0e-04 | 154.9s *
2026-05-12 11:38:15,592 | INFO | {"event": "train_epoch_end", "timestamp": "2026-05-12T11:38:15", "epoch": 48, "train_loss": 0.873219, "train_acc": 90.88, "val_loss": 1.672854, "val_acc": 76.225, "lr": 0.0003, "elapsed_sec": 165.573, "best_val_acc": 77.912}
2026-05-12 11:38:15,592 | INFO |   48 |  0.8732 |  90.9% |  1.6729 |  76.2% | 3.0e-04 | 165.6s
2026-05-12 11:41:02,292 | INFO | {"event": "train_epoch_end", "timestamp": "2026-05-12T11:41:02", "epoch": 49, "train_loss": 0.891737, "train_acc": 90.525, "val_loss": 1.680603, "val_acc": 77.388, "lr": 0.0003, "elapsed_sec": 166.7, "best_val_acc": 77.912}
2026-05-12 11:41:02,292 | INFO |   49 |  0.8917 |  90.5% |  1.6806 |  77.4% | 3.0e-04 | 166.7s
2026-05-12 11:43:39,089 | INFO | {"event": "train_epoch_end", "timestamp": "2026-05-12T11:43:39", "epoch": 50, "train_loss": 0.896497, "train_acc": 90.606, "val_loss": 1.690794, "val_acc": 77.137, "lr": 0.0003, "elapsed_sec": 156.798, "best_val_acc": 77.912}
2026-05-12 11:43:39,089 | INFO |   50 |  0.8965 |  90.6% |  1.6908 |  77.1% | 3.0e-04 | 156.8s
2026-05-12 11:46:31,433 | INFO | {"event": "train_epoch_end", "timestamp": "2026-05-12T11:46:31", "epoch": 51, "train_loss": 0.895941, "train_acc": 90.265, "val_loss": 1.663438, "val_acc": 77.752, "lr": 0.0003, "elapsed_sec": 172.344, "best_val_acc": 77.912}
2026-05-12 11:46:31,434 | INFO |   51 |  0.8959 |  90.3% |  1.6634 |  77.8% | 3.0e-04 | 172.3s
2026-05-12 11:49:14,316 | INFO | {"event": "train_epoch_end", "timestamp": "2026-05-12T11:49:14", "epoch": 52, "train_loss": 0.863874, "train_acc": 91.152, "val_loss": 1.647857, "val_acc": 78.003, "lr": 0.0003, "elapsed_sec": 162.882, "best_val_acc": 77.912}
2026-05-12 11:49:14,357 | INFO | {"event": "train_best_checkpoint", "timestamp": "2026-05-12T11:49:14", "epoch": 52, "val_acc": 78.003, "model_path": "C:\\Users\\Joseph\\Desktop\\projects\\sign_to_text\\model.pth"}
2026-05-12 11:49:14,358 | INFO |   52 |  0.8639 |  91.2% |  1.6479 |  78.0% | 3.0e-04 | 162.9s *
2026-05-12 11:52:12,172 | INFO | {"event": "train_epoch_end", "timestamp": "2026-05-12T11:52:12", "epoch": 53, "train_loss": 0.891546, "train_acc": 90.715, "val_loss": 1.668741, "val_acc": 78.003, "lr": 0.0003, "elapsed_sec": 177.814, "best_val_acc": 78.003}
2026-05-12 11:52:12,173 | INFO |   53 |  0.8915 |  90.7% |  1.6687 |  78.0% | 3.0e-04 | 177.8s
2026-05-12 11:55:02,825 | INFO | {"event": "train_epoch_end", "timestamp": "2026-05-12T11:55:02", "epoch": 54, "train_loss": 0.899958, "train_acc": 90.175, "val_loss": 1.676028, "val_acc": 78.026, "lr": 0.0003, "elapsed_sec": 170.652, "best_val_acc": 78.003}
2026-05-12 11:55:02,863 | INFO | {"event": "train_best_checkpoint", "timestamp": "2026-05-12T11:55:02", "epoch": 54, "val_acc": 78.026, "model_path": "C:\\Users\\Joseph\\Desktop\\projects\\sign_to_text\\model.pth"}
2026-05-12 11:55:02,863 | INFO |   54 |  0.9000 |  90.2% |  1.6760 |  78.0% | 3.0e-04 | 170.7s *
2026-05-12 11:57:53,035 | INFO | {"event": "train_epoch_end", "timestamp": "2026-05-12T11:57:53", "epoch": 55, "train_loss": 0.902776, "train_acc": 90.087, "val_loss": 1.739007, "val_acc": 76.544, "lr": 0.0003, "elapsed_sec": 170.171, "best_val_acc": 78.026}
2026-05-12 11:57:53,035 | INFO |   55 |  0.9028 |  90.1% |  1.7390 |  76.5% | 3.0e-04 | 170.2s
2026-05-12 12:00:46,673 | INFO | {"event": "train_epoch_end", "timestamp": "2026-05-12T12:00:46", "epoch": 56, "train_loss": 0.931184, "train_acc": 89.622, "val_loss": 1.648407, "val_acc": 77.205, "lr": 0.0003, "elapsed_sec": 173.638, "best_val_acc": 78.026}
2026-05-12 12:00:46,673 | INFO |   56 |  0.9312 |  89.6% |  1.6484 |  77.2% | 3.0e-04 | 173.6s
2026-05-12 12:03:42,117 | INFO | {"event": "train_epoch_end", "timestamp": "2026-05-12T12:03:42", "epoch": 57, "train_loss": 0.888071, "train_acc": 90.449, "val_loss": 1.636972, "val_acc": 78.254, "lr": 0.0003, "elapsed_sec": 175.443, "best_val_acc": 78.026}
2026-05-12 12:03:42,154 | INFO | {"event": "train_best_checkpoint", "timestamp": "2026-05-12T12:03:42", "epoch": 57, "val_acc": 78.254, "model_path": "C:\\Users\\Joseph\\Desktop\\projects\\sign_to_text\\model.pth"}
2026-05-12 12:03:42,155 | INFO |   57 |  0.8881 |  90.4% |  1.6370 |  78.3% | 3.0e-04 | 175.4s *
2026-05-12 12:06:36,416 | INFO | {"event": "train_epoch_end", "timestamp": "2026-05-12T12:06:36", "epoch": 58, "train_loss": 0.890926, "train_acc": 90.592, "val_loss": 1.666588, "val_acc": 77.342, "lr": 0.0003, "elapsed_sec": 174.26, "best_val_acc": 78.254}
2026-05-12 12:06:36,416 | INFO |   58 |  0.8909 |  90.6% |  1.6666 |  77.3% | 3.0e-04 | 174.3s
2026-05-12 12:09:30,613 | INFO | {"event": "train_epoch_end", "timestamp": "2026-05-12T12:09:30", "epoch": 59, "train_loss": 0.905835, "train_acc": 90.296, "val_loss": 1.649675, "val_acc": 77.502, "lr": 0.0003, "elapsed_sec": 174.197, "best_val_acc": 78.254}
2026-05-12 12:09:30,613 | INFO |   59 |  0.9058 |  90.3% |  1.6497 |  77.5% | 3.0e-04 | 174.2s
2026-05-12 12:12:24,154 | INFO | {"event": "train_epoch_end", "timestamp": "2026-05-12T12:12:24", "epoch": 60, "train_loss": 0.91625, "train_acc": 90.047, "val_loss": 1.626606, "val_acc": 77.844, "lr": 0.0003, "elapsed_sec": 173.539, "best_val_acc": 78.254}
2026-05-12 12:12:24,154 | INFO |   60 |  0.9163 |  90.0% |  1.6266 |  77.8% | 3.0e-04 | 173.5s
2026-05-12 12:12:24,154 | INFO | [Train] Best val accuracy: 78.25%
2026-05-12 12:12:24,155 | INFO | [Train] Model saved to: C:\Users\Joseph\Desktop\projects\sign_to_text\model.pth
2026-05-12 12:12:24,155 | INFO | {"event": "train_loop_end", "timestamp": "2026-05-12T12:12:24", "best_val_acc": 78.254, "model_path": "C:\\Users\\Joseph\\Desktop\\projects\\sign_to_text\\model.pth"}
2026-05-12 12:12:24,205 | INFO | {"event": "train_end", "timestamp": "2026-05-12T12:12:24", "classes": 78, "num_classes": 78}
