2026-05-08 13:07:57,333 | INFO | Logger initialized for train
2026-05-08 13:07:57,334 | INFO | Log file: logs\train_20260508_130757.log
2026-05-08 13:07:57,335 | INFO | {"event": "train_start", "timestamp": "2026-05-08T13:07:57", "processed_dir": "C:\\Users\\Joseph\\Desktop\\projects\\sign_to_text\\processed"}
2026-05-08 13:07:57,335 | INFO | ============================================================
2026-05-08 13:07:57,335 | INFO |   Training Word Model (BiGRU + Attention)
2026-05-08 13:07:57,335 | INFO | ============================================================
2026-05-08 13:08:02,348 | INFO | [Dataset] 16796 samples, 78 classes (augment=False, oversample=False)
2026-05-08 13:08:02,348 | INFO | [Dataset] Distribution: alive=72, alright=278, bad=294, beautiful=239, big_large=294, blind=224, cheap=221, clean=72, cold=294, cool=294, curved=212, dead=72, deaf=224, deep=72, dirty=72, dry=164, expensive=212, famous=192, fast=164, female=202, flat=212, good=274, good_afternoon=278, good_evening=290, good_morning=278, good_night=278, happy=224, hard=72, he=278, healthy=164, heavy=72, hello=273, high=72, hot=294, how_are_you=273, i=273, idle=130, it=278, light=202, long=294, loose=204, loud=240, low=72, male=202, mean=224, morning=134, narrow=294, new=294, nice=191, old=302, pleased=278, poor=209, quiet=226, rich=214, sad=224, shallow=72, she=278, short=294, sick=164, slow=164, small_little=164, soft=72, strong=72, tall=294, thank_you=273, they=278, thick=214, thin=172, tight=214, ugly=249, warm=304, we=278, weak=72, wet=294, wide=314, you=293, you_all=278, young=304
2026-05-08 13:08:02,529 | INFO | [BalancedAug] 12589 -> 18408 samples (oversampled)
2026-05-08 13:08:02,529 | INFO | [BalancedAug] Per class: {0: 236, 1: 236, 2: 236, 3: 236, 4: 236, 5: 236, 6: 236, 7: 236, 8: 236, 9: 236, 10: 236, 11: 236, 12: 236, 13: 236, 14: 236, 15: 236, 16: 236, 17: 236, 18: 236, 19: 236, 20: 236, 21: 236, 22: 236, 23: 236, 24: 236, 25: 236, 26: 236, 27: 236, 28: 236, 29: 236, 30: 236, 31: 236, 32: 236, 33: 236, 34: 236, 35: 236, 36: 236, 37: 236, 38: 236, 39: 236, 40: 236, 41: 236, 42: 236, 43: 236, 44: 236, 45: 236, 46: 236, 47: 236, 48: 236, 49: 236, 50: 236, 51: 236, 52: 236, 53: 236, 54: 236, 55: 236, 56: 236, 57: 236, 58: 236, 59: 236, 60: 236, 61: 236, 62: 236, 63: 236, 64: 236, 65: 236, 66: 236, 67: 236, 68: 236, 69: 236, 70: 236, 71: 236, 72: 236, 73: 236, 74: 236, 75: 236, 76: 236, 77: 236}
2026-05-08 13:08:02,560 | INFO | [Data] Train: 18408 (balanced+aug) | Val: 4207
2026-05-08 13:08:02,562 | INFO | [Data] Class weights: ['2.35', '0.61', '0.58', '0.71', '0.58', '0.76', '0.77', '2.35', '0.58', '0.58', '0.80', '2.35', '0.76', '2.35', '2.35', '1.03', '0.80', '0.88', '1.03', '0.84', '0.80', '0.62', '0.61', '0.58', '0.61', '0.61', '0.76', '2.35', '0.61', '1.03', '2.35', '0.62', '2.35', '0.58', '0.62', '0.62', '1.30', '0.61', '0.84', '0.58', '0.83', '0.71', '2.35', '0.84', '0.76', '1.27', '0.58', '0.58', '0.89', '0.56', '0.61', '0.81', '0.75', '0.79', '0.76', '2.35', '0.61', '0.58', '1.03', '1.03', '1.03', '2.35', '2.35', '0.58', '0.62', '0.61', '0.79', '0.99', '0.79', '0.68', '0.56', '0.61', '2.35', '0.58', '0.54', '0.58', '0.61', '0.56']
2026-05-08 13:08:02,562 | INFO | {"event": "train_loop_start", "timestamp": "2026-05-08T13:08:02", "num_classes": 78, "train_batches": 1151, "val_batches": 263, "class_weights": [2.3538544178009033, 0.6110967993736267, 0.5777642726898193, 0.710101306438446, 0.5777642726898193, 0.756596028804779, 0.7657116651535034, 2.3538544178009033, 0.5777642726898193, 0.5777642726898193, 0.7994222640991211, 2.3538544178009033, 0.756596028804779, 2.3538544178009033, 2.3538544178009033, 1.0333994626998901, 0.7994222640991211, 0.8826953768730164, 1.0333994626998901, 0.8362377285957336, 0.7994222640991211, 0.6170297861099243, 0.6110967993736267, 0.58306485414505, 0.6110967993736267, 0.6110967993736267, 0.756596028804779, 2.3538544178009033, 0.6110967993736267, 1.0333994626998901, 2.3538544178009033, 0.620039701461792, 2.3538544178009033, 0.5777642726898193, 0.620039701461792, 0.620039701461792, 1.297021746635437, 0.6110967993736267, 0.8362377285957336, 0.5777642726898193, 0.8307721614837646, 0.706156313419342, 2.3538544178009033, 0.8362377285957336, 0.756596028804779, 1.2710813283920288, 0.5777642726898193, 0.5777642726898193, 0.8888680934906006, 0.5624253749847412, 0.6110967993736267, 0.8096059560775757, 0.7476949095726013, 0.7944258451461792, 0.756596028804779, 2.3538544178009033, 0.6110967993736267, 0.5777642726898193, 1.0333994626998901, 1.0333994626998901, 1.0333994626998901, 2.3538544178009033, 2.3538544178009033, 0.5777642726898193, 0.620039701461792, 0.6110967993736267, 0.7944258451461792, 0.9853343963623047, 0.7944258451461792, 0.6797226667404175, 0.5574918389320374, 0.6110967993736267, 2.3538544178009033, 0.5777642726898193, 0.5385938286781311, 0.5777642726898193, 0.6110967993736267, 0.5574918389320374], "use_focal_loss": false}
2026-05-08 13:08:04,763 | INFO | [Model] Params: 996,468 | Trainable: 996,468
2026-05-08 13:08:04,764 | INFO | [Model] Architecture:
2026-05-08 13:08:04,764 | INFO | SignLanguageGRU(
2026-05-08 13:08:04,764 | INFO |   (input_proj): Sequential(
2026-05-08 13:08:04,764 | INFO |     (0): Linear(in_features=506, out_features=128, bias=True)
2026-05-08 13:08:04,764 | INFO |     (1): LayerNorm((128,), eps=1e-05, elementwise_affine=True)
2026-05-08 13:08:04,765 | INFO |     (2): ReLU()
2026-05-08 13:08:04,765 | INFO |     (3): Dropout(p=0.175, inplace=False)
2026-05-08 13:08:04,765 | INFO |   )
2026-05-08 13:08:04,765 | INFO |   (gru): GRU(128, 128, num_layers=3, batch_first=True, dropout=0.35, bidirectional=True)
2026-05-08 13:08:04,765 | INFO |   (layer_norm): LayerNorm((256,), eps=1e-05, elementwise_affine=True)
2026-05-08 13:08:04,766 | INFO |   (attention): HybridAttention(
2026-05-08 13:08:04,766 | INFO |     (score_nets): ModuleList(
2026-05-08 13:08:04,766 | INFO |       (0-3): 4 x Sequential(
2026-05-08 13:08:04,766 | INFO |         (0): Linear(in_features=64, out_features=32, bias=True)
2026-05-08 13:08:04,766 | INFO |         (1): Tanh()
2026-05-08 13:08:04,766 | INFO |         (2): Linear(in_features=32, out_features=1, bias=False)
2026-05-08 13:08:04,766 | INFO |       )
2026-05-08 13:08:04,767 | INFO |     )
2026-05-08 13:08:04,767 | INFO |     (temperatures): ParameterList(
2026-05-08 13:08:04,767 | INFO |         (0): Parameter containing: [torch.float32 of size ]
2026-05-08 13:08:04,767 | INFO |         (1): Parameter containing: [torch.float32 of size ]
2026-05-08 13:08:04,767 | INFO |         (2): Parameter containing: [torch.float32 of size ]
2026-05-08 13:08:04,767 | INFO |         (3): Parameter containing: [torch.float32 of size ]
2026-05-08 13:08:04,767 | INFO |     )
2026-05-08 13:08:04,767 | INFO |     (head_proj): Linear(in_features=256, out_features=256, bias=True)
2026-05-08 13:08:04,767 | INFO |   )
2026-05-08 13:08:04,767 | INFO |   (spatial_attention): SpatialAttention(
2026-05-08 13:08:04,767 | INFO |     (spatial_scorer): Sequential(
2026-05-08 13:08:04,767 | INFO |       (0): Linear(in_features=256, out_features=128, bias=True)
2026-05-08 13:08:04,767 | INFO |       (1): ReLU()
2026-05-08 13:08:04,767 | INFO |       (2): Linear(in_features=128, out_features=3, bias=False)
2026-05-08 13:08:04,767 | INFO |     )
2026-05-08 13:08:04,768 | INFO |   )
2026-05-08 13:08:04,768 | INFO |   (dropout): Dropout(p=0.35, inplace=False)
2026-05-08 13:08:04,768 | INFO |   (fc): Sequential(
2026-05-08 13:08:04,768 | INFO |     (0): Linear(in_features=256, out_features=96, bias=True)
2026-05-08 13:08:04,768 | INFO |     (1): ReLU()
2026-05-08 13:08:04,768 | INFO |     (2): Dropout(p=0.35, inplace=False)
2026-05-08 13:08:04,768 | INFO |     (3): Linear(in_features=96, out_features=78, bias=True)
2026-05-08 13:08:04,768 | INFO |   )
2026-05-08 13:08:04,768 | INFO | )
2026-05-08 13:08:04,768 | INFO |   Ep |  TrLoss |  TrAcc |  VaLoss |  VaAcc |       LR |    T
2026-05-08 13:08:04,768 | INFO | ------------------------------------------------------------
2026-05-08 13:11:00,057 | INFO | {"event": "train_epoch_end", "timestamp": "2026-05-08T13:11:00", "epoch": 1, "train_loss": 3.387188, "train_acc": 12.659, "val_loss": 3.969678, "val_acc": 7.06, "lr": 0.0003, "elapsed_sec": 175.278, "best_val_acc": 0.0}
2026-05-08 13:11:00,302 | INFO | {"event": "train_best_checkpoint", "timestamp": "2026-05-08T13:11:00", "epoch": 1, "val_acc": 7.06, "model_path": "C:\\Users\\Joseph\\Desktop\\projects\\sign_to_text\\model.pth"}
2026-05-08 13:11:00,305 | INFO |    1 |  3.3872 |  12.7% |  3.9697 |   7.1% | 3.0e-04 | 175.3s *
2026-05-08 13:13:57,670 | INFO | {"event": "train_epoch_end", "timestamp": "2026-05-08T13:13:57", "epoch": 2, "train_loss": 2.431572, "train_acc": 32.41, "val_loss": 3.373538, "val_acc": 17.851, "lr": 0.0003, "elapsed_sec": 177.365, "best_val_acc": 7.06}
2026-05-08 13:13:57,712 | INFO | {"event": "train_best_checkpoint", "timestamp": "2026-05-08T13:13:57", "epoch": 2, "val_acc": 17.851, "model_path": "C:\\Users\\Joseph\\Desktop\\projects\\sign_to_text\\model.pth"}
2026-05-08 13:13:57,713 | INFO |    2 |  2.4316 |  32.4% |  3.3735 |  17.9% | 3.0e-04 | 177.4s *
2026-05-08 13:17:05,643 | INFO | {"event": "train_epoch_end", "timestamp": "2026-05-08T13:17:05", "epoch": 3, "train_loss": 1.956917, "train_acc": 48.183, "val_loss": 3.097356, "val_acc": 26.527, "lr": 0.0003, "elapsed_sec": 187.928, "best_val_acc": 17.851}
2026-05-08 13:17:05,696 | INFO | {"event": "train_best_checkpoint", "timestamp": "2026-05-08T13:17:05", "epoch": 3, "val_acc": 26.527, "model_path": "C:\\Users\\Joseph\\Desktop\\projects\\sign_to_text\\model.pth"}
2026-05-08 13:17:05,696 | INFO |    3 |  1.9569 |  48.2% |  3.0974 |  26.5% | 3.0e-04 | 187.9s *
2026-05-08 13:19:56,714 | INFO | {"event": "train_epoch_end", "timestamp": "2026-05-08T13:19:56", "epoch": 4, "train_loss": 1.716949, "train_acc": 57.55, "val_loss": 2.661174, "val_acc": 41.027, "lr": 0.0003, "elapsed_sec": 171.017, "best_val_acc": 26.527}
2026-05-08 13:19:56,760 | INFO | {"event": "train_best_checkpoint", "timestamp": "2026-05-08T13:19:56", "epoch": 4, "val_acc": 41.027, "model_path": "C:\\Users\\Joseph\\Desktop\\projects\\sign_to_text\\model.pth"}
2026-05-08 13:19:56,762 | INFO |    4 |  1.7169 |  57.5% |  2.6612 |  41.0% | 3.0e-04 | 171.0s *
2026-05-08 13:22:54,889 | INFO | {"event": "train_epoch_end", "timestamp": "2026-05-08T13:22:54", "epoch": 5, "train_loss": 1.56332, "train_acc": 64.481, "val_loss": 2.373938, "val_acc": 45.092, "lr": 0.0003, "elapsed_sec": 178.127, "best_val_acc": 41.027}
2026-05-08 13:22:54,927 | INFO | {"event": "train_best_checkpoint", "timestamp": "2026-05-08T13:22:54", "epoch": 5, "val_acc": 45.092, "model_path": "C:\\Users\\Joseph\\Desktop\\projects\\sign_to_text\\model.pth"}
2026-05-08 13:22:54,927 | INFO |    5 |  1.5633 |  64.5% |  2.3739 |  45.1% | 3.0e-04 | 178.1s *
2026-05-08 13:25:54,949 | INFO | {"event": "train_epoch_end", "timestamp": "2026-05-08T13:25:54", "epoch": 6, "train_loss": 1.489207, "train_acc": 68.687, "val_loss": 2.255671, "val_acc": 53.316, "lr": 0.0003, "elapsed_sec": 180.02, "best_val_acc": 45.092}
2026-05-08 13:25:54,988 | INFO | {"event": "train_best_checkpoint", "timestamp": "2026-05-08T13:25:54", "epoch": 6, "val_acc": 53.316, "model_path": "C:\\Users\\Joseph\\Desktop\\projects\\sign_to_text\\model.pth"}
2026-05-08 13:25:54,988 | INFO |    6 |  1.4892 |  68.7% |  2.2557 |  53.3% | 3.0e-04 | 180.0s *
2026-05-08 13:28:50,436 | INFO | {"event": "train_epoch_end", "timestamp": "2026-05-08T13:28:50", "epoch": 7, "train_loss": 1.38796, "train_acc": 72.875, "val_loss": 2.14476, "val_acc": 56.572, "lr": 0.0003, "elapsed_sec": 175.447, "best_val_acc": 53.316}
2026-05-08 13:28:50,476 | INFO | {"event": "train_best_checkpoint", "timestamp": "2026-05-08T13:28:50", "epoch": 7, "val_acc": 56.572, "model_path": "C:\\Users\\Joseph\\Desktop\\projects\\sign_to_text\\model.pth"}
2026-05-08 13:28:50,477 | INFO |    7 |  1.3880 |  72.9% |  2.1448 |  56.6% | 3.0e-04 | 175.4s *
2026-05-08 13:31:36,849 | INFO | {"event": "train_epoch_end", "timestamp": "2026-05-08T13:31:36", "epoch": 8, "train_loss": 1.314416, "train_acc": 75.795, "val_loss": 2.240025, "val_acc": 54.885, "lr": 0.0003, "elapsed_sec": 166.372, "best_val_acc": 56.572}
2026-05-08 13:31:36,853 | INFO |    8 |  1.3144 |  75.8% |  2.2400 |  54.9% | 3.0e-04 | 166.4s
2026-05-08 13:34:58,904 | INFO | {"event": "train_epoch_end", "timestamp": "2026-05-08T13:34:58", "epoch": 9, "train_loss": 1.256223, "train_acc": 78.031, "val_loss": 2.04932, "val_acc": 60.518, "lr": 0.0003, "elapsed_sec": 202.045, "best_val_acc": 56.572}
2026-05-08 13:34:58,968 | INFO | {"event": "train_best_checkpoint", "timestamp": "2026-05-08T13:34:58", "epoch": 9, "val_acc": 60.518, "model_path": "C:\\Users\\Joseph\\Desktop\\projects\\sign_to_text\\model.pth"}
2026-05-08 13:34:58,969 | INFO |    9 |  1.2562 |  78.0% |  2.0493 |  60.5% | 3.0e-04 | 202.0s *
2026-05-08 13:38:06,580 | INFO | {"event": "train_epoch_end", "timestamp": "2026-05-08T13:38:06", "epoch": 10, "train_loss": 1.229572, "train_acc": 79.442, "val_loss": 1.9092, "val_acc": 65.961, "lr": 0.0003, "elapsed_sec": 187.61, "best_val_acc": 60.518}
2026-05-08 13:38:06,611 | INFO | {"event": "train_best_checkpoint", "timestamp": "2026-05-08T13:38:06", "epoch": 10, "val_acc": 65.961, "model_path": "C:\\Users\\Joseph\\Desktop\\projects\\sign_to_text\\model.pth"}
2026-05-08 13:38:06,611 | INFO |   10 |  1.2296 |  79.4% |  1.9092 |  66.0% | 3.0e-04 | 187.6s *
2026-05-08 13:41:16,471 | INFO | {"event": "train_epoch_end", "timestamp": "2026-05-08T13:41:16", "epoch": 11, "train_loss": 1.208605, "train_acc": 80.551, "val_loss": 1.967999, "val_acc": 66.58, "lr": 0.0003, "elapsed_sec": 189.86, "best_val_acc": 65.961}
2026-05-08 13:41:16,503 | INFO | {"event": "train_best_checkpoint", "timestamp": "2026-05-08T13:41:16", "epoch": 11, "val_acc": 66.58, "model_path": "C:\\Users\\Joseph\\Desktop\\projects\\sign_to_text\\model.pth"}
2026-05-08 13:41:16,503 | INFO |   11 |  1.2086 |  80.6% |  1.9680 |  66.6% | 3.0e-04 | 189.9s *
2026-05-08 13:44:43,892 | INFO | {"event": "train_epoch_end", "timestamp": "2026-05-08T13:44:43", "epoch": 12, "train_loss": 1.223294, "train_acc": 80.506, "val_loss": 1.964535, "val_acc": 66.889, "lr": 0.0003, "elapsed_sec": 207.389, "best_val_acc": 66.58}
2026-05-08 13:44:43,927 | INFO | {"event": "train_best_checkpoint", "timestamp": "2026-05-08T13:44:43", "epoch": 12, "val_acc": 66.889, "model_path": "C:\\Users\\Joseph\\Desktop\\projects\\sign_to_text\\model.pth"}
2026-05-08 13:44:43,927 | INFO |   12 |  1.2233 |  80.5% |  1.9645 |  66.9% | 3.0e-04 | 207.4s *
2026-05-08 13:48:21,897 | INFO | {"event": "train_epoch_end", "timestamp": "2026-05-08T13:48:21", "epoch": 13, "train_loss": 1.143142, "train_acc": 82.996, "val_loss": 1.889324, "val_acc": 67.839, "lr": 0.0003, "elapsed_sec": 217.958, "best_val_acc": 66.889}
2026-05-08 13:48:21,988 | INFO | {"event": "train_best_checkpoint", "timestamp": "2026-05-08T13:48:21", "epoch": 13, "val_acc": 67.839, "model_path": "C:\\Users\\Joseph\\Desktop\\projects\\sign_to_text\\model.pth"}
2026-05-08 13:48:21,991 | INFO |   13 |  1.1431 |  83.0% |  1.8893 |  67.8% | 3.0e-04 | 218.0s *
2026-05-08 13:51:35,876 | INFO | {"event": "train_epoch_end", "timestamp": "2026-05-08T13:51:35", "epoch": 14, "train_loss": 1.094712, "train_acc": 84.208, "val_loss": 1.893781, "val_acc": 68.909, "lr": 0.0003, "elapsed_sec": 193.877, "best_val_acc": 67.839}
2026-05-08 13:51:35,959 | INFO | {"event": "train_best_checkpoint", "timestamp": "2026-05-08T13:51:35", "epoch": 14, "val_acc": 68.909, "model_path": "C:\\Users\\Joseph\\Desktop\\projects\\sign_to_text\\model.pth"}
2026-05-08 13:51:35,962 | INFO |   14 |  1.0947 |  84.2% |  1.8938 |  68.9% | 3.0e-04 | 193.9s *
2026-05-08 13:54:33,975 | INFO | {"event": "train_epoch_end", "timestamp": "2026-05-08T13:54:33", "epoch": 15, "train_loss": 1.107504, "train_acc": 84.494, "val_loss": 1.817542, "val_acc": 71.096, "lr": 0.0003, "elapsed_sec": 178.014, "best_val_acc": 68.909}
2026-05-08 13:54:34,017 | INFO | {"event": "train_best_checkpoint", "timestamp": "2026-05-08T13:54:34", "epoch": 15, "val_acc": 71.096, "model_path": "C:\\Users\\Joseph\\Desktop\\projects\\sign_to_text\\model.pth"}
2026-05-08 13:54:34,018 | INFO |   15 |  1.1075 |  84.5% |  1.8175 |  71.1% | 3.0e-04 | 178.0s *
2026-05-08 13:57:26,036 | INFO | {"event": "train_epoch_end", "timestamp": "2026-05-08T13:57:26", "epoch": 16, "train_loss": 1.087026, "train_acc": 85.111, "val_loss": 1.879806, "val_acc": 69.693, "lr": 0.0003, "elapsed_sec": 172.018, "best_val_acc": 71.096}
2026-05-08 13:57:26,039 | INFO |   16 |  1.0870 |  85.1% |  1.8798 |  69.7% | 3.0e-04 | 172.0s
2026-05-08 14:00:26,895 | INFO | {"event": "train_epoch_end", "timestamp": "2026-05-08T14:00:26", "epoch": 17, "train_loss": 1.139054, "train_acc": 84.243, "val_loss": 1.78458, "val_acc": 71.215, "lr": 0.0003, "elapsed_sec": 180.854, "best_val_acc": 71.096}
2026-05-08 14:00:26,941 | INFO | {"event": "train_best_checkpoint", "timestamp": "2026-05-08T14:00:26", "epoch": 17, "val_acc": 71.215, "model_path": "C:\\Users\\Joseph\\Desktop\\projects\\sign_to_text\\model.pth"}
2026-05-08 14:00:26,941 | INFO |   17 |  1.1391 |  84.2% |  1.7846 |  71.2% | 3.0e-04 | 180.9s *
2026-05-08 14:03:24,956 | INFO | {"event": "train_epoch_end", "timestamp": "2026-05-08T14:03:24", "epoch": 18, "train_loss": 1.085463, "train_acc": 85.668, "val_loss": 1.822293, "val_acc": 71.452, "lr": 0.0003, "elapsed_sec": 178.014, "best_val_acc": 71.215}
2026-05-08 14:03:24,993 | INFO | {"event": "train_best_checkpoint", "timestamp": "2026-05-08T14:03:24", "epoch": 18, "val_acc": 71.452, "model_path": "C:\\Users\\Joseph\\Desktop\\projects\\sign_to_text\\model.pth"}
2026-05-08 14:03:24,993 | INFO |   18 |  1.0855 |  85.7% |  1.8223 |  71.5% | 3.0e-04 | 178.0s *
2026-05-08 14:06:21,622 | INFO | {"event": "train_epoch_end", "timestamp": "2026-05-08T14:06:21", "epoch": 19, "train_loss": 1.081033, "train_acc": 85.653, "val_loss": 1.757877, "val_acc": 74.138, "lr": 0.0003, "elapsed_sec": 176.628, "best_val_acc": 71.452}
2026-05-08 14:06:21,659 | INFO | {"event": "train_best_checkpoint", "timestamp": "2026-05-08T14:06:21", "epoch": 19, "val_acc": 74.138, "model_path": "C:\\Users\\Joseph\\Desktop\\projects\\sign_to_text\\model.pth"}
2026-05-08 14:06:21,660 | INFO |   19 |  1.0810 |  85.7% |  1.7579 |  74.1% | 3.0e-04 | 176.6s *
2026-05-08 14:09:21,725 | INFO | {"event": "train_epoch_end", "timestamp": "2026-05-08T14:09:21", "epoch": 20, "train_loss": 1.081313, "train_acc": 85.88, "val_loss": 1.765358, "val_acc": 72.807, "lr": 0.0003, "elapsed_sec": 180.065, "best_val_acc": 74.138}
2026-05-08 14:09:21,729 | INFO |   20 |  1.0813 |  85.9% |  1.7654 |  72.8% | 3.0e-04 | 180.1s
2026-05-08 14:12:16,568 | INFO | {"event": "train_epoch_end", "timestamp": "2026-05-08T14:12:16", "epoch": 21, "train_loss": 1.08172, "train_acc": 86.231, "val_loss": 1.709877, "val_acc": 73.853, "lr": 0.0003, "elapsed_sec": 174.839, "best_val_acc": 74.138}
2026-05-08 14:12:16,571 | INFO |   21 |  1.0817 |  86.2% |  1.7099 |  73.9% | 3.0e-04 | 174.8s
2026-05-08 14:15:15,451 | INFO | {"event": "train_epoch_end", "timestamp": "2026-05-08T14:15:15", "epoch": 22, "train_loss": 1.078952, "train_acc": 85.852, "val_loss": 1.735578, "val_acc": 74.542, "lr": 0.0003, "elapsed_sec": 178.88, "best_val_acc": 74.138}
2026-05-08 14:15:15,492 | INFO | {"event": "train_best_checkpoint", "timestamp": "2026-05-08T14:15:15", "epoch": 22, "val_acc": 74.542, "model_path": "C:\\Users\\Joseph\\Desktop\\projects\\sign_to_text\\model.pth"}
2026-05-08 14:15:15,493 | INFO |   22 |  1.0790 |  85.9% |  1.7356 |  74.5% | 3.0e-04 | 178.9s *
2026-05-08 14:18:24,839 | INFO | {"event": "train_epoch_end", "timestamp": "2026-05-08T14:18:24", "epoch": 23, "train_loss": 1.075512, "train_acc": 86.437, "val_loss": 1.70501, "val_acc": 74.59, "lr": 0.0003, "elapsed_sec": 189.346, "best_val_acc": 74.542}
2026-05-08 14:18:24,883 | INFO | {"event": "train_best_checkpoint", "timestamp": "2026-05-08T14:18:24", "epoch": 23, "val_acc": 74.59, "model_path": "C:\\Users\\Joseph\\Desktop\\projects\\sign_to_text\\model.pth"}
2026-05-08 14:18:24,884 | INFO |   23 |  1.0755 |  86.4% |  1.7050 |  74.6% | 3.0e-04 | 189.3s *
2026-05-08 14:21:35,225 | INFO | {"event": "train_epoch_end", "timestamp": "2026-05-08T14:21:35", "epoch": 24, "train_loss": 1.056595, "train_acc": 86.874, "val_loss": 1.695365, "val_acc": 74.495, "lr": 0.0003, "elapsed_sec": 190.341, "best_val_acc": 74.59}
2026-05-08 14:21:35,230 | INFO |   24 |  1.0566 |  86.9% |  1.6954 |  74.5% | 3.0e-04 | 190.3s
2026-05-08 14:24:52,299 | INFO | {"event": "train_epoch_end", "timestamp": "2026-05-08T14:24:52", "epoch": 25, "train_loss": 1.04876, "train_acc": 87.029, "val_loss": 1.707261, "val_acc": 74.305, "lr": 0.0003, "elapsed_sec": 197.069, "best_val_acc": 74.59}
2026-05-08 14:24:52,307 | INFO |   25 |  1.0488 |  87.0% |  1.7073 |  74.3% | 3.0e-04 | 197.1s
2026-05-08 14:28:05,976 | INFO | {"event": "train_epoch_end", "timestamp": "2026-05-08T14:28:05", "epoch": 26, "train_loss": 1.033671, "train_acc": 87.353, "val_loss": 1.726237, "val_acc": 74.685, "lr": 0.0003, "elapsed_sec": 193.668, "best_val_acc": 74.59}
2026-05-08 14:28:06,025 | INFO | {"event": "train_best_checkpoint", "timestamp": "2026-05-08T14:28:06", "epoch": 26, "val_acc": 74.685, "model_path": "C:\\Users\\Joseph\\Desktop\\projects\\sign_to_text\\model.pth"}
2026-05-08 14:28:06,026 | INFO |   26 |  1.0337 |  87.4% |  1.7262 |  74.7% | 3.0e-04 | 193.7s *
2026-05-08 14:31:50,169 | INFO | {"event": "train_epoch_end", "timestamp": "2026-05-08T14:31:50", "epoch": 27, "train_loss": 1.019909, "train_acc": 87.613, "val_loss": 1.760807, "val_acc": 74.233, "lr": 0.0003, "elapsed_sec": 224.14, "best_val_acc": 74.685}
2026-05-08 14:31:50,171 | INFO |   27 |  1.0199 |  87.6% |  1.7608 |  74.2% | 3.0e-04 | 224.1s
2026-05-08 14:35:50,736 | INFO | {"event": "train_epoch_end", "timestamp": "2026-05-08T14:35:50", "epoch": 28, "train_loss": 1.030116, "train_acc": 87.489, "val_loss": 1.769207, "val_acc": 75.232, "lr": 0.0003, "elapsed_sec": 240.554, "best_val_acc": 74.685}
2026-05-08 14:35:50,818 | INFO | {"event": "train_best_checkpoint", "timestamp": "2026-05-08T14:35:50", "epoch": 28, "val_acc": 75.232, "model_path": "C:\\Users\\Joseph\\Desktop\\projects\\sign_to_text\\model.pth"}
2026-05-08 14:35:50,820 | INFO |   28 |  1.0301 |  87.5% |  1.7692 |  75.2% | 3.0e-04 | 240.6s *
2026-05-08 14:38:30,914 | INFO | {"event": "train_epoch_end", "timestamp": "2026-05-08T14:38:30", "epoch": 29, "train_loss": 0.981875, "train_acc": 88.977, "val_loss": 1.71944, "val_acc": 75.279, "lr": 0.0003, "elapsed_sec": 160.091, "best_val_acc": 75.232}
2026-05-08 14:38:30,968 | INFO | {"event": "train_best_checkpoint", "timestamp": "2026-05-08T14:38:30", "epoch": 29, "val_acc": 75.279, "model_path": "C:\\Users\\Joseph\\Desktop\\projects\\sign_to_text\\model.pth"}
2026-05-08 14:38:30,969 | INFO |   29 |  0.9819 |  89.0% |  1.7194 |  75.3% | 3.0e-04 | 160.1s *
2026-05-08 14:41:50,162 | INFO | {"event": "train_epoch_end", "timestamp": "2026-05-08T14:41:50", "epoch": 30, "train_loss": 0.990454, "train_acc": 88.714, "val_loss": 1.737457, "val_acc": 75.541, "lr": 0.0003, "elapsed_sec": 199.185, "best_val_acc": 75.279}
2026-05-08 14:41:50,235 | INFO | {"event": "train_best_checkpoint", "timestamp": "2026-05-08T14:41:50", "epoch": 30, "val_acc": 75.541, "model_path": "C:\\Users\\Joseph\\Desktop\\projects\\sign_to_text\\model.pth"}
2026-05-08 14:41:50,236 | INFO |   30 |  0.9905 |  88.7% |  1.7375 |  75.5% | 3.0e-04 | 199.2s *
2026-05-08 14:44:58,463 | INFO | {"event": "train_epoch_end", "timestamp": "2026-05-08T14:44:58", "epoch": 31, "train_loss": 0.984982, "train_acc": 88.452, "val_loss": 1.743779, "val_acc": 75.042, "lr": 0.0003, "elapsed_sec": 188.224, "best_val_acc": 75.541}
2026-05-08 14:44:58,468 | INFO |   31 |  0.9850 |  88.5% |  1.7438 |  75.0% | 3.0e-04 | 188.2s
2026-05-08 14:47:49,582 | INFO | {"event": "train_epoch_end", "timestamp": "2026-05-08T14:47:49", "epoch": 32, "train_loss": 0.971993, "train_acc": 89.254, "val_loss": 1.659036, "val_acc": 76.254, "lr": 0.0003, "elapsed_sec": 171.114, "best_val_acc": 75.541}
2026-05-08 14:47:49,640 | INFO | {"event": "train_best_checkpoint", "timestamp": "2026-05-08T14:47:49", "epoch": 32, "val_acc": 76.254, "model_path": "C:\\Users\\Joseph\\Desktop\\projects\\sign_to_text\\model.pth"}
2026-05-08 14:47:49,640 | INFO |   32 |  0.9720 |  89.3% |  1.6590 |  76.3% | 3.0e-04 | 171.1s *
2026-05-08 14:50:55,336 | INFO | {"event": "train_epoch_end", "timestamp": "2026-05-08T14:50:55", "epoch": 33, "train_loss": 0.949312, "train_acc": 89.705, "val_loss": 1.730838, "val_acc": 75.755, "lr": 0.0003, "elapsed_sec": 185.695, "best_val_acc": 76.254}
2026-05-08 14:50:55,337 | INFO |   33 |  0.9493 |  89.7% |  1.7308 |  75.8% | 3.0e-04 | 185.7s
2026-05-08 14:54:01,291 | INFO | {"event": "train_epoch_end", "timestamp": "2026-05-08T14:54:01", "epoch": 34, "train_loss": 0.966059, "train_acc": 89.449, "val_loss": 1.77098, "val_acc": 75.921, "lr": 0.0003, "elapsed_sec": 185.954, "best_val_acc": 76.254}
2026-05-08 14:54:01,293 | INFO |   34 |  0.9661 |  89.4% |  1.7710 |  75.9% | 3.0e-04 | 186.0s
2026-05-08 14:57:08,829 | INFO | {"event": "train_epoch_end", "timestamp": "2026-05-08T14:57:08", "epoch": 35, "train_loss": 0.987494, "train_acc": 88.954, "val_loss": 1.753656, "val_acc": 75.446, "lr": 0.0003, "elapsed_sec": 187.535, "best_val_acc": 76.254}
2026-05-08 14:57:08,831 | INFO |   35 |  0.9875 |  89.0% |  1.7537 |  75.4% | 3.0e-04 | 187.5s
2026-05-08 15:00:07,970 | INFO | {"event": "train_epoch_end", "timestamp": "2026-05-08T15:00:07", "epoch": 36, "train_loss": 0.989347, "train_acc": 88.829, "val_loss": 1.742897, "val_acc": 74.97, "lr": 0.0003, "elapsed_sec": 179.139, "best_val_acc": 76.254}
2026-05-08 15:00:07,970 | INFO |   36 |  0.9893 |  88.8% |  1.7429 |  75.0% | 3.0e-04 | 179.1s
2026-05-08 15:03:06,826 | INFO | {"event": "train_epoch_end", "timestamp": "2026-05-08T15:03:06", "epoch": 37, "train_loss": 1.008045, "train_acc": 88.548, "val_loss": 1.705642, "val_acc": 76.183, "lr": 0.0003, "elapsed_sec": 178.855, "best_val_acc": 76.254}
2026-05-08 15:03:06,827 | INFO |   37 |  1.0080 |  88.5% |  1.7056 |  76.2% | 3.0e-04 | 178.9s
2026-05-08 15:05:53,590 | INFO | {"event": "train_epoch_end", "timestamp": "2026-05-08T15:05:53", "epoch": 38, "train_loss": 0.952102, "train_acc": 89.853, "val_loss": 1.707016, "val_acc": 76.206, "lr": 0.00015, "elapsed_sec": 166.763, "best_val_acc": 76.254}
2026-05-08 15:05:53,591 | INFO |   38 |  0.9521 |  89.9% |  1.7070 |  76.2% | 1.5e-04 | 166.8s
2026-05-08 15:08:42,127 | INFO | {"event": "train_epoch_end", "timestamp": "2026-05-08T15:08:42", "epoch": 39, "train_loss": 0.931261, "train_acc": 90.329, "val_loss": 1.696168, "val_acc": 76.967, "lr": 0.00015, "elapsed_sec": 168.536, "best_val_acc": 76.254}
2026-05-08 15:08:42,167 | INFO | {"event": "train_best_checkpoint", "timestamp": "2026-05-08T15:08:42", "epoch": 39, "val_acc": 76.967, "model_path": "C:\\Users\\Joseph\\Desktop\\projects\\sign_to_text\\model.pth"}
2026-05-08 15:08:42,167 | INFO |   39 |  0.9313 |  90.3% |  1.6962 |  77.0% | 1.5e-04 | 168.5s *
2026-05-08 15:11:42,946 | INFO | {"event": "train_epoch_end", "timestamp": "2026-05-08T15:11:42", "epoch": 40, "train_loss": 0.962169, "train_acc": 89.649, "val_loss": 1.677171, "val_acc": 77.466, "lr": 0.00015, "elapsed_sec": 180.778, "best_val_acc": 76.967}
2026-05-08 15:11:42,983 | INFO | {"event": "train_best_checkpoint", "timestamp": "2026-05-08T15:11:42", "epoch": 40, "val_acc": 77.466, "model_path": "C:\\Users\\Joseph\\Desktop\\projects\\sign_to_text\\model.pth"}
2026-05-08 15:11:42,983 | INFO |   40 |  0.9622 |  89.6% |  1.6772 |  77.5% | 1.5e-04 | 180.8s *
2026-05-08 15:14:42,206 | INFO | {"event": "train_epoch_end", "timestamp": "2026-05-08T15:14:42", "epoch": 41, "train_loss": 0.936052, "train_acc": 90.219, "val_loss": 1.702982, "val_acc": 77.133, "lr": 0.00015, "elapsed_sec": 179.222, "best_val_acc": 77.466}
2026-05-08 15:14:42,207 | INFO |   41 |  0.9361 |  90.2% |  1.7030 |  77.1% | 1.5e-04 | 179.2s
2026-05-08 15:17:40,339 | INFO | {"event": "train_epoch_end", "timestamp": "2026-05-08T15:17:40", "epoch": 42, "train_loss": 0.932718, "train_acc": 90.266, "val_loss": 1.720712, "val_acc": 77.11, "lr": 0.00015, "elapsed_sec": 178.132, "best_val_acc": 77.466}
2026-05-08 15:17:40,340 | INFO |   42 |  0.9327 |  90.3% |  1.7207 |  77.1% | 1.5e-04 | 178.1s
2026-05-08 15:20:40,449 | INFO | {"event": "train_epoch_end", "timestamp": "2026-05-08T15:20:40", "epoch": 43, "train_loss": 0.909767, "train_acc": 90.616, "val_loss": 1.701847, "val_acc": 76.967, "lr": 0.00015, "elapsed_sec": 180.109, "best_val_acc": 77.466}
2026-05-08 15:20:40,450 | INFO |   43 |  0.9098 |  90.6% |  1.7018 |  77.0% | 1.5e-04 | 180.1s
2026-05-08 15:23:45,778 | INFO | {"event": "train_epoch_end", "timestamp": "2026-05-08T15:23:45", "epoch": 44, "train_loss": 0.935183, "train_acc": 90.206, "val_loss": 1.675717, "val_acc": 77.49, "lr": 0.00015, "elapsed_sec": 185.327, "best_val_acc": 77.466}
2026-05-08 15:23:45,821 | INFO | {"event": "train_best_checkpoint", "timestamp": "2026-05-08T15:23:45", "epoch": 44, "val_acc": 77.49, "model_path": "C:\\Users\\Joseph\\Desktop\\projects\\sign_to_text\\model.pth"}
2026-05-08 15:23:45,821 | INFO |   44 |  0.9352 |  90.2% |  1.6757 |  77.5% | 1.5e-04 | 185.3s *
2026-05-08 15:26:47,535 | INFO | {"event": "train_epoch_end", "timestamp": "2026-05-08T15:26:47", "epoch": 45, "train_loss": 0.930677, "train_acc": 90.441, "val_loss": 1.665579, "val_acc": 78.251, "lr": 0.00015, "elapsed_sec": 181.713, "best_val_acc": 77.49}
2026-05-08 15:26:47,569 | INFO | {"event": "train_best_checkpoint", "timestamp": "2026-05-08T15:26:47", "epoch": 45, "val_acc": 78.251, "model_path": "C:\\Users\\Joseph\\Desktop\\projects\\sign_to_text\\model.pth"}
2026-05-08 15:26:47,570 | INFO |   45 |  0.9307 |  90.4% |  1.6656 |  78.3% | 1.5e-04 | 181.7s *
2026-05-08 15:30:00,841 | INFO | {"event": "train_epoch_end", "timestamp": "2026-05-08T15:30:00", "epoch": 46, "train_loss": 0.956257, "train_acc": 89.849, "val_loss": 1.674546, "val_acc": 77.609, "lr": 0.00015, "elapsed_sec": 193.271, "best_val_acc": 78.251}
2026-05-08 15:30:00,842 | INFO |   46 |  0.9563 |  89.8% |  1.6745 |  77.6% | 1.5e-04 | 193.3s
2026-05-08 15:33:52,138 | INFO | {"event": "train_epoch_end", "timestamp": "2026-05-08T15:33:52", "epoch": 47, "train_loss": 0.939832, "train_acc": 89.957, "val_loss": 1.661496, "val_acc": 77.894, "lr": 0.00015, "elapsed_sec": 231.265, "best_val_acc": 78.251}
2026-05-08 15:33:52,175 | INFO |   47 |  0.9398 |  90.0% |  1.6615 |  77.9% | 1.5e-04 | 231.3s
2026-05-08 15:37:17,450 | INFO | {"event": "train_epoch_end", "timestamp": "2026-05-08T15:37:17", "epoch": 48, "train_loss": 0.89379, "train_acc": 91.021, "val_loss": 1.743554, "val_acc": 76.563, "lr": 0.00015, "elapsed_sec": 205.265, "best_val_acc": 78.251}
2026-05-08 15:37:17,458 | INFO |   48 |  0.8938 |  91.0% |  1.7436 |  76.6% | 1.5e-04 | 205.3s
2026-05-08 15:40:31,912 | INFO | {"event": "train_epoch_end", "timestamp": "2026-05-08T15:40:31", "epoch": 49, "train_loss": 0.932852, "train_acc": 90.326, "val_loss": 1.673459, "val_acc": 77.799, "lr": 0.00015, "elapsed_sec": 194.455, "best_val_acc": 78.251}
2026-05-08 15:40:31,915 | INFO |   49 |  0.9329 |  90.3% |  1.6735 |  77.8% | 1.5e-04 | 194.5s
2026-05-08 15:43:37,699 | INFO | {"event": "train_epoch_end", "timestamp": "2026-05-08T15:43:37", "epoch": 50, "train_loss": 0.901194, "train_acc": 90.948, "val_loss": 1.671697, "val_acc": 77.942, "lr": 0.00015, "elapsed_sec": 185.783, "best_val_acc": 78.251}
2026-05-08 15:43:37,699 | INFO |   50 |  0.9012 |  90.9% |  1.6717 |  77.9% | 1.5e-04 | 185.8s
2026-05-08 15:47:13,769 | INFO | {"event": "train_epoch_end", "timestamp": "2026-05-08T15:47:13", "epoch": 51, "train_loss": 0.915943, "train_acc": 90.726, "val_loss": 1.679277, "val_acc": 78.037, "lr": 7.5e-05, "elapsed_sec": 216.069, "best_val_acc": 78.251}
2026-05-08 15:47:13,770 | INFO |   51 |  0.9159 |  90.7% |  1.6793 |  78.0% | 7.5e-05 | 216.1s
2026-05-08 15:50:18,002 | INFO | {"event": "train_epoch_end", "timestamp": "2026-05-08T15:50:18", "epoch": 52, "train_loss": 0.919806, "train_acc": 90.482, "val_loss": 1.692611, "val_acc": 77.942, "lr": 7.5e-05, "elapsed_sec": 184.231, "best_val_acc": 78.251}
2026-05-08 15:50:18,004 | INFO |   52 |  0.9198 |  90.5% |  1.6926 |  77.9% | 7.5e-05 | 184.2s
2026-05-08 15:53:15,310 | INFO | {"event": "train_epoch_end", "timestamp": "2026-05-08T15:53:15", "epoch": 53, "train_loss": 0.910132, "train_acc": 90.716, "val_loss": 1.696688, "val_acc": 77.751, "lr": 7.5e-05, "elapsed_sec": 177.306, "best_val_acc": 78.251}
2026-05-08 15:53:15,310 | INFO |   53 |  0.9101 |  90.7% |  1.6967 |  77.8% | 7.5e-05 | 177.3s
2026-05-08 15:56:20,385 | INFO | {"event": "train_epoch_end", "timestamp": "2026-05-08T15:56:20", "epoch": 54, "train_loss": 0.90481, "train_acc": 90.828, "val_loss": 1.669739, "val_acc": 78.084, "lr": 7.5e-05, "elapsed_sec": 185.074, "best_val_acc": 78.251}
2026-05-08 15:56:20,386 | INFO |   54 |  0.9048 |  90.8% |  1.6697 |  78.1% | 7.5e-05 | 185.1s
2026-05-08 15:59:20,995 | INFO | {"event": "train_epoch_end", "timestamp": "2026-05-08T15:59:20", "epoch": 55, "train_loss": 0.936606, "train_acc": 90.11, "val_loss": 1.648022, "val_acc": 78.06, "lr": 7.5e-05, "elapsed_sec": 180.609, "best_val_acc": 78.251}
2026-05-08 15:59:20,996 | INFO |   55 |  0.9366 |  90.1% |  1.6480 |  78.1% | 7.5e-05 | 180.6s
2026-05-08 15:59:20,996 | INFO | [Early Stop] No improvement for 10 epochs. Stopping.
2026-05-08 15:59:20,996 | INFO | {"event": "train_early_stop", "timestamp": "2026-05-08T15:59:20", "epoch": 55, "patience": 10, "best_val_acc": 78.251}
2026-05-08 15:59:20,996 | INFO | [Train] Best val accuracy: 78.25%
2026-05-08 15:59:20,997 | INFO | [Train] Model saved to: C:\Users\Joseph\Desktop\projects\sign_to_text\model.pth
2026-05-08 15:59:20,997 | INFO | {"event": "train_loop_end", "timestamp": "2026-05-08T15:59:20", "best_val_acc": 78.251, "model_path": "C:\\Users\\Joseph\\Desktop\\projects\\sign_to_text\\model.pth"}
2026-05-08 15:59:21,066 | INFO | {"event": "train_end", "timestamp": "2026-05-08T15:59:21", "classes": 78, "num_classes": 78}
