2026-05-11 23:51:17,508 | INFO | Logger initialized for train
2026-05-11 23:51:17,509 | INFO | Log file: logs\train_20260511_235117.log
2026-05-11 23:51:17,509 | INFO | {"event": "train_start", "timestamp": "2026-05-11T23:51:17", "processed_dir": "C:\\Users\\Joseph\\Desktop\\projects\\sign_to_text\\processed"}
2026-05-11 23:51:17,510 | INFO | ============================================================
2026-05-11 23:51:17,510 | INFO |   Training Word Model (BiGRU + Attention)
2026-05-11 23:51:17,510 | INFO | ============================================================
2026-05-11 23:51:49,262 | INFO | [Dataset] 17507 samples, 78 classes (augment=False, oversample=False)
2026-05-11 23:51:49,294 | INFO | [Dataset] Distribution: alive=72, alright=278, bad=294, beautiful=239, big_large=294, blind=224, cheap=221, clean=72, cold=294, cool=294, curved=212, dead=72, deaf=224, deep=72, dirty=72, dry=164, expensive=212, famous=192, fast=294, female=202, flat=212, good=274, good_afternoon=278, good_evening=290, good_morning=278, good_night=278, happy=224, hard=72, he=278, healthy=295, heavy=72, hello=273, high=262, hot=294, how_are_you=273, i=273, idle=130, it=278, light=202, long=294, loose=204, loud=240, low=72, male=202, mean=224, morning=134, narrow=294, new=294, nice=191, old=302, pleased=278, poor=209, quiet=226, rich=214, sad=224, shallow=72, she=278, short=294, sick=164, slow=294, small_little=294, soft=72, strong=72, tall=294, thank_you=273, they=278, thick=214, thin=172, tight=214, ugly=249, warm=304, we=278, weak=72, wet=294, wide=314, you=293, you_all=278, young=304
2026-05-11 23:51:49,629 | INFO | [BalancedAug] 13120 -> 18408 samples (oversampled)
2026-05-11 23:51:49,636 | INFO | [BalancedAug] Per class: {0: 236, 1: 236, 2: 236, 3: 236, 4: 236, 5: 236, 6: 236, 7: 236, 8: 236, 9: 236, 10: 236, 11: 236, 12: 236, 13: 236, 14: 236, 15: 236, 16: 236, 17: 236, 18: 236, 19: 236, 20: 236, 21: 236, 22: 236, 23: 236, 24: 236, 25: 236, 26: 236, 27: 236, 28: 236, 29: 236, 30: 236, 31: 236, 32: 236, 33: 236, 34: 236, 35: 236, 36: 236, 37: 236, 38: 236, 39: 236, 40: 236, 41: 236, 42: 236, 43: 236, 44: 236, 45: 236, 46: 236, 47: 236, 48: 236, 49: 236, 50: 236, 51: 236, 52: 236, 53: 236, 54: 236, 55: 236, 56: 236, 57: 236, 58: 236, 59: 236, 60: 236, 61: 236, 62: 236, 63: 236, 64: 236, 65: 236, 66: 236, 67: 236, 68: 236, 69: 236, 70: 236, 71: 236, 72: 236, 73: 236, 74: 236, 75: 236, 76: 236, 77: 236}
2026-05-11 23:51:49,647 | INFO | [Data] Train: 18408 (balanced+aug) | Val: 4387
2026-05-11 23:51:49,648 | INFO | [Data] Class weights: ['2.47', '0.64', '0.61', '0.74', '0.61', '0.79', '0.80', '2.47', '0.61', '0.61', '0.84', '2.47', '0.79', '2.47', '2.47', '1.08', '0.84', '0.92', '0.61', '0.88', '0.84', '0.65', '0.64', '0.61', '0.64', '0.64', '0.79', '2.47', '0.64', '0.60', '2.47', '0.65', '0.68', '0.61', '0.65', '0.65', '1.36', '0.64', '0.88', '0.61', '0.87', '0.74', '2.47', '0.88', '0.79', '1.33', '0.61', '0.61', '0.93', '0.59', '0.64', '0.85', '0.78', '0.83', '0.79', '2.47', '0.64', '0.61', '1.08', '0.61', '0.61', '2.47', '2.47', '0.61', '0.65', '0.64', '0.83', '1.03', '0.83', '0.71', '0.58', '0.64', '2.47', '0.61', '0.56', '0.61', '0.64', '0.58']
2026-05-11 23:51:49,649 | INFO | {"event": "train_loop_start", "timestamp": "2026-05-11T23:51:49", "num_classes": 78, "train_batches": 1151, "val_batches": 275, "class_weights": [2.465447425842285, 0.6400681138038635, 0.6051552891731262, 0.7437662482261658, 0.6051552891731262, 0.7924652695655823, 0.8020130395889282, 2.465447425842285, 0.6051552891731262, 0.6051552891731262, 0.8373217582702637, 2.465447425842285, 0.7924652695655823, 2.465447425842285, 2.465447425842285, 1.082391619682312, 0.8373217582702637, 0.9245427846908569, 0.6051552891731262, 0.875882625579834, 0.8373217582702637, 0.6462823152542114, 0.6400681138038635, 0.61070716381073, 0.6400681138038635, 0.6400681138038635, 0.7924652695655823, 2.465447425842285, 0.6400681138038635, 0.6024170517921448, 2.465447425842285, 0.6494349241256714, 0.6792559623718262, 0.6051552891731262, 0.6494349241256714, 0.6494349241256714, 1.3585118055343628, 0.6400681138038635, 0.875882625579834, 0.6051552891731262, 0.8701578974723816, 0.7396342158317566, 2.465447425842285, 0.875882625579834, 0.7924652695655823, 1.3313416242599487, 0.6051552891731262, 0.6051552891731262, 0.9310081601142883, 0.5890892148017883, 0.6400681138038635, 0.8479883074760437, 0.7831421494483948, 0.8320885300636292, 0.7924652695655823, 2.465447425842285, 0.6400681138038635, 0.6051552891731262, 1.082391619682312, 0.6051552891731262, 0.6051552891731262, 2.465447425842285, 2.465447425842285, 0.6051552891731262, 0.6494349241256714, 0.6400681138038635, 0.8320885300636292, 1.0320477485656738, 0.8320885300636292, 0.7119473814964294, 0.5839217901229858, 0.6400681138038635, 2.465447425842285, 0.6051552891731262, 0.5641278028488159, 0.6051552891731262, 0.6400681138038635, 0.5839217901229858], "use_focal_loss": false}
2026-05-11 23:51:53,249 | INFO | [Model] Params: 1,169,589 | Trainable: 1,169,589
2026-05-11 23:51:53,251 | INFO | [Model] Architecture:
2026-05-11 23:51:53,251 | INFO | SignLanguageGRU(
2026-05-11 23:51:53,252 | INFO |   (conv_pw): Conv1d(506, 256, kernel_size=(1,), stride=(1,))
2026-05-11 23:51:53,252 | INFO |   (conv_dw): Conv1d(256, 256, kernel_size=(3,), stride=(1,), padding=(1,), groups=256, bias=False)
2026-05-11 23:51:53,252 | INFO |   (conv_pw2): Conv1d(256, 256, kernel_size=(1,), stride=(1,))
2026-05-11 23:51:53,253 | INFO |   (conv_norm): GroupNorm(8, 256, eps=1e-05, affine=True)
2026-05-11 23:51:53,253 | INFO |   (conv_act): ReLU()
2026-05-11 23:51:53,253 | INFO |   (conv_dropout): Dropout(p=0.1, inplace=False)
2026-05-11 23:51:53,254 | INFO |   (frame_weight_scorer): Sequential(
2026-05-11 23:51:53,254 | INFO |     (0): Linear(in_features=256, out_features=32, bias=True)
2026-05-11 23:51:53,254 | INFO |     (1): ReLU()
2026-05-11 23:51:53,254 | INFO |     (2): Linear(in_features=32, out_features=1, bias=True)
2026-05-11 23:51:53,255 | INFO |     (3): Sigmoid()
2026-05-11 23:51:53,255 | INFO |   )
2026-05-11 23:51:53,255 | INFO |   (input_proj): Sequential(
2026-05-11 23:51:53,256 | INFO |     (0): Linear(in_features=256, out_features=128, bias=True)
2026-05-11 23:51:53,256 | INFO |     (1): LayerNorm((128,), eps=1e-05, elementwise_affine=True)
2026-05-11 23:51:53,257 | INFO |     (2): ReLU()
2026-05-11 23:51:53,257 | INFO |     (3): Dropout(p=0.1, inplace=False)
2026-05-11 23:51:53,257 | INFO |   )
2026-05-11 23:51:53,258 | INFO |   (gru): GRU(128, 128, num_layers=3, batch_first=True, dropout=0.25, bidirectional=True)
2026-05-11 23:51:53,258 | INFO |   (layer_norm): LayerNorm((256,), eps=1e-05, elementwise_affine=True)
2026-05-11 23:51:53,258 | INFO |   (attention): HybridAttention(
2026-05-11 23:51:53,258 | INFO |     (score_nets): ModuleList(
2026-05-11 23:51:53,259 | INFO |       (0-3): 4 x Sequential(
2026-05-11 23:51:53,259 | INFO |         (0): Linear(in_features=64, out_features=32, bias=True)
2026-05-11 23:51:53,259 | INFO |         (1): Tanh()
2026-05-11 23:51:53,259 | INFO |         (2): Linear(in_features=32, out_features=1, bias=False)
2026-05-11 23:51:53,260 | INFO |       )
2026-05-11 23:51:53,260 | INFO |     )
2026-05-11 23:51:53,260 | INFO |     (temperatures): ParameterList(
2026-05-11 23:51:53,261 | INFO |         (0): Parameter containing: [torch.float32 of size ]
2026-05-11 23:51:53,261 | INFO |         (1): Parameter containing: [torch.float32 of size ]
2026-05-11 23:51:53,261 | INFO |         (2): Parameter containing: [torch.float32 of size ]
2026-05-11 23:51:53,261 | INFO |         (3): Parameter containing: [torch.float32 of size ]
2026-05-11 23:51:53,262 | INFO |     )
2026-05-11 23:51:53,262 | INFO |     (head_proj): Linear(in_features=256, out_features=256, bias=True)
2026-05-11 23:51:53,262 | INFO |   )
2026-05-11 23:51:53,263 | INFO |   (spatial_attention): SpatialAttention(
2026-05-11 23:51:53,263 | INFO |     (spatial_scorer): Sequential(
2026-05-11 23:51:53,263 | INFO |       (0): Linear(in_features=256, out_features=128, bias=True)
2026-05-11 23:51:53,264 | INFO |       (1): ReLU()
2026-05-11 23:51:53,264 | INFO |       (2): Linear(in_features=128, out_features=3, bias=False)
2026-05-11 23:51:53,264 | INFO |     )
2026-05-11 23:51:53,265 | INFO |   )
2026-05-11 23:51:53,265 | INFO |   (dropout): Dropout(p=0.25, inplace=False)
2026-05-11 23:51:53,265 | INFO |   (fc): Sequential(
2026-05-11 23:51:53,265 | INFO |     (0): Linear(in_features=256, out_features=96, bias=True)
2026-05-11 23:51:53,266 | INFO |     (1): ReLU()
2026-05-11 23:51:53,266 | INFO |     (2): Dropout(p=0.25, inplace=False)
2026-05-11 23:51:53,267 | INFO |     (3): Linear(in_features=96, out_features=78, bias=True)
2026-05-11 23:51:53,267 | INFO |   )
2026-05-11 23:51:53,267 | INFO | )
2026-05-11 23:51:53,268 | INFO |   Ep |  TrLoss |  TrAcc |  VaLoss |  VaAcc |       LR |    T
2026-05-11 23:51:53,268 | INFO | ------------------------------------------------------------
2026-05-11 23:58:11,361 | INFO | {"event": "train_epoch_end", "timestamp": "2026-05-11T23:58:11", "epoch": 1, "train_loss": 3.221256, "train_acc": 15.782, "val_loss": 3.924063, "val_acc": 9.961, "lr": 0.0003, "elapsed_sec": 378.088, "best_val_acc": 0.0}
2026-05-11 23:58:11,472 | INFO | {"event": "train_best_checkpoint", "timestamp": "2026-05-11T23:58:11", "epoch": 1, "val_acc": 9.961, "model_path": "C:\\Users\\Joseph\\Desktop\\projects\\sign_to_text\\model.pth"}
2026-05-11 23:58:11,473 | INFO |    1 |  3.2213 |  15.8% |  3.9241 |  10.0% | 3.0e-04 | 378.1s *
2026-05-12 00:05:18,379 | INFO | {"event": "train_epoch_end", "timestamp": "2026-05-12T00:05:18", "epoch": 2, "train_loss": 2.182565, "train_acc": 39.945, "val_loss": 3.242565, "val_acc": 25.074, "lr": 0.0003, "elapsed_sec": 426.906, "best_val_acc": 9.961}
2026-05-12 00:05:18,435 | INFO | {"event": "train_best_checkpoint", "timestamp": "2026-05-12T00:05:18", "epoch": 2, "val_acc": 25.074, "model_path": "C:\\Users\\Joseph\\Desktop\\projects\\sign_to_text\\model.pth"}
2026-05-12 00:05:18,436 | INFO |    2 |  2.1826 |  39.9% |  3.2426 |  25.1% | 3.0e-04 | 426.9s *
2026-05-12 00:11:56,734 | INFO | {"event": "train_epoch_end", "timestamp": "2026-05-12T00:11:56", "epoch": 3, "train_loss": 1.780989, "train_acc": 55.957, "val_loss": 2.836653, "val_acc": 38.842, "lr": 0.0003, "elapsed_sec": 398.292, "best_val_acc": 25.074}
2026-05-12 00:11:56,870 | INFO | {"event": "train_best_checkpoint", "timestamp": "2026-05-12T00:11:56", "epoch": 3, "val_acc": 38.842, "model_path": "C:\\Users\\Joseph\\Desktop\\projects\\sign_to_text\\model.pth"}
2026-05-12 00:11:56,872 | INFO |    3 |  1.7810 |  56.0% |  2.8367 |  38.8% | 3.0e-04 | 398.3s *
2026-05-12 00:17:41,456 | INFO | {"event": "train_epoch_end", "timestamp": "2026-05-12T00:17:41", "epoch": 4, "train_loss": 1.540875, "train_acc": 65.651, "val_loss": 2.422922, "val_acc": 48.575, "lr": 0.0003, "elapsed_sec": 344.581, "best_val_acc": 38.842}
2026-05-12 00:17:41,506 | INFO | {"event": "train_best_checkpoint", "timestamp": "2026-05-12T00:17:41", "epoch": 4, "val_acc": 48.575, "model_path": "C:\\Users\\Joseph\\Desktop\\projects\\sign_to_text\\model.pth"}
2026-05-12 00:17:41,507 | INFO |    4 |  1.5409 |  65.7% |  2.4229 |  48.6% | 3.0e-04 | 344.6s *
2026-05-12 00:23:17,063 | INFO | {"event": "train_epoch_end", "timestamp": "2026-05-12T00:23:17", "epoch": 5, "train_loss": 1.378331, "train_acc": 72.279, "val_loss": 2.240214, "val_acc": 56.348, "lr": 0.0003, "elapsed_sec": 335.556, "best_val_acc": 48.575}
2026-05-12 00:23:17,129 | INFO | {"event": "train_best_checkpoint", "timestamp": "2026-05-12T00:23:17", "epoch": 5, "val_acc": 56.348, "model_path": "C:\\Users\\Joseph\\Desktop\\projects\\sign_to_text\\model.pth"}
2026-05-12 00:23:17,130 | INFO |    5 |  1.3783 |  72.3% |  2.2402 |  56.3% | 3.0e-04 | 335.6s *
2026-05-12 00:28:59,818 | INFO | {"event": "train_epoch_end", "timestamp": "2026-05-12T00:28:59", "epoch": 6, "train_loss": 1.341665, "train_acc": 74.641, "val_loss": 2.046884, "val_acc": 62.001, "lr": 0.0003, "elapsed_sec": 342.688, "best_val_acc": 56.348}
2026-05-12 00:28:59,867 | INFO | {"event": "train_best_checkpoint", "timestamp": "2026-05-12T00:28:59", "epoch": 6, "val_acc": 62.001, "model_path": "C:\\Users\\Joseph\\Desktop\\projects\\sign_to_text\\model.pth"}
2026-05-12 00:28:59,867 | INFO |    6 |  1.3417 |  74.6% |  2.0469 |  62.0% | 3.0e-04 | 342.7s *
2026-05-12 00:34:49,893 | INFO | {"event": "train_epoch_end", "timestamp": "2026-05-12T00:34:49", "epoch": 7, "train_loss": 1.233574, "train_acc": 78.459, "val_loss": 2.077964, "val_acc": 59.471, "lr": 0.0003, "elapsed_sec": 350.024, "best_val_acc": 62.001}
2026-05-12 00:34:49,895 | INFO |    7 |  1.2336 |  78.5% |  2.0780 |  59.5% | 3.0e-04 | 350.0s
2026-05-12 00:40:23,321 | INFO | {"event": "train_epoch_end", "timestamp": "2026-05-12T00:40:23", "epoch": 8, "train_loss": 1.198146, "train_acc": 79.838, "val_loss": 1.828293, "val_acc": 68.429, "lr": 0.0003, "elapsed_sec": 333.427, "best_val_acc": 62.001}
2026-05-12 00:40:23,381 | INFO | {"event": "train_best_checkpoint", "timestamp": "2026-05-12T00:40:23", "epoch": 8, "val_acc": 68.429, "model_path": "C:\\Users\\Joseph\\Desktop\\projects\\sign_to_text\\model.pth"}
2026-05-12 00:40:23,381 | INFO |    8 |  1.1981 |  79.8% |  1.8283 |  68.4% | 3.0e-04 | 333.4s *
2026-05-12 00:46:07,945 | INFO | {"event": "train_epoch_end", "timestamp": "2026-05-12T00:46:07", "epoch": 9, "train_loss": 1.144281, "train_acc": 81.82, "val_loss": 1.869401, "val_acc": 67.882, "lr": 0.0003, "elapsed_sec": 344.562, "best_val_acc": 68.429}
2026-05-12 00:46:07,947 | INFO |    9 |  1.1443 |  81.8% |  1.8694 |  67.9% | 3.0e-04 | 344.6s
2026-05-12 00:51:49,676 | INFO | {"event": "train_epoch_end", "timestamp": "2026-05-12T00:51:49", "epoch": 10, "train_loss": 1.148353, "train_acc": 82.363, "val_loss": 1.761814, "val_acc": 70.96, "lr": 0.0003, "elapsed_sec": 341.728, "best_val_acc": 68.429}
2026-05-12 00:51:49,777 | INFO | {"event": "train_best_checkpoint", "timestamp": "2026-05-12T00:51:49", "epoch": 10, "val_acc": 70.96, "model_path": "C:\\Users\\Joseph\\Desktop\\projects\\sign_to_text\\model.pth"}
2026-05-12 00:51:49,778 | INFO |   10 |  1.1484 |  82.4% |  1.7618 |  71.0% | 3.0e-04 | 341.7s *
2026-05-12 00:57:47,429 | INFO | {"event": "train_epoch_end", "timestamp": "2026-05-12T00:57:47", "epoch": 11, "train_loss": 1.112289, "train_acc": 83.423, "val_loss": 1.955485, "val_acc": 66.218, "lr": 0.0003, "elapsed_sec": 357.649, "best_val_acc": 70.96}
2026-05-12 00:57:47,434 | INFO |   11 |  1.1123 |  83.4% |  1.9555 |  66.2% | 3.0e-04 | 357.6s
2026-05-12 01:03:44,849 | INFO | {"event": "train_epoch_end", "timestamp": "2026-05-12T01:03:44", "epoch": 12, "train_loss": 1.117768, "train_acc": 83.564, "val_loss": 1.852124, "val_acc": 69.318, "lr": 0.0003, "elapsed_sec": 357.413, "best_val_acc": 70.96}
2026-05-12 01:03:44,862 | INFO |   12 |  1.1178 |  83.6% |  1.8521 |  69.3% | 3.0e-04 | 357.4s
2026-05-12 01:08:59,172 | INFO | {"event": "train_epoch_end", "timestamp": "2026-05-12T01:08:59", "epoch": 13, "train_loss": 1.072777, "train_acc": 85.24, "val_loss": 1.809584, "val_acc": 70.937, "lr": 0.0003, "elapsed_sec": 314.31, "best_val_acc": 70.96}
2026-05-12 01:08:59,173 | INFO |   13 |  1.0728 |  85.2% |  1.8096 |  70.9% | 3.0e-04 | 314.3s
2026-05-12 01:14:24,121 | INFO | {"event": "train_epoch_end", "timestamp": "2026-05-12T01:14:24", "epoch": 14, "train_loss": 1.066731, "train_acc": 85.399, "val_loss": 1.663747, "val_acc": 73.49, "lr": 0.0003, "elapsed_sec": 324.948, "best_val_acc": 70.96}
2026-05-12 01:14:24,288 | INFO | {"event": "train_best_checkpoint", "timestamp": "2026-05-12T01:14:24", "epoch": 14, "val_acc": 73.49, "model_path": "C:\\Users\\Joseph\\Desktop\\projects\\sign_to_text\\model.pth"}
2026-05-12 01:14:24,288 | INFO |   14 |  1.0667 |  85.4% |  1.6637 |  73.5% | 3.0e-04 | 324.9s *
2026-05-12 01:19:53,504 | INFO | {"event": "train_epoch_end", "timestamp": "2026-05-12T01:19:53", "epoch": 15, "train_loss": 1.024222, "train_acc": 86.406, "val_loss": 1.673661, "val_acc": 74.835, "lr": 0.0003, "elapsed_sec": 329.212, "best_val_acc": 73.49}
2026-05-12 01:19:53,574 | INFO | {"event": "train_best_checkpoint", "timestamp": "2026-05-12T01:19:53", "epoch": 15, "val_acc": 74.835, "model_path": "C:\\Users\\Joseph\\Desktop\\projects\\sign_to_text\\model.pth"}
2026-05-12 01:19:53,575 | INFO |   15 |  1.0242 |  86.4% |  1.6737 |  74.8% | 3.0e-04 | 329.2s *
