2026-05-07 07:46:07,314 | INFO | Logger initialized for train
2026-05-07 07:46:07,315 | INFO | Log file: logs\train_20260507_074607.log
2026-05-07 07:46:07,315 | INFO | {"event": "train_start", "timestamp": "2026-05-07T07:46:07", "processed_dir": "C:\\Users\\Joseph\\Desktop\\projects\\sign_to_text\\processed"}
2026-05-07 07:46:07,316 | INFO | ============================================================
2026-05-07 07:46:07,316 | INFO |   Training Word Model (BiGRU + Attention)
2026-05-07 07:46:07,316 | INFO | ============================================================
2026-05-07 07:46:07,505 | INFO | [Dataset] 15338 samples, 78 classes (augment=False, oversample=False)
2026-05-07 07:46:07,506 | INFO | [Dataset] Distribution: alive=72, alright=278, bad=164, beautiful=239, big_large=164, blind=224, cheap=221, clean=72, cold=164, cool=164, curved=212, dead=72, deaf=224, deep=72, dirty=72, dry=164, expensive=212, famous=192, fast=164, female=202, flat=212, good=274, good_afternoon=278, good_evening=290, good_morning=278, good_night=278, happy=224, hard=72, he=278, healthy=164, heavy=72, hello=273, high=72, hot=164, how_are_you=273, i=273, idle=130, it=278, light=202, long=294, loose=204, loud=240, low=72, male=202, mean=224, morning=134, narrow=164, new=164, nice=191, old=164, pleased=278, poor=209, quiet=226, rich=214, sad=224, shallow=72, she=278, short=294, sick=164, slow=164, small_little=164, soft=72, strong=72, tall=294, thank_you=273, they=278, thick=214, thin=172, tight=214, ugly=249, warm=164, we=278, weak=72, wet=164, wide=314, you=293, you_all=278, young=164
2026-05-07 07:46:07,631 | INFO | [BalancedAug] 11500 -> 18408 samples (oversampled)
2026-05-07 07:46:07,631 | INFO | [BalancedAug] Per class: {0: 236, 1: 236, 2: 236, 3: 236, 4: 236, 5: 236, 6: 236, 7: 236, 8: 236, 9: 236, 10: 236, 11: 236, 12: 236, 13: 236, 14: 236, 15: 236, 16: 236, 17: 236, 18: 236, 19: 236, 20: 236, 21: 236, 22: 236, 23: 236, 24: 236, 25: 236, 26: 236, 27: 236, 28: 236, 29: 236, 30: 236, 31: 236, 32: 236, 33: 236, 34: 236, 35: 236, 36: 236, 37: 236, 38: 236, 39: 236, 40: 236, 41: 236, 42: 236, 43: 236, 44: 236, 45: 236, 46: 236, 47: 236, 48: 236, 49: 236, 50: 236, 51: 236, 52: 236, 53: 236, 54: 236, 55: 236, 56: 236, 57: 236, 58: 236, 59: 236, 60: 236, 61: 236, 62: 236, 63: 236, 64: 236, 65: 236, 66: 236, 67: 236, 68: 236, 69: 236, 70: 236, 71: 236, 72: 236, 73: 236, 74: 236, 75: 236, 76: 236, 77: 236}
2026-05-07 07:46:07,647 | INFO | [Data] Train: 18408 (balanced+aug) | Val: 3838
2026-05-07 07:46:07,649 | INFO | [Data] Class weights: ['2.21', '0.57', '0.97', '0.67', '0.97', '0.71', '0.72', '2.21', '0.97', '0.97', '0.75', '2.21', '0.71', '2.21', '2.21', '0.97', '0.75', '0.83', '0.97', '0.79', '0.75', '0.58', '0.57', '0.55', '0.57', '0.57', '0.71', '2.21', '0.57', '0.97', '2.21', '0.58', '2.21', '0.97', '0.58', '0.58', '1.22', '0.57', '0.79', '0.54', '0.78', '0.66', '2.21', '0.79', '0.71', '1.19', '0.97', '0.97', '0.83', '0.97', '0.57', '0.76', '0.70', '0.75', '0.71', '2.21', '0.57', '0.54', '0.97', '0.97', '0.97', '2.21', '2.21', '0.54', '0.58', '0.57', '0.75', '0.93', '0.75', '0.64', '0.97', '0.57', '2.21', '0.97', '0.51', '0.54', '0.57', '0.97']
2026-05-07 07:46:07,649 | INFO | {"event": "train_loop_start", "timestamp": "2026-05-07T07:46:07", "num_classes": 78, "train_batches": 1151, "val_batches": 240, "class_weights": [2.2102484703063965, 0.5738145112991333, 0.9703530073165894, 0.6667789220809937, 0.9703530073165894, 0.7104370594024658, 0.718996524810791, 2.2102484703063965, 0.9703530073165894, 0.9703530073165894, 0.7506504654884338, 2.2102484703063965, 0.7104370594024658, 2.2102484703063965, 2.2102484703063965, 0.9703530073165894, 0.7506504654884338, 0.8288432359695435, 0.9703530073165894, 0.7852199077606201, 0.7506504654884338, 0.57938551902771, 0.5738145112991333, 0.5474927425384521, 0.5738145112991333, 0.5738145112991333, 0.7104370594024658, 2.2102484703063965, 0.5738145112991333, 0.9703530073165894, 2.2102484703063965, 0.5822117924690247, 2.2102484703063965, 0.9703530073165894, 0.5822117924690247, 0.5822117924690247, 1.217892050743103, 0.5738145112991333, 0.7852199077606201, 0.5425155758857727, 0.7800877094268799, 0.6630745530128479, 2.2102484703063965, 0.7852199077606201, 0.7104370594024658, 1.193534255027771, 0.9703530073165894, 0.9703530073165894, 0.834639310836792, 0.9703530073165894, 0.5738145112991333, 0.7602128982543945, 0.7020789384841919, 0.7459588646888733, 0.7104370594024658, 2.2102484703063965, 0.5738145112991333, 0.5425155758857727, 0.9703530073165894, 0.9703530073165894, 0.9703530073165894, 2.2102484703063965, 2.2102484703063965, 0.5425155758857727, 0.5822117924690247, 0.5738145112991333, 0.7459588646888733, 0.9252203106880188, 0.7459588646888733, 0.6382535696029663, 0.9703530073165894, 0.5738145112991333, 2.2102484703063965, 0.9703530073165894, 0.5057348608970642, 0.5425155758857727, 0.5738145112991333, 0.9703530073165894], "use_focal_loss": false}
2026-05-07 07:46:09,509 | INFO | [Model] Params: 996,468 | Trainable: 996,468
2026-05-07 07:46:09,510 | INFO | [Model] Architecture:
2026-05-07 07:46:09,510 | INFO | SignLanguageGRU(
2026-05-07 07:46:09,510 | INFO |   (input_proj): Sequential(
2026-05-07 07:46:09,510 | INFO |     (0): Linear(in_features=506, out_features=128, bias=True)
2026-05-07 07:46:09,510 | INFO |     (1): LayerNorm((128,), eps=1e-05, elementwise_affine=True)
2026-05-07 07:46:09,511 | INFO |     (2): ReLU()
2026-05-07 07:46:09,511 | INFO |     (3): Dropout(p=0.175, inplace=False)
2026-05-07 07:46:09,511 | INFO |   )
2026-05-07 07:46:09,511 | INFO |   (gru): GRU(128, 128, num_layers=3, batch_first=True, dropout=0.35, bidirectional=True)
2026-05-07 07:46:09,512 | INFO |   (layer_norm): LayerNorm((256,), eps=1e-05, elementwise_affine=True)
2026-05-07 07:46:09,512 | INFO |   (attention): HybridAttention(
2026-05-07 07:46:09,512 | INFO |     (score_nets): ModuleList(
2026-05-07 07:46:09,512 | INFO |       (0-3): 4 x Sequential(
2026-05-07 07:46:09,513 | INFO |         (0): Linear(in_features=64, out_features=32, bias=True)
2026-05-07 07:46:09,513 | INFO |         (1): Tanh()
2026-05-07 07:46:09,513 | INFO |         (2): Linear(in_features=32, out_features=1, bias=False)
2026-05-07 07:46:09,513 | INFO |       )
2026-05-07 07:46:09,513 | INFO |     )
2026-05-07 07:46:09,514 | INFO |     (temperatures): ParameterList(
2026-05-07 07:46:09,514 | INFO |         (0): Parameter containing: [torch.float32 of size ]
2026-05-07 07:46:09,514 | INFO |         (1): Parameter containing: [torch.float32 of size ]
2026-05-07 07:46:09,514 | INFO |         (2): Parameter containing: [torch.float32 of size ]
2026-05-07 07:46:09,514 | INFO |         (3): Parameter containing: [torch.float32 of size ]
2026-05-07 07:46:09,514 | INFO |     )
2026-05-07 07:46:09,514 | INFO |     (head_proj): Linear(in_features=256, out_features=256, bias=True)
2026-05-07 07:46:09,515 | INFO |   )
2026-05-07 07:46:09,515 | INFO |   (spatial_attention): SpatialAttention(
2026-05-07 07:46:09,515 | INFO |     (spatial_scorer): Sequential(
2026-05-07 07:46:09,515 | INFO |       (0): Linear(in_features=256, out_features=128, bias=True)
2026-05-07 07:46:09,515 | INFO |       (1): ReLU()
2026-05-07 07:46:09,516 | INFO |       (2): Linear(in_features=128, out_features=3, bias=False)
2026-05-07 07:46:09,516 | INFO |     )
2026-05-07 07:46:09,516 | INFO |   )
2026-05-07 07:46:09,516 | INFO |   (dropout): Dropout(p=0.35, inplace=False)
2026-05-07 07:46:09,516 | INFO |   (fc): Sequential(
2026-05-07 07:46:09,516 | INFO |     (0): Linear(in_features=256, out_features=96, bias=True)
2026-05-07 07:46:09,517 | INFO |     (1): ReLU()
2026-05-07 07:46:09,517 | INFO |     (2): Dropout(p=0.35, inplace=False)
2026-05-07 07:46:09,517 | INFO |     (3): Linear(in_features=96, out_features=78, bias=True)
2026-05-07 07:46:09,517 | INFO |   )
2026-05-07 07:46:09,517 | INFO | )
2026-05-07 07:46:09,518 | INFO |   Ep |  TrLoss |  TrAcc |  VaLoss |  VaAcc |       LR |    T
2026-05-07 07:46:09,518 | INFO | ------------------------------------------------------------
2026-05-07 07:48:38,444 | INFO | {"event": "train_epoch_end", "timestamp": "2026-05-07T07:48:38", "epoch": 1, "train_loss": 3.380101, "train_acc": 13.271, "val_loss": 4.247213, "val_acc": 8.26, "lr": 0.0003, "elapsed_sec": 148.926, "best_val_acc": 0.0}
2026-05-07 07:48:38,483 | INFO | {"event": "train_best_checkpoint", "timestamp": "2026-05-07T07:48:38", "epoch": 1, "val_acc": 8.26, "model_path": "C:\\Users\\Joseph\\Desktop\\projects\\sign_to_text\\model.pth"}
2026-05-07 07:48:38,483 | INFO |    1 |  3.3801 |  13.3% |  4.2472 |   8.3% | 3.0e-04 | 148.9s *
2026-05-07 07:51:18,595 | INFO | {"event": "train_epoch_end", "timestamp": "2026-05-07T07:51:18", "epoch": 2, "train_loss": 2.437977, "train_acc": 33.57, "val_loss": 3.596068, "val_acc": 18.89, "lr": 0.0003, "elapsed_sec": 160.111, "best_val_acc": 8.26}
2026-05-07 07:51:18,624 | INFO | {"event": "train_best_checkpoint", "timestamp": "2026-05-07T07:51:18", "epoch": 2, "val_acc": 18.89, "model_path": "C:\\Users\\Joseph\\Desktop\\projects\\sign_to_text\\model.pth"}
2026-05-07 07:51:18,624 | INFO |    2 |  2.4380 |  33.6% |  3.5961 |  18.9% | 3.0e-04 | 160.1s *
2026-05-07 07:53:53,563 | INFO | {"event": "train_epoch_end", "timestamp": "2026-05-07T07:53:53", "epoch": 3, "train_loss": 2.01498, "train_acc": 48.235, "val_loss": 3.078893, "val_acc": 29.026, "lr": 0.0003, "elapsed_sec": 154.939, "best_val_acc": 18.89}
2026-05-07 07:53:53,590 | INFO | {"event": "train_best_checkpoint", "timestamp": "2026-05-07T07:53:53", "epoch": 3, "val_acc": 29.026, "model_path": "C:\\Users\\Joseph\\Desktop\\projects\\sign_to_text\\model.pth"}
2026-05-07 07:53:53,590 | INFO |    3 |  2.0150 |  48.2% |  3.0789 |  29.0% | 3.0e-04 | 154.9s *
2026-05-07 07:56:04,019 | INFO | {"event": "train_epoch_end", "timestamp": "2026-05-07T07:56:04", "epoch": 4, "train_loss": 1.76571, "train_acc": 58.305, "val_loss": 2.697741, "val_acc": 37.337, "lr": 0.0003, "elapsed_sec": 130.428, "best_val_acc": 29.026}
2026-05-07 07:56:04,050 | INFO | {"event": "train_best_checkpoint", "timestamp": "2026-05-07T07:56:04", "epoch": 4, "val_acc": 37.337, "model_path": "C:\\Users\\Joseph\\Desktop\\projects\\sign_to_text\\model.pth"}
2026-05-07 07:56:04,051 | INFO |    4 |  1.7657 |  58.3% |  2.6977 |  37.3% | 3.0e-04 | 130.4s *
2026-05-07 07:58:17,574 | INFO | {"event": "train_epoch_end", "timestamp": "2026-05-07T07:58:17", "epoch": 5, "train_loss": 1.585044, "train_acc": 65.404, "val_loss": 2.508791, "val_acc": 44.789, "lr": 0.0003, "elapsed_sec": 133.522, "best_val_acc": 37.337}
2026-05-07 07:58:17,600 | INFO | {"event": "train_best_checkpoint", "timestamp": "2026-05-07T07:58:17", "epoch": 5, "val_acc": 44.789, "model_path": "C:\\Users\\Joseph\\Desktop\\projects\\sign_to_text\\model.pth"}
2026-05-07 07:58:17,601 | INFO |    5 |  1.5850 |  65.4% |  2.5088 |  44.8% | 3.0e-04 | 133.5s *
2026-05-07 08:00:31,501 | INFO | {"event": "train_epoch_end", "timestamp": "2026-05-07T08:00:31", "epoch": 6, "train_loss": 1.488785, "train_acc": 69.797, "val_loss": 2.455521, "val_acc": 48.28, "lr": 0.0003, "elapsed_sec": 133.9, "best_val_acc": 44.789}
2026-05-07 08:00:31,531 | INFO | {"event": "train_best_checkpoint", "timestamp": "2026-05-07T08:00:31", "epoch": 6, "val_acc": 48.28, "model_path": "C:\\Users\\Joseph\\Desktop\\projects\\sign_to_text\\model.pth"}
2026-05-07 08:00:31,532 | INFO |    6 |  1.4888 |  69.8% |  2.4555 |  48.3% | 3.0e-04 | 133.9s *
2026-05-07 08:02:46,821 | INFO | {"event": "train_epoch_end", "timestamp": "2026-05-07T08:02:46", "epoch": 7, "train_loss": 1.372357, "train_acc": 73.748, "val_loss": 2.433109, "val_acc": 51.016, "lr": 0.0003, "elapsed_sec": 135.289, "best_val_acc": 48.28}
2026-05-07 08:02:46,848 | INFO | {"event": "train_best_checkpoint", "timestamp": "2026-05-07T08:02:46", "epoch": 7, "val_acc": 51.016, "model_path": "C:\\Users\\Joseph\\Desktop\\projects\\sign_to_text\\model.pth"}
2026-05-07 08:02:46,848 | INFO |    7 |  1.3724 |  73.7% |  2.4331 |  51.0% | 3.0e-04 | 135.3s *
2026-05-07 08:05:01,009 | INFO | {"event": "train_epoch_end", "timestamp": "2026-05-07T08:05:01", "epoch": 8, "train_loss": 1.327274, "train_acc": 76.109, "val_loss": 2.33137, "val_acc": 56.175, "lr": 0.0003, "elapsed_sec": 134.161, "best_val_acc": 51.016}
2026-05-07 08:05:01,044 | INFO | {"event": "train_best_checkpoint", "timestamp": "2026-05-07T08:05:01", "epoch": 8, "val_acc": 56.175, "model_path": "C:\\Users\\Joseph\\Desktop\\projects\\sign_to_text\\model.pth"}
2026-05-07 08:05:01,044 | INFO |    8 |  1.3273 |  76.1% |  2.3314 |  56.2% | 3.0e-04 | 134.2s *
2026-05-07 08:07:07,160 | INFO | {"event": "train_epoch_end", "timestamp": "2026-05-07T08:07:07", "epoch": 9, "train_loss": 1.247069, "train_acc": 78.829, "val_loss": 2.12009, "val_acc": 60.266, "lr": 0.0003, "elapsed_sec": 126.115, "best_val_acc": 56.175}
2026-05-07 08:07:07,187 | INFO | {"event": "train_best_checkpoint", "timestamp": "2026-05-07T08:07:07", "epoch": 9, "val_acc": 60.266, "model_path": "C:\\Users\\Joseph\\Desktop\\projects\\sign_to_text\\model.pth"}
2026-05-07 08:07:07,187 | INFO |    9 |  1.2471 |  78.8% |  2.1201 |  60.3% | 3.0e-04 | 126.1s *
2026-05-07 08:09:27,770 | INFO | {"event": "train_epoch_end", "timestamp": "2026-05-07T08:09:27", "epoch": 10, "train_loss": 1.213753, "train_acc": 80.265, "val_loss": 2.135629, "val_acc": 60.578, "lr": 0.0003, "elapsed_sec": 140.582, "best_val_acc": 60.266}
2026-05-07 08:09:27,798 | INFO | {"event": "train_best_checkpoint", "timestamp": "2026-05-07T08:09:27", "epoch": 10, "val_acc": 60.578, "model_path": "C:\\Users\\Joseph\\Desktop\\projects\\sign_to_text\\model.pth"}
2026-05-07 08:09:27,798 | INFO |   10 |  1.2138 |  80.3% |  2.1356 |  60.6% | 3.0e-04 | 140.6s *
2026-05-07 08:11:30,441 | INFO | {"event": "train_epoch_end", "timestamp": "2026-05-07T08:11:30", "epoch": 11, "train_loss": 1.193227, "train_acc": 80.906, "val_loss": 2.043855, "val_acc": 63.94, "lr": 0.0003, "elapsed_sec": 122.643, "best_val_acc": 60.578}
2026-05-07 08:11:30,470 | INFO | {"event": "train_best_checkpoint", "timestamp": "2026-05-07T08:11:30", "epoch": 11, "val_acc": 63.94, "model_path": "C:\\Users\\Joseph\\Desktop\\projects\\sign_to_text\\model.pth"}
2026-05-07 08:11:30,470 | INFO |   11 |  1.1932 |  80.9% |  2.0439 |  63.9% | 3.0e-04 | 122.6s *
2026-05-07 08:13:42,421 | INFO | {"event": "train_epoch_end", "timestamp": "2026-05-07T08:13:42", "epoch": 12, "train_loss": 1.198723, "train_acc": 81.691, "val_loss": 2.052193, "val_acc": 64.304, "lr": 0.0003, "elapsed_sec": 131.95, "best_val_acc": 63.94}
2026-05-07 08:13:42,450 | INFO | {"event": "train_best_checkpoint", "timestamp": "2026-05-07T08:13:42", "epoch": 12, "val_acc": 64.304, "model_path": "C:\\Users\\Joseph\\Desktop\\projects\\sign_to_text\\model.pth"}
2026-05-07 08:13:42,450 | INFO |   12 |  1.1987 |  81.7% |  2.0522 |  64.3% | 3.0e-04 | 132.0s *
2026-05-07 08:15:48,533 | INFO | {"event": "train_epoch_end", "timestamp": "2026-05-07T08:15:48", "epoch": 13, "train_loss": 1.170168, "train_acc": 82.614, "val_loss": 2.029817, "val_acc": 66.102, "lr": 0.0003, "elapsed_sec": 126.082, "best_val_acc": 64.304}
2026-05-07 08:15:48,564 | INFO | {"event": "train_best_checkpoint", "timestamp": "2026-05-07T08:15:48", "epoch": 13, "val_acc": 66.102, "model_path": "C:\\Users\\Joseph\\Desktop\\projects\\sign_to_text\\model.pth"}
2026-05-07 08:15:48,564 | INFO |   13 |  1.1702 |  82.6% |  2.0298 |  66.1% | 3.0e-04 | 126.1s *
2026-05-07 08:17:55,539 | INFO | {"event": "train_epoch_end", "timestamp": "2026-05-07T08:17:55", "epoch": 14, "train_loss": 1.156586, "train_acc": 83.358, "val_loss": 2.063656, "val_acc": 66.675, "lr": 0.0003, "elapsed_sec": 126.974, "best_val_acc": 66.102}
2026-05-07 08:17:55,569 | INFO | {"event": "train_best_checkpoint", "timestamp": "2026-05-07T08:17:55", "epoch": 14, "val_acc": 66.675, "model_path": "C:\\Users\\Joseph\\Desktop\\projects\\sign_to_text\\model.pth"}
2026-05-07 08:17:55,569 | INFO |   14 |  1.1566 |  83.4% |  2.0637 |  66.7% | 3.0e-04 | 127.0s *
2026-05-07 08:20:09,217 | INFO | {"event": "train_epoch_end", "timestamp": "2026-05-07T08:20:09", "epoch": 15, "train_loss": 1.111942, "train_acc": 84.571, "val_loss": 2.015442, "val_acc": 66.128, "lr": 0.0003, "elapsed_sec": 133.647, "best_val_acc": 66.675}
2026-05-07 08:20:09,217 | INFO |   15 |  1.1119 |  84.6% |  2.0154 |  66.1% | 3.0e-04 | 133.6s
2026-05-07 08:22:15,705 | INFO | {"event": "train_epoch_end", "timestamp": "2026-05-07T08:22:15", "epoch": 16, "train_loss": 1.141921, "train_acc": 84.272, "val_loss": 1.871797, "val_acc": 68.629, "lr": 0.0003, "elapsed_sec": 126.488, "best_val_acc": 66.675}
2026-05-07 08:22:15,736 | INFO | {"event": "train_best_checkpoint", "timestamp": "2026-05-07T08:22:15", "epoch": 16, "val_acc": 68.629, "model_path": "C:\\Users\\Joseph\\Desktop\\projects\\sign_to_text\\model.pth"}
2026-05-07 08:22:15,736 | INFO |   16 |  1.1419 |  84.3% |  1.8718 |  68.6% | 3.0e-04 | 126.5s *
2026-05-07 08:24:41,051 | INFO | {"event": "train_epoch_end", "timestamp": "2026-05-07T08:24:41", "epoch": 17, "train_loss": 1.107394, "train_acc": 85.051, "val_loss": 1.861505, "val_acc": 69.724, "lr": 0.0003, "elapsed_sec": 145.314, "best_val_acc": 68.629}
2026-05-07 08:24:41,083 | INFO | {"event": "train_best_checkpoint", "timestamp": "2026-05-07T08:24:41", "epoch": 17, "val_acc": 69.724, "model_path": "C:\\Users\\Joseph\\Desktop\\projects\\sign_to_text\\model.pth"}
2026-05-07 08:24:41,083 | INFO |   17 |  1.1074 |  85.1% |  1.8615 |  69.7% | 3.0e-04 | 145.3s *
2026-05-07 08:26:57,714 | INFO | {"event": "train_epoch_end", "timestamp": "2026-05-07T08:26:57", "epoch": 18, "train_loss": 1.047477, "train_acc": 86.606, "val_loss": 1.871816, "val_acc": 68.03, "lr": 0.0003, "elapsed_sec": 136.632, "best_val_acc": 69.724}
2026-05-07 08:26:57,714 | INFO |   18 |  1.0475 |  86.6% |  1.8718 |  68.0% | 3.0e-04 | 136.6s
2026-05-07 08:29:02,740 | INFO | {"event": "train_epoch_end", "timestamp": "2026-05-07T08:29:02", "epoch": 19, "train_loss": 1.024536, "train_acc": 87.221, "val_loss": 1.832848, "val_acc": 70.922, "lr": 0.0003, "elapsed_sec": 125.025, "best_val_acc": 69.724}
2026-05-07 08:29:02,771 | INFO | {"event": "train_best_checkpoint", "timestamp": "2026-05-07T08:29:02", "epoch": 19, "val_acc": 70.922, "model_path": "C:\\Users\\Joseph\\Desktop\\projects\\sign_to_text\\model.pth"}
2026-05-07 08:29:02,771 | INFO |   19 |  1.0245 |  87.2% |  1.8328 |  70.9% | 3.0e-04 | 125.0s *
2026-05-07 08:31:26,778 | INFO | {"event": "train_epoch_end", "timestamp": "2026-05-07T08:31:26", "epoch": 20, "train_loss": 1.080802, "train_acc": 86.086, "val_loss": 1.865014, "val_acc": 70.115, "lr": 0.0003, "elapsed_sec": 144.007, "best_val_acc": 70.922}
2026-05-07 08:31:26,778 | INFO |   20 |  1.0808 |  86.1% |  1.8650 |  70.1% | 3.0e-04 | 144.0s
2026-05-07 08:33:37,655 | INFO | {"event": "train_epoch_end", "timestamp": "2026-05-07T08:33:37", "epoch": 21, "train_loss": 1.048706, "train_acc": 86.977, "val_loss": 1.904514, "val_acc": 69.255, "lr": 0.0003, "elapsed_sec": 130.876, "best_val_acc": 70.922}
2026-05-07 08:33:37,655 | INFO |   21 |  1.0487 |  87.0% |  1.9045 |  69.3% | 3.0e-04 | 130.9s
2026-05-07 08:35:46,325 | INFO | {"event": "train_epoch_end", "timestamp": "2026-05-07T08:35:46", "epoch": 22, "train_loss": 0.999636, "train_acc": 88.061, "val_loss": 1.871801, "val_acc": 71.886, "lr": 0.0003, "elapsed_sec": 128.669, "best_val_acc": 70.922}
2026-05-07 08:35:46,356 | INFO | {"event": "train_best_checkpoint", "timestamp": "2026-05-07T08:35:46", "epoch": 22, "val_acc": 71.886, "model_path": "C:\\Users\\Joseph\\Desktop\\projects\\sign_to_text\\model.pth"}
2026-05-07 08:35:46,357 | INFO |   22 |  0.9996 |  88.1% |  1.8718 |  71.9% | 3.0e-04 | 128.7s *
2026-05-07 08:38:03,329 | INFO | {"event": "train_epoch_end", "timestamp": "2026-05-07T08:38:03", "epoch": 23, "train_loss": 1.052997, "train_acc": 87.217, "val_loss": 1.866528, "val_acc": 71.313, "lr": 0.0003, "elapsed_sec": 136.972, "best_val_acc": 71.886}
2026-05-07 08:38:03,330 | INFO |   23 |  1.0530 |  87.2% |  1.8665 |  71.3% | 3.0e-04 | 137.0s
2026-05-07 08:40:16,742 | INFO | {"event": "train_epoch_end", "timestamp": "2026-05-07T08:40:16", "epoch": 24, "train_loss": 1.065418, "train_acc": 86.97, "val_loss": 1.893239, "val_acc": 71.235, "lr": 0.0003, "elapsed_sec": 133.413, "best_val_acc": 71.886}
2026-05-07 08:40:16,743 | INFO |   24 |  1.0654 |  87.0% |  1.8932 |  71.2% | 3.0e-04 | 133.4s
2026-05-07 08:42:26,943 | INFO | {"event": "train_epoch_end", "timestamp": "2026-05-07T08:42:26", "epoch": 25, "train_loss": 1.053184, "train_acc": 87.48, "val_loss": 1.864029, "val_acc": 71.365, "lr": 0.0003, "elapsed_sec": 130.199, "best_val_acc": 71.886}
2026-05-07 08:42:26,943 | INFO |   25 |  1.0532 |  87.5% |  1.8640 |  71.4% | 3.0e-04 | 130.2s
2026-05-07 08:44:34,809 | INFO | {"event": "train_epoch_end", "timestamp": "2026-05-07T08:44:34", "epoch": 26, "train_loss": 0.998708, "train_acc": 88.434, "val_loss": 1.86992, "val_acc": 71.131, "lr": 0.0003, "elapsed_sec": 127.867, "best_val_acc": 71.886}
2026-05-07 08:44:34,809 | INFO |   26 |  0.9987 |  88.4% |  1.8699 |  71.1% | 3.0e-04 | 127.9s
2026-05-07 08:46:41,906 | INFO | {"event": "train_epoch_end", "timestamp": "2026-05-07T08:46:41", "epoch": 27, "train_loss": 0.999167, "train_acc": 88.344, "val_loss": 1.974909, "val_acc": 69.567, "lr": 0.0003, "elapsed_sec": 127.095, "best_val_acc": 71.886}
2026-05-07 08:46:41,907 | INFO |   27 |  0.9992 |  88.3% |  1.9749 |  69.6% | 3.0e-04 | 127.1s
2026-05-07 08:48:48,459 | INFO | {"event": "train_epoch_end", "timestamp": "2026-05-07T08:48:48", "epoch": 28, "train_loss": 1.033071, "train_acc": 87.642, "val_loss": 1.823642, "val_acc": 71.73, "lr": 0.00015, "elapsed_sec": 126.553, "best_val_acc": 71.886}
2026-05-07 08:48:48,459 | INFO |   28 |  1.0331 |  87.6% |  1.8236 |  71.7% | 1.5e-04 | 126.6s
2026-05-07 08:50:53,874 | INFO | {"event": "train_epoch_end", "timestamp": "2026-05-07T08:50:53", "epoch": 29, "train_loss": 0.963652, "train_acc": 89.742, "val_loss": 1.828313, "val_acc": 72.46, "lr": 0.00015, "elapsed_sec": 125.414, "best_val_acc": 71.886}
2026-05-07 08:50:53,901 | INFO | {"event": "train_best_checkpoint", "timestamp": "2026-05-07T08:50:53", "epoch": 29, "val_acc": 72.46, "model_path": "C:\\Users\\Joseph\\Desktop\\projects\\sign_to_text\\model.pth"}
2026-05-07 08:50:53,902 | INFO |   29 |  0.9637 |  89.7% |  1.8283 |  72.5% | 1.5e-04 | 125.4s *
2026-05-07 08:53:00,359 | INFO | {"event": "train_epoch_end", "timestamp": "2026-05-07T08:53:00", "epoch": 30, "train_loss": 0.966475, "train_acc": 89.366, "val_loss": 1.748269, "val_acc": 73.554, "lr": 0.00015, "elapsed_sec": 126.458, "best_val_acc": 72.46}
2026-05-07 08:53:00,389 | INFO | {"event": "train_best_checkpoint", "timestamp": "2026-05-07T08:53:00", "epoch": 30, "val_acc": 73.554, "model_path": "C:\\Users\\Joseph\\Desktop\\projects\\sign_to_text\\model.pth"}
2026-05-07 08:53:00,389 | INFO |   30 |  0.9665 |  89.4% |  1.7483 |  73.6% | 1.5e-04 | 126.5s *
2026-05-07 08:55:09,507 | INFO | {"event": "train_epoch_end", "timestamp": "2026-05-07T08:55:09", "epoch": 31, "train_loss": 0.964582, "train_acc": 89.679, "val_loss": 1.746013, "val_acc": 74.023, "lr": 0.00015, "elapsed_sec": 129.118, "best_val_acc": 73.554}
2026-05-07 08:55:09,536 | INFO | {"event": "train_best_checkpoint", "timestamp": "2026-05-07T08:55:09", "epoch": 31, "val_acc": 74.023, "model_path": "C:\\Users\\Joseph\\Desktop\\projects\\sign_to_text\\model.pth"}
2026-05-07 08:55:09,537 | INFO |   31 |  0.9646 |  89.7% |  1.7460 |  74.0% | 1.5e-04 | 129.1s *
2026-05-07 08:57:47,459 | INFO | {"event": "train_epoch_end", "timestamp": "2026-05-07T08:57:47", "epoch": 32, "train_loss": 0.971346, "train_acc": 89.423, "val_loss": 1.809934, "val_acc": 73.085, "lr": 0.00015, "elapsed_sec": 157.923, "best_val_acc": 74.023}
2026-05-07 08:57:47,460 | INFO |   32 |  0.9713 |  89.4% |  1.8099 |  73.1% | 1.5e-04 | 157.9s
2026-05-07 09:00:27,548 | INFO | {"event": "train_epoch_end", "timestamp": "2026-05-07T09:00:27", "epoch": 33, "train_loss": 0.93746, "train_acc": 90.329, "val_loss": 1.82993, "val_acc": 73.241, "lr": 0.00015, "elapsed_sec": 160.087, "best_val_acc": 74.023}
2026-05-07 09:00:27,548 | INFO |   33 |  0.9375 |  90.3% |  1.8299 |  73.2% | 1.5e-04 | 160.1s
2026-05-07 09:03:01,383 | INFO | {"event": "train_epoch_end", "timestamp": "2026-05-07T09:03:01", "epoch": 34, "train_loss": 0.946614, "train_acc": 90.036, "val_loss": 1.808861, "val_acc": 73.762, "lr": 0.00015, "elapsed_sec": 153.835, "best_val_acc": 74.023}
2026-05-07 09:03:01,384 | INFO |   34 |  0.9466 |  90.0% |  1.8089 |  73.8% | 1.5e-04 | 153.8s
2026-05-07 09:05:35,381 | INFO | {"event": "train_epoch_end", "timestamp": "2026-05-07T09:05:35", "epoch": 35, "train_loss": 0.977264, "train_acc": 89.272, "val_loss": 1.782711, "val_acc": 74.023, "lr": 0.00015, "elapsed_sec": 153.996, "best_val_acc": 74.023}
2026-05-07 09:05:35,381 | INFO |   35 |  0.9773 |  89.3% |  1.7827 |  74.0% | 1.5e-04 | 154.0s
2026-05-07 09:08:10,329 | INFO | {"event": "train_epoch_end", "timestamp": "2026-05-07T09:08:10", "epoch": 36, "train_loss": 0.902934, "train_acc": 91.035, "val_loss": 1.804348, "val_acc": 74.336, "lr": 0.00015, "elapsed_sec": 154.948, "best_val_acc": 74.023}
2026-05-07 09:08:10,364 | INFO | {"event": "train_best_checkpoint", "timestamp": "2026-05-07T09:08:10", "epoch": 36, "val_acc": 74.336, "model_path": "C:\\Users\\Joseph\\Desktop\\projects\\sign_to_text\\model.pth"}
2026-05-07 09:08:10,364 | INFO |   36 |  0.9029 |  91.0% |  1.8043 |  74.3% | 1.5e-04 | 154.9s *
2026-05-07 09:11:28,332 | INFO | {"event": "train_epoch_end", "timestamp": "2026-05-07T09:11:28", "epoch": 37, "train_loss": 0.885422, "train_acc": 91.459, "val_loss": 1.799755, "val_acc": 74.805, "lr": 0.00015, "elapsed_sec": 197.968, "best_val_acc": 74.336}
2026-05-07 09:11:28,367 | INFO | {"event": "train_best_checkpoint", "timestamp": "2026-05-07T09:11:28", "epoch": 37, "val_acc": 74.805, "model_path": "C:\\Users\\Joseph\\Desktop\\projects\\sign_to_text\\model.pth"}
2026-05-07 09:11:28,367 | INFO |   37 |  0.8854 |  91.5% |  1.7998 |  74.8% | 1.5e-04 | 198.0s *
2026-05-07 09:14:12,045 | INFO | {"event": "train_epoch_end", "timestamp": "2026-05-07T09:14:12", "epoch": 38, "train_loss": 0.961307, "train_acc": 89.756, "val_loss": 1.828811, "val_acc": 73.345, "lr": 0.00015, "elapsed_sec": 163.677, "best_val_acc": 74.805}
2026-05-07 09:14:12,045 | INFO |   38 |  0.9613 |  89.8% |  1.8288 |  73.3% | 1.5e-04 | 163.7s
2026-05-07 09:16:44,241 | INFO | {"event": "train_epoch_end", "timestamp": "2026-05-07T09:16:44", "epoch": 39, "train_loss": 0.939069, "train_acc": 90.058, "val_loss": 1.805246, "val_acc": 73.45, "lr": 0.00015, "elapsed_sec": 152.196, "best_val_acc": 74.805}
2026-05-07 09:16:44,241 | INFO |   39 |  0.9391 |  90.1% |  1.8052 |  73.4% | 1.5e-04 | 152.2s
2026-05-07 09:19:22,385 | INFO | {"event": "train_epoch_end", "timestamp": "2026-05-07T09:19:22", "epoch": 40, "train_loss": 0.981564, "train_acc": 89.334, "val_loss": 1.823065, "val_acc": 74.257, "lr": 0.00015, "elapsed_sec": 158.143, "best_val_acc": 74.805}
2026-05-07 09:19:22,385 | INFO |   40 |  0.9816 |  89.3% |  1.8231 |  74.3% | 1.5e-04 | 158.1s
2026-05-07 09:22:03,787 | INFO | {"event": "train_epoch_end", "timestamp": "2026-05-07T09:22:03", "epoch": 41, "train_loss": 0.94392, "train_acc": 90.247, "val_loss": 1.74428, "val_acc": 74.752, "lr": 0.00015, "elapsed_sec": 161.402, "best_val_acc": 74.805}
2026-05-07 09:22:03,787 | INFO |   41 |  0.9439 |  90.2% |  1.7443 |  74.8% | 1.5e-04 | 161.4s
2026-05-07 09:24:48,118 | INFO | {"event": "train_epoch_end", "timestamp": "2026-05-07T09:24:48", "epoch": 42, "train_loss": 0.94231, "train_acc": 90.313, "val_loss": 1.77003, "val_acc": 74.31, "lr": 0.00015, "elapsed_sec": 164.329, "best_val_acc": 74.805}
2026-05-07 09:24:48,118 | INFO |   42 |  0.9423 |  90.3% |  1.7700 |  74.3% | 1.5e-04 | 164.3s
2026-05-07 09:28:40,924 | INFO | {"event": "train_epoch_end", "timestamp": "2026-05-07T09:28:40", "epoch": 43, "train_loss": 0.913225, "train_acc": 90.783, "val_loss": 1.796223, "val_acc": 73.762, "lr": 7.5e-05, "elapsed_sec": 232.805, "best_val_acc": 74.805}
2026-05-07 09:28:40,924 | INFO |   43 |  0.9132 |  90.8% |  1.7962 |  73.8% | 7.5e-05 | 232.8s
2026-05-07 09:32:37,496 | INFO | {"event": "train_epoch_end", "timestamp": "2026-05-07T09:32:37", "epoch": 44, "train_loss": 0.905347, "train_acc": 91.225, "val_loss": 1.829439, "val_acc": 73.762, "lr": 7.5e-05, "elapsed_sec": 236.57, "best_val_acc": 74.805}
2026-05-07 09:32:37,497 | INFO |   44 |  0.9053 |  91.2% |  1.8294 |  73.8% | 7.5e-05 | 236.6s
2026-05-07 09:36:32,345 | INFO | {"event": "train_epoch_end", "timestamp": "2026-05-07T09:36:32", "epoch": 45, "train_loss": 0.91087, "train_acc": 90.809, "val_loss": 1.787166, "val_acc": 74.674, "lr": 7.5e-05, "elapsed_sec": 234.848, "best_val_acc": 74.805}
2026-05-07 09:36:32,345 | INFO |   45 |  0.9109 |  90.8% |  1.7872 |  74.7% | 7.5e-05 | 234.8s
2026-05-07 09:40:27,913 | INFO | {"event": "train_epoch_end", "timestamp": "2026-05-07T09:40:27", "epoch": 46, "train_loss": 0.923935, "train_acc": 90.705, "val_loss": 1.763363, "val_acc": 75.169, "lr": 7.5e-05, "elapsed_sec": 235.567, "best_val_acc": 74.805}
2026-05-07 09:40:27,961 | INFO | {"event": "train_best_checkpoint", "timestamp": "2026-05-07T09:40:27", "epoch": 46, "val_acc": 75.169, "model_path": "C:\\Users\\Joseph\\Desktop\\projects\\sign_to_text\\model.pth"}
2026-05-07 09:40:27,962 | INFO |   46 |  0.9239 |  90.7% |  1.7634 |  75.2% | 7.5e-05 | 235.6s *
2026-05-07 09:44:22,123 | INFO | {"event": "train_epoch_end", "timestamp": "2026-05-07T09:44:22", "epoch": 47, "train_loss": 0.934119, "train_acc": 90.362, "val_loss": 1.780013, "val_acc": 74.7, "lr": 7.5e-05, "elapsed_sec": 234.16, "best_val_acc": 75.169}
2026-05-07 09:44:22,124 | INFO |   47 |  0.9341 |  90.4% |  1.7800 |  74.7% | 7.5e-05 | 234.2s
2026-05-07 09:48:16,251 | INFO | {"event": "train_epoch_end", "timestamp": "2026-05-07T09:48:16", "epoch": 48, "train_loss": 0.928204, "train_acc": 90.464, "val_loss": 1.796737, "val_acc": 74.648, "lr": 7.5e-05, "elapsed_sec": 234.127, "best_val_acc": 75.169}
2026-05-07 09:48:16,252 | INFO |   48 |  0.9282 |  90.5% |  1.7967 |  74.6% | 7.5e-05 | 234.1s
2026-05-07 09:52:10,904 | INFO | {"event": "train_epoch_end", "timestamp": "2026-05-07T09:52:10", "epoch": 49, "train_loss": 0.871677, "train_acc": 91.853, "val_loss": 1.802417, "val_acc": 74.805, "lr": 7.5e-05, "elapsed_sec": 234.652, "best_val_acc": 75.169}
2026-05-07 09:52:10,905 | INFO |   49 |  0.8717 |  91.9% |  1.8024 |  74.8% | 7.5e-05 | 234.7s
2026-05-07 09:56:06,353 | INFO | {"event": "train_epoch_end", "timestamp": "2026-05-07T09:56:06", "epoch": 50, "train_loss": 0.960395, "train_acc": 89.779, "val_loss": 1.78051, "val_acc": 75.248, "lr": 7.5e-05, "elapsed_sec": 235.448, "best_val_acc": 75.169}
2026-05-07 09:56:06,399 | INFO | {"event": "train_best_checkpoint", "timestamp": "2026-05-07T09:56:06", "epoch": 50, "val_acc": 75.248, "model_path": "C:\\Users\\Joseph\\Desktop\\projects\\sign_to_text\\model.pth"}
2026-05-07 09:56:06,399 | INFO |   50 |  0.9604 |  89.8% |  1.7805 |  75.2% | 7.5e-05 | 235.4s *
2026-05-07 10:00:01,046 | INFO | {"event": "train_epoch_end", "timestamp": "2026-05-07T10:00:01", "epoch": 51, "train_loss": 0.916147, "train_acc": 90.781, "val_loss": 1.747094, "val_acc": 75.847, "lr": 7.5e-05, "elapsed_sec": 234.646, "best_val_acc": 75.248}
2026-05-07 10:00:01,099 | INFO | {"event": "train_best_checkpoint", "timestamp": "2026-05-07T10:00:01", "epoch": 51, "val_acc": 75.847, "model_path": "C:\\Users\\Joseph\\Desktop\\projects\\sign_to_text\\model.pth"}
2026-05-07 10:00:01,100 | INFO |   51 |  0.9161 |  90.8% |  1.7471 |  75.8% | 7.5e-05 | 234.6s *
2026-05-07 10:03:56,475 | INFO | {"event": "train_epoch_end", "timestamp": "2026-05-07T10:03:56", "epoch": 52, "train_loss": 0.92524, "train_acc": 90.548, "val_loss": 1.772886, "val_acc": 75.43, "lr": 7.5e-05, "elapsed_sec": 235.375, "best_val_acc": 75.847}
2026-05-07 10:03:56,476 | INFO |   52 |  0.9252 |  90.5% |  1.7729 |  75.4% | 7.5e-05 | 235.4s
2026-05-07 10:07:51,790 | INFO | {"event": "train_epoch_end", "timestamp": "2026-05-07T10:07:51", "epoch": 53, "train_loss": 0.924048, "train_acc": 90.616, "val_loss": 1.762254, "val_acc": 75.221, "lr": 7.5e-05, "elapsed_sec": 235.313, "best_val_acc": 75.847}
2026-05-07 10:07:51,790 | INFO |   53 |  0.9240 |  90.6% |  1.7623 |  75.2% | 7.5e-05 | 235.3s
2026-05-07 10:11:46,833 | INFO | {"event": "train_epoch_end", "timestamp": "2026-05-07T10:11:46", "epoch": 54, "train_loss": 0.913033, "train_acc": 90.814, "val_loss": 1.746609, "val_acc": 75.873, "lr": 7.5e-05, "elapsed_sec": 235.042, "best_val_acc": 75.847}
2026-05-07 10:11:46,887 | INFO | {"event": "train_best_checkpoint", "timestamp": "2026-05-07T10:11:46", "epoch": 54, "val_acc": 75.873, "model_path": "C:\\Users\\Joseph\\Desktop\\projects\\sign_to_text\\model.pth"}
2026-05-07 10:11:46,887 | INFO |   54 |  0.9130 |  90.8% |  1.7466 |  75.9% | 7.5e-05 | 235.0s *
2026-05-07 10:15:19,058 | INFO | {"event": "train_epoch_end", "timestamp": "2026-05-07T10:15:19", "epoch": 55, "train_loss": 0.892742, "train_acc": 91.252, "val_loss": 1.768687, "val_acc": 75.274, "lr": 7.5e-05, "elapsed_sec": 212.17, "best_val_acc": 75.873}
2026-05-07 10:15:19,059 | INFO |   55 |  0.8927 |  91.3% |  1.7687 |  75.3% | 7.5e-05 | 212.2s
2026-05-07 10:18:49,246 | INFO | {"event": "train_epoch_end", "timestamp": "2026-05-07T10:18:49", "epoch": 56, "train_loss": 0.874694, "train_acc": 91.667, "val_loss": 1.7901, "val_acc": 75.117, "lr": 7.5e-05, "elapsed_sec": 210.188, "best_val_acc": 75.873}
2026-05-07 10:18:49,247 | INFO |   56 |  0.8747 |  91.7% |  1.7901 |  75.1% | 7.5e-05 | 210.2s
2026-05-07 10:22:16,765 | INFO | {"event": "train_epoch_end", "timestamp": "2026-05-07T10:22:16", "epoch": 57, "train_loss": 0.926832, "train_acc": 90.56, "val_loss": 1.772082, "val_acc": 75.56, "lr": 7.5e-05, "elapsed_sec": 207.517, "best_val_acc": 75.873}
2026-05-07 10:22:16,765 | INFO |   57 |  0.9268 |  90.6% |  1.7721 |  75.6% | 7.5e-05 | 207.5s
2026-05-07 10:25:36,484 | INFO | {"event": "train_epoch_end", "timestamp": "2026-05-07T10:25:36", "epoch": 58, "train_loss": 0.91169, "train_acc": 90.809, "val_loss": 1.763747, "val_acc": 75.534, "lr": 7.5e-05, "elapsed_sec": 199.718, "best_val_acc": 75.873}
2026-05-07 10:25:36,484 | INFO |   58 |  0.9117 |  90.8% |  1.7637 |  75.5% | 7.5e-05 | 199.7s
2026-05-07 10:28:53,170 | INFO | {"event": "train_epoch_end", "timestamp": "2026-05-07T10:28:53", "epoch": 59, "train_loss": 0.930587, "train_acc": 90.362, "val_loss": 1.766487, "val_acc": 75.221, "lr": 7.5e-05, "elapsed_sec": 196.685, "best_val_acc": 75.873}
2026-05-07 10:28:53,170 | INFO |   59 |  0.9306 |  90.4% |  1.7665 |  75.2% | 7.5e-05 | 196.7s
2026-05-07 10:32:17,280 | INFO | {"event": "train_epoch_end", "timestamp": "2026-05-07T10:32:17", "epoch": 60, "train_loss": 0.883884, "train_acc": 91.536, "val_loss": 1.773832, "val_acc": 75.482, "lr": 3.75e-05, "elapsed_sec": 204.109, "best_val_acc": 75.873}
2026-05-07 10:32:17,281 | INFO |   60 |  0.8839 |  91.5% |  1.7738 |  75.5% | 3.7e-05 | 204.1s
2026-05-07 10:32:17,281 | INFO | [Train] Best val accuracy: 75.87%
2026-05-07 10:32:17,282 | INFO | [Train] Model saved to: C:\Users\Joseph\Desktop\projects\sign_to_text\model.pth
2026-05-07 10:32:17,282 | INFO | {"event": "train_loop_end", "timestamp": "2026-05-07T10:32:17", "best_val_acc": 75.873, "model_path": "C:\\Users\\Joseph\\Desktop\\projects\\sign_to_text\\model.pth"}
2026-05-07 10:32:17,396 | INFO | {"event": "train_end", "timestamp": "2026-05-07T10:32:17", "classes": 78, "num_classes": 78}
