2026-05-13 08:54:34,726 | INFO | Logger initialized for train
2026-05-13 08:54:34,726 | INFO | Log file: logs\train_20260513_085434.log
2026-05-13 08:54:34,727 | INFO | {"event": "train_start", "timestamp": "2026-05-13T08:54:34", "processed_dir": "C:\\Users\\Joseph\\Desktop\\projects\\sign_to_text\\processed"}
2026-05-13 08:54:34,727 | INFO | ============================================================
2026-05-13 08:54:34,728 | INFO |   Training Word Model (BiGRU + Attention)
2026-05-13 08:54:34,728 | INFO | ============================================================
2026-05-13 08:54:46,013 | INFO | [Dataset] 18857 samples, 78 classes (augment=False, oversample=False)
2026-05-13 08:54:46,014 | INFO | [Dataset] Distribution: alive=72, alright=278, bad=294, beautiful=239, big_large=294, blind=224, cheap=221, clean=262, cold=294, cool=294, curved=212, dead=72, deaf=224, deep=262, dirty=262, dry=164, expensive=212, famous=192, fast=294, female=202, flat=212, good=274, good_afternoon=278, good_evening=290, good_morning=278, good_night=278, happy=224, hard=262, he=278, healthy=295, heavy=72, hello=273, high=262, hot=294, how_are_you=273, i=273, idle=130, it=278, light=202, long=294, loose=204, loud=240, low=262, male=202, mean=224, morning=134, narrow=294, new=294, nice=191, old=302, pleased=278, poor=209, quiet=226, rich=214, sad=224, shallow=262, she=278, short=294, sick=164, slow=314, small_little=294, soft=262, strong=72, tall=294, thank_you=273, they=278, thick=214, thin=172, tight=214, ugly=249, warm=304, we=278, weak=72, wet=294, wide=314, you=293, you_all=278, young=304
2026-05-13 08:54:46,148 | INFO | [BalancedAug] 14130 -> 18408 samples (oversampled)
2026-05-13 08:54:46,148 | INFO | [BalancedAug] Per class: {0: 236, 1: 236, 2: 236, 3: 236, 4: 236, 5: 236, 6: 236, 7: 236, 8: 236, 9: 236, 10: 236, 11: 236, 12: 236, 13: 236, 14: 236, 15: 236, 16: 236, 17: 236, 18: 236, 19: 236, 20: 236, 21: 236, 22: 236, 23: 236, 24: 236, 25: 236, 26: 236, 27: 236, 28: 236, 29: 236, 30: 236, 31: 236, 32: 236, 33: 236, 34: 236, 35: 236, 36: 236, 37: 236, 38: 236, 39: 236, 40: 236, 41: 236, 42: 236, 43: 236, 44: 236, 45: 236, 46: 236, 47: 236, 48: 236, 49: 236, 50: 236, 51: 236, 52: 236, 53: 236, 54: 236, 55: 236, 56: 236, 57: 236, 58: 236, 59: 236, 60: 236, 61: 236, 62: 236, 63: 236, 64: 236, 65: 236, 66: 236, 67: 236, 68: 236, 69: 236, 70: 236, 71: 236, 72: 236, 73: 236, 74: 236, 75: 236, 76: 236, 77: 236}
2026-05-13 08:54:46,167 | INFO | [Data] Train: 18408 (balanced+aug) | Val: 4727
2026-05-13 08:54:46,168 | INFO | [Data] Class weights: ['2.94', '0.76', '0.72', '0.89', '0.72', '0.94', '0.96', '0.81', '0.72', '0.72', '1.00', '2.94', '0.94', '0.81', '0.81', '1.29', '1.00', '1.10', '0.72', '1.04', '1.00', '0.77', '0.76', '0.73', '0.76', '0.76', '0.94', '0.81', '0.76', '0.72', '2.94', '0.77', '0.81', '0.72', '0.77', '0.77', '1.62', '0.76', '1.04', '0.72', '1.04', '0.88', '0.81', '1.04', '0.94', '1.59', '0.72', '0.72', '1.11', '0.70', '0.76', '1.01', '0.93', '0.99', '0.94', '0.81', '0.76', '0.72', '1.29', '0.67', '0.72', '0.81', '2.94', '0.72', '0.77', '0.76', '0.99', '1.23', '0.99', '0.85', '0.70', '0.76', '2.94', '0.72', '0.67', '0.72', '0.76', '0.70']
2026-05-13 08:54:46,169 | INFO | {"event": "train_loop_start", "timestamp": "2026-05-13T08:54:46", "num_classes": 78, "train_batches": 1151, "val_batches": 296, "class_weights": [2.9379427433013916, 0.76273512840271, 0.7211313843727112, 0.8863067626953125, 0.7211313843727112, 0.9443387389183044, 0.9557163119316101, 0.8094332218170166, 0.7211313843727112, 0.7211313843727112, 0.9977918863296509, 2.9379427433013916, 0.9443387389183044, 0.8094332218170166, 0.8094332218170166, 1.2898285388946533, 0.9977918863296509, 1.1017285585403442, 0.7211313843727112, 1.0437427759170532, 0.9977918863296509, 0.7701403498649597, 0.76273512840271, 0.7277473211288452, 0.76273512840271, 0.76273512840271, 0.9443387389183044, 0.8094332218170166, 0.76273512840271, 0.7178683876991272, 2.9379427433013916, 0.773897111415863, 0.8094332218170166, 0.7211313843727112, 0.773897111415863, 0.773897111415863, 1.6188664436340332, 0.76273512840271, 1.0437427759170532, 0.7211313843727112, 1.0369210243225098, 0.8813828229904175, 0.8094332218170166, 1.0437427759170532, 0.9443387389183044, 1.5864890813827515, 0.7211313843727112, 0.7211313843727112, 1.1094329357147217, 0.7019863128662109, 0.76273512840271, 1.010502576828003, 0.9332289099693298, 0.9915556907653809, 0.9443387389183044, 0.8094332218170166, 0.76273512840271, 0.7211313843727112, 1.2898285388946533, 0.6722411513328552, 0.7211313843727112, 0.8094332218170166, 2.9379427433013916, 0.7211313843727112, 0.773897111415863, 0.76273512840271, 0.9915556907653809, 1.2298364639282227, 0.9915556907653809, 0.8483899235725403, 0.6958285570144653, 0.76273512840271, 2.9379427433013916, 0.7211313843727112, 0.6722411513328552, 0.7211313843727112, 0.76273512840271, 0.6958285570144653], "use_focal_loss": false}
2026-05-13 08:54:47,833 | INFO | [Model] Params: 1,169,589 | Trainable: 1,169,589
2026-05-13 08:54:47,834 | INFO | [Model] Architecture:
2026-05-13 08:54:47,834 | INFO | SignLanguageGRU(
2026-05-13 08:54:47,834 | INFO |   (conv_pw): Conv1d(506, 256, kernel_size=(1,), stride=(1,))
2026-05-13 08:54:47,834 | INFO |   (conv_dw): Conv1d(256, 256, kernel_size=(3,), stride=(1,), padding=(1,), groups=256, bias=False)
2026-05-13 08:54:47,835 | INFO |   (conv_pw2): Conv1d(256, 256, kernel_size=(1,), stride=(1,))
2026-05-13 08:54:47,835 | INFO |   (conv_norm): GroupNorm(8, 256, eps=1e-05, affine=True)
2026-05-13 08:54:47,835 | INFO |   (conv_act): ReLU()
2026-05-13 08:54:47,835 | INFO |   (conv_dropout): Dropout(p=0.1, inplace=False)
2026-05-13 08:54:47,835 | INFO |   (frame_weight_scorer): Sequential(
2026-05-13 08:54:47,835 | INFO |     (0): Linear(in_features=256, out_features=32, bias=True)
2026-05-13 08:54:47,836 | INFO |     (1): ReLU()
2026-05-13 08:54:47,836 | INFO |     (2): Linear(in_features=32, out_features=1, bias=True)
2026-05-13 08:54:47,836 | INFO |     (3): Sigmoid()
2026-05-13 08:54:47,836 | INFO |   )
2026-05-13 08:54:47,836 | INFO |   (input_proj): Sequential(
2026-05-13 08:54:47,836 | INFO |     (0): Linear(in_features=256, out_features=128, bias=True)
2026-05-13 08:54:47,836 | INFO |     (1): LayerNorm((128,), eps=1e-05, elementwise_affine=True)
2026-05-13 08:54:47,837 | INFO |     (2): ReLU()
2026-05-13 08:54:47,837 | INFO |     (3): Dropout(p=0.1, inplace=False)
2026-05-13 08:54:47,837 | INFO |   )
2026-05-13 08:54:47,837 | INFO |   (gru): GRU(128, 128, num_layers=3, batch_first=True, dropout=0.25, bidirectional=True)
2026-05-13 08:54:47,837 | INFO |   (layer_norm): LayerNorm((256,), eps=1e-05, elementwise_affine=True)
2026-05-13 08:54:47,837 | INFO |   (attention): HybridAttention(
2026-05-13 08:54:47,838 | INFO |     (score_nets): ModuleList(
2026-05-13 08:54:47,838 | INFO |       (0-3): 4 x Sequential(
2026-05-13 08:54:47,838 | INFO |         (0): Linear(in_features=64, out_features=32, bias=True)
2026-05-13 08:54:47,838 | INFO |         (1): Tanh()
2026-05-13 08:54:47,839 | INFO |         (2): Linear(in_features=32, out_features=1, bias=False)
2026-05-13 08:54:47,839 | INFO |       )
2026-05-13 08:54:47,839 | INFO |     )
2026-05-13 08:54:47,840 | INFO |     (temperatures): ParameterList(
2026-05-13 08:54:47,840 | INFO |         (0): Parameter containing: [torch.float32 of size ]
2026-05-13 08:54:47,840 | INFO |         (1): Parameter containing: [torch.float32 of size ]
2026-05-13 08:54:47,841 | INFO |         (2): Parameter containing: [torch.float32 of size ]
2026-05-13 08:54:47,841 | INFO |         (3): Parameter containing: [torch.float32 of size ]
2026-05-13 08:54:47,841 | INFO |     )
2026-05-13 08:54:47,841 | INFO |     (head_proj): Linear(in_features=256, out_features=256, bias=True)
2026-05-13 08:54:47,843 | INFO |   )
2026-05-13 08:54:47,843 | INFO |   (spatial_attention): SpatialAttention(
2026-05-13 08:54:47,843 | INFO |     (spatial_scorer): Sequential(
2026-05-13 08:54:47,844 | INFO |       (0): Linear(in_features=256, out_features=128, bias=True)
2026-05-13 08:54:47,844 | INFO |       (1): ReLU()
2026-05-13 08:54:47,845 | INFO |       (2): Linear(in_features=128, out_features=3, bias=False)
2026-05-13 08:54:47,845 | INFO |     )
2026-05-13 08:54:47,845 | INFO |   )
2026-05-13 08:54:47,846 | INFO |   (dropout): Dropout(p=0.25, inplace=False)
2026-05-13 08:54:47,846 | INFO |   (fc): Sequential(
2026-05-13 08:54:47,847 | INFO |     (0): Linear(in_features=256, out_features=96, bias=True)
2026-05-13 08:54:47,847 | INFO |     (1): ReLU()
2026-05-13 08:54:47,847 | INFO |     (2): Dropout(p=0.25, inplace=False)
2026-05-13 08:54:47,847 | INFO |     (3): Linear(in_features=96, out_features=78, bias=True)
2026-05-13 08:54:47,849 | INFO |   )
2026-05-13 08:54:47,849 | INFO | )
2026-05-13 08:54:47,849 | INFO |   Ep |  TrLoss |  TrAcc |  VaLoss |  VaAcc |       LR |    T
2026-05-13 08:54:47,849 | INFO | ------------------------------------------------------------
2026-05-13 08:56:59,514 | INFO | {"event": "train_epoch_end", "timestamp": "2026-05-13T08:56:59", "epoch": 1, "train_loss": 3.274611, "train_acc": 17.913, "val_loss": 3.736077, "val_acc": 12.63, "lr": 0.0003, "elapsed_sec": 131.663, "best_val_acc": 0.0}
2026-05-13 08:56:59,551 | INFO | {"event": "train_best_checkpoint", "timestamp": "2026-05-13T08:56:59", "epoch": 1, "val_acc": 12.63, "model_path": "C:\\Users\\Joseph\\Desktop\\projects\\sign_to_text\\model.pth"}
2026-05-13 08:56:59,551 | INFO |    1 |  3.2746 |  17.9% |  3.7361 |  12.6% | 3.0e-04 | 131.7s *
2026-05-13 08:59:20,818 | INFO | {"event": "train_epoch_end", "timestamp": "2026-05-13T08:59:20", "epoch": 2, "train_loss": 2.195208, "train_acc": 45.149, "val_loss": 3.058221, "val_acc": 27.142, "lr": 0.0003, "elapsed_sec": 141.267, "best_val_acc": 12.63}
2026-05-13 08:59:20,851 | INFO | {"event": "train_best_checkpoint", "timestamp": "2026-05-13T08:59:20", "epoch": 2, "val_acc": 27.142, "model_path": "C:\\Users\\Joseph\\Desktop\\projects\\sign_to_text\\model.pth"}
2026-05-13 08:59:20,851 | INFO |    2 |  2.1952 |  45.1% |  3.0582 |  27.1% | 3.0e-04 | 141.3s *
2026-05-13 09:01:43,196 | INFO | {"event": "train_epoch_end", "timestamp": "2026-05-13T09:01:43", "epoch": 3, "train_loss": 1.814667, "train_acc": 59.36, "val_loss": 2.489583, "val_acc": 43.156, "lr": 0.0003, "elapsed_sec": 142.344, "best_val_acc": 27.142}
2026-05-13 09:01:43,231 | INFO | {"event": "train_best_checkpoint", "timestamp": "2026-05-13T09:01:43", "epoch": 3, "val_acc": 43.156, "model_path": "C:\\Users\\Joseph\\Desktop\\projects\\sign_to_text\\model.pth"}
2026-05-13 09:01:43,231 | INFO |    3 |  1.8147 |  59.4% |  2.4896 |  43.2% | 3.0e-04 | 142.3s *
2026-05-13 09:04:04,568 | INFO | {"event": "train_epoch_end", "timestamp": "2026-05-13T09:04:04", "epoch": 4, "train_loss": 1.580322, "train_acc": 67.523, "val_loss": 2.319389, "val_acc": 49.228, "lr": 0.0003, "elapsed_sec": 141.336, "best_val_acc": 43.156}
2026-05-13 09:04:04,604 | INFO | {"event": "train_best_checkpoint", "timestamp": "2026-05-13T09:04:04", "epoch": 4, "val_acc": 49.228, "model_path": "C:\\Users\\Joseph\\Desktop\\projects\\sign_to_text\\model.pth"}
2026-05-13 09:04:04,604 | INFO |    4 |  1.5803 |  67.5% |  2.3194 |  49.2% | 3.0e-04 | 141.3s *
2026-05-13 09:06:28,739 | INFO | {"event": "train_epoch_end", "timestamp": "2026-05-13T09:06:28", "epoch": 5, "train_loss": 1.447466, "train_acc": 73.017, "val_loss": 2.223229, "val_acc": 51.555, "lr": 0.0003, "elapsed_sec": 144.135, "best_val_acc": 49.228}
2026-05-13 09:06:28,773 | INFO | {"event": "train_best_checkpoint", "timestamp": "2026-05-13T09:06:28", "epoch": 5, "val_acc": 51.555, "model_path": "C:\\Users\\Joseph\\Desktop\\projects\\sign_to_text\\model.pth"}
2026-05-13 09:06:28,773 | INFO |    5 |  1.4475 |  73.0% |  2.2232 |  51.6% | 3.0e-04 | 144.1s *
2026-05-13 09:08:56,895 | INFO | {"event": "train_epoch_end", "timestamp": "2026-05-13T09:08:56", "epoch": 6, "train_loss": 1.350637, "train_acc": 76.542, "val_loss": 1.97493, "val_acc": 59.7, "lr": 0.0003, "elapsed_sec": 148.123, "best_val_acc": 51.555}
2026-05-13 09:08:56,932 | INFO | {"event": "train_best_checkpoint", "timestamp": "2026-05-13T09:08:56", "epoch": 6, "val_acc": 59.7, "model_path": "C:\\Users\\Joseph\\Desktop\\projects\\sign_to_text\\model.pth"}
2026-05-13 09:08:56,932 | INFO |    6 |  1.3506 |  76.5% |  1.9749 |  59.7% | 3.0e-04 | 148.1s *
2026-05-13 09:11:25,126 | INFO | {"event": "train_epoch_end", "timestamp": "2026-05-13T09:11:25", "epoch": 7, "train_loss": 1.273702, "train_acc": 79.269, "val_loss": 1.899347, "val_acc": 63.317, "lr": 0.0003, "elapsed_sec": 148.192, "best_val_acc": 59.7}
2026-05-13 09:11:25,163 | INFO | {"event": "train_best_checkpoint", "timestamp": "2026-05-13T09:11:25", "epoch": 7, "val_acc": 63.317, "model_path": "C:\\Users\\Joseph\\Desktop\\projects\\sign_to_text\\model.pth"}
2026-05-13 09:11:25,164 | INFO |    7 |  1.2737 |  79.3% |  1.8993 |  63.3% | 3.0e-04 | 148.2s *
2026-05-13 09:13:56,660 | INFO | {"event": "train_epoch_end", "timestamp": "2026-05-13T09:13:56", "epoch": 8, "train_loss": 1.237235, "train_acc": 80.933, "val_loss": 1.869381, "val_acc": 63.634, "lr": 0.0003, "elapsed_sec": 151.496, "best_val_acc": 63.317}
2026-05-13 09:13:56,697 | INFO | {"event": "train_best_checkpoint", "timestamp": "2026-05-13T09:13:56", "epoch": 8, "val_acc": 63.634, "model_path": "C:\\Users\\Joseph\\Desktop\\projects\\sign_to_text\\model.pth"}
2026-05-13 09:13:56,697 | INFO |    8 |  1.2372 |  80.9% |  1.8694 |  63.6% | 3.0e-04 | 151.5s *
2026-05-13 09:16:26,167 | INFO | {"event": "train_epoch_end", "timestamp": "2026-05-13T09:16:26", "epoch": 9, "train_loss": 1.20224, "train_acc": 81.935, "val_loss": 1.757635, "val_acc": 66.215, "lr": 0.0003, "elapsed_sec": 149.47, "best_val_acc": 63.634}
2026-05-13 09:16:26,201 | INFO | {"event": "train_best_checkpoint", "timestamp": "2026-05-13T09:16:26", "epoch": 9, "val_acc": 66.215, "model_path": "C:\\Users\\Joseph\\Desktop\\projects\\sign_to_text\\model.pth"}
2026-05-13 09:16:26,201 | INFO |    9 |  1.2022 |  81.9% |  1.7576 |  66.2% | 3.0e-04 | 149.5s *
2026-05-13 09:18:58,986 | INFO | {"event": "train_epoch_end", "timestamp": "2026-05-13T09:18:58", "epoch": 10, "train_loss": 1.154555, "train_acc": 83.547, "val_loss": 1.767502, "val_acc": 66.956, "lr": 0.0003, "elapsed_sec": 152.785, "best_val_acc": 66.215}
2026-05-13 09:18:59,023 | INFO | {"event": "train_best_checkpoint", "timestamp": "2026-05-13T09:18:59", "epoch": 10, "val_acc": 66.956, "model_path": "C:\\Users\\Joseph\\Desktop\\projects\\sign_to_text\\model.pth"}
2026-05-13 09:18:59,024 | INFO |   10 |  1.1546 |  83.5% |  1.7675 |  67.0% | 3.0e-04 | 152.8s *
2026-05-13 09:21:41,651 | INFO | {"event": "train_epoch_end", "timestamp": "2026-05-13T09:21:41", "epoch": 11, "train_loss": 1.122173, "train_acc": 84.517, "val_loss": 1.69218, "val_acc": 70.087, "lr": 0.0003, "elapsed_sec": 162.626, "best_val_acc": 66.956}
2026-05-13 09:21:41,691 | INFO | {"event": "train_best_checkpoint", "timestamp": "2026-05-13T09:21:41", "epoch": 11, "val_acc": 70.087, "model_path": "C:\\Users\\Joseph\\Desktop\\projects\\sign_to_text\\model.pth"}
2026-05-13 09:21:41,691 | INFO |   11 |  1.1222 |  84.5% |  1.6922 |  70.1% | 3.0e-04 | 162.6s *
2026-05-13 09:24:43,933 | INFO | {"event": "train_epoch_end", "timestamp": "2026-05-13T09:24:43", "epoch": 12, "train_loss": 1.142117, "train_acc": 84.429, "val_loss": 1.641071, "val_acc": 70.933, "lr": 0.0003, "elapsed_sec": 182.242, "best_val_acc": 70.087}
2026-05-13 09:24:43,965 | INFO | {"event": "train_best_checkpoint", "timestamp": "2026-05-13T09:24:43", "epoch": 12, "val_acc": 70.933, "model_path": "C:\\Users\\Joseph\\Desktop\\projects\\sign_to_text\\model.pth"}
2026-05-13 09:24:43,965 | INFO |   12 |  1.1421 |  84.4% |  1.6411 |  70.9% | 3.0e-04 | 182.2s *
2026-05-13 09:27:35,446 | INFO | {"event": "train_epoch_end", "timestamp": "2026-05-13T09:27:35", "epoch": 13, "train_loss": 1.111031, "train_acc": 85.296, "val_loss": 1.600466, "val_acc": 71.991, "lr": 0.0003, "elapsed_sec": 171.481, "best_val_acc": 70.933}
2026-05-13 09:27:35,484 | INFO | {"event": "train_best_checkpoint", "timestamp": "2026-05-13T09:27:35", "epoch": 13, "val_acc": 71.991, "model_path": "C:\\Users\\Joseph\\Desktop\\projects\\sign_to_text\\model.pth"}
2026-05-13 09:27:35,484 | INFO |   13 |  1.1110 |  85.3% |  1.6005 |  72.0% | 3.0e-04 | 171.5s *
2026-05-13 09:30:10,689 | INFO | {"event": "train_epoch_end", "timestamp": "2026-05-13T09:30:10", "epoch": 14, "train_loss": 1.066743, "train_acc": 86.6, "val_loss": 1.5838, "val_acc": 72.541, "lr": 0.0003, "elapsed_sec": 155.204, "best_val_acc": 71.991}
2026-05-13 09:30:10,721 | INFO | {"event": "train_best_checkpoint", "timestamp": "2026-05-13T09:30:10", "epoch": 14, "val_acc": 72.541, "model_path": "C:\\Users\\Joseph\\Desktop\\projects\\sign_to_text\\model.pth"}
2026-05-13 09:30:10,721 | INFO |   14 |  1.0667 |  86.6% |  1.5838 |  72.5% | 3.0e-04 | 155.2s *
2026-05-13 09:32:40,314 | INFO | {"event": "train_epoch_end", "timestamp": "2026-05-13T09:32:40", "epoch": 15, "train_loss": 1.068661, "train_acc": 86.701, "val_loss": 1.631673, "val_acc": 70.806, "lr": 0.0003, "elapsed_sec": 149.593, "best_val_acc": 72.541}
2026-05-13 09:32:40,314 | INFO |   15 |  1.0687 |  86.7% |  1.6317 |  70.8% | 3.0e-04 | 149.6s
2026-05-13 09:35:04,510 | INFO | {"event": "train_epoch_end", "timestamp": "2026-05-13T09:35:04", "epoch": 16, "train_loss": 1.06615, "train_acc": 86.665, "val_loss": 1.528354, "val_acc": 74.889, "lr": 0.0003, "elapsed_sec": 144.194, "best_val_acc": 72.541}
2026-05-13 09:35:04,542 | INFO | {"event": "train_best_checkpoint", "timestamp": "2026-05-13T09:35:04", "epoch": 16, "val_acc": 74.889, "model_path": "C:\\Users\\Joseph\\Desktop\\projects\\sign_to_text\\model.pth"}
2026-05-13 09:35:04,543 | INFO |   16 |  1.0661 |  86.7% |  1.5284 |  74.9% | 3.0e-04 | 144.2s *
2026-05-13 09:37:33,417 | INFO | {"event": "train_epoch_end", "timestamp": "2026-05-13T09:37:33", "epoch": 17, "train_loss": 1.054882, "train_acc": 87.385, "val_loss": 1.595423, "val_acc": 73.366, "lr": 0.0003, "elapsed_sec": 148.874, "best_val_acc": 74.889}
2026-05-13 09:37:33,417 | INFO |   17 |  1.0549 |  87.4% |  1.5954 |  73.4% | 3.0e-04 | 148.9s
2026-05-13 09:39:56,014 | INFO | {"event": "train_epoch_end", "timestamp": "2026-05-13T09:39:56", "epoch": 18, "train_loss": 1.075264, "train_acc": 86.647, "val_loss": 1.528434, "val_acc": 75.672, "lr": 0.0003, "elapsed_sec": 142.595, "best_val_acc": 74.889}
2026-05-13 09:39:56,046 | INFO | {"event": "train_best_checkpoint", "timestamp": "2026-05-13T09:39:56", "epoch": 18, "val_acc": 75.672, "model_path": "C:\\Users\\Joseph\\Desktop\\projects\\sign_to_text\\model.pth"}
2026-05-13 09:39:56,046 | INFO |   18 |  1.0753 |  86.6% |  1.5284 |  75.7% | 3.0e-04 | 142.6s *
2026-05-13 09:42:27,798 | INFO | {"event": "train_epoch_end", "timestamp": "2026-05-13T09:42:27", "epoch": 19, "train_loss": 0.98588, "train_acc": 88.944, "val_loss": 1.63584, "val_acc": 73.387, "lr": 0.0003, "elapsed_sec": 151.752, "best_val_acc": 75.672}
2026-05-13 09:42:27,799 | INFO |   19 |  0.9859 |  88.9% |  1.6358 |  73.4% | 3.0e-04 | 151.8s
2026-05-13 09:44:51,175 | INFO | {"event": "train_epoch_end", "timestamp": "2026-05-13T09:44:51", "epoch": 20, "train_loss": 1.015272, "train_acc": 88.344, "val_loss": 1.528515, "val_acc": 75.947, "lr": 0.0003, "elapsed_sec": 143.375, "best_val_acc": 75.672}
2026-05-13 09:44:51,209 | INFO | {"event": "train_best_checkpoint", "timestamp": "2026-05-13T09:44:51", "epoch": 20, "val_acc": 75.947, "model_path": "C:\\Users\\Joseph\\Desktop\\projects\\sign_to_text\\model.pth"}
2026-05-13 09:44:51,209 | INFO |   20 |  1.0153 |  88.3% |  1.5285 |  75.9% | 3.0e-04 | 143.4s *
2026-05-13 09:47:20,631 | INFO | {"event": "train_epoch_end", "timestamp": "2026-05-13T09:47:20", "epoch": 21, "train_loss": 1.004445, "train_acc": 88.544, "val_loss": 1.545078, "val_acc": 76.476, "lr": 0.0003, "elapsed_sec": 149.422, "best_val_acc": 75.947}
2026-05-13 09:47:20,665 | INFO | {"event": "train_best_checkpoint", "timestamp": "2026-05-13T09:47:20", "epoch": 21, "val_acc": 76.476, "model_path": "C:\\Users\\Joseph\\Desktop\\projects\\sign_to_text\\model.pth"}
2026-05-13 09:47:20,666 | INFO |   21 |  1.0044 |  88.5% |  1.5451 |  76.5% | 3.0e-04 | 149.4s *
2026-05-13 09:49:48,718 | INFO | {"event": "train_epoch_end", "timestamp": "2026-05-13T09:49:48", "epoch": 22, "train_loss": 1.028929, "train_acc": 88.13, "val_loss": 1.531618, "val_acc": 76.37, "lr": 0.0003, "elapsed_sec": 148.052, "best_val_acc": 76.476}
2026-05-13 09:49:48,718 | INFO |   22 |  1.0289 |  88.1% |  1.5316 |  76.4% | 3.0e-04 | 148.1s
2026-05-13 09:52:26,861 | INFO | {"event": "train_epoch_end", "timestamp": "2026-05-13T09:52:26", "epoch": 23, "train_loss": 1.0102, "train_acc": 88.56, "val_loss": 1.579341, "val_acc": 75.354, "lr": 0.0003, "elapsed_sec": 158.143, "best_val_acc": 76.476}
2026-05-13 09:52:26,861 | INFO |   23 |  1.0102 |  88.6% |  1.5793 |  75.4% | 3.0e-04 | 158.1s
2026-05-13 09:54:54,377 | INFO | {"event": "train_epoch_end", "timestamp": "2026-05-13T09:54:54", "epoch": 24, "train_loss": 1.025048, "train_acc": 88.206, "val_loss": 1.495974, "val_acc": 77.787, "lr": 0.0003, "elapsed_sec": 147.515, "best_val_acc": 76.476}
2026-05-13 09:54:54,415 | INFO | {"event": "train_best_checkpoint", "timestamp": "2026-05-13T09:54:54", "epoch": 24, "val_acc": 77.787, "model_path": "C:\\Users\\Joseph\\Desktop\\projects\\sign_to_text\\model.pth"}
2026-05-13 09:54:54,415 | INFO |   24 |  1.0250 |  88.2% |  1.4960 |  77.8% | 3.0e-04 | 147.5s *
2026-05-13 09:57:22,224 | INFO | {"event": "train_epoch_end", "timestamp": "2026-05-13T09:57:22", "epoch": 25, "train_loss": 0.987355, "train_acc": 89.106, "val_loss": 1.581596, "val_acc": 76.158, "lr": 0.0003, "elapsed_sec": 147.81, "best_val_acc": 77.787}
2026-05-13 09:57:22,224 | INFO |   25 |  0.9874 |  89.1% |  1.5816 |  76.2% | 3.0e-04 | 147.8s
2026-05-13 09:59:50,034 | INFO | {"event": "train_epoch_end", "timestamp": "2026-05-13T09:59:50", "epoch": 26, "train_loss": 0.982035, "train_acc": 89.129, "val_loss": 1.552719, "val_acc": 76.074, "lr": 0.0003, "elapsed_sec": 147.81, "best_val_acc": 77.787}
2026-05-13 09:59:50,035 | INFO |   26 |  0.9820 |  89.1% |  1.5527 |  76.1% | 3.0e-04 | 147.8s
2026-05-13 10:02:16,585 | INFO | {"event": "train_epoch_end", "timestamp": "2026-05-13T10:02:16", "epoch": 27, "train_loss": 0.960664, "train_acc": 89.679, "val_loss": 1.583691, "val_acc": 75.989, "lr": 0.0003, "elapsed_sec": 146.55, "best_val_acc": 77.787}
2026-05-13 10:02:16,586 | INFO |   27 |  0.9607 |  89.7% |  1.5837 |  76.0% | 3.0e-04 | 146.6s
2026-05-13 10:04:48,271 | INFO | {"event": "train_epoch_end", "timestamp": "2026-05-13T10:04:48", "epoch": 28, "train_loss": 0.952839, "train_acc": 89.814, "val_loss": 1.606026, "val_acc": 75.079, "lr": 0.0003, "elapsed_sec": 151.685, "best_val_acc": 77.787}
2026-05-13 10:04:48,272 | INFO |   28 |  0.9528 |  89.8% |  1.6060 |  75.1% | 3.0e-04 | 151.7s
2026-05-13 10:07:11,168 | INFO | {"event": "train_epoch_end", "timestamp": "2026-05-13T10:07:11", "epoch": 29, "train_loss": 0.943134, "train_acc": 90.03, "val_loss": 1.516073, "val_acc": 76.581, "lr": 0.0003, "elapsed_sec": 142.896, "best_val_acc": 77.787}
2026-05-13 10:07:11,168 | INFO |   29 |  0.9431 |  90.0% |  1.5161 |  76.6% | 3.0e-04 | 142.9s
2026-05-13 10:09:55,631 | INFO | {"event": "train_epoch_end", "timestamp": "2026-05-13T10:09:55", "epoch": 30, "train_loss": 0.983335, "train_acc": 89.133, "val_loss": 1.534963, "val_acc": 76.835, "lr": 0.00015, "elapsed_sec": 164.462, "best_val_acc": 77.787}
2026-05-13 10:09:55,632 | INFO |   30 |  0.9833 |  89.1% |  1.5350 |  76.8% | 1.5e-04 | 164.5s
2026-05-13 10:12:23,069 | INFO | {"event": "train_epoch_end", "timestamp": "2026-05-13T10:12:23", "epoch": 31, "train_loss": 0.926255, "train_acc": 90.544, "val_loss": 1.450547, "val_acc": 78.062, "lr": 0.00015, "elapsed_sec": 147.437, "best_val_acc": 77.787}
2026-05-13 10:12:23,108 | INFO | {"event": "train_best_checkpoint", "timestamp": "2026-05-13T10:12:23", "epoch": 31, "val_acc": 78.062, "model_path": "C:\\Users\\Joseph\\Desktop\\projects\\sign_to_text\\model.pth"}
2026-05-13 10:12:23,108 | INFO |   31 |  0.9263 |  90.5% |  1.4505 |  78.1% | 1.5e-04 | 147.4s *
2026-05-13 10:14:49,329 | INFO | {"event": "train_epoch_end", "timestamp": "2026-05-13T10:14:49", "epoch": 32, "train_loss": 0.908691, "train_acc": 91.013, "val_loss": 1.4253, "val_acc": 80.051, "lr": 0.00015, "elapsed_sec": 146.221, "best_val_acc": 78.062}
2026-05-13 10:14:49,363 | INFO | {"event": "train_best_checkpoint", "timestamp": "2026-05-13T10:14:49", "epoch": 32, "val_acc": 80.051, "model_path": "C:\\Users\\Joseph\\Desktop\\projects\\sign_to_text\\model.pth"}
2026-05-13 10:14:49,363 | INFO |   32 |  0.9087 |  91.0% |  1.4253 |  80.1% | 1.5e-04 | 146.2s *
2026-05-13 10:17:20,306 | INFO | {"event": "train_epoch_end", "timestamp": "2026-05-13T10:17:20", "epoch": 33, "train_loss": 0.958273, "train_acc": 89.888, "val_loss": 1.457988, "val_acc": 78.866, "lr": 0.00015, "elapsed_sec": 150.943, "best_val_acc": 80.051}
2026-05-13 10:17:20,306 | INFO |   33 |  0.9583 |  89.9% |  1.4580 |  78.9% | 1.5e-04 | 150.9s
2026-05-13 10:19:45,189 | INFO | {"event": "train_epoch_end", "timestamp": "2026-05-13T10:19:45", "epoch": 34, "train_loss": 0.898001, "train_acc": 91.22, "val_loss": 1.40919, "val_acc": 79.353, "lr": 0.00015, "elapsed_sec": 144.882, "best_val_acc": 80.051}
2026-05-13 10:19:45,190 | INFO |   34 |  0.8980 |  91.2% |  1.4092 |  79.4% | 1.5e-04 | 144.9s
2026-05-13 10:22:25,938 | INFO | {"event": "train_epoch_end", "timestamp": "2026-05-13T10:22:25", "epoch": 35, "train_loss": 0.909485, "train_acc": 90.829, "val_loss": 1.438483, "val_acc": 79.416, "lr": 0.00015, "elapsed_sec": 160.748, "best_val_acc": 80.051}
2026-05-13 10:22:25,939 | INFO |   35 |  0.9095 |  90.8% |  1.4385 |  79.4% | 1.5e-04 | 160.7s
2026-05-13 10:27:26,171 | INFO | {"event": "train_epoch_end", "timestamp": "2026-05-13T10:27:26", "epoch": 36, "train_loss": 0.907229, "train_acc": 91.085, "val_loss": 1.456101, "val_acc": 79.078, "lr": 0.00015, "elapsed_sec": 300.223, "best_val_acc": 80.051}
2026-05-13 10:27:26,176 | INFO |   36 |  0.9072 |  91.1% |  1.4561 |  79.1% | 1.5e-04 | 300.2s
2026-05-13 10:34:51,460 | INFO | {"event": "train_epoch_end", "timestamp": "2026-05-13T10:34:51", "epoch": 37, "train_loss": 0.878266, "train_acc": 91.57, "val_loss": 1.42979, "val_acc": 79.522, "lr": 0.00015, "elapsed_sec": 445.268, "best_val_acc": 80.051}
2026-05-13 10:34:51,478 | INFO |   37 |  0.8783 |  91.6% |  1.4298 |  79.5% | 1.5e-04 | 445.3s
2026-05-13 10:40:41,433 | INFO | {"event": "train_epoch_end", "timestamp": "2026-05-13T10:40:41", "epoch": 38, "train_loss": 0.929175, "train_acc": 90.506, "val_loss": 1.440532, "val_acc": 78.908, "lr": 7.5e-05, "elapsed_sec": 349.946, "best_val_acc": 80.051}
2026-05-13 10:40:41,443 | INFO |   38 |  0.9292 |  90.5% |  1.4405 |  78.9% | 7.5e-05 | 349.9s
2026-05-13 10:46:19,322 | INFO | {"event": "train_epoch_end", "timestamp": "2026-05-13T10:46:19", "epoch": 39, "train_loss": 0.922691, "train_acc": 90.618, "val_loss": 1.400723, "val_acc": 80.685, "lr": 7.5e-05, "elapsed_sec": 337.877, "best_val_acc": 80.051}
2026-05-13 10:46:19,415 | INFO | {"event": "train_best_checkpoint", "timestamp": "2026-05-13T10:46:19", "epoch": 39, "val_acc": 80.685, "model_path": "C:\\Users\\Joseph\\Desktop\\projects\\sign_to_text\\model.pth"}
2026-05-13 10:46:19,416 | INFO |   39 |  0.9227 |  90.6% |  1.4007 |  80.7% | 7.5e-05 | 337.9s *
2026-05-13 10:51:41,655 | INFO | {"event": "train_epoch_end", "timestamp": "2026-05-13T10:51:41", "epoch": 40, "train_loss": 0.925633, "train_acc": 90.461, "val_loss": 1.433091, "val_acc": 80.03, "lr": 7.5e-05, "elapsed_sec": 322.238, "best_val_acc": 80.685}
2026-05-13 10:51:41,656 | INFO |   40 |  0.9256 |  90.5% |  1.4331 |  80.0% | 7.5e-05 | 322.2s
2026-05-13 10:55:31,489 | INFO | {"event": "train_epoch_end", "timestamp": "2026-05-13T10:55:31", "epoch": 41, "train_loss": 0.883461, "train_acc": 91.521, "val_loss": 1.381767, "val_acc": 81.257, "lr": 7.5e-05, "elapsed_sec": 229.832, "best_val_acc": 80.685}
2026-05-13 10:55:31,549 | INFO | {"event": "train_best_checkpoint", "timestamp": "2026-05-13T10:55:31", "epoch": 41, "val_acc": 81.257, "model_path": "C:\\Users\\Joseph\\Desktop\\projects\\sign_to_text\\model.pth"}
2026-05-13 10:55:31,549 | INFO |   41 |  0.8835 |  91.5% |  1.3818 |  81.3% | 7.5e-05 | 229.8s *
2026-05-13 10:59:10,518 | INFO | {"event": "train_epoch_end", "timestamp": "2026-05-13T10:59:10", "epoch": 42, "train_loss": 0.904464, "train_acc": 91.082, "val_loss": 1.388553, "val_acc": 81.109, "lr": 7.5e-05, "elapsed_sec": 218.969, "best_val_acc": 81.257}
2026-05-13 10:59:10,518 | INFO |   42 |  0.9045 |  91.1% |  1.3886 |  81.1% | 7.5e-05 | 219.0s
2026-05-13 11:03:22,411 | INFO | {"event": "train_epoch_end", "timestamp": "2026-05-13T11:03:22", "epoch": 43, "train_loss": 0.904136, "train_acc": 91.155, "val_loss": 1.415471, "val_acc": 80.685, "lr": 7.5e-05, "elapsed_sec": 251.892, "best_val_acc": 81.257}
2026-05-13 11:03:22,412 | INFO |   43 |  0.9041 |  91.2% |  1.4155 |  80.7% | 7.5e-05 | 251.9s
2026-05-13 11:07:07,592 | INFO | {"event": "train_epoch_end", "timestamp": "2026-05-13T11:07:07", "epoch": 44, "train_loss": 0.868195, "train_acc": 91.739, "val_loss": 1.422388, "val_acc": 80.051, "lr": 7.5e-05, "elapsed_sec": 225.18, "best_val_acc": 81.257}
2026-05-13 11:07:07,593 | INFO |   44 |  0.8682 |  91.7% |  1.4224 |  80.1% | 7.5e-05 | 225.2s
2026-05-13 11:11:11,344 | INFO | {"event": "train_epoch_end", "timestamp": "2026-05-13T11:11:11", "epoch": 45, "train_loss": 0.882313, "train_acc": 91.352, "val_loss": 1.395782, "val_acc": 80.897, "lr": 7.5e-05, "elapsed_sec": 243.751, "best_val_acc": 81.257}
2026-05-13 11:11:11,344 | INFO |   45 |  0.8823 |  91.4% |  1.3958 |  80.9% | 7.5e-05 | 243.8s
2026-05-13 11:15:46,745 | INFO | {"event": "train_epoch_end", "timestamp": "2026-05-13T11:15:46", "epoch": 46, "train_loss": 0.85557, "train_acc": 92.112, "val_loss": 1.419777, "val_acc": 79.882, "lr": 7.5e-05, "elapsed_sec": 275.4, "best_val_acc": 81.257}
2026-05-13 11:15:46,746 | INFO |   46 |  0.8556 |  92.1% |  1.4198 |  79.9% | 7.5e-05 | 275.4s
2026-05-13 11:20:09,520 | INFO | {"event": "train_epoch_end", "timestamp": "2026-05-13T11:20:09", "epoch": 47, "train_loss": 0.897281, "train_acc": 91.022, "val_loss": 1.402373, "val_acc": 80.58, "lr": 3.75e-05, "elapsed_sec": 262.774, "best_val_acc": 81.257}
2026-05-13 11:20:09,521 | INFO |   47 |  0.8973 |  91.0% |  1.4024 |  80.6% | 3.7e-05 | 262.8s
2026-05-13 11:25:00,267 | INFO | {"event": "train_epoch_end", "timestamp": "2026-05-13T11:25:00", "epoch": 48, "train_loss": 0.874969, "train_acc": 91.681, "val_loss": 1.418155, "val_acc": 80.432, "lr": 3.75e-05, "elapsed_sec": 290.746, "best_val_acc": 81.257}
2026-05-13 11:25:00,268 | INFO |   48 |  0.8750 |  91.7% |  1.4182 |  80.4% | 3.7e-05 | 290.7s
2026-05-13 11:29:28,568 | INFO | {"event": "train_epoch_end", "timestamp": "2026-05-13T11:29:28", "epoch": 49, "train_loss": 0.865304, "train_acc": 91.923, "val_loss": 1.427831, "val_acc": 80.326, "lr": 3.75e-05, "elapsed_sec": 268.301, "best_val_acc": 81.257}
2026-05-13 11:29:28,568 | INFO |   49 |  0.8653 |  91.9% |  1.4278 |  80.3% | 3.7e-05 | 268.3s
2026-05-13 11:33:38,317 | INFO | {"event": "train_epoch_end", "timestamp": "2026-05-13T11:33:38", "epoch": 50, "train_loss": 0.868911, "train_acc": 91.87, "val_loss": 1.402861, "val_acc": 80.601, "lr": 3.75e-05, "elapsed_sec": 249.748, "best_val_acc": 81.257}
2026-05-13 11:33:38,318 | INFO |   50 |  0.8689 |  91.9% |  1.4029 |  80.6% | 3.7e-05 | 249.7s
2026-05-13 11:37:22,045 | INFO | {"event": "train_epoch_end", "timestamp": "2026-05-13T11:37:22", "epoch": 51, "train_loss": 0.875077, "train_acc": 91.581, "val_loss": 1.409567, "val_acc": 80.707, "lr": 3.75e-05, "elapsed_sec": 223.726, "best_val_acc": 81.257}
2026-05-13 11:37:22,046 | INFO |   51 |  0.8751 |  91.6% |  1.4096 |  80.7% | 3.7e-05 | 223.7s
2026-05-13 11:37:22,046 | INFO | [Early Stop] No improvement for 10 epochs. Stopping.
2026-05-13 11:37:22,047 | INFO | {"event": "train_early_stop", "timestamp": "2026-05-13T11:37:22", "epoch": 51, "patience": 10, "best_val_acc": 81.257}
2026-05-13 11:37:22,047 | INFO | [Train] Best val accuracy: 81.26%
2026-05-13 11:37:22,047 | INFO | [Train] Model saved to: C:\Users\Joseph\Desktop\projects\sign_to_text\model.pth
2026-05-13 11:37:22,048 | INFO | {"event": "train_loop_end", "timestamp": "2026-05-13T11:37:22", "best_val_acc": 81.257, "model_path": "C:\\Users\\Joseph\\Desktop\\projects\\sign_to_text\\model.pth"}
2026-05-13 11:37:22,167 | INFO | {"event": "train_end", "timestamp": "2026-05-13T11:37:22", "classes": 78, "num_classes": 78}
