2026-05-13 15:40:03,584 | INFO | Logger initialized for Video Augmentation
2026-05-13 15:40:03,584 | INFO | Log file: logs\Video_Augmentation_20260513_154003.log
2026-05-13 15:40:03,585 | INFO | {"event": "augment_start", "timestamp": "2026-05-13T15:40:03", "input_dir": "C:\\Users\\Joseph\\Desktop\\projects\\sign_to_text\\Dataset", "output_dir": "C:\\Users\\Joseph\\Desktop\\projects\\sign_to_text\\augmented_dataset", "max_videos_per_class": 900, "class_only": "1. loud"}
2026-05-13 15:43:03,132 | INFO | {"event": "augment_class_complete", "timestamp": "2026-05-13T15:43:03", "class_name": "1. loud", "originals_copied": 10, "augmented_written": 330, "total_output": 340}
2026-05-13 15:43:03,133 | INFO | {"event": "augment_end", "timestamp": "2026-05-13T15:43:03", "output_dir": "C:\\Users\\Joseph\\Desktop\\projects\\sign_to_text\\augmented_dataset", "total_classes": 1, "stats": {"1. loud": {"originals_copied": 10, "augmented_written": 330, "total_output": 340}}}
2026-05-13 15:43:03,135 | INFO | {"event": "augment_start", "timestamp": "2026-05-13T15:43:03", "input_dir": "C:\\Users\\Joseph\\Desktop\\projects\\sign_to_text\\Dataset", "output_dir": "C:\\Users\\Joseph\\Desktop\\projects\\sign_to_text\\augmented_dataset", "max_videos_per_class": 900, "class_only": "10. Mean"}
2026-05-13 15:44:48,131 | INFO | {"event": "augment_class_complete", "timestamp": "2026-05-13T15:44:48", "class_name": "10. Mean", "originals_copied": 8, "augmented_written": 264, "total_output": 272}
2026-05-13 15:44:48,131 | INFO | {"event": "augment_end", "timestamp": "2026-05-13T15:44:48", "output_dir": "C:\\Users\\Joseph\\Desktop\\projects\\sign_to_text\\augmented_dataset", "total_classes": 1, "stats": {"10. Mean": {"originals_copied": 8, "augmented_written": 264, "total_output": 272}}}
2026-05-13 15:44:48,132 | INFO | {"event": "augment_start", "timestamp": "2026-05-13T15:44:48", "input_dir": "C:\\Users\\Joseph\\Desktop\\projects\\sign_to_text\\Dataset", "output_dir": "C:\\Users\\Joseph\\Desktop\\projects\\sign_to_text\\augmented_dataset", "max_videos_per_class": 900, "class_only": "11. rich"}
2026-05-13 15:46:43,867 | INFO | {"event": "augment_class_complete", "timestamp": "2026-05-13T15:46:43", "class_name": "11. rich", "originals_copied": 8, "augmented_written": 264, "total_output": 272}
2026-05-13 15:46:43,867 | INFO | {"event": "augment_end", "timestamp": "2026-05-13T15:46:43", "output_dir": "C:\\Users\\Joseph\\Desktop\\projects\\sign_to_text\\augmented_dataset", "total_classes": 1, "stats": {"11. rich": {"originals_copied": 8, "augmented_written": 264, "total_output": 272}}}
2026-05-13 15:46:43,868 | INFO | {"event": "augment_start", "timestamp": "2026-05-13T15:46:43", "input_dir": "C:\\Users\\Joseph\\Desktop\\projects\\sign_to_text\\Dataset", "output_dir": "C:\\Users\\Joseph\\Desktop\\projects\\sign_to_text\\augmented_dataset", "max_videos_per_class": 900, "class_only": "12. poor"}
2026-05-13 15:48:46,281 | INFO | {"event": "augment_class_complete", "timestamp": "2026-05-13T15:48:46", "class_name": "12. poor", "originals_copied": 8, "augmented_written": 264, "total_output": 272}
2026-05-13 15:48:46,281 | INFO | {"event": "augment_end", "timestamp": "2026-05-13T15:48:46", "output_dir": "C:\\Users\\Joseph\\Desktop\\projects\\sign_to_text\\augmented_dataset", "total_classes": 1, "stats": {"12. poor": {"originals_copied": 8, "augmented_written": 264, "total_output": 272}}}
2026-05-13 15:48:46,282 | INFO | {"event": "augment_start", "timestamp": "2026-05-13T15:48:46", "input_dir": "C:\\Users\\Joseph\\Desktop\\projects\\sign_to_text\\Dataset", "output_dir": "C:\\Users\\Joseph\\Desktop\\projects\\sign_to_text\\augmented_dataset", "max_videos_per_class": 900, "class_only": "13. thick"}
2026-05-13 15:50:38,175 | INFO | {"event": "augment_class_complete", "timestamp": "2026-05-13T15:50:38", "class_name": "13. thick", "originals_copied": 8, "augmented_written": 264, "total_output": 272}
2026-05-13 15:50:38,176 | INFO | {"event": "augment_end", "timestamp": "2026-05-13T15:50:38", "output_dir": "C:\\Users\\Joseph\\Desktop\\projects\\sign_to_text\\augmented_dataset", "total_classes": 1, "stats": {"13. thick": {"originals_copied": 8, "augmented_written": 264, "total_output": 272}}}
2026-05-13 15:50:38,178 | INFO | {"event": "augment_start", "timestamp": "2026-05-13T15:50:38", "input_dir": "C:\\Users\\Joseph\\Desktop\\projects\\sign_to_text\\Dataset", "output_dir": "C:\\Users\\Joseph\\Desktop\\projects\\sign_to_text\\augmented_dataset", "max_videos_per_class": 900, "class_only": "14. thin"}
2026-05-13 15:51:25,074 | INFO | {"event": "augment_class_complete", "timestamp": "2026-05-13T15:51:25", "class_name": "14. thin", "originals_copied": 4, "augmented_written": 132, "total_output": 136}
2026-05-13 15:51:25,075 | INFO | {"event": "augment_end", "timestamp": "2026-05-13T15:51:25", "output_dir": "C:\\Users\\Joseph\\Desktop\\projects\\sign_to_text\\augmented_dataset", "total_classes": 1, "stats": {"14. thin": {"originals_copied": 4, "augmented_written": 132, "total_output": 136}}}
2026-05-13 15:51:25,076 | INFO | {"event": "augment_start", "timestamp": "2026-05-13T15:51:25", "input_dir": "C:\\Users\\Joseph\\Desktop\\projects\\sign_to_text\\Dataset", "output_dir": "C:\\Users\\Joseph\\Desktop\\projects\\sign_to_text\\augmented_dataset", "max_videos_per_class": 900, "class_only": "15. expensive"}
2026-05-13 15:52:57,071 | INFO | {"event": "augment_class_complete", "timestamp": "2026-05-13T15:52:57", "class_name": "15. expensive", "originals_copied": 8, "augmented_written": 264, "total_output": 272}
2026-05-13 15:52:57,072 | INFO | {"event": "augment_end", "timestamp": "2026-05-13T15:52:57", "output_dir": "C:\\Users\\Joseph\\Desktop\\projects\\sign_to_text\\augmented_dataset", "total_classes": 1, "stats": {"15. expensive": {"originals_copied": 8, "augmented_written": 264, "total_output": 272}}}
2026-05-13 15:52:57,073 | INFO | {"event": "augment_start", "timestamp": "2026-05-13T15:52:57", "input_dir": "C:\\Users\\Joseph\\Desktop\\projects\\sign_to_text\\Dataset", "output_dir": "C:\\Users\\Joseph\\Desktop\\projects\\sign_to_text\\augmented_dataset", "max_videos_per_class": 900, "class_only": "16. cheap"}
2026-05-13 15:54:28,827 | INFO | {"event": "augment_class_complete", "timestamp": "2026-05-13T15:54:28", "class_name": "16. cheap", "originals_copied": 8, "augmented_written": 264, "total_output": 272}
2026-05-13 15:54:28,828 | INFO | {"event": "augment_end", "timestamp": "2026-05-13T15:54:28", "output_dir": "C:\\Users\\Joseph\\Desktop\\projects\\sign_to_text\\augmented_dataset", "total_classes": 1, "stats": {"16. cheap": {"originals_copied": 8, "augmented_written": 264, "total_output": 272}}}
2026-05-13 15:54:28,829 | INFO | {"event": "augment_start", "timestamp": "2026-05-13T15:54:28", "input_dir": "C:\\Users\\Joseph\\Desktop\\projects\\sign_to_text\\Dataset", "output_dir": "C:\\Users\\Joseph\\Desktop\\projects\\sign_to_text\\augmented_dataset", "max_videos_per_class": 900, "class_only": "17. flat"}
2026-05-13 15:55:59,176 | INFO | {"event": "augment_class_complete", "timestamp": "2026-05-13T15:55:59", "class_name": "17. flat", "originals_copied": 8, "augmented_written": 264, "total_output": 272}
2026-05-13 15:55:59,177 | INFO | {"event": "augment_end", "timestamp": "2026-05-13T15:55:59", "output_dir": "C:\\Users\\Joseph\\Desktop\\projects\\sign_to_text\\augmented_dataset", "total_classes": 1, "stats": {"17. flat": {"originals_copied": 8, "augmented_written": 264, "total_output": 272}}}
2026-05-13 15:55:59,179 | INFO | {"event": "augment_start", "timestamp": "2026-05-13T15:55:59", "input_dir": "C:\\Users\\Joseph\\Desktop\\projects\\sign_to_text\\Dataset", "output_dir": "C:\\Users\\Joseph\\Desktop\\projects\\sign_to_text\\augmented_dataset", "max_videos_per_class": 900, "class_only": "18. curved"}
2026-05-13 15:57:50,603 | INFO | {"event": "augment_class_complete", "timestamp": "2026-05-13T15:57:50", "class_name": "18. curved", "originals_copied": 8, "augmented_written": 264, "total_output": 272}
2026-05-13 15:57:50,603 | INFO | {"event": "augment_end", "timestamp": "2026-05-13T15:57:50", "output_dir": "C:\\Users\\Joseph\\Desktop\\projects\\sign_to_text\\augmented_dataset", "total_classes": 1, "stats": {"18. curved": {"originals_copied": 8, "augmented_written": 264, "total_output": 272}}}
2026-05-13 15:57:50,604 | INFO | {"event": "augment_start", "timestamp": "2026-05-13T15:57:50", "input_dir": "C:\\Users\\Joseph\\Desktop\\projects\\sign_to_text\\Dataset", "output_dir": "C:\\Users\\Joseph\\Desktop\\projects\\sign_to_text\\augmented_dataset", "max_videos_per_class": 900, "class_only": "19. male"}
2026-05-13 15:59:17,530 | INFO | {"event": "augment_class_complete", "timestamp": "2026-05-13T15:59:17", "class_name": "19. male", "originals_copied": 8, "augmented_written": 264, "total_output": 272}
2026-05-13 15:59:17,531 | INFO | {"event": "augment_end", "timestamp": "2026-05-13T15:59:17", "output_dir": "C:\\Users\\Joseph\\Desktop\\projects\\sign_to_text\\augmented_dataset", "total_classes": 1, "stats": {"19. male": {"originals_copied": 8, "augmented_written": 264, "total_output": 272}}}
2026-05-13 15:59:17,531 | INFO | {"event": "augment_start", "timestamp": "2026-05-13T15:59:17", "input_dir": "C:\\Users\\Joseph\\Desktop\\projects\\sign_to_text\\Dataset", "output_dir": "C:\\Users\\Joseph\\Desktop\\projects\\sign_to_text\\augmented_dataset", "max_videos_per_class": 900, "class_only": "2. quiet"}
2026-05-13 16:00:56,838 | INFO | {"event": "augment_class_complete", "timestamp": "2026-05-13T16:00:56", "class_name": "2. quiet", "originals_copied": 8, "augmented_written": 264, "total_output": 272}
2026-05-13 16:00:56,839 | INFO | {"event": "augment_end", "timestamp": "2026-05-13T16:00:56", "output_dir": "C:\\Users\\Joseph\\Desktop\\projects\\sign_to_text\\augmented_dataset", "total_classes": 1, "stats": {"2. quiet": {"originals_copied": 8, "augmented_written": 264, "total_output": 272}}}
2026-05-13 16:00:56,840 | INFO | {"event": "augment_start", "timestamp": "2026-05-13T16:00:56", "input_dir": "C:\\Users\\Joseph\\Desktop\\projects\\sign_to_text\\Dataset", "output_dir": "C:\\Users\\Joseph\\Desktop\\projects\\sign_to_text\\augmented_dataset", "max_videos_per_class": 900, "class_only": "20. female"}
2026-05-13 16:02:13,518 | INFO | {"event": "augment_class_complete", "timestamp": "2026-05-13T16:02:13", "class_name": "20. female", "originals_copied": 8, "augmented_written": 264, "total_output": 272}
2026-05-13 16:02:13,518 | INFO | {"event": "augment_end", "timestamp": "2026-05-13T16:02:13", "output_dir": "C:\\Users\\Joseph\\Desktop\\projects\\sign_to_text\\augmented_dataset", "total_classes": 1, "stats": {"20. female": {"originals_copied": 8, "augmented_written": 264, "total_output": 272}}}
2026-05-13 16:02:13,519 | INFO | {"event": "augment_start", "timestamp": "2026-05-13T16:02:13", "input_dir": "C:\\Users\\Joseph\\Desktop\\projects\\sign_to_text\\Dataset", "output_dir": "C:\\Users\\Joseph\\Desktop\\projects\\sign_to_text\\augmented_dataset", "max_videos_per_class": 900, "class_only": "21. tight"}
2026-05-13 16:03:42,852 | INFO | {"event": "augment_class_complete", "timestamp": "2026-05-13T16:03:42", "class_name": "21. tight", "originals_copied": 8, "augmented_written": 264, "total_output": 272}
2026-05-13 16:03:42,852 | INFO | {"event": "augment_end", "timestamp": "2026-05-13T16:03:42", "output_dir": "C:\\Users\\Joseph\\Desktop\\projects\\sign_to_text\\augmented_dataset", "total_classes": 1, "stats": {"21. tight": {"originals_copied": 8, "augmented_written": 264, "total_output": 272}}}
2026-05-13 16:03:42,853 | INFO | {"event": "augment_start", "timestamp": "2026-05-13T16:03:42", "input_dir": "C:\\Users\\Joseph\\Desktop\\projects\\sign_to_text\\Dataset", "output_dir": "C:\\Users\\Joseph\\Desktop\\projects\\sign_to_text\\augmented_dataset", "max_videos_per_class": 900, "class_only": "22. loose"}
2026-05-13 16:05:22,121 | INFO | {"event": "augment_class_complete", "timestamp": "2026-05-13T16:05:22", "class_name": "22. loose", "originals_copied": 8, "augmented_written": 264, "total_output": 272}
2026-05-13 16:05:22,122 | INFO | {"event": "augment_end", "timestamp": "2026-05-13T16:05:22", "output_dir": "C:\\Users\\Joseph\\Desktop\\projects\\sign_to_text\\augmented_dataset", "total_classes": 1, "stats": {"22. loose": {"originals_copied": 8, "augmented_written": 264, "total_output": 272}}}
2026-05-13 16:05:22,122 | INFO | {"event": "augment_start", "timestamp": "2026-05-13T16:05:22", "input_dir": "C:\\Users\\Joseph\\Desktop\\projects\\sign_to_text\\Dataset", "output_dir": "C:\\Users\\Joseph\\Desktop\\projects\\sign_to_text\\augmented_dataset", "max_videos_per_class": 900, "class_only": "23. high"}
2026-05-13 16:06:53,091 | INFO | {"event": "augment_class_complete", "timestamp": "2026-05-13T16:06:53", "class_name": "23. high", "originals_copied": 8, "augmented_written": 264, "total_output": 272}
2026-05-13 16:06:53,091 | INFO | {"event": "augment_end", "timestamp": "2026-05-13T16:06:53", "output_dir": "C:\\Users\\Joseph\\Desktop\\projects\\sign_to_text\\augmented_dataset", "total_classes": 1, "stats": {"23. high": {"originals_copied": 8, "augmented_written": 264, "total_output": 272}}}
2026-05-13 16:06:53,092 | INFO | {"event": "augment_start", "timestamp": "2026-05-13T16:06:53", "input_dir": "C:\\Users\\Joseph\\Desktop\\projects\\sign_to_text\\Dataset", "output_dir": "C:\\Users\\Joseph\\Desktop\\projects\\sign_to_text\\augmented_dataset", "max_videos_per_class": 900, "class_only": "24. low"}
2026-05-13 16:08:44,982 | INFO | {"event": "augment_class_complete", "timestamp": "2026-05-13T16:08:44", "class_name": "24. low", "originals_copied": 8, "augmented_written": 264, "total_output": 272}
2026-05-13 16:08:44,983 | INFO | {"event": "augment_end", "timestamp": "2026-05-13T16:08:44", "output_dir": "C:\\Users\\Joseph\\Desktop\\projects\\sign_to_text\\augmented_dataset", "total_classes": 1, "stats": {"24. low": {"originals_copied": 8, "augmented_written": 264, "total_output": 272}}}
2026-05-13 16:08:44,983 | INFO | {"event": "augment_start", "timestamp": "2026-05-13T16:08:44", "input_dir": "C:\\Users\\Joseph\\Desktop\\projects\\sign_to_text\\Dataset", "output_dir": "C:\\Users\\Joseph\\Desktop\\projects\\sign_to_text\\augmented_dataset", "max_videos_per_class": 900, "class_only": "25. soft"}
2026-05-13 16:10:40,025 | INFO | {"event": "augment_class_complete", "timestamp": "2026-05-13T16:10:40", "class_name": "25. soft", "originals_copied": 8, "augmented_written": 264, "total_output": 272}
2026-05-13 16:10:40,026 | INFO | {"event": "augment_end", "timestamp": "2026-05-13T16:10:40", "output_dir": "C:\\Users\\Joseph\\Desktop\\projects\\sign_to_text\\augmented_dataset", "total_classes": 1, "stats": {"25. soft": {"originals_copied": 8, "augmented_written": 264, "total_output": 272}}}
2026-05-13 16:10:40,027 | INFO | {"event": "augment_start", "timestamp": "2026-05-13T16:10:40", "input_dir": "C:\\Users\\Joseph\\Desktop\\projects\\sign_to_text\\Dataset", "output_dir": "C:\\Users\\Joseph\\Desktop\\projects\\sign_to_text\\augmented_dataset", "max_videos_per_class": 900, "class_only": "26. hard"}
2026-05-13 16:12:41,955 | INFO | {"event": "augment_class_complete", "timestamp": "2026-05-13T16:12:41", "class_name": "26. hard", "originals_copied": 8, "augmented_written": 264, "total_output": 272}
2026-05-13 16:12:41,956 | INFO | {"event": "augment_end", "timestamp": "2026-05-13T16:12:41", "output_dir": "C:\\Users\\Joseph\\Desktop\\projects\\sign_to_text\\augmented_dataset", "total_classes": 1, "stats": {"26. hard": {"originals_copied": 8, "augmented_written": 264, "total_output": 272}}}
2026-05-13 16:12:41,956 | INFO | {"event": "augment_start", "timestamp": "2026-05-13T16:12:41", "input_dir": "C:\\Users\\Joseph\\Desktop\\projects\\sign_to_text\\Dataset", "output_dir": "C:\\Users\\Joseph\\Desktop\\projects\\sign_to_text\\augmented_dataset", "max_videos_per_class": 900, "class_only": "27. deep"}
2026-05-13 16:14:47,905 | INFO | {"event": "augment_class_complete", "timestamp": "2026-05-13T16:14:47", "class_name": "27. deep", "originals_copied": 8, "augmented_written": 264, "total_output": 272}
2026-05-13 16:14:47,906 | INFO | {"event": "augment_end", "timestamp": "2026-05-13T16:14:47", "output_dir": "C:\\Users\\Joseph\\Desktop\\projects\\sign_to_text\\augmented_dataset", "total_classes": 1, "stats": {"27. deep": {"originals_copied": 8, "augmented_written": 264, "total_output": 272}}}
2026-05-13 16:14:47,907 | INFO | {"event": "augment_start", "timestamp": "2026-05-13T16:14:47", "input_dir": "C:\\Users\\Joseph\\Desktop\\projects\\sign_to_text\\Dataset", "output_dir": "C:\\Users\\Joseph\\Desktop\\projects\\sign_to_text\\augmented_dataset", "max_videos_per_class": 900, "class_only": "28. shallow"}
2026-05-13 16:17:49,395 | INFO | {"event": "augment_class_complete", "timestamp": "2026-05-13T16:17:49", "class_name": "28. shallow", "originals_copied": 8, "augmented_written": 264, "total_output": 272}
2026-05-13 16:17:49,395 | INFO | {"event": "augment_end", "timestamp": "2026-05-13T16:17:49", "output_dir": "C:\\Users\\Joseph\\Desktop\\projects\\sign_to_text\\augmented_dataset", "total_classes": 1, "stats": {"28. shallow": {"originals_copied": 8, "augmented_written": 264, "total_output": 272}}}
2026-05-13 16:17:49,396 | INFO | {"event": "augment_start", "timestamp": "2026-05-13T16:17:49", "input_dir": "C:\\Users\\Joseph\\Desktop\\projects\\sign_to_text\\Dataset", "output_dir": "C:\\Users\\Joseph\\Desktop\\projects\\sign_to_text\\augmented_dataset", "max_videos_per_class": 900, "class_only": "29. clean"}
2026-05-13 16:19:46,934 | INFO | {"event": "augment_class_complete", "timestamp": "2026-05-13T16:19:46", "class_name": "29. clean", "originals_copied": 8, "augmented_written": 264, "total_output": 272}
2026-05-13 16:19:46,935 | INFO | {"event": "augment_end", "timestamp": "2026-05-13T16:19:46", "output_dir": "C:\\Users\\Joseph\\Desktop\\projects\\sign_to_text\\augmented_dataset", "total_classes": 1, "stats": {"29. clean": {"originals_copied": 8, "augmented_written": 264, "total_output": 272}}}
2026-05-13 16:19:46,936 | INFO | {"event": "augment_start", "timestamp": "2026-05-13T16:19:46", "input_dir": "C:\\Users\\Joseph\\Desktop\\projects\\sign_to_text\\Dataset", "output_dir": "C:\\Users\\Joseph\\Desktop\\projects\\sign_to_text\\augmented_dataset", "max_videos_per_class": 900, "class_only": "3. happy"}
2026-05-13 16:21:39,835 | INFO | {"event": "augment_class_complete", "timestamp": "2026-05-13T16:21:39", "class_name": "3. happy", "originals_copied": 8, "augmented_written": 264, "total_output": 272}
2026-05-13 16:21:39,836 | INFO | {"event": "augment_end", "timestamp": "2026-05-13T16:21:39", "output_dir": "C:\\Users\\Joseph\\Desktop\\projects\\sign_to_text\\augmented_dataset", "total_classes": 1, "stats": {"3. happy": {"originals_copied": 8, "augmented_written": 264, "total_output": 272}}}
2026-05-13 16:21:39,836 | INFO | {"event": "augment_start", "timestamp": "2026-05-13T16:21:39", "input_dir": "C:\\Users\\Joseph\\Desktop\\projects\\sign_to_text\\Dataset", "output_dir": "C:\\Users\\Joseph\\Desktop\\projects\\sign_to_text\\augmented_dataset", "max_videos_per_class": 900, "class_only": "30. dirty"}
2026-05-13 16:23:43,792 | INFO | {"event": "augment_class_complete", "timestamp": "2026-05-13T16:23:43", "class_name": "30. dirty", "originals_copied": 8, "augmented_written": 264, "total_output": 272}
2026-05-13 16:23:43,793 | INFO | {"event": "augment_end", "timestamp": "2026-05-13T16:23:43", "output_dir": "C:\\Users\\Joseph\\Desktop\\projects\\sign_to_text\\augmented_dataset", "total_classes": 1, "stats": {"30. dirty": {"originals_copied": 8, "augmented_written": 264, "total_output": 272}}}
2026-05-13 16:23:43,793 | INFO | {"event": "augment_start", "timestamp": "2026-05-13T16:23:43", "input_dir": "C:\\Users\\Joseph\\Desktop\\projects\\sign_to_text\\Dataset", "output_dir": "C:\\Users\\Joseph\\Desktop\\projects\\sign_to_text\\augmented_dataset", "max_videos_per_class": 900, "class_only": "31. strong"}
2026-05-13 16:25:26,994 | INFO | {"event": "augment_class_complete", "timestamp": "2026-05-13T16:25:26", "class_name": "31. strong", "originals_copied": 8, "augmented_written": 264, "total_output": 272}
2026-05-13 16:25:26,995 | INFO | {"event": "augment_end", "timestamp": "2026-05-13T16:25:26", "output_dir": "C:\\Users\\Joseph\\Desktop\\projects\\sign_to_text\\augmented_dataset", "total_classes": 1, "stats": {"31. strong": {"originals_copied": 8, "augmented_written": 264, "total_output": 272}}}
2026-05-13 16:25:26,997 | INFO | {"event": "augment_start", "timestamp": "2026-05-13T16:25:26", "input_dir": "C:\\Users\\Joseph\\Desktop\\projects\\sign_to_text\\Dataset", "output_dir": "C:\\Users\\Joseph\\Desktop\\projects\\sign_to_text\\augmented_dataset", "max_videos_per_class": 900, "class_only": "32. weak"}
2026-05-13 16:27:22,248 | INFO | {"event": "augment_class_complete", "timestamp": "2026-05-13T16:27:22", "class_name": "32. weak", "originals_copied": 8, "augmented_written": 264, "total_output": 272}
2026-05-13 16:27:22,248 | INFO | {"event": "augment_end", "timestamp": "2026-05-13T16:27:22", "output_dir": "C:\\Users\\Joseph\\Desktop\\projects\\sign_to_text\\augmented_dataset", "total_classes": 1, "stats": {"32. weak": {"originals_copied": 8, "augmented_written": 264, "total_output": 272}}}
2026-05-13 16:27:22,249 | INFO | {"event": "augment_start", "timestamp": "2026-05-13T16:27:22", "input_dir": "C:\\Users\\Joseph\\Desktop\\projects\\sign_to_text\\Dataset", "output_dir": "C:\\Users\\Joseph\\Desktop\\projects\\sign_to_text\\augmented_dataset", "max_videos_per_class": 900, "class_only": "33. dead"}
2026-05-13 16:28:45,899 | INFO | {"event": "augment_class_complete", "timestamp": "2026-05-13T16:28:45", "class_name": "33. dead", "originals_copied": 8, "augmented_written": 264, "total_output": 272}
2026-05-13 16:28:45,899 | INFO | {"event": "augment_end", "timestamp": "2026-05-13T16:28:45", "output_dir": "C:\\Users\\Joseph\\Desktop\\projects\\sign_to_text\\augmented_dataset", "total_classes": 1, "stats": {"33. dead": {"originals_copied": 8, "augmented_written": 264, "total_output": 272}}}
2026-05-13 16:28:45,900 | INFO | {"event": "augment_start", "timestamp": "2026-05-13T16:28:45", "input_dir": "C:\\Users\\Joseph\\Desktop\\projects\\sign_to_text\\Dataset", "output_dir": "C:\\Users\\Joseph\\Desktop\\projects\\sign_to_text\\augmented_dataset", "max_videos_per_class": 900, "class_only": "34. alive"}
2026-05-13 16:29:59,162 | INFO | {"event": "augment_class_complete", "timestamp": "2026-05-13T16:29:59", "class_name": "34. alive", "originals_copied": 8, "augmented_written": 264, "total_output": 272}
2026-05-13 16:29:59,163 | INFO | {"event": "augment_end", "timestamp": "2026-05-13T16:29:59", "output_dir": "C:\\Users\\Joseph\\Desktop\\projects\\sign_to_text\\augmented_dataset", "total_classes": 1, "stats": {"34. alive": {"originals_copied": 8, "augmented_written": 264, "total_output": 272}}}
2026-05-13 16:29:59,165 | INFO | {"event": "augment_start", "timestamp": "2026-05-13T16:29:59", "input_dir": "C:\\Users\\Joseph\\Desktop\\projects\\sign_to_text\\Dataset", "output_dir": "C:\\Users\\Joseph\\Desktop\\projects\\sign_to_text\\augmented_dataset", "max_videos_per_class": 900, "class_only": "35. heavy"}
2026-05-13 16:31:29,649 | INFO | {"event": "augment_class_complete", "timestamp": "2026-05-13T16:31:29", "class_name": "35. heavy", "originals_copied": 8, "augmented_written": 264, "total_output": 272}
2026-05-13 16:31:29,650 | INFO | {"event": "augment_end", "timestamp": "2026-05-13T16:31:29", "output_dir": "C:\\Users\\Joseph\\Desktop\\projects\\sign_to_text\\augmented_dataset", "total_classes": 1, "stats": {"35. heavy": {"originals_copied": 8, "augmented_written": 264, "total_output": 272}}}
2026-05-13 16:31:29,650 | INFO | {"event": "augment_start", "timestamp": "2026-05-13T16:31:29", "input_dir": "C:\\Users\\Joseph\\Desktop\\projects\\sign_to_text\\Dataset", "output_dir": "C:\\Users\\Joseph\\Desktop\\projects\\sign_to_text\\augmented_dataset", "max_videos_per_class": 900, "class_only": "36. light"}
2026-05-13 16:33:00,264 | INFO | {"event": "augment_class_complete", "timestamp": "2026-05-13T16:33:00", "class_name": "36. light", "originals_copied": 8, "augmented_written": 264, "total_output": 272}
2026-05-13 16:33:00,264 | INFO | {"event": "augment_end", "timestamp": "2026-05-13T16:33:00", "output_dir": "C:\\Users\\Joseph\\Desktop\\projects\\sign_to_text\\augmented_dataset", "total_classes": 1, "stats": {"36. light": {"originals_copied": 8, "augmented_written": 264, "total_output": 272}}}
2026-05-13 16:33:00,265 | INFO | {"event": "augment_start", "timestamp": "2026-05-13T16:33:00", "input_dir": "C:\\Users\\Joseph\\Desktop\\projects\\sign_to_text\\Dataset", "output_dir": "C:\\Users\\Joseph\\Desktop\\projects\\sign_to_text\\augmented_dataset", "max_videos_per_class": 900, "class_only": "39. famous"}
2026-05-13 16:34:13,701 | INFO | {"event": "augment_class_complete", "timestamp": "2026-05-13T16:34:13", "class_name": "39. famous", "originals_copied": 8, "augmented_written": 264, "total_output": 272}
2026-05-13 16:34:13,702 | INFO | {"event": "augment_end", "timestamp": "2026-05-13T16:34:13", "output_dir": "C:\\Users\\Joseph\\Desktop\\projects\\sign_to_text\\augmented_dataset", "total_classes": 1, "stats": {"39. famous": {"originals_copied": 8, "augmented_written": 264, "total_output": 272}}}
2026-05-13 16:34:13,702 | INFO | {"event": "augment_start", "timestamp": "2026-05-13T16:34:13", "input_dir": "C:\\Users\\Joseph\\Desktop\\projects\\sign_to_text\\Dataset", "output_dir": "C:\\Users\\Joseph\\Desktop\\projects\\sign_to_text\\augmented_dataset", "max_videos_per_class": 900, "class_only": "4. sad"}
2026-05-13 16:35:43,161 | INFO | {"event": "augment_class_complete", "timestamp": "2026-05-13T16:35:43", "class_name": "4. sad", "originals_copied": 8, "augmented_written": 264, "total_output": 272}
2026-05-13 16:35:43,163 | INFO | {"event": "augment_end", "timestamp": "2026-05-13T16:35:43", "output_dir": "C:\\Users\\Joseph\\Desktop\\projects\\sign_to_text\\augmented_dataset", "total_classes": 1, "stats": {"4. sad": {"originals_copied": 8, "augmented_written": 264, "total_output": 272}}}
2026-05-13 16:35:43,163 | INFO | {"event": "augment_start", "timestamp": "2026-05-13T16:35:43", "input_dir": "C:\\Users\\Joseph\\Desktop\\projects\\sign_to_text\\Dataset", "output_dir": "C:\\Users\\Joseph\\Desktop\\projects\\sign_to_text\\augmented_dataset", "max_videos_per_class": 900, "class_only": "40. I"}
2026-05-13 16:39:36,578 | INFO | {"event": "augment_class_complete", "timestamp": "2026-05-13T16:39:36", "class_name": "40. I", "originals_copied": 21, "augmented_written": 693, "total_output": 714}
2026-05-13 16:39:36,579 | INFO | {"event": "augment_end", "timestamp": "2026-05-13T16:39:36", "output_dir": "C:\\Users\\Joseph\\Desktop\\projects\\sign_to_text\\augmented_dataset", "total_classes": 1, "stats": {"40. I": {"originals_copied": 21, "augmented_written": 693, "total_output": 714}}}
2026-05-13 16:39:36,579 | INFO | {"event": "augment_start", "timestamp": "2026-05-13T16:39:36", "input_dir": "C:\\Users\\Joseph\\Desktop\\projects\\sign_to_text\\Dataset", "output_dir": "C:\\Users\\Joseph\\Desktop\\projects\\sign_to_text\\augmented_dataset", "max_videos_per_class": 900, "class_only": "42. he"}
2026-05-13 16:44:07,425 | INFO | {"event": "augment_class_complete", "timestamp": "2026-05-13T16:44:07", "class_name": "42. he", "originals_copied": 21, "augmented_written": 693, "total_output": 714}
2026-05-13 16:44:07,426 | INFO | {"event": "augment_end", "timestamp": "2026-05-13T16:44:07", "output_dir": "C:\\Users\\Joseph\\Desktop\\projects\\sign_to_text\\augmented_dataset", "total_classes": 1, "stats": {"42. he": {"originals_copied": 21, "augmented_written": 693, "total_output": 714}}}
2026-05-13 16:44:07,426 | INFO | {"event": "augment_start", "timestamp": "2026-05-13T16:44:07", "input_dir": "C:\\Users\\Joseph\\Desktop\\projects\\sign_to_text\\Dataset", "output_dir": "C:\\Users\\Joseph\\Desktop\\projects\\sign_to_text\\augmented_dataset", "max_videos_per_class": 900, "class_only": "43. she"}
2026-05-13 16:48:31,768 | INFO | {"event": "augment_class_complete", "timestamp": "2026-05-13T16:48:31", "class_name": "43. she", "originals_copied": 21, "augmented_written": 693, "total_output": 714}
2026-05-13 16:48:31,768 | INFO | {"event": "augment_end", "timestamp": "2026-05-13T16:48:31", "output_dir": "C:\\Users\\Joseph\\Desktop\\projects\\sign_to_text\\augmented_dataset", "total_classes": 1, "stats": {"43. she": {"originals_copied": 21, "augmented_written": 693, "total_output": 714}}}
2026-05-13 16:48:31,769 | INFO | {"event": "augment_start", "timestamp": "2026-05-13T16:48:31", "input_dir": "C:\\Users\\Joseph\\Desktop\\projects\\sign_to_text\\Dataset", "output_dir": "C:\\Users\\Joseph\\Desktop\\projects\\sign_to_text\\augmented_dataset", "max_videos_per_class": 900, "class_only": "44. it"}
2026-05-13 16:51:58,769 | INFO | {"event": "augment_class_complete", "timestamp": "2026-05-13T16:51:58", "class_name": "44. it", "originals_copied": 21, "augmented_written": 693, "total_output": 714}
2026-05-13 16:51:58,770 | INFO | {"event": "augment_end", "timestamp": "2026-05-13T16:51:58", "output_dir": "C:\\Users\\Joseph\\Desktop\\projects\\sign_to_text\\augmented_dataset", "total_classes": 1, "stats": {"44. it": {"originals_copied": 21, "augmented_written": 693, "total_output": 714}}}
2026-05-13 16:51:58,770 | INFO | {"event": "augment_start", "timestamp": "2026-05-13T16:51:58", "input_dir": "C:\\Users\\Joseph\\Desktop\\projects\\sign_to_text\\Dataset", "output_dir": "C:\\Users\\Joseph\\Desktop\\projects\\sign_to_text\\augmented_dataset", "max_videos_per_class": 900, "class_only": "45. we"}
2026-05-13 16:56:17,733 | INFO | {"event": "augment_class_complete", "timestamp": "2026-05-13T16:56:17", "class_name": "45. we", "originals_copied": 21, "augmented_written": 693, "total_output": 714}
2026-05-13 16:56:17,733 | INFO | {"event": "augment_end", "timestamp": "2026-05-13T16:56:17", "output_dir": "C:\\Users\\Joseph\\Desktop\\projects\\sign_to_text\\augmented_dataset", "total_classes": 1, "stats": {"45. we": {"originals_copied": 21, "augmented_written": 693, "total_output": 714}}}
2026-05-13 16:56:17,733 | INFO | {"event": "augment_start", "timestamp": "2026-05-13T16:56:17", "input_dir": "C:\\Users\\Joseph\\Desktop\\projects\\sign_to_text\\Dataset", "output_dir": "C:\\Users\\Joseph\\Desktop\\projects\\sign_to_text\\augmented_dataset", "max_videos_per_class": 900, "class_only": "45. you"}
2026-05-13 17:00:10,046 | INFO | {"event": "augment_class_complete", "timestamp": "2026-05-13T17:00:10", "class_name": "45. you", "originals_copied": 21, "augmented_written": 693, "total_output": 714}
2026-05-13 17:00:10,046 | INFO | {"event": "augment_end", "timestamp": "2026-05-13T17:00:10", "output_dir": "C:\\Users\\Joseph\\Desktop\\projects\\sign_to_text\\augmented_dataset", "total_classes": 1, "stats": {"45. you": {"originals_copied": 21, "augmented_written": 693, "total_output": 714}}}
2026-05-13 17:00:10,047 | INFO | {"event": "augment_start", "timestamp": "2026-05-13T17:00:10", "input_dir": "C:\\Users\\Joseph\\Desktop\\projects\\sign_to_text\\Dataset", "output_dir": "C:\\Users\\Joseph\\Desktop\\projects\\sign_to_text\\augmented_dataset", "max_videos_per_class": 900, "class_only": "46. you_all"}
2026-05-13 17:04:21,093 | INFO | {"event": "augment_class_complete", "timestamp": "2026-05-13T17:04:21", "class_name": "46. you_all", "originals_copied": 21, "augmented_written": 693, "total_output": 714}
2026-05-13 17:04:21,093 | INFO | {"event": "augment_end", "timestamp": "2026-05-13T17:04:21", "output_dir": "C:\\Users\\Joseph\\Desktop\\projects\\sign_to_text\\augmented_dataset", "total_classes": 1, "stats": {"46. you_all": {"originals_copied": 21, "augmented_written": 693, "total_output": 714}}}
2026-05-13 17:04:21,094 | INFO | {"event": "augment_start", "timestamp": "2026-05-13T17:04:21", "input_dir": "C:\\Users\\Joseph\\Desktop\\projects\\sign_to_text\\Dataset", "output_dir": "C:\\Users\\Joseph\\Desktop\\projects\\sign_to_text\\augmented_dataset", "max_videos_per_class": 900, "class_only": "47. they"}
2026-05-13 17:08:45,333 | INFO | {"event": "augment_class_complete", "timestamp": "2026-05-13T17:08:45", "class_name": "47. they", "originals_copied": 21, "augmented_written": 693, "total_output": 714}
2026-05-13 17:08:45,333 | INFO | {"event": "augment_end", "timestamp": "2026-05-13T17:08:45", "output_dir": "C:\\Users\\Joseph\\Desktop\\projects\\sign_to_text\\augmented_dataset", "total_classes": 1, "stats": {"47. they": {"originals_copied": 21, "augmented_written": 693, "total_output": 714}}}
2026-05-13 17:08:45,334 | INFO | {"event": "augment_start", "timestamp": "2026-05-13T17:08:45", "input_dir": "C:\\Users\\Joseph\\Desktop\\projects\\sign_to_text\\Dataset", "output_dir": "C:\\Users\\Joseph\\Desktop\\projects\\sign_to_text\\augmented_dataset", "max_videos_per_class": 900, "class_only": "48. Hello"}
2026-05-13 17:12:38,194 | INFO | {"event": "augment_class_complete", "timestamp": "2026-05-13T17:12:38", "class_name": "48. Hello", "originals_copied": 21, "augmented_written": 693, "total_output": 714}
2026-05-13 17:12:38,194 | INFO | {"event": "augment_end", "timestamp": "2026-05-13T17:12:38", "output_dir": "C:\\Users\\Joseph\\Desktop\\projects\\sign_to_text\\augmented_dataset", "total_classes": 1, "stats": {"48. Hello": {"originals_copied": 21, "augmented_written": 693, "total_output": 714}}}
2026-05-13 17:12:38,194 | INFO | {"event": "augment_start", "timestamp": "2026-05-13T17:12:38", "input_dir": "C:\\Users\\Joseph\\Desktop\\projects\\sign_to_text\\Dataset", "output_dir": "C:\\Users\\Joseph\\Desktop\\projects\\sign_to_text\\augmented_dataset", "max_videos_per_class": 900, "class_only": "49. How_are_you"}
2026-05-13 17:17:39,172 | INFO | {"event": "augment_class_complete", "timestamp": "2026-05-13T17:17:39", "class_name": "49. How_are_you", "originals_copied": 21, "augmented_written": 693, "total_output": 714}
2026-05-13 17:17:39,172 | INFO | {"event": "augment_end", "timestamp": "2026-05-13T17:17:39", "output_dir": "C:\\Users\\Joseph\\Desktop\\projects\\sign_to_text\\augmented_dataset", "total_classes": 1, "stats": {"49. How_are_you": {"originals_copied": 21, "augmented_written": 693, "total_output": 714}}}
2026-05-13 17:17:39,173 | INFO | {"event": "augment_start", "timestamp": "2026-05-13T17:17:39", "input_dir": "C:\\Users\\Joseph\\Desktop\\projects\\sign_to_text\\Dataset", "output_dir": "C:\\Users\\Joseph\\Desktop\\projects\\sign_to_text\\augmented_dataset", "max_videos_per_class": 900, "class_only": "5. Beautiful"}
2026-05-13 17:19:18,136 | INFO | {"event": "augment_class_complete", "timestamp": "2026-05-13T17:19:18", "class_name": "5. Beautiful", "originals_copied": 8, "augmented_written": 264, "total_output": 272}
2026-05-13 17:19:18,136 | INFO | {"event": "augment_end", "timestamp": "2026-05-13T17:19:18", "output_dir": "C:\\Users\\Joseph\\Desktop\\projects\\sign_to_text\\augmented_dataset", "total_classes": 1, "stats": {"5. Beautiful": {"originals_copied": 8, "augmented_written": 264, "total_output": 272}}}
2026-05-13 17:19:18,136 | INFO | {"event": "augment_start", "timestamp": "2026-05-13T17:19:18", "input_dir": "C:\\Users\\Joseph\\Desktop\\projects\\sign_to_text\\Dataset", "output_dir": "C:\\Users\\Joseph\\Desktop\\projects\\sign_to_text\\augmented_dataset", "max_videos_per_class": 900, "class_only": "50. Alright"}
2026-05-13 17:23:31,986 | INFO | {"event": "augment_class_complete", "timestamp": "2026-05-13T17:23:31", "class_name": "50. Alright", "originals_copied": 21, "augmented_written": 693, "total_output": 714}
2026-05-13 17:23:31,986 | INFO | {"event": "augment_end", "timestamp": "2026-05-13T17:23:31", "output_dir": "C:\\Users\\Joseph\\Desktop\\projects\\sign_to_text\\augmented_dataset", "total_classes": 1, "stats": {"50. Alright": {"originals_copied": 21, "augmented_written": 693, "total_output": 714}}}
2026-05-13 17:23:31,987 | INFO | {"event": "augment_start", "timestamp": "2026-05-13T17:23:31", "input_dir": "C:\\Users\\Joseph\\Desktop\\projects\\sign_to_text\\Dataset", "output_dir": "C:\\Users\\Joseph\\Desktop\\projects\\sign_to_text\\augmented_dataset", "max_videos_per_class": 900, "class_only": "51. Good_Morning"}
2026-05-13 17:27:42,560 | INFO | {"event": "augment_class_complete", "timestamp": "2026-05-13T17:27:42", "class_name": "51. Good_Morning", "originals_copied": 21, "augmented_written": 693, "total_output": 714}
2026-05-13 17:27:42,561 | INFO | {"event": "augment_end", "timestamp": "2026-05-13T17:27:42", "output_dir": "C:\\Users\\Joseph\\Desktop\\projects\\sign_to_text\\augmented_dataset", "total_classes": 1, "stats": {"51. Good_Morning": {"originals_copied": 21, "augmented_written": 693, "total_output": 714}}}
2026-05-13 17:27:42,561 | INFO | {"event": "augment_start", "timestamp": "2026-05-13T17:27:42", "input_dir": "C:\\Users\\Joseph\\Desktop\\projects\\sign_to_text\\Dataset", "output_dir": "C:\\Users\\Joseph\\Desktop\\projects\\sign_to_text\\augmented_dataset", "max_videos_per_class": 900, "class_only": "52. Good_afternoon"}
2026-05-13 17:32:18,481 | INFO | {"event": "augment_class_complete", "timestamp": "2026-05-13T17:32:18", "class_name": "52. Good_afternoon", "originals_copied": 22, "augmented_written": 726, "total_output": 748}
2026-05-13 17:32:18,482 | INFO | {"event": "augment_end", "timestamp": "2026-05-13T17:32:18", "output_dir": "C:\\Users\\Joseph\\Desktop\\projects\\sign_to_text\\augmented_dataset", "total_classes": 1, "stats": {"52. Good_afternoon": {"originals_copied": 22, "augmented_written": 726, "total_output": 748}}}
2026-05-13 17:32:18,482 | INFO | {"event": "augment_start", "timestamp": "2026-05-13T17:32:18", "input_dir": "C:\\Users\\Joseph\\Desktop\\projects\\sign_to_text\\Dataset", "output_dir": "C:\\Users\\Joseph\\Desktop\\projects\\sign_to_text\\augmented_dataset", "max_videos_per_class": 900, "class_only": "53. Good_evening"}
2026-05-13 17:36:43,539 | INFO | {"event": "augment_class_complete", "timestamp": "2026-05-13T17:36:43", "class_name": "53. Good_evening", "originals_copied": 21, "augmented_written": 693, "total_output": 714}
2026-05-13 17:36:43,540 | INFO | {"event": "augment_end", "timestamp": "2026-05-13T17:36:43", "output_dir": "C:\\Users\\Joseph\\Desktop\\projects\\sign_to_text\\augmented_dataset", "total_classes": 1, "stats": {"53. Good_evening": {"originals_copied": 21, "augmented_written": 693, "total_output": 714}}}
2026-05-13 17:36:43,540 | INFO | {"event": "augment_start", "timestamp": "2026-05-13T17:36:43", "input_dir": "C:\\Users\\Joseph\\Desktop\\projects\\sign_to_text\\Dataset", "output_dir": "C:\\Users\\Joseph\\Desktop\\projects\\sign_to_text\\augmented_dataset", "max_videos_per_class": 900, "class_only": "54. Good_night"}
2026-05-13 17:41:09,330 | INFO | {"event": "augment_class_complete", "timestamp": "2026-05-13T17:41:09", "class_name": "54. Good_night", "originals_copied": 21, "augmented_written": 693, "total_output": 714}
2026-05-13 17:41:09,331 | INFO | {"event": "augment_end", "timestamp": "2026-05-13T17:41:09", "output_dir": "C:\\Users\\Joseph\\Desktop\\projects\\sign_to_text\\augmented_dataset", "total_classes": 1, "stats": {"54. Good_night": {"originals_copied": 21, "augmented_written": 693, "total_output": 714}}}
2026-05-13 17:41:09,331 | INFO | {"event": "augment_start", "timestamp": "2026-05-13T17:41:09", "input_dir": "C:\\Users\\Joseph\\Desktop\\projects\\sign_to_text\\Dataset", "output_dir": "C:\\Users\\Joseph\\Desktop\\projects\\sign_to_text\\augmented_dataset", "max_videos_per_class": 900, "class_only": "55. Thank_you"}
2026-05-13 17:45:16,998 | INFO | {"event": "augment_class_complete", "timestamp": "2026-05-13T17:45:16", "class_name": "55. Thank_you", "originals_copied": 21, "augmented_written": 693, "total_output": 714}
2026-05-13 17:45:16,998 | INFO | {"event": "augment_end", "timestamp": "2026-05-13T17:45:16", "output_dir": "C:\\Users\\Joseph\\Desktop\\projects\\sign_to_text\\augmented_dataset", "total_classes": 1, "stats": {"55. Thank_you": {"originals_copied": 21, "augmented_written": 693, "total_output": 714}}}
2026-05-13 17:45:16,999 | INFO | {"event": "augment_start", "timestamp": "2026-05-13T17:45:16", "input_dir": "C:\\Users\\Joseph\\Desktop\\projects\\sign_to_text\\Dataset", "output_dir": "C:\\Users\\Joseph\\Desktop\\projects\\sign_to_text\\augmented_dataset", "max_videos_per_class": 900, "class_only": "56. Pleased"}
2026-05-13 17:49:04,533 | INFO | {"event": "augment_class_complete", "timestamp": "2026-05-13T17:49:04", "class_name": "56. Pleased", "originals_copied": 21, "augmented_written": 693, "total_output": 714}
2026-05-13 17:49:04,534 | INFO | {"event": "augment_end", "timestamp": "2026-05-13T17:49:04", "output_dir": "C:\\Users\\Joseph\\Desktop\\projects\\sign_to_text\\augmented_dataset", "total_classes": 1, "stats": {"56. Pleased": {"originals_copied": 21, "augmented_written": 693, "total_output": 714}}}
2026-05-13 17:49:04,534 | INFO | {"event": "augment_start", "timestamp": "2026-05-13T17:49:04", "input_dir": "C:\\Users\\Joseph\\Desktop\\projects\\sign_to_text\\Dataset", "output_dir": "C:\\Users\\Joseph\\Desktop\\projects\\sign_to_text\\augmented_dataset", "max_videos_per_class": 900, "class_only": "57. Good"}
2026-05-13 17:49:04,538 | INFO | {"event": "augment_class_complete", "timestamp": "2026-05-13T17:49:04", "class_name": "57. Good", "originals_copied": 0, "augmented_written": 0, "total_output": 0}
2026-05-13 17:49:04,539 | INFO | {"event": "augment_end", "timestamp": "2026-05-13T17:49:04", "output_dir": "C:\\Users\\Joseph\\Desktop\\projects\\sign_to_text\\augmented_dataset", "total_classes": 1, "stats": {"57. Good": {"originals_copied": 0, "augmented_written": 0, "total_output": 0}}}
2026-05-13 17:49:04,540 | INFO | {"event": "augment_start", "timestamp": "2026-05-13T17:49:04", "input_dir": "C:\\Users\\Joseph\\Desktop\\projects\\sign_to_text\\Dataset", "output_dir": "C:\\Users\\Joseph\\Desktop\\projects\\sign_to_text\\augmented_dataset", "max_videos_per_class": 900, "class_only": "58. Idle"}
2026-05-13 17:49:04,546 | INFO | {"event": "augment_class_complete", "timestamp": "2026-05-13T17:49:04", "class_name": "58. Idle", "originals_copied": 0, "augmented_written": 0, "total_output": 0}
2026-05-13 17:49:04,546 | INFO | {"event": "augment_end", "timestamp": "2026-05-13T17:49:04", "output_dir": "C:\\Users\\Joseph\\Desktop\\projects\\sign_to_text\\augmented_dataset", "total_classes": 1, "stats": {"58. Idle": {"originals_copied": 0, "augmented_written": 0, "total_output": 0}}}
2026-05-13 17:49:04,547 | INFO | {"event": "augment_start", "timestamp": "2026-05-13T17:49:04", "input_dir": "C:\\Users\\Joseph\\Desktop\\projects\\sign_to_text\\Dataset", "output_dir": "C:\\Users\\Joseph\\Desktop\\projects\\sign_to_text\\augmented_dataset", "max_videos_per_class": 900, "class_only": "59. Morning"}
2026-05-13 17:49:04,553 | INFO | {"event": "augment_class_complete", "timestamp": "2026-05-13T17:49:04", "class_name": "59. Morning", "originals_copied": 0, "augmented_written": 0, "total_output": 0}
2026-05-13 17:49:04,553 | INFO | {"event": "augment_end", "timestamp": "2026-05-13T17:49:04", "output_dir": "C:\\Users\\Joseph\\Desktop\\projects\\sign_to_text\\augmented_dataset", "total_classes": 1, "stats": {"59. Morning": {"originals_copied": 0, "augmented_written": 0, "total_output": 0}}}
2026-05-13 17:49:04,554 | INFO | {"event": "augment_start", "timestamp": "2026-05-13T17:49:04", "input_dir": "C:\\Users\\Joseph\\Desktop\\projects\\sign_to_text\\Dataset", "output_dir": "C:\\Users\\Joseph\\Desktop\\projects\\sign_to_text\\augmented_dataset", "max_videos_per_class": 900, "class_only": "6. Ugly"}
2026-05-13 17:50:28,371 | INFO | {"event": "augment_class_complete", "timestamp": "2026-05-13T17:50:28", "class_name": "6. Ugly", "originals_copied": 8, "augmented_written": 264, "total_output": 272}
2026-05-13 17:50:28,371 | INFO | {"event": "augment_end", "timestamp": "2026-05-13T17:50:28", "output_dir": "C:\\Users\\Joseph\\Desktop\\projects\\sign_to_text\\augmented_dataset", "total_classes": 1, "stats": {"6. Ugly": {"originals_copied": 8, "augmented_written": 264, "total_output": 272}}}
2026-05-13 17:50:28,371 | INFO | {"event": "augment_start", "timestamp": "2026-05-13T17:50:28", "input_dir": "C:\\Users\\Joseph\\Desktop\\projects\\sign_to_text\\Dataset", "output_dir": "C:\\Users\\Joseph\\Desktop\\projects\\sign_to_text\\augmented_dataset", "max_videos_per_class": 900, "class_only": "7. Deaf"}
2026-05-13 17:51:45,419 | INFO | {"event": "augment_class_complete", "timestamp": "2026-05-13T17:51:45", "class_name": "7. Deaf", "originals_copied": 8, "augmented_written": 264, "total_output": 272}
2026-05-13 17:51:45,419 | INFO | {"event": "augment_end", "timestamp": "2026-05-13T17:51:45", "output_dir": "C:\\Users\\Joseph\\Desktop\\projects\\sign_to_text\\augmented_dataset", "total_classes": 1, "stats": {"7. Deaf": {"originals_copied": 8, "augmented_written": 264, "total_output": 272}}}
2026-05-13 17:51:45,420 | INFO | {"event": "augment_start", "timestamp": "2026-05-13T17:51:45", "input_dir": "C:\\Users\\Joseph\\Desktop\\projects\\sign_to_text\\Dataset", "output_dir": "C:\\Users\\Joseph\\Desktop\\projects\\sign_to_text\\augmented_dataset", "max_videos_per_class": 900, "class_only": "78. long"}
2026-05-13 17:55:17,940 | INFO | {"event": "augment_class_complete", "timestamp": "2026-05-13T17:55:17", "class_name": "78. long", "originals_copied": 21, "augmented_written": 693, "total_output": 714}
2026-05-13 17:55:17,940 | INFO | {"event": "augment_end", "timestamp": "2026-05-13T17:55:17", "output_dir": "C:\\Users\\Joseph\\Desktop\\projects\\sign_to_text\\augmented_dataset", "total_classes": 1, "stats": {"78. long": {"originals_copied": 21, "augmented_written": 693, "total_output": 714}}}
2026-05-13 17:55:17,941 | INFO | {"event": "augment_start", "timestamp": "2026-05-13T17:55:17", "input_dir": "C:\\Users\\Joseph\\Desktop\\projects\\sign_to_text\\Dataset", "output_dir": "C:\\Users\\Joseph\\Desktop\\projects\\sign_to_text\\augmented_dataset", "max_videos_per_class": 900, "class_only": "79. short"}
2026-05-13 17:58:48,003 | INFO | {"event": "augment_class_complete", "timestamp": "2026-05-13T17:58:48", "class_name": "79. short", "originals_copied": 22, "augmented_written": 726, "total_output": 748}
2026-05-13 17:58:48,003 | INFO | {"event": "augment_end", "timestamp": "2026-05-13T17:58:48", "output_dir": "C:\\Users\\Joseph\\Desktop\\projects\\sign_to_text\\augmented_dataset", "total_classes": 1, "stats": {"79. short": {"originals_copied": 22, "augmented_written": 726, "total_output": 748}}}
2026-05-13 17:58:48,004 | INFO | {"event": "augment_start", "timestamp": "2026-05-13T17:58:48", "input_dir": "C:\\Users\\Joseph\\Desktop\\projects\\sign_to_text\\Dataset", "output_dir": "C:\\Users\\Joseph\\Desktop\\projects\\sign_to_text\\augmented_dataset", "max_videos_per_class": 900, "class_only": "8. Blind"}
2026-05-13 18:00:06,249 | INFO | {"event": "augment_class_complete", "timestamp": "2026-05-13T18:00:06", "class_name": "8. Blind", "originals_copied": 8, "augmented_written": 264, "total_output": 272}
2026-05-13 18:00:06,250 | INFO | {"event": "augment_end", "timestamp": "2026-05-13T18:00:06", "output_dir": "C:\\Users\\Joseph\\Desktop\\projects\\sign_to_text\\augmented_dataset", "total_classes": 1, "stats": {"8. Blind": {"originals_copied": 8, "augmented_written": 264, "total_output": 272}}}
2026-05-13 18:00:06,250 | INFO | {"event": "augment_start", "timestamp": "2026-05-13T18:00:06", "input_dir": "C:\\Users\\Joseph\\Desktop\\projects\\sign_to_text\\Dataset", "output_dir": "C:\\Users\\Joseph\\Desktop\\projects\\sign_to_text\\augmented_dataset", "max_videos_per_class": 900, "class_only": "80. tall"}
2026-05-13 18:03:35,839 | INFO | {"event": "augment_class_complete", "timestamp": "2026-05-13T18:03:35", "class_name": "80. tall", "originals_copied": 21, "augmented_written": 693, "total_output": 714}
2026-05-13 18:03:35,839 | INFO | {"event": "augment_end", "timestamp": "2026-05-13T18:03:35", "output_dir": "C:\\Users\\Joseph\\Desktop\\projects\\sign_to_text\\augmented_dataset", "total_classes": 1, "stats": {"80. tall": {"originals_copied": 21, "augmented_written": 693, "total_output": 714}}}
2026-05-13 18:03:35,839 | INFO | {"event": "augment_start", "timestamp": "2026-05-13T18:03:35", "input_dir": "C:\\Users\\Joseph\\Desktop\\projects\\sign_to_text\\Dataset", "output_dir": "C:\\Users\\Joseph\\Desktop\\projects\\sign_to_text\\augmented_dataset", "max_videos_per_class": 900, "class_only": "81. wide"}
2026-05-13 18:07:08,317 | INFO | {"event": "augment_class_complete", "timestamp": "2026-05-13T18:07:08", "class_name": "81. wide", "originals_copied": 21, "augmented_written": 693, "total_output": 714}
2026-05-13 18:07:08,317 | INFO | {"event": "augment_end", "timestamp": "2026-05-13T18:07:08", "output_dir": "C:\\Users\\Joseph\\Desktop\\projects\\sign_to_text\\augmented_dataset", "total_classes": 1, "stats": {"81. wide": {"originals_copied": 21, "augmented_written": 693, "total_output": 714}}}
2026-05-13 18:07:08,318 | INFO | {"event": "augment_start", "timestamp": "2026-05-13T18:07:08", "input_dir": "C:\\Users\\Joseph\\Desktop\\projects\\sign_to_text\\Dataset", "output_dir": "C:\\Users\\Joseph\\Desktop\\projects\\sign_to_text\\augmented_dataset", "max_videos_per_class": 900, "class_only": "82. narrow"}
2026-05-13 18:10:54,577 | INFO | {"event": "augment_class_complete", "timestamp": "2026-05-13T18:10:54", "class_name": "82. narrow", "originals_copied": 21, "augmented_written": 693, "total_output": 714}
2026-05-13 18:10:54,579 | INFO | {"event": "augment_end", "timestamp": "2026-05-13T18:10:54", "output_dir": "C:\\Users\\Joseph\\Desktop\\projects\\sign_to_text\\augmented_dataset", "total_classes": 1, "stats": {"82. narrow": {"originals_copied": 21, "augmented_written": 693, "total_output": 714}}}
2026-05-13 18:10:54,579 | INFO | {"event": "augment_start", "timestamp": "2026-05-13T18:10:54", "input_dir": "C:\\Users\\Joseph\\Desktop\\projects\\sign_to_text\\Dataset", "output_dir": "C:\\Users\\Joseph\\Desktop\\projects\\sign_to_text\\augmented_dataset", "max_videos_per_class": 900, "class_only": "83. big_large"}
2026-05-13 18:14:15,400 | INFO | {"event": "augment_class_complete", "timestamp": "2026-05-13T18:14:15", "class_name": "83. big_large", "originals_copied": 21, "augmented_written": 693, "total_output": 714}
2026-05-13 18:14:15,400 | INFO | {"event": "augment_end", "timestamp": "2026-05-13T18:14:15", "output_dir": "C:\\Users\\Joseph\\Desktop\\projects\\sign_to_text\\augmented_dataset", "total_classes": 1, "stats": {"83. big_large": {"originals_copied": 21, "augmented_written": 693, "total_output": 714}}}
2026-05-13 18:14:15,401 | INFO | {"event": "augment_start", "timestamp": "2026-05-13T18:14:15", "input_dir": "C:\\Users\\Joseph\\Desktop\\projects\\sign_to_text\\Dataset", "output_dir": "C:\\Users\\Joseph\\Desktop\\projects\\sign_to_text\\augmented_dataset", "max_videos_per_class": 900, "class_only": "84. small_little"}
2026-05-13 18:17:53,104 | INFO | {"event": "augment_class_complete", "timestamp": "2026-05-13T18:17:53", "class_name": "84. small_little", "originals_copied": 22, "augmented_written": 726, "total_output": 748}
2026-05-13 18:17:53,105 | INFO | {"event": "augment_end", "timestamp": "2026-05-13T18:17:53", "output_dir": "C:\\Users\\Joseph\\Desktop\\projects\\sign_to_text\\augmented_dataset", "total_classes": 1, "stats": {"84. small_little": {"originals_copied": 22, "augmented_written": 726, "total_output": 748}}}
2026-05-13 18:17:53,105 | INFO | {"event": "augment_start", "timestamp": "2026-05-13T18:17:53", "input_dir": "C:\\Users\\Joseph\\Desktop\\projects\\sign_to_text\\Dataset", "output_dir": "C:\\Users\\Joseph\\Desktop\\projects\\sign_to_text\\augmented_dataset", "max_videos_per_class": 900, "class_only": "85. slow"}
2026-05-13 18:21:45,188 | INFO | {"event": "augment_class_complete", "timestamp": "2026-05-13T18:21:45", "class_name": "85. slow", "originals_copied": 21, "augmented_written": 693, "total_output": 714}
2026-05-13 18:21:45,189 | INFO | {"event": "augment_end", "timestamp": "2026-05-13T18:21:45", "output_dir": "C:\\Users\\Joseph\\Desktop\\projects\\sign_to_text\\augmented_dataset", "total_classes": 1, "stats": {"85. slow": {"originals_copied": 21, "augmented_written": 693, "total_output": 714}}}
2026-05-13 18:21:45,189 | INFO | {"event": "augment_start", "timestamp": "2026-05-13T18:21:45", "input_dir": "C:\\Users\\Joseph\\Desktop\\projects\\sign_to_text\\Dataset", "output_dir": "C:\\Users\\Joseph\\Desktop\\projects\\sign_to_text\\augmented_dataset", "max_videos_per_class": 900, "class_only": "86. fast"}
2026-05-13 18:25:12,454 | INFO | {"event": "augment_class_complete", "timestamp": "2026-05-13T18:25:12", "class_name": "86. fast", "originals_copied": 21, "augmented_written": 693, "total_output": 714}
2026-05-13 18:25:12,454 | INFO | {"event": "augment_end", "timestamp": "2026-05-13T18:25:12", "output_dir": "C:\\Users\\Joseph\\Desktop\\projects\\sign_to_text\\augmented_dataset", "total_classes": 1, "stats": {"86. fast": {"originals_copied": 21, "augmented_written": 693, "total_output": 714}}}
2026-05-13 18:25:12,454 | INFO | {"event": "augment_start", "timestamp": "2026-05-13T18:25:12", "input_dir": "C:\\Users\\Joseph\\Desktop\\projects\\sign_to_text\\Dataset", "output_dir": "C:\\Users\\Joseph\\Desktop\\projects\\sign_to_text\\augmented_dataset", "max_videos_per_class": 900, "class_only": "87. hot"}
2026-05-13 18:28:57,881 | INFO | {"event": "augment_class_complete", "timestamp": "2026-05-13T18:28:57", "class_name": "87. hot", "originals_copied": 21, "augmented_written": 693, "total_output": 714}
2026-05-13 18:28:57,881 | INFO | {"event": "augment_end", "timestamp": "2026-05-13T18:28:57", "output_dir": "C:\\Users\\Joseph\\Desktop\\projects\\sign_to_text\\augmented_dataset", "total_classes": 1, "stats": {"87. hot": {"originals_copied": 21, "augmented_written": 693, "total_output": 714}}}
2026-05-13 18:28:57,881 | INFO | {"event": "augment_start", "timestamp": "2026-05-13T18:28:57", "input_dir": "C:\\Users\\Joseph\\Desktop\\projects\\sign_to_text\\Dataset", "output_dir": "C:\\Users\\Joseph\\Desktop\\projects\\sign_to_text\\augmented_dataset", "max_videos_per_class": 900, "class_only": "88. cold"}
2026-05-13 18:32:15,735 | INFO | {"event": "augment_class_complete", "timestamp": "2026-05-13T18:32:15", "class_name": "88. cold", "originals_copied": 20, "augmented_written": 660, "total_output": 680}
2026-05-13 18:32:15,736 | INFO | {"event": "augment_end", "timestamp": "2026-05-13T18:32:15", "output_dir": "C:\\Users\\Joseph\\Desktop\\projects\\sign_to_text\\augmented_dataset", "total_classes": 1, "stats": {"88. cold": {"originals_copied": 20, "augmented_written": 660, "total_output": 680}}}
2026-05-13 18:32:15,736 | INFO | {"event": "augment_start", "timestamp": "2026-05-13T18:32:15", "input_dir": "C:\\Users\\Joseph\\Desktop\\projects\\sign_to_text\\Dataset", "output_dir": "C:\\Users\\Joseph\\Desktop\\projects\\sign_to_text\\augmented_dataset", "max_videos_per_class": 900, "class_only": "89. warm"}
2026-05-13 18:36:00,050 | INFO | {"event": "augment_class_complete", "timestamp": "2026-05-13T18:36:00", "class_name": "89. warm", "originals_copied": 21, "augmented_written": 693, "total_output": 714}
2026-05-13 18:36:00,051 | INFO | {"event": "augment_end", "timestamp": "2026-05-13T18:36:00", "output_dir": "C:\\Users\\Joseph\\Desktop\\projects\\sign_to_text\\augmented_dataset", "total_classes": 1, "stats": {"89. warm": {"originals_copied": 21, "augmented_written": 693, "total_output": 714}}}
2026-05-13 18:36:00,053 | INFO | {"event": "augment_start", "timestamp": "2026-05-13T18:36:00", "input_dir": "C:\\Users\\Joseph\\Desktop\\projects\\sign_to_text\\Dataset", "output_dir": "C:\\Users\\Joseph\\Desktop\\projects\\sign_to_text\\augmented_dataset", "max_videos_per_class": 900, "class_only": "9. Nice"}
2026-05-13 18:36:39,158 | INFO | {"event": "augment_class_complete", "timestamp": "2026-05-13T18:36:39", "class_name": "9. Nice", "originals_copied": 4, "augmented_written": 132, "total_output": 136}
2026-05-13 18:36:39,158 | INFO | {"event": "augment_end", "timestamp": "2026-05-13T18:36:39", "output_dir": "C:\\Users\\Joseph\\Desktop\\projects\\sign_to_text\\augmented_dataset", "total_classes": 1, "stats": {"9. Nice": {"originals_copied": 4, "augmented_written": 132, "total_output": 136}}}
2026-05-13 18:36:39,159 | INFO | {"event": "augment_start", "timestamp": "2026-05-13T18:36:39", "input_dir": "C:\\Users\\Joseph\\Desktop\\projects\\sign_to_text\\Dataset", "output_dir": "C:\\Users\\Joseph\\Desktop\\projects\\sign_to_text\\augmented_dataset", "max_videos_per_class": 900, "class_only": "90. cool"}
2026-05-13 18:39:45,413 | INFO | {"event": "augment_class_complete", "timestamp": "2026-05-13T18:39:45", "class_name": "90. cool", "originals_copied": 21, "augmented_written": 693, "total_output": 714}
2026-05-13 18:39:45,413 | INFO | {"event": "augment_end", "timestamp": "2026-05-13T18:39:45", "output_dir": "C:\\Users\\Joseph\\Desktop\\projects\\sign_to_text\\augmented_dataset", "total_classes": 1, "stats": {"90. cool": {"originals_copied": 21, "augmented_written": 693, "total_output": 714}}}
2026-05-13 18:39:45,414 | INFO | {"event": "augment_start", "timestamp": "2026-05-13T18:39:45", "input_dir": "C:\\Users\\Joseph\\Desktop\\projects\\sign_to_text\\Dataset", "output_dir": "C:\\Users\\Joseph\\Desktop\\projects\\sign_to_text\\augmented_dataset", "max_videos_per_class": 900, "class_only": "91. new"}
2026-05-13 18:42:45,827 | INFO | {"event": "augment_class_complete", "timestamp": "2026-05-13T18:42:45", "class_name": "91. new", "originals_copied": 21, "augmented_written": 693, "total_output": 714}
2026-05-13 18:42:45,827 | INFO | {"event": "augment_end", "timestamp": "2026-05-13T18:42:45", "output_dir": "C:\\Users\\Joseph\\Desktop\\projects\\sign_to_text\\augmented_dataset", "total_classes": 1, "stats": {"91. new": {"originals_copied": 21, "augmented_written": 693, "total_output": 714}}}
2026-05-13 18:42:45,828 | INFO | {"event": "augment_start", "timestamp": "2026-05-13T18:42:45", "input_dir": "C:\\Users\\Joseph\\Desktop\\projects\\sign_to_text\\Dataset", "output_dir": "C:\\Users\\Joseph\\Desktop\\projects\\sign_to_text\\augmented_dataset", "max_videos_per_class": 900, "class_only": "92. old"}
2026-05-13 18:46:14,639 | INFO | {"event": "augment_class_complete", "timestamp": "2026-05-13T18:46:14", "class_name": "92. old", "originals_copied": 21, "augmented_written": 693, "total_output": 714}
2026-05-13 18:46:14,639 | INFO | {"event": "augment_end", "timestamp": "2026-05-13T18:46:14", "output_dir": "C:\\Users\\Joseph\\Desktop\\projects\\sign_to_text\\augmented_dataset", "total_classes": 1, "stats": {"92. old": {"originals_copied": 21, "augmented_written": 693, "total_output": 714}}}
2026-05-13 18:46:14,640 | INFO | {"event": "augment_start", "timestamp": "2026-05-13T18:46:14", "input_dir": "C:\\Users\\Joseph\\Desktop\\projects\\sign_to_text\\Dataset", "output_dir": "C:\\Users\\Joseph\\Desktop\\projects\\sign_to_text\\augmented_dataset", "max_videos_per_class": 900, "class_only": "93. young"}
2026-05-13 18:49:27,170 | INFO | {"event": "augment_class_complete", "timestamp": "2026-05-13T18:49:27", "class_name": "93. young", "originals_copied": 21, "augmented_written": 693, "total_output": 714}
2026-05-13 18:49:27,170 | INFO | {"event": "augment_end", "timestamp": "2026-05-13T18:49:27", "output_dir": "C:\\Users\\Joseph\\Desktop\\projects\\sign_to_text\\augmented_dataset", "total_classes": 1, "stats": {"93. young": {"originals_copied": 21, "augmented_written": 693, "total_output": 714}}}
2026-05-13 18:49:27,171 | INFO | {"event": "augment_start", "timestamp": "2026-05-13T18:49:27", "input_dir": "C:\\Users\\Joseph\\Desktop\\projects\\sign_to_text\\Dataset", "output_dir": "C:\\Users\\Joseph\\Desktop\\projects\\sign_to_text\\augmented_dataset", "max_videos_per_class": 900, "class_only": "94. good"}
2026-05-13 18:52:36,082 | INFO | {"event": "augment_class_complete", "timestamp": "2026-05-13T18:52:36", "class_name": "94. good", "originals_copied": 21, "augmented_written": 693, "total_output": 714}
2026-05-13 18:52:36,082 | INFO | {"event": "augment_end", "timestamp": "2026-05-13T18:52:36", "output_dir": "C:\\Users\\Joseph\\Desktop\\projects\\sign_to_text\\augmented_dataset", "total_classes": 1, "stats": {"94. good": {"originals_copied": 21, "augmented_written": 693, "total_output": 714}}}
2026-05-13 18:52:36,083 | INFO | {"event": "augment_start", "timestamp": "2026-05-13T18:52:36", "input_dir": "C:\\Users\\Joseph\\Desktop\\projects\\sign_to_text\\Dataset", "output_dir": "C:\\Users\\Joseph\\Desktop\\projects\\sign_to_text\\augmented_dataset", "max_videos_per_class": 900, "class_only": "95. bad"}
2026-05-13 18:55:36,673 | INFO | {"event": "augment_class_complete", "timestamp": "2026-05-13T18:55:36", "class_name": "95. bad", "originals_copied": 21, "augmented_written": 693, "total_output": 714}
2026-05-13 18:55:36,673 | INFO | {"event": "augment_end", "timestamp": "2026-05-13T18:55:36", "output_dir": "C:\\Users\\Joseph\\Desktop\\projects\\sign_to_text\\augmented_dataset", "total_classes": 1, "stats": {"95. bad": {"originals_copied": 21, "augmented_written": 693, "total_output": 714}}}
2026-05-13 18:55:36,674 | INFO | {"event": "augment_start", "timestamp": "2026-05-13T18:55:36", "input_dir": "C:\\Users\\Joseph\\Desktop\\projects\\sign_to_text\\Dataset", "output_dir": "C:\\Users\\Joseph\\Desktop\\projects\\sign_to_text\\augmented_dataset", "max_videos_per_class": 900, "class_only": "96. wet"}
2026-05-13 18:59:48,815 | INFO | {"event": "augment_class_complete", "timestamp": "2026-05-13T18:59:48", "class_name": "96. wet", "originals_copied": 21, "augmented_written": 693, "total_output": 714}
2026-05-13 18:59:48,815 | INFO | {"event": "augment_end", "timestamp": "2026-05-13T18:59:48", "output_dir": "C:\\Users\\Joseph\\Desktop\\projects\\sign_to_text\\augmented_dataset", "total_classes": 1, "stats": {"96. wet": {"originals_copied": 21, "augmented_written": 693, "total_output": 714}}}
2026-05-13 18:59:48,816 | INFO | {"event": "augment_start", "timestamp": "2026-05-13T18:59:48", "input_dir": "C:\\Users\\Joseph\\Desktop\\projects\\sign_to_text\\Dataset", "output_dir": "C:\\Users\\Joseph\\Desktop\\projects\\sign_to_text\\augmented_dataset", "max_videos_per_class": 900, "class_only": "97. dry"}
2026-05-13 19:03:29,601 | INFO | {"event": "augment_class_complete", "timestamp": "2026-05-13T19:03:29", "class_name": "97. dry", "originals_copied": 21, "augmented_written": 693, "total_output": 714}
2026-05-13 19:03:29,602 | INFO | {"event": "augment_end", "timestamp": "2026-05-13T19:03:29", "output_dir": "C:\\Users\\Joseph\\Desktop\\projects\\sign_to_text\\augmented_dataset", "total_classes": 1, "stats": {"97. dry": {"originals_copied": 21, "augmented_written": 693, "total_output": 714}}}
2026-05-13 19:03:29,603 | INFO | {"event": "augment_start", "timestamp": "2026-05-13T19:03:29", "input_dir": "C:\\Users\\Joseph\\Desktop\\projects\\sign_to_text\\Dataset", "output_dir": "C:\\Users\\Joseph\\Desktop\\projects\\sign_to_text\\augmented_dataset", "max_videos_per_class": 900, "class_only": "98. sick"}
2026-05-13 19:07:08,585 | INFO | {"event": "augment_class_complete", "timestamp": "2026-05-13T19:07:08", "class_name": "98. sick", "originals_copied": 21, "augmented_written": 693, "total_output": 714}
2026-05-13 19:07:08,585 | INFO | {"event": "augment_end", "timestamp": "2026-05-13T19:07:08", "output_dir": "C:\\Users\\Joseph\\Desktop\\projects\\sign_to_text\\augmented_dataset", "total_classes": 1, "stats": {"98. sick": {"originals_copied": 21, "augmented_written": 693, "total_output": 714}}}
2026-05-13 19:07:08,586 | INFO | {"event": "augment_start", "timestamp": "2026-05-13T19:07:08", "input_dir": "C:\\Users\\Joseph\\Desktop\\projects\\sign_to_text\\Dataset", "output_dir": "C:\\Users\\Joseph\\Desktop\\projects\\sign_to_text\\augmented_dataset", "max_videos_per_class": 900, "class_only": "99. healthy"}
2026-05-13 19:10:45,271 | INFO | {"event": "augment_class_complete", "timestamp": "2026-05-13T19:10:45", "class_name": "99. healthy", "originals_copied": 21, "augmented_written": 693, "total_output": 714}
2026-05-13 19:10:45,271 | INFO | {"event": "augment_end", "timestamp": "2026-05-13T19:10:45", "output_dir": "C:\\Users\\Joseph\\Desktop\\projects\\sign_to_text\\augmented_dataset", "total_classes": 1, "stats": {"99. healthy": {"originals_copied": 21, "augmented_written": 693, "total_output": 714}}}
