2026-05-13 22:04:53,647 | INFO | Logger initialized for Video Augmentation
2026-05-13 22:04:53,648 | INFO | Log file: logs\Video_Augmentation_20260513_220453.log
2026-05-13 22:04:53,648 | INFO | {"event": "augment_start", "timestamp": "2026-05-13T22:04:53", "input_dir": "C:\\Users\\Joseph\\Desktop\\projects\\sign_to_text\\Dataset", "output_dir": "C:\\Users\\Joseph\\Desktop\\projects\\sign_to_text\\augmented_dataset", "max_videos_per_class": 900, "class_only": "1. loud"}
2026-05-13 22:07:04,355 | INFO | {"event": "augment_class_complete", "timestamp": "2026-05-13T22:07:04", "class_name": "1. loud", "originals_copied": 10, "augmented_written": 330, "total_output": 340}
2026-05-13 22:07:04,357 | INFO | {"event": "augment_end", "timestamp": "2026-05-13T22:07:04", "output_dir": "C:\\Users\\Joseph\\Desktop\\projects\\sign_to_text\\augmented_dataset", "total_classes": 1, "stats": {"1. loud": {"originals_copied": 10, "augmented_written": 330, "total_output": 340}}}
2026-05-13 22:07:04,357 | INFO | {"event": "augment_start", "timestamp": "2026-05-13T22:07:04", "input_dir": "C:\\Users\\Joseph\\Desktop\\projects\\sign_to_text\\Dataset", "output_dir": "C:\\Users\\Joseph\\Desktop\\projects\\sign_to_text\\augmented_dataset", "max_videos_per_class": 900, "class_only": "10. Mean"}
2026-05-13 22:08:56,206 | INFO | {"event": "augment_class_complete", "timestamp": "2026-05-13T22:08:56", "class_name": "10. Mean", "originals_copied": 8, "augmented_written": 264, "total_output": 272}
2026-05-13 22:08:56,206 | INFO | {"event": "augment_end", "timestamp": "2026-05-13T22:08:56", "output_dir": "C:\\Users\\Joseph\\Desktop\\projects\\sign_to_text\\augmented_dataset", "total_classes": 1, "stats": {"10. Mean": {"originals_copied": 8, "augmented_written": 264, "total_output": 272}}}
2026-05-13 22:08:56,207 | INFO | {"event": "augment_start", "timestamp": "2026-05-13T22:08:56", "input_dir": "C:\\Users\\Joseph\\Desktop\\projects\\sign_to_text\\Dataset", "output_dir": "C:\\Users\\Joseph\\Desktop\\projects\\sign_to_text\\augmented_dataset", "max_videos_per_class": 900, "class_only": "11. rich"}
2026-05-13 22:10:12,672 | INFO | {"event": "augment_class_complete", "timestamp": "2026-05-13T22:10:12", "class_name": "11. rich", "originals_copied": 8, "augmented_written": 264, "total_output": 272}
2026-05-13 22:10:12,673 | INFO | {"event": "augment_end", "timestamp": "2026-05-13T22:10:12", "output_dir": "C:\\Users\\Joseph\\Desktop\\projects\\sign_to_text\\augmented_dataset", "total_classes": 1, "stats": {"11. rich": {"originals_copied": 8, "augmented_written": 264, "total_output": 272}}}
2026-05-13 22:10:12,673 | INFO | {"event": "augment_start", "timestamp": "2026-05-13T22:10:12", "input_dir": "C:\\Users\\Joseph\\Desktop\\projects\\sign_to_text\\Dataset", "output_dir": "C:\\Users\\Joseph\\Desktop\\projects\\sign_to_text\\augmented_dataset", "max_videos_per_class": 900, "class_only": "12. poor"}
2026-05-13 22:11:37,385 | INFO | {"event": "augment_class_complete", "timestamp": "2026-05-13T22:11:37", "class_name": "12. poor", "originals_copied": 8, "augmented_written": 264, "total_output": 272}
2026-05-13 22:11:37,385 | INFO | {"event": "augment_end", "timestamp": "2026-05-13T22:11:37", "output_dir": "C:\\Users\\Joseph\\Desktop\\projects\\sign_to_text\\augmented_dataset", "total_classes": 1, "stats": {"12. poor": {"originals_copied": 8, "augmented_written": 264, "total_output": 272}}}
2026-05-13 22:11:37,386 | INFO | {"event": "augment_start", "timestamp": "2026-05-13T22:11:37", "input_dir": "C:\\Users\\Joseph\\Desktop\\projects\\sign_to_text\\Dataset", "output_dir": "C:\\Users\\Joseph\\Desktop\\projects\\sign_to_text\\augmented_dataset", "max_videos_per_class": 900, "class_only": "13. thick"}
2026-05-13 22:13:23,840 | INFO | {"event": "augment_class_complete", "timestamp": "2026-05-13T22:13:23", "class_name": "13. thick", "originals_copied": 8, "augmented_written": 264, "total_output": 272}
2026-05-13 22:13:23,840 | INFO | {"event": "augment_end", "timestamp": "2026-05-13T22:13:23", "output_dir": "C:\\Users\\Joseph\\Desktop\\projects\\sign_to_text\\augmented_dataset", "total_classes": 1, "stats": {"13. thick": {"originals_copied": 8, "augmented_written": 264, "total_output": 272}}}
2026-05-13 22:13:23,842 | INFO | {"event": "augment_start", "timestamp": "2026-05-13T22:13:23", "input_dir": "C:\\Users\\Joseph\\Desktop\\projects\\sign_to_text\\Dataset", "output_dir": "C:\\Users\\Joseph\\Desktop\\projects\\sign_to_text\\augmented_dataset", "max_videos_per_class": 900, "class_only": "14. thin"}
2026-05-13 22:14:13,167 | INFO | {"event": "augment_class_complete", "timestamp": "2026-05-13T22:14:13", "class_name": "14. thin", "originals_copied": 4, "augmented_written": 132, "total_output": 136}
2026-05-13 22:14:13,167 | INFO | {"event": "augment_end", "timestamp": "2026-05-13T22:14:13", "output_dir": "C:\\Users\\Joseph\\Desktop\\projects\\sign_to_text\\augmented_dataset", "total_classes": 1, "stats": {"14. thin": {"originals_copied": 4, "augmented_written": 132, "total_output": 136}}}
2026-05-13 22:14:13,168 | INFO | {"event": "augment_start", "timestamp": "2026-05-13T22:14:13", "input_dir": "C:\\Users\\Joseph\\Desktop\\projects\\sign_to_text\\Dataset", "output_dir": "C:\\Users\\Joseph\\Desktop\\projects\\sign_to_text\\augmented_dataset", "max_videos_per_class": 900, "class_only": "15. expensive"}
2026-05-13 22:15:38,382 | INFO | {"event": "augment_class_complete", "timestamp": "2026-05-13T22:15:38", "class_name": "15. expensive", "originals_copied": 8, "augmented_written": 264, "total_output": 272}
2026-05-13 22:15:38,383 | INFO | {"event": "augment_end", "timestamp": "2026-05-13T22:15:38", "output_dir": "C:\\Users\\Joseph\\Desktop\\projects\\sign_to_text\\augmented_dataset", "total_classes": 1, "stats": {"15. expensive": {"originals_copied": 8, "augmented_written": 264, "total_output": 272}}}
2026-05-13 22:15:38,383 | INFO | {"event": "augment_start", "timestamp": "2026-05-13T22:15:38", "input_dir": "C:\\Users\\Joseph\\Desktop\\projects\\sign_to_text\\Dataset", "output_dir": "C:\\Users\\Joseph\\Desktop\\projects\\sign_to_text\\augmented_dataset", "max_videos_per_class": 900, "class_only": "16. cheap"}
2026-05-13 22:16:57,832 | INFO | {"event": "augment_class_complete", "timestamp": "2026-05-13T22:16:57", "class_name": "16. cheap", "originals_copied": 8, "augmented_written": 264, "total_output": 272}
2026-05-13 22:16:57,832 | INFO | {"event": "augment_end", "timestamp": "2026-05-13T22:16:57", "output_dir": "C:\\Users\\Joseph\\Desktop\\projects\\sign_to_text\\augmented_dataset", "total_classes": 1, "stats": {"16. cheap": {"originals_copied": 8, "augmented_written": 264, "total_output": 272}}}
2026-05-13 22:16:57,833 | INFO | {"event": "augment_start", "timestamp": "2026-05-13T22:16:57", "input_dir": "C:\\Users\\Joseph\\Desktop\\projects\\sign_to_text\\Dataset", "output_dir": "C:\\Users\\Joseph\\Desktop\\projects\\sign_to_text\\augmented_dataset", "max_videos_per_class": 900, "class_only": "17. flat"}
2026-05-13 22:18:30,846 | INFO | {"event": "augment_class_complete", "timestamp": "2026-05-13T22:18:30", "class_name": "17. flat", "originals_copied": 8, "augmented_written": 264, "total_output": 272}
2026-05-13 22:18:30,846 | INFO | {"event": "augment_end", "timestamp": "2026-05-13T22:18:30", "output_dir": "C:\\Users\\Joseph\\Desktop\\projects\\sign_to_text\\augmented_dataset", "total_classes": 1, "stats": {"17. flat": {"originals_copied": 8, "augmented_written": 264, "total_output": 272}}}
2026-05-13 22:18:30,846 | INFO | {"event": "augment_start", "timestamp": "2026-05-13T22:18:30", "input_dir": "C:\\Users\\Joseph\\Desktop\\projects\\sign_to_text\\Dataset", "output_dir": "C:\\Users\\Joseph\\Desktop\\projects\\sign_to_text\\augmented_dataset", "max_videos_per_class": 900, "class_only": "18. curved"}
2026-05-13 22:20:24,670 | INFO | {"event": "augment_class_complete", "timestamp": "2026-05-13T22:20:24", "class_name": "18. curved", "originals_copied": 8, "augmented_written": 264, "total_output": 272}
2026-05-13 22:20:24,670 | INFO | {"event": "augment_end", "timestamp": "2026-05-13T22:20:24", "output_dir": "C:\\Users\\Joseph\\Desktop\\projects\\sign_to_text\\augmented_dataset", "total_classes": 1, "stats": {"18. curved": {"originals_copied": 8, "augmented_written": 264, "total_output": 272}}}
2026-05-13 22:20:24,671 | INFO | {"event": "augment_start", "timestamp": "2026-05-13T22:20:24", "input_dir": "C:\\Users\\Joseph\\Desktop\\projects\\sign_to_text\\Dataset", "output_dir": "C:\\Users\\Joseph\\Desktop\\projects\\sign_to_text\\augmented_dataset", "max_videos_per_class": 900, "class_only": "19. male"}
2026-05-13 22:21:58,727 | INFO | {"event": "augment_class_complete", "timestamp": "2026-05-13T22:21:58", "class_name": "19. male", "originals_copied": 8, "augmented_written": 264, "total_output": 272}
2026-05-13 22:21:58,727 | INFO | {"event": "augment_end", "timestamp": "2026-05-13T22:21:58", "output_dir": "C:\\Users\\Joseph\\Desktop\\projects\\sign_to_text\\augmented_dataset", "total_classes": 1, "stats": {"19. male": {"originals_copied": 8, "augmented_written": 264, "total_output": 272}}}
2026-05-13 22:21:58,728 | INFO | {"event": "augment_start", "timestamp": "2026-05-13T22:21:58", "input_dir": "C:\\Users\\Joseph\\Desktop\\projects\\sign_to_text\\Dataset", "output_dir": "C:\\Users\\Joseph\\Desktop\\projects\\sign_to_text\\augmented_dataset", "max_videos_per_class": 900, "class_only": "2. quiet"}
2026-05-13 22:23:34,176 | INFO | {"event": "augment_class_complete", "timestamp": "2026-05-13T22:23:34", "class_name": "2. quiet", "originals_copied": 8, "augmented_written": 264, "total_output": 272}
2026-05-13 22:23:34,177 | INFO | {"event": "augment_end", "timestamp": "2026-05-13T22:23:34", "output_dir": "C:\\Users\\Joseph\\Desktop\\projects\\sign_to_text\\augmented_dataset", "total_classes": 1, "stats": {"2. quiet": {"originals_copied": 8, "augmented_written": 264, "total_output": 272}}}
2026-05-13 22:23:34,178 | INFO | {"event": "augment_start", "timestamp": "2026-05-13T22:23:34", "input_dir": "C:\\Users\\Joseph\\Desktop\\projects\\sign_to_text\\Dataset", "output_dir": "C:\\Users\\Joseph\\Desktop\\projects\\sign_to_text\\augmented_dataset", "max_videos_per_class": 900, "class_only": "20. female"}
2026-05-13 22:24:38,077 | INFO | {"event": "augment_class_complete", "timestamp": "2026-05-13T22:24:38", "class_name": "20. female", "originals_copied": 8, "augmented_written": 264, "total_output": 272}
2026-05-13 22:24:38,077 | INFO | {"event": "augment_end", "timestamp": "2026-05-13T22:24:38", "output_dir": "C:\\Users\\Joseph\\Desktop\\projects\\sign_to_text\\augmented_dataset", "total_classes": 1, "stats": {"20. female": {"originals_copied": 8, "augmented_written": 264, "total_output": 272}}}
2026-05-13 22:24:38,078 | INFO | {"event": "augment_start", "timestamp": "2026-05-13T22:24:38", "input_dir": "C:\\Users\\Joseph\\Desktop\\projects\\sign_to_text\\Dataset", "output_dir": "C:\\Users\\Joseph\\Desktop\\projects\\sign_to_text\\augmented_dataset", "max_videos_per_class": 900, "class_only": "21. tight"}
2026-05-13 22:25:59,377 | INFO | {"event": "augment_class_complete", "timestamp": "2026-05-13T22:25:59", "class_name": "21. tight", "originals_copied": 8, "augmented_written": 264, "total_output": 272}
2026-05-13 22:25:59,377 | INFO | {"event": "augment_end", "timestamp": "2026-05-13T22:25:59", "output_dir": "C:\\Users\\Joseph\\Desktop\\projects\\sign_to_text\\augmented_dataset", "total_classes": 1, "stats": {"21. tight": {"originals_copied": 8, "augmented_written": 264, "total_output": 272}}}
2026-05-13 22:25:59,378 | INFO | {"event": "augment_start", "timestamp": "2026-05-13T22:25:59", "input_dir": "C:\\Users\\Joseph\\Desktop\\projects\\sign_to_text\\Dataset", "output_dir": "C:\\Users\\Joseph\\Desktop\\projects\\sign_to_text\\augmented_dataset", "max_videos_per_class": 900, "class_only": "22. loose"}
2026-05-13 22:27:34,527 | INFO | {"event": "augment_class_complete", "timestamp": "2026-05-13T22:27:34", "class_name": "22. loose", "originals_copied": 8, "augmented_written": 264, "total_output": 272}
2026-05-13 22:27:34,527 | INFO | {"event": "augment_end", "timestamp": "2026-05-13T22:27:34", "output_dir": "C:\\Users\\Joseph\\Desktop\\projects\\sign_to_text\\augmented_dataset", "total_classes": 1, "stats": {"22. loose": {"originals_copied": 8, "augmented_written": 264, "total_output": 272}}}
2026-05-13 22:27:34,528 | INFO | {"event": "augment_start", "timestamp": "2026-05-13T22:27:34", "input_dir": "C:\\Users\\Joseph\\Desktop\\projects\\sign_to_text\\Dataset", "output_dir": "C:\\Users\\Joseph\\Desktop\\projects\\sign_to_text\\augmented_dataset", "max_videos_per_class": 900, "class_only": "23. high"}
2026-05-13 22:29:13,083 | INFO | {"event": "augment_class_complete", "timestamp": "2026-05-13T22:29:13", "class_name": "23. high", "originals_copied": 8, "augmented_written": 264, "total_output": 272}
2026-05-13 22:29:13,083 | INFO | {"event": "augment_end", "timestamp": "2026-05-13T22:29:13", "output_dir": "C:\\Users\\Joseph\\Desktop\\projects\\sign_to_text\\augmented_dataset", "total_classes": 1, "stats": {"23. high": {"originals_copied": 8, "augmented_written": 264, "total_output": 272}}}
2026-05-13 22:29:13,084 | INFO | {"event": "augment_start", "timestamp": "2026-05-13T22:29:13", "input_dir": "C:\\Users\\Joseph\\Desktop\\projects\\sign_to_text\\Dataset", "output_dir": "C:\\Users\\Joseph\\Desktop\\projects\\sign_to_text\\augmented_dataset", "max_videos_per_class": 900, "class_only": "24. low"}
2026-05-13 22:30:44,058 | INFO | {"event": "augment_class_complete", "timestamp": "2026-05-13T22:30:44", "class_name": "24. low", "originals_copied": 8, "augmented_written": 264, "total_output": 272}
2026-05-13 22:30:44,058 | INFO | {"event": "augment_end", "timestamp": "2026-05-13T22:30:44", "output_dir": "C:\\Users\\Joseph\\Desktop\\projects\\sign_to_text\\augmented_dataset", "total_classes": 1, "stats": {"24. low": {"originals_copied": 8, "augmented_written": 264, "total_output": 272}}}
2026-05-13 22:30:44,059 | INFO | {"event": "augment_start", "timestamp": "2026-05-13T22:30:44", "input_dir": "C:\\Users\\Joseph\\Desktop\\projects\\sign_to_text\\Dataset", "output_dir": "C:\\Users\\Joseph\\Desktop\\projects\\sign_to_text\\augmented_dataset", "max_videos_per_class": 900, "class_only": "25. soft"}
2026-05-13 22:32:18,410 | INFO | {"event": "augment_class_complete", "timestamp": "2026-05-13T22:32:18", "class_name": "25. soft", "originals_copied": 8, "augmented_written": 264, "total_output": 272}
2026-05-13 22:32:18,411 | INFO | {"event": "augment_end", "timestamp": "2026-05-13T22:32:18", "output_dir": "C:\\Users\\Joseph\\Desktop\\projects\\sign_to_text\\augmented_dataset", "total_classes": 1, "stats": {"25. soft": {"originals_copied": 8, "augmented_written": 264, "total_output": 272}}}
2026-05-13 22:32:18,412 | INFO | {"event": "augment_start", "timestamp": "2026-05-13T22:32:18", "input_dir": "C:\\Users\\Joseph\\Desktop\\projects\\sign_to_text\\Dataset", "output_dir": "C:\\Users\\Joseph\\Desktop\\projects\\sign_to_text\\augmented_dataset", "max_videos_per_class": 900, "class_only": "26. hard"}
2026-05-13 22:33:54,598 | INFO | {"event": "augment_class_complete", "timestamp": "2026-05-13T22:33:54", "class_name": "26. hard", "originals_copied": 8, "augmented_written": 264, "total_output": 272}
2026-05-13 22:33:54,598 | INFO | {"event": "augment_end", "timestamp": "2026-05-13T22:33:54", "output_dir": "C:\\Users\\Joseph\\Desktop\\projects\\sign_to_text\\augmented_dataset", "total_classes": 1, "stats": {"26. hard": {"originals_copied": 8, "augmented_written": 264, "total_output": 272}}}
2026-05-13 22:33:54,598 | INFO | {"event": "augment_start", "timestamp": "2026-05-13T22:33:54", "input_dir": "C:\\Users\\Joseph\\Desktop\\projects\\sign_to_text\\Dataset", "output_dir": "C:\\Users\\Joseph\\Desktop\\projects\\sign_to_text\\augmented_dataset", "max_videos_per_class": 900, "class_only": "27. deep"}
2026-05-13 22:35:32,485 | INFO | {"event": "augment_class_complete", "timestamp": "2026-05-13T22:35:32", "class_name": "27. deep", "originals_copied": 8, "augmented_written": 264, "total_output": 272}
2026-05-13 22:35:32,486 | INFO | {"event": "augment_end", "timestamp": "2026-05-13T22:35:32", "output_dir": "C:\\Users\\Joseph\\Desktop\\projects\\sign_to_text\\augmented_dataset", "total_classes": 1, "stats": {"27. deep": {"originals_copied": 8, "augmented_written": 264, "total_output": 272}}}
2026-05-13 22:35:32,486 | INFO | {"event": "augment_start", "timestamp": "2026-05-13T22:35:32", "input_dir": "C:\\Users\\Joseph\\Desktop\\projects\\sign_to_text\\Dataset", "output_dir": "C:\\Users\\Joseph\\Desktop\\projects\\sign_to_text\\augmented_dataset", "max_videos_per_class": 900, "class_only": "28. shallow"}
2026-05-13 22:38:04,575 | INFO | {"event": "augment_class_complete", "timestamp": "2026-05-13T22:38:04", "class_name": "28. shallow", "originals_copied": 8, "augmented_written": 264, "total_output": 272}
2026-05-13 22:38:04,575 | INFO | {"event": "augment_end", "timestamp": "2026-05-13T22:38:04", "output_dir": "C:\\Users\\Joseph\\Desktop\\projects\\sign_to_text\\augmented_dataset", "total_classes": 1, "stats": {"28. shallow": {"originals_copied": 8, "augmented_written": 264, "total_output": 272}}}
2026-05-13 22:38:04,576 | INFO | {"event": "augment_start", "timestamp": "2026-05-13T22:38:04", "input_dir": "C:\\Users\\Joseph\\Desktop\\projects\\sign_to_text\\Dataset", "output_dir": "C:\\Users\\Joseph\\Desktop\\projects\\sign_to_text\\augmented_dataset", "max_videos_per_class": 900, "class_only": "29. clean"}
2026-05-13 22:39:40,397 | INFO | {"event": "augment_class_complete", "timestamp": "2026-05-13T22:39:40", "class_name": "29. clean", "originals_copied": 8, "augmented_written": 264, "total_output": 272}
2026-05-13 22:39:40,398 | INFO | {"event": "augment_end", "timestamp": "2026-05-13T22:39:40", "output_dir": "C:\\Users\\Joseph\\Desktop\\projects\\sign_to_text\\augmented_dataset", "total_classes": 1, "stats": {"29. clean": {"originals_copied": 8, "augmented_written": 264, "total_output": 272}}}
2026-05-13 22:39:40,398 | INFO | {"event": "augment_start", "timestamp": "2026-05-13T22:39:40", "input_dir": "C:\\Users\\Joseph\\Desktop\\projects\\sign_to_text\\Dataset", "output_dir": "C:\\Users\\Joseph\\Desktop\\projects\\sign_to_text\\augmented_dataset", "max_videos_per_class": 900, "class_only": "3. happy"}
2026-05-13 22:41:10,528 | INFO | {"event": "augment_class_complete", "timestamp": "2026-05-13T22:41:10", "class_name": "3. happy", "originals_copied": 8, "augmented_written": 264, "total_output": 272}
2026-05-13 22:41:10,528 | INFO | {"event": "augment_end", "timestamp": "2026-05-13T22:41:10", "output_dir": "C:\\Users\\Joseph\\Desktop\\projects\\sign_to_text\\augmented_dataset", "total_classes": 1, "stats": {"3. happy": {"originals_copied": 8, "augmented_written": 264, "total_output": 272}}}
2026-05-13 22:41:10,529 | INFO | {"event": "augment_start", "timestamp": "2026-05-13T22:41:10", "input_dir": "C:\\Users\\Joseph\\Desktop\\projects\\sign_to_text\\Dataset", "output_dir": "C:\\Users\\Joseph\\Desktop\\projects\\sign_to_text\\augmented_dataset", "max_videos_per_class": 900, "class_only": "30. dirty"}
2026-05-13 22:42:50,080 | INFO | {"event": "augment_class_complete", "timestamp": "2026-05-13T22:42:50", "class_name": "30. dirty", "originals_copied": 8, "augmented_written": 264, "total_output": 272}
2026-05-13 22:42:50,081 | INFO | {"event": "augment_end", "timestamp": "2026-05-13T22:42:50", "output_dir": "C:\\Users\\Joseph\\Desktop\\projects\\sign_to_text\\augmented_dataset", "total_classes": 1, "stats": {"30. dirty": {"originals_copied": 8, "augmented_written": 264, "total_output": 272}}}
2026-05-13 22:42:50,081 | INFO | {"event": "augment_start", "timestamp": "2026-05-13T22:42:50", "input_dir": "C:\\Users\\Joseph\\Desktop\\projects\\sign_to_text\\Dataset", "output_dir": "C:\\Users\\Joseph\\Desktop\\projects\\sign_to_text\\augmented_dataset", "max_videos_per_class": 900, "class_only": "31. strong"}
2026-05-13 22:44:00,187 | INFO | {"event": "augment_class_complete", "timestamp": "2026-05-13T22:44:00", "class_name": "31. strong", "originals_copied": 8, "augmented_written": 264, "total_output": 272}
2026-05-13 22:44:00,187 | INFO | {"event": "augment_end", "timestamp": "2026-05-13T22:44:00", "output_dir": "C:\\Users\\Joseph\\Desktop\\projects\\sign_to_text\\augmented_dataset", "total_classes": 1, "stats": {"31. strong": {"originals_copied": 8, "augmented_written": 264, "total_output": 272}}}
2026-05-13 22:44:00,188 | INFO | {"event": "augment_start", "timestamp": "2026-05-13T22:44:00", "input_dir": "C:\\Users\\Joseph\\Desktop\\projects\\sign_to_text\\Dataset", "output_dir": "C:\\Users\\Joseph\\Desktop\\projects\\sign_to_text\\augmented_dataset", "max_videos_per_class": 900, "class_only": "32. weak"}
2026-05-13 22:45:16,183 | INFO | {"event": "augment_class_complete", "timestamp": "2026-05-13T22:45:16", "class_name": "32. weak", "originals_copied": 8, "augmented_written": 264, "total_output": 272}
2026-05-13 22:45:16,183 | INFO | {"event": "augment_end", "timestamp": "2026-05-13T22:45:16", "output_dir": "C:\\Users\\Joseph\\Desktop\\projects\\sign_to_text\\augmented_dataset", "total_classes": 1, "stats": {"32. weak": {"originals_copied": 8, "augmented_written": 264, "total_output": 272}}}
2026-05-13 22:45:16,184 | INFO | {"event": "augment_start", "timestamp": "2026-05-13T22:45:16", "input_dir": "C:\\Users\\Joseph\\Desktop\\projects\\sign_to_text\\Dataset", "output_dir": "C:\\Users\\Joseph\\Desktop\\projects\\sign_to_text\\augmented_dataset", "max_videos_per_class": 900, "class_only": "33. dead"}
2026-05-13 22:46:23,615 | INFO | {"event": "augment_class_complete", "timestamp": "2026-05-13T22:46:23", "class_name": "33. dead", "originals_copied": 8, "augmented_written": 264, "total_output": 272}
2026-05-13 22:46:23,615 | INFO | {"event": "augment_end", "timestamp": "2026-05-13T22:46:23", "output_dir": "C:\\Users\\Joseph\\Desktop\\projects\\sign_to_text\\augmented_dataset", "total_classes": 1, "stats": {"33. dead": {"originals_copied": 8, "augmented_written": 264, "total_output": 272}}}
2026-05-13 22:46:23,616 | INFO | {"event": "augment_start", "timestamp": "2026-05-13T22:46:23", "input_dir": "C:\\Users\\Joseph\\Desktop\\projects\\sign_to_text\\Dataset", "output_dir": "C:\\Users\\Joseph\\Desktop\\projects\\sign_to_text\\augmented_dataset", "max_videos_per_class": 900, "class_only": "34. alive"}
2026-05-13 22:47:30,878 | INFO | {"event": "augment_class_complete", "timestamp": "2026-05-13T22:47:30", "class_name": "34. alive", "originals_copied": 8, "augmented_written": 264, "total_output": 272}
2026-05-13 22:47:30,878 | INFO | {"event": "augment_end", "timestamp": "2026-05-13T22:47:30", "output_dir": "C:\\Users\\Joseph\\Desktop\\projects\\sign_to_text\\augmented_dataset", "total_classes": 1, "stats": {"34. alive": {"originals_copied": 8, "augmented_written": 264, "total_output": 272}}}
2026-05-13 22:47:30,879 | INFO | {"event": "augment_start", "timestamp": "2026-05-13T22:47:30", "input_dir": "C:\\Users\\Joseph\\Desktop\\projects\\sign_to_text\\Dataset", "output_dir": "C:\\Users\\Joseph\\Desktop\\projects\\sign_to_text\\augmented_dataset", "max_videos_per_class": 900, "class_only": "35. heavy"}
2026-05-13 22:49:02,543 | INFO | {"event": "augment_class_complete", "timestamp": "2026-05-13T22:49:02", "class_name": "35. heavy", "originals_copied": 8, "augmented_written": 264, "total_output": 272}
2026-05-13 22:49:02,543 | INFO | {"event": "augment_end", "timestamp": "2026-05-13T22:49:02", "output_dir": "C:\\Users\\Joseph\\Desktop\\projects\\sign_to_text\\augmented_dataset", "total_classes": 1, "stats": {"35. heavy": {"originals_copied": 8, "augmented_written": 264, "total_output": 272}}}
2026-05-13 22:49:02,544 | INFO | {"event": "augment_start", "timestamp": "2026-05-13T22:49:02", "input_dir": "C:\\Users\\Joseph\\Desktop\\projects\\sign_to_text\\Dataset", "output_dir": "C:\\Users\\Joseph\\Desktop\\projects\\sign_to_text\\augmented_dataset", "max_videos_per_class": 900, "class_only": "36. light"}
2026-05-13 22:50:35,062 | INFO | {"event": "augment_class_complete", "timestamp": "2026-05-13T22:50:35", "class_name": "36. light", "originals_copied": 8, "augmented_written": 264, "total_output": 272}
2026-05-13 22:50:35,062 | INFO | {"event": "augment_end", "timestamp": "2026-05-13T22:50:35", "output_dir": "C:\\Users\\Joseph\\Desktop\\projects\\sign_to_text\\augmented_dataset", "total_classes": 1, "stats": {"36. light": {"originals_copied": 8, "augmented_written": 264, "total_output": 272}}}
2026-05-13 22:50:35,062 | INFO | {"event": "augment_start", "timestamp": "2026-05-13T22:50:35", "input_dir": "C:\\Users\\Joseph\\Desktop\\projects\\sign_to_text\\Dataset", "output_dir": "C:\\Users\\Joseph\\Desktop\\projects\\sign_to_text\\augmented_dataset", "max_videos_per_class": 900, "class_only": "39. famous"}
2026-05-13 22:51:52,846 | INFO | {"event": "augment_class_complete", "timestamp": "2026-05-13T22:51:52", "class_name": "39. famous", "originals_copied": 8, "augmented_written": 264, "total_output": 272}
2026-05-13 22:51:52,847 | INFO | {"event": "augment_end", "timestamp": "2026-05-13T22:51:52", "output_dir": "C:\\Users\\Joseph\\Desktop\\projects\\sign_to_text\\augmented_dataset", "total_classes": 1, "stats": {"39. famous": {"originals_copied": 8, "augmented_written": 264, "total_output": 272}}}
2026-05-13 22:51:52,847 | INFO | {"event": "augment_start", "timestamp": "2026-05-13T22:51:52", "input_dir": "C:\\Users\\Joseph\\Desktop\\projects\\sign_to_text\\Dataset", "output_dir": "C:\\Users\\Joseph\\Desktop\\projects\\sign_to_text\\augmented_dataset", "max_videos_per_class": 900, "class_only": "4. sad"}
2026-05-13 22:53:31,729 | INFO | {"event": "augment_class_complete", "timestamp": "2026-05-13T22:53:31", "class_name": "4. sad", "originals_copied": 8, "augmented_written": 264, "total_output": 272}
2026-05-13 22:53:31,729 | INFO | {"event": "augment_end", "timestamp": "2026-05-13T22:53:31", "output_dir": "C:\\Users\\Joseph\\Desktop\\projects\\sign_to_text\\augmented_dataset", "total_classes": 1, "stats": {"4. sad": {"originals_copied": 8, "augmented_written": 264, "total_output": 272}}}
2026-05-13 22:53:31,730 | INFO | {"event": "augment_start", "timestamp": "2026-05-13T22:53:31", "input_dir": "C:\\Users\\Joseph\\Desktop\\projects\\sign_to_text\\Dataset", "output_dir": "C:\\Users\\Joseph\\Desktop\\projects\\sign_to_text\\augmented_dataset", "max_videos_per_class": 900, "class_only": "40. I"}
2026-05-13 22:57:28,709 | INFO | {"event": "augment_class_complete", "timestamp": "2026-05-13T22:57:28", "class_name": "40. I", "originals_copied": 21, "augmented_written": 693, "total_output": 714}
2026-05-13 22:57:28,710 | INFO | {"event": "augment_end", "timestamp": "2026-05-13T22:57:28", "output_dir": "C:\\Users\\Joseph\\Desktop\\projects\\sign_to_text\\augmented_dataset", "total_classes": 1, "stats": {"40. I": {"originals_copied": 21, "augmented_written": 693, "total_output": 714}}}
2026-05-13 22:57:28,710 | INFO | {"event": "augment_start", "timestamp": "2026-05-13T22:57:28", "input_dir": "C:\\Users\\Joseph\\Desktop\\projects\\sign_to_text\\Dataset", "output_dir": "C:\\Users\\Joseph\\Desktop\\projects\\sign_to_text\\augmented_dataset", "max_videos_per_class": 900, "class_only": "42. he"}
2026-05-13 23:01:55,614 | INFO | {"event": "augment_class_complete", "timestamp": "2026-05-13T23:01:55", "class_name": "42. he", "originals_copied": 21, "augmented_written": 693, "total_output": 714}
2026-05-13 23:01:55,614 | INFO | {"event": "augment_end", "timestamp": "2026-05-13T23:01:55", "output_dir": "C:\\Users\\Joseph\\Desktop\\projects\\sign_to_text\\augmented_dataset", "total_classes": 1, "stats": {"42. he": {"originals_copied": 21, "augmented_written": 693, "total_output": 714}}}
2026-05-13 23:01:55,616 | INFO | {"event": "augment_start", "timestamp": "2026-05-13T23:01:55", "input_dir": "C:\\Users\\Joseph\\Desktop\\projects\\sign_to_text\\Dataset", "output_dir": "C:\\Users\\Joseph\\Desktop\\projects\\sign_to_text\\augmented_dataset", "max_videos_per_class": 900, "class_only": "43. she"}
2026-05-13 23:06:28,423 | INFO | {"event": "augment_class_complete", "timestamp": "2026-05-13T23:06:28", "class_name": "43. she", "originals_copied": 21, "augmented_written": 693, "total_output": 714}
2026-05-13 23:06:28,423 | INFO | {"event": "augment_end", "timestamp": "2026-05-13T23:06:28", "output_dir": "C:\\Users\\Joseph\\Desktop\\projects\\sign_to_text\\augmented_dataset", "total_classes": 1, "stats": {"43. she": {"originals_copied": 21, "augmented_written": 693, "total_output": 714}}}
2026-05-13 23:06:28,424 | INFO | {"event": "augment_start", "timestamp": "2026-05-13T23:06:28", "input_dir": "C:\\Users\\Joseph\\Desktop\\projects\\sign_to_text\\Dataset", "output_dir": "C:\\Users\\Joseph\\Desktop\\projects\\sign_to_text\\augmented_dataset", "max_videos_per_class": 900, "class_only": "44. it"}
2026-05-13 23:10:27,330 | INFO | {"event": "augment_class_complete", "timestamp": "2026-05-13T23:10:27", "class_name": "44. it", "originals_copied": 21, "augmented_written": 693, "total_output": 714}
2026-05-13 23:10:27,330 | INFO | {"event": "augment_end", "timestamp": "2026-05-13T23:10:27", "output_dir": "C:\\Users\\Joseph\\Desktop\\projects\\sign_to_text\\augmented_dataset", "total_classes": 1, "stats": {"44. it": {"originals_copied": 21, "augmented_written": 693, "total_output": 714}}}
2026-05-13 23:10:27,331 | INFO | {"event": "augment_start", "timestamp": "2026-05-13T23:10:27", "input_dir": "C:\\Users\\Joseph\\Desktop\\projects\\sign_to_text\\Dataset", "output_dir": "C:\\Users\\Joseph\\Desktop\\projects\\sign_to_text\\augmented_dataset", "max_videos_per_class": 900, "class_only": "45. we"}
2026-05-13 23:15:02,077 | INFO | {"event": "augment_class_complete", "timestamp": "2026-05-13T23:15:02", "class_name": "45. we", "originals_copied": 21, "augmented_written": 693, "total_output": 714}
2026-05-13 23:15:02,077 | INFO | {"event": "augment_end", "timestamp": "2026-05-13T23:15:02", "output_dir": "C:\\Users\\Joseph\\Desktop\\projects\\sign_to_text\\augmented_dataset", "total_classes": 1, "stats": {"45. we": {"originals_copied": 21, "augmented_written": 693, "total_output": 714}}}
2026-05-13 23:15:02,078 | INFO | {"event": "augment_start", "timestamp": "2026-05-13T23:15:02", "input_dir": "C:\\Users\\Joseph\\Desktop\\projects\\sign_to_text\\Dataset", "output_dir": "C:\\Users\\Joseph\\Desktop\\projects\\sign_to_text\\augmented_dataset", "max_videos_per_class": 900, "class_only": "45. you"}
2026-05-13 23:18:48,129 | INFO | {"event": "augment_class_complete", "timestamp": "2026-05-13T23:18:48", "class_name": "45. you", "originals_copied": 21, "augmented_written": 693, "total_output": 714}
2026-05-13 23:18:48,129 | INFO | {"event": "augment_end", "timestamp": "2026-05-13T23:18:48", "output_dir": "C:\\Users\\Joseph\\Desktop\\projects\\sign_to_text\\augmented_dataset", "total_classes": 1, "stats": {"45. you": {"originals_copied": 21, "augmented_written": 693, "total_output": 714}}}
2026-05-13 23:18:48,130 | INFO | {"event": "augment_start", "timestamp": "2026-05-13T23:18:48", "input_dir": "C:\\Users\\Joseph\\Desktop\\projects\\sign_to_text\\Dataset", "output_dir": "C:\\Users\\Joseph\\Desktop\\projects\\sign_to_text\\augmented_dataset", "max_videos_per_class": 900, "class_only": "46. you_all"}
2026-05-13 23:23:01,581 | INFO | {"event": "augment_class_complete", "timestamp": "2026-05-13T23:23:01", "class_name": "46. you_all", "originals_copied": 21, "augmented_written": 693, "total_output": 714}
2026-05-13 23:23:01,582 | INFO | {"event": "augment_end", "timestamp": "2026-05-13T23:23:01", "output_dir": "C:\\Users\\Joseph\\Desktop\\projects\\sign_to_text\\augmented_dataset", "total_classes": 1, "stats": {"46. you_all": {"originals_copied": 21, "augmented_written": 693, "total_output": 714}}}
2026-05-13 23:23:01,582 | INFO | {"event": "augment_start", "timestamp": "2026-05-13T23:23:01", "input_dir": "C:\\Users\\Joseph\\Desktop\\projects\\sign_to_text\\Dataset", "output_dir": "C:\\Users\\Joseph\\Desktop\\projects\\sign_to_text\\augmented_dataset", "max_videos_per_class": 900, "class_only": "47. they"}
